        -:    0:Source:/Applications/Xcode.app/Contents/Developer/Toolchains/XcodeDefault.xctoolchain/usr/include/c++/v1/locale
        -:    0:Graph:helper.gcno
        -:    0:Data:helper.gcda
        -:    0:Runs:2
        -:    0:Programs:1
        -:    1:// -*- C++ -*-
        -:    2://===-------------------------- locale ------------------------------------===//
        -:    3://
        -:    4://                     The LLVM Compiler Infrastructure
        -:    5://
        -:    6:// This file is dual licensed under the MIT and the University of Illinois Open
        -:    7:// Source Licenses. See LICENSE.TXT for details.
        -:    8://
        -:    9://===----------------------------------------------------------------------===//
        -:   10:
        -:   11:#ifndef _LIBCPP_LOCALE
        -:   12:#define _LIBCPP_LOCALE
        -:   13:
        -:   14:/*
        -:   15:    locale synopsis
        -:   16:
        -:   17:namespace std
        -:   18:{
        -:   19:
        -:   20:class locale
        -:   21:{
        -:   22:public:
        -:   23:    // types:
        -:   24:    class facet;
        -:   25:    class id;
        -:   26:
        -:   27:    typedef int category;
        -:   28:    static const category // values assigned here are for exposition only
        -:   29:        none     = 0x000,
        -:   30:        collate  = 0x010,
        -:   31:        ctype    = 0x020,
        -:   32:        monetary = 0x040,
        -:   33:        numeric  = 0x080,
        -:   34:        time     = 0x100,
        -:   35:        messages = 0x200,
        -:   36:        all = collate | ctype | monetary | numeric | time | messages;
        -:   37:
        -:   38:    // construct/copy/destroy:
        -:   39:    locale() noexcept;
        -:   40:    locale(const locale& other) noexcept;
        -:   41:    explicit locale(const char* std_name);
        -:   42:    explicit locale(const string& std_name);
        -:   43:    locale(const locale& other, const char* std_name, category);
        -:   44:    locale(const locale& other, const string& std_name, category);
        -:   45:    template <class Facet> locale(const locale& other, Facet* f);
        -:   46:    locale(const locale& other, const locale& one, category);
        -:   47:
        -:   48:    ~locale(); // not virtual
        -:   49:
        -:   50:    const locale& operator=(const locale& other) noexcept;
        -:   51:
        -:   52:    template <class Facet> locale combine(const locale& other) const;
        -:   53:
        -:   54:    // locale operations:
        -:   55:    basic_string<char> name() const;
        -:   56:    bool operator==(const locale& other) const;
        -:   57:    bool operator!=(const locale& other) const;
        -:   58:    template <class charT, class Traits, class Allocator>
        -:   59:      bool operator()(const basic_string<charT,Traits,Allocator>& s1,
        -:   60:                      const basic_string<charT,Traits,Allocator>& s2) const;
        -:   61:
        -:   62:    // global locale objects:
        -:   63:    static locale global(const locale&);
        -:   64:    static const locale& classic();
        -:   65:};
        -:   66:
        -:   67:template <class Facet> const Facet& use_facet(const locale&);
        -:   68:template <class Facet> bool has_facet(const locale&) noexcept;
        -:   69:
        -:   70:// 22.3.3, convenience interfaces:
        -:   71:template <class charT> bool isspace (charT c, const locale& loc);
        -:   72:template <class charT> bool isprint (charT c, const locale& loc);
        -:   73:template <class charT> bool iscntrl (charT c, const locale& loc);
        -:   74:template <class charT> bool isupper (charT c, const locale& loc);
        -:   75:template <class charT> bool islower (charT c, const locale& loc);
        -:   76:template <class charT> bool isalpha (charT c, const locale& loc);
        -:   77:template <class charT> bool isdigit (charT c, const locale& loc);
        -:   78:template <class charT> bool ispunct (charT c, const locale& loc);
        -:   79:template <class charT> bool isxdigit(charT c, const locale& loc);
        -:   80:template <class charT> bool isalnum (charT c, const locale& loc);
        -:   81:template <class charT> bool isgraph (charT c, const locale& loc);
        -:   82:template <class charT> charT toupper(charT c, const locale& loc);
        -:   83:template <class charT> charT tolower(charT c, const locale& loc);
        -:   84:
        -:   85:template<class Codecvt, class Elem = wchar_t,
        -:   86:         class Wide_alloc = allocator<Elem>,
        -:   87:         class Byte_alloc = allocator<char>>
        -:   88:class wstring_convert
        -:   89:{
        -:   90:public:
        -:   91:    typedef basic_string<char, char_traits<char>, Byte_alloc> byte_string;
        -:   92:    typedef basic_string<Elem, char_traits<Elem>, Wide_alloc> wide_string;
        -:   93:    typedef typename Codecvt::state_type                      state_type;
        -:   94:    typedef typename wide_string::traits_type::int_type       int_type;
        -:   95:
        -:   96:    explicit wstring_convert(Codecvt* pcvt = new Codecvt);          // explicit in C++14
        -:   97:    wstring_convert(Codecvt* pcvt, state_type state);
        -:   98:    explicit wstring_convert(const byte_string& byte_err,           // explicit in C++14
        -:   99:                    const wide_string& wide_err = wide_string());
        -:  100:    wstring_convert(const wstring_convert&) = delete;               // C++14
        -:  101:    wstring_convert & operator=(const wstring_convert &) = delete;  // C++14
        -:  102:    ~wstring_convert();
        -:  103:
        -:  104:    wide_string from_bytes(char byte);
        -:  105:    wide_string from_bytes(const char* ptr);
        -:  106:    wide_string from_bytes(const byte_string& str);
        -:  107:    wide_string from_bytes(const char* first, const char* last);
        -:  108:
        -:  109:    byte_string to_bytes(Elem wchar);
        -:  110:    byte_string to_bytes(const Elem* wptr);
        -:  111:    byte_string to_bytes(const wide_string& wstr);
        -:  112:    byte_string to_bytes(const Elem* first, const Elem* last);
        -:  113:
        -:  114:    size_t converted() const; // noexcept in C++14
        -:  115:    state_type state() const;
        -:  116:};
        -:  117:
        -:  118:template <class Codecvt, class Elem = wchar_t, class Tr = char_traits<Elem>>
        -:  119:class wbuffer_convert
        -:  120:    : public basic_streambuf<Elem, Tr>
        -:  121:{
        -:  122:public:
        -:  123:    typedef typename Tr::state_type state_type;
        -:  124:
        -:  125:    explicit wbuffer_convert(streambuf* bytebuf = 0, Codecvt* pcvt = new Codecvt,
        -:  126:                    state_type state = state_type());       // explicit in C++14
        -:  127:    wbuffer_convert(const wbuffer_convert&) = delete;               // C++14
        -:  128:    wbuffer_convert & operator=(const wbuffer_convert &) = delete;  // C++14
        -:  129:    ~wbuffer_convert();                                             // C++14
        -:  130:    
        -:  131:    streambuf* rdbuf() const;
        -:  132:    streambuf* rdbuf(streambuf* bytebuf);
        -:  133:
        -:  134:    state_type state() const;
        -:  135:};
        -:  136:
        -:  137:// 22.4.1 and 22.4.1.3, ctype:
        -:  138:class ctype_base;
        -:  139:template <class charT> class ctype;
        -:  140:template <> class ctype<char>; // specialization
        -:  141:template <class charT> class ctype_byname;
        -:  142:template <> class ctype_byname<char>; // specialization
        -:  143:
        -:  144:class codecvt_base;
        -:  145:template <class internT, class externT, class stateT> class codecvt;
        -:  146:template <class internT, class externT, class stateT> class codecvt_byname;
        -:  147:
        -:  148:// 22.4.2 and 22.4.3, numeric:
        -:  149:template <class charT, class InputIterator> class num_get;
        -:  150:template <class charT, class OutputIterator> class num_put;
        -:  151:template <class charT> class numpunct;
        -:  152:template <class charT> class numpunct_byname;
        -:  153:
        -:  154:// 22.4.4, col lation:
        -:  155:template <class charT> class collate;
        -:  156:template <class charT> class collate_byname;
        -:  157:
        -:  158:// 22.4.5, date and time:
        -:  159:class time_base;
        -:  160:template <class charT, class InputIterator> class time_get;
        -:  161:template <class charT, class InputIterator> class time_get_byname;
        -:  162:template <class charT, class OutputIterator> class time_put;
        -:  163:template <class charT, class OutputIterator> class time_put_byname;
        -:  164:
        -:  165:// 22.4.6, money:
        -:  166:class money_base;
        -:  167:template <class charT, class InputIterator> class money_get;
        -:  168:template <class charT, class OutputIterator> class money_put;
        -:  169:template <class charT, bool Intl> class moneypunct;
        -:  170:template <class charT, bool Intl> class moneypunct_byname;
        -:  171:
        -:  172:// 22.4.7, message retrieval:
        -:  173:class messages_base;
        -:  174:template <class charT> class messages;
        -:  175:template <class charT> class messages_byname;
        -:  176:
        -:  177:}  // std
        -:  178:
        -:  179:*/
        -:  180:
        -:  181:#include <__config>
        -:  182:#include <__locale>
        -:  183:#include <__debug>
        -:  184:#include <algorithm>
        -:  185:#include <memory>
        -:  186:#include <ios>
        -:  187:#include <streambuf>
        -:  188:#include <iterator>
        -:  189:#include <limits>
        -:  190:#ifndef __APPLE__
        -:  191:#include <cstdarg>
        -:  192:#endif
        -:  193:#include <cstdlib>
        -:  194:#include <ctime>
        -:  195:#include <cstdio>
        -:  196:#ifdef _LIBCPP_HAS_CATOPEN
        -:  197:#include <nl_types.h>
        -:  198:#endif
        -:  199:
        -:  200:#ifdef __APPLE__
        -:  201:#include <Availability.h>
        -:  202:#endif
        -:  203:
        -:  204:#ifdef _LIBCPP_LOCALE__L_EXTENSIONS
        -:  205:#include <__bsd_locale_defaults.h>
        -:  206:#else
        -:  207:#include <__bsd_locale_fallbacks.h>
        -:  208:#endif
        -:  209:
        -:  210:#if !defined(_LIBCPP_HAS_NO_PRAGMA_SYSTEM_HEADER)
        -:  211:#pragma GCC system_header
        -:  212:#endif
        -:  213:
        -:  214:_LIBCPP_PUSH_MACROS
        -:  215:#include <__undef_macros>
        -:  216:
        -:  217:
        -:  218:_LIBCPP_BEGIN_NAMESPACE_STD
        -:  219:
        -:  220:#if defined(__APPLE__) || defined(__FreeBSD__)
        -:  221:#  define _LIBCPP_GET_C_LOCALE 0
        -:  222:#elif defined(__CloudABI__) || defined(__NetBSD__)
        -:  223:#  define _LIBCPP_GET_C_LOCALE LC_C_LOCALE
        -:  224:#else
        -:  225:#  define _LIBCPP_GET_C_LOCALE __cloc()
        -:  226:   // Get the C locale object
        -:  227:   _LIBCPP_FUNC_VIS locale_t __cloc();
        -:  228:#define __cloc_defined
        -:  229:#endif
        -:  230:
        -:  231:// __scan_keyword
        -:  232:// Scans [__b, __e) until a match is found in the basic_strings range
        -:  233://  [__kb, __ke) or until it can be shown that there is no match in [__kb, __ke).
        -:  234://  __b will be incremented (visibly), consuming CharT until a match is found
        -:  235://  or proved to not exist.  A keyword may be "", in which will match anything.
        -:  236://  If one keyword is a prefix of another, and the next CharT in the input
        -:  237://  might match another keyword, the algorithm will attempt to find the longest
        -:  238://  matching keyword.  If the longer matching keyword ends up not matching, then
        -:  239://  no keyword match is found.  If no keyword match is found, __ke is returned
        -:  240://  and failbit is set in __err.
        -:  241://  Else an iterator pointing to the matching keyword is found.  If more than
        -:  242://  one keyword matches, an iterator to the first matching keyword is returned.
        -:  243://  If on exit __b == __e, eofbit is set in __err.  If __case_sensitive is false,
        -:  244://  __ct is used to force to lower case before comparing characters.
        -:  245://  Examples:
        -:  246://  Keywords:  "a", "abb"
        -:  247://  If the input is "a", the first keyword matches and eofbit is set.
        -:  248://  If the input is "abc", no match is found and "ab" are consumed.
        -:  249:template <class _InputIterator, class _ForwardIterator, class _Ctype>
        -:  250:_LIBCPP_HIDDEN
        -:  251:_ForwardIterator
        -:  252:__scan_keyword(_InputIterator& __b, _InputIterator __e,
        -:  253:               _ForwardIterator __kb, _ForwardIterator __ke,
        -:  254:               const _Ctype& __ct, ios_base::iostate& __err,
        -:  255:               bool __case_sensitive = true)
        -:  256:{
        -:  257:    typedef typename iterator_traits<_InputIterator>::value_type _CharT;
        -:  258:    size_t __nkw = static_cast<size_t>(_VSTD::distance(__kb, __ke));
        -:  259:    const unsigned char __doesnt_match = '\0';
        -:  260:    const unsigned char __might_match = '\1';
        -:  261:    const unsigned char __does_match = '\2';
        -:  262:    unsigned char __statbuf[100];
        -:  263:    unsigned char* __status = __statbuf;
        -:  264:    unique_ptr<unsigned char, void(*)(void*)> __stat_hold(0, free);
        -:  265:    if (__nkw > sizeof(__statbuf))
        -:  266:    {
        -:  267:        __status = (unsigned char*)malloc(__nkw);
        -:  268:        if (__status == 0)
        -:  269:            __throw_bad_alloc();
        -:  270:        __stat_hold.reset(__status);
        -:  271:    }
        -:  272:    size_t __n_might_match = __nkw;  // At this point, any keyword might match
        -:  273:    size_t __n_does_match = 0;       // but none of them definitely do
        -:  274:    // Initialize all statuses to __might_match, except for "" keywords are __does_match
        -:  275:    unsigned char* __st = __status;
        -:  276:    for (_ForwardIterator __ky = __kb; __ky != __ke; ++__ky, (void) ++__st)
        -:  277:    {
        -:  278:        if (!__ky->empty())
        -:  279:            *__st = __might_match;
        -:  280:        else
        -:  281:        {
        -:  282:            *__st = __does_match;
        -:  283:            --__n_might_match;
        -:  284:            ++__n_does_match;
        -:  285:        }
        -:  286:    }
        -:  287:    // While there might be a match, test keywords against the next CharT
        -:  288:    for (size_t __indx = 0; __b != __e && __n_might_match > 0; ++__indx)
        -:  289:    {
        -:  290:        // Peek at the next CharT but don't consume it
        -:  291:        _CharT __c = *__b;
        -:  292:        if (!__case_sensitive)
        -:  293:            __c = __ct.toupper(__c);
        -:  294:        bool __consume = false;
        -:  295:        // For each keyword which might match, see if the __indx character is __c
        -:  296:        // If a match if found, consume __c
        -:  297:        // If a match is found, and that is the last character in the keyword,
        -:  298:        //    then that keyword matches.
        -:  299:        // If the keyword doesn't match this character, then change the keyword
        -:  300:        //    to doesn't match
        -:  301:        __st = __status;
        -:  302:        for (_ForwardIterator __ky = __kb; __ky != __ke; ++__ky, (void) ++__st)
        -:  303:        {
        -:  304:            if (*__st == __might_match)
        -:  305:            {
        -:  306:                _CharT __kc = (*__ky)[__indx];
        -:  307:                if (!__case_sensitive)
        -:  308:                    __kc = __ct.toupper(__kc);
        -:  309:                if (__c == __kc)
        -:  310:                {
        -:  311:                    __consume = true;
        -:  312:                    if (__ky->size() == __indx+1)
        -:  313:                    {
        -:  314:                        *__st = __does_match;
        -:  315:                        --__n_might_match;
        -:  316:                        ++__n_does_match;
        -:  317:                    }
        -:  318:                }
        -:  319:                else
        -:  320:                {
        -:  321:                    *__st = __doesnt_match;
        -:  322:                    --__n_might_match;
        -:  323:                }
        -:  324:            }
        -:  325:        }
        -:  326:        // consume if we matched a character
        -:  327:        if (__consume)
        -:  328:        {
        -:  329:            ++__b;
        -:  330:            // If we consumed a character and there might be a matched keyword that
        -:  331:            //   was marked matched on a previous iteration, then such keywords
        -:  332:            //   which are now marked as not matching.
        -:  333:            if (__n_might_match + __n_does_match > 1)
        -:  334:            {
        -:  335:                __st = __status;
        -:  336:                for (_ForwardIterator __ky = __kb; __ky != __ke; ++__ky, (void) ++__st)
        -:  337:                {
        -:  338:                    if (*__st == __does_match && __ky->size() != __indx+1)
        -:  339:                    {
        -:  340:                        *__st = __doesnt_match;
        -:  341:                        --__n_does_match;
        -:  342:                    }
        -:  343:                }
        -:  344:            }
        -:  345:        }
        -:  346:    }
        -:  347:    // We've exited the loop because we hit eof and/or we have no more "might matches".
        -:  348:    if (__b == __e)
        -:  349:        __err |= ios_base::eofbit;
        -:  350:    // Return the first matching result
        -:  351:    for (__st = __status; __kb != __ke; ++__kb, (void) ++__st)
        -:  352:        if (*__st == __does_match)
        -:  353:            break;
        -:  354:    if (__kb == __ke)
        -:  355:        __err |= ios_base::failbit;
        -:  356:    return __kb;
        -:  357:}
        -:  358:
        -:  359:struct _LIBCPP_TYPE_VIS __num_get_base
        -:  360:{
        -:  361:    static const int __num_get_buf_sz = 40;
        -:  362:
        -:  363:    static int __get_base(ios_base&);
        -:  364:    static const char __src[33];
        -:  365:};
        -:  366:
        -:  367:_LIBCPP_FUNC_VIS
        -:  368:void __check_grouping(const string& __grouping, unsigned* __g, unsigned* __g_end,
        -:  369:                      ios_base::iostate& __err);
        -:  370:
        -:  371:template <class _CharT>
        -:  372:struct __num_get
        -:  373:    : protected __num_get_base
        -:  374:{
        -:  375:    static string __stage2_float_prep(ios_base& __iob, _CharT* __atoms, _CharT& __decimal_point,
        -:  376:                                      _CharT& __thousands_sep);
        -:  377:
        -:  378:    static int __stage2_float_loop(_CharT __ct, bool& __in_units, char& __exp,
        -:  379:                                   char* __a, char*& __a_end,
        -:  380:                                   _CharT __decimal_point, _CharT __thousands_sep,
        -:  381:                                   const string& __grouping, unsigned* __g,
        -:  382:                                   unsigned*& __g_end, unsigned& __dc, _CharT* __atoms);
        -:  383:#ifndef _LIBCPP_ABI_OPTIMIZED_LOCALE_NUM_GET
        -:  384:    static string __stage2_int_prep(ios_base& __iob, _CharT* __atoms, _CharT& __thousands_sep);
        -:  385:    static int __stage2_int_loop(_CharT __ct, int __base, char* __a, char*& __a_end,
        -:  386:                  unsigned& __dc, _CharT __thousands_sep, const string& __grouping,
        -:  387:                  unsigned* __g, unsigned*& __g_end, _CharT* __atoms);
        -:  388:
        -:  389:#else
        -:  390:    static string __stage2_int_prep(ios_base& __iob, _CharT& __thousands_sep)
        -:  391:    {
        -:  392:        locale __loc = __iob.getloc();
        -:  393:        const numpunct<_CharT>& __np = use_facet<numpunct<_CharT> >(__loc);
        -:  394:        __thousands_sep = __np.thousands_sep();
        -:  395:        return __np.grouping();
        -:  396:    }
        -:  397:
        -:  398:    const _CharT* __do_widen(ios_base& __iob, _CharT* __atoms) const
        -:  399:    {
        -:  400:      return __do_widen_p(__iob, __atoms);
        -:  401:    }
        -:  402:
        -:  403:
        -:  404:    static int __stage2_int_loop(_CharT __ct, int __base, char* __a, char*& __a_end,
        -:  405:                  unsigned& __dc, _CharT __thousands_sep, const string& __grouping,
        -:  406:                  unsigned* __g, unsigned*& __g_end, const _CharT* __atoms);
        -:  407:private:
        -:  408:    template<typename T>
        -:  409:    const T* __do_widen_p(ios_base& __iob, T* __atoms) const
        -:  410:    {
        -:  411:      locale __loc = __iob.getloc();
        -:  412:      use_facet<ctype<T> >(__loc).widen(__src, __src + 26, __atoms);
        -:  413:      return __atoms;
        -:  414:    }
        -:  415:
        -:  416:    const char* __do_widen_p(ios_base& __iob, char* __atoms) const
        -:  417:    {
        -:  418:      (void)__iob;
        -:  419:      (void)__atoms;
        -:  420:      return __src;
        -:  421:    }
        -:  422:#endif
        -:  423:};
        -:  424:
        -:  425:#ifndef _LIBCPP_ABI_OPTIMIZED_LOCALE_NUM_GET
        -:  426:template <class _CharT>
        -:  427:string
        -:  428:__num_get<_CharT>::__stage2_int_prep(ios_base& __iob, _CharT* __atoms, _CharT& __thousands_sep)
        -:  429:{
        -:  430:    locale __loc = __iob.getloc();
        -:  431:    use_facet<ctype<_CharT> >(__loc).widen(__src, __src + 26, __atoms);
        -:  432:    const numpunct<_CharT>& __np = use_facet<numpunct<_CharT> >(__loc);
        -:  433:    __thousands_sep = __np.thousands_sep();
        -:  434:    return __np.grouping();
        -:  435:}
        -:  436:#endif
        -:  437:
        -:  438:template <class _CharT>
        -:  439:string
        -:  440:__num_get<_CharT>::__stage2_float_prep(ios_base& __iob, _CharT* __atoms, _CharT& __decimal_point,
        -:  441:                    _CharT& __thousands_sep)
        -:  442:{
        -:  443:    locale __loc = __iob.getloc();
        -:  444:    use_facet<ctype<_CharT> >(__loc).widen(__src, __src + 32, __atoms);
        -:  445:    const numpunct<_CharT>& __np = use_facet<numpunct<_CharT> >(__loc);
        -:  446:    __decimal_point = __np.decimal_point();
        -:  447:    __thousands_sep = __np.thousands_sep();
        -:  448:    return __np.grouping();
        -:  449:}
        -:  450:
        -:  451:template <class _CharT>
        -:  452:int
        -:  453:#ifndef _LIBCPP_ABI_OPTIMIZED_LOCALE_NUM_GET
        -:  454:__num_get<_CharT>::__stage2_int_loop(_CharT __ct, int __base, char* __a, char*& __a_end,
        -:  455:                  unsigned& __dc, _CharT __thousands_sep, const string& __grouping,
        -:  456:                  unsigned* __g, unsigned*& __g_end, _CharT* __atoms)
        -:  457:#else
        -:  458:__num_get<_CharT>::__stage2_int_loop(_CharT __ct, int __base, char* __a, char*& __a_end,
        -:  459:                  unsigned& __dc, _CharT __thousands_sep, const string& __grouping,
        -:  460:                  unsigned* __g, unsigned*& __g_end, const _CharT* __atoms)
        -:  461:
        -:  462:#endif
        -:  463:{
        -:  464:    if (__a_end == __a && (__ct == __atoms[24] || __ct == __atoms[25]))
        -:  465:    {
        -:  466:        *__a_end++ = __ct == __atoms[24] ? '+' : '-';
        -:  467:        __dc = 0;
        -:  468:        return 0;
        -:  469:    }
        -:  470:    if (__grouping.size() != 0 && __ct == __thousands_sep)
        -:  471:    {
        -:  472:        if (__g_end-__g < __num_get_buf_sz)
        -:  473:        {
        -:  474:            *__g_end++ = __dc;
        -:  475:            __dc = 0;
        -:  476:        }
        -:  477:        return 0;
        -:  478:    }
        -:  479:    ptrdiff_t __f = find(__atoms, __atoms + 26, __ct) - __atoms;
        -:  480:    if (__f >= 24)
        -:  481:        return -1;
        -:  482:    switch (__base)
        -:  483:    {
        -:  484:    case 8:
        -:  485:    case 10:
        -:  486:        if (__f >= __base)
        -:  487:            return -1;
        -:  488:        break;
        -:  489:    case 16:
        -:  490:        if (__f < 22)
        -:  491:            break;
        -:  492:        if (__a_end != __a && __a_end - __a <= 2 && __a_end[-1] == '0')
        -:  493:        {
        -:  494:            __dc = 0;
        -:  495:            *__a_end++ = __src[__f];
        -:  496:            return 0;
        -:  497:        }
        -:  498:        return -1;
        -:  499:    }
        -:  500:    *__a_end++ = __src[__f];
        -:  501:    ++__dc;
        -:  502:    return 0;
        -:  503:}
        -:  504:
        -:  505:template <class _CharT>
        -:  506:int
        -:  507:__num_get<_CharT>::__stage2_float_loop(_CharT __ct, bool& __in_units, char& __exp, char* __a, char*& __a_end,
        -:  508:                    _CharT __decimal_point, _CharT __thousands_sep, const string& __grouping,
        -:  509:                    unsigned* __g, unsigned*& __g_end, unsigned& __dc, _CharT* __atoms)
        -:  510:{
        -:  511:    if (__ct == __decimal_point)
        -:  512:    {
        -:  513:        if (!__in_units)
        -:  514:            return -1;
        -:  515:        __in_units = false;
        -:  516:        *__a_end++ = '.';
        -:  517:        if (__grouping.size() != 0 && __g_end-__g < __num_get_buf_sz)
        -:  518:            *__g_end++ = __dc;
        -:  519:        return 0;
        -:  520:    }
        -:  521:    if (__ct == __thousands_sep && __grouping.size() != 0)
        -:  522:    {
        -:  523:        if (!__in_units)
        -:  524:            return -1;
        -:  525:        if (__g_end-__g < __num_get_buf_sz)
        -:  526:        {
        -:  527:            *__g_end++ = __dc;
        -:  528:            __dc = 0;
        -:  529:        }
        -:  530:        return 0;
        -:  531:    }
        -:  532:    ptrdiff_t __f = find(__atoms, __atoms + 32, __ct) - __atoms;
        -:  533:    if (__f >= 32)
        -:  534:        return -1;
        -:  535:    char __x = __src[__f];
        -:  536:    if (__x == '-' || __x == '+')
        -:  537:    {
        -:  538:        if (__a_end == __a || (__a_end[-1] & 0x5F) == (__exp & 0x7F))
        -:  539:        {
        -:  540:            *__a_end++ = __x;
        -:  541:            return 0;
        -:  542:        }
        -:  543:        return -1;
        -:  544:    }
        -:  545:    if (__x == 'x' || __x == 'X')
        -:  546:        __exp = 'P';
        -:  547:    else if ((__x & 0x5F) == __exp)
        -:  548:    {
        -:  549:        __exp |= 0x80;
        -:  550:        if (__in_units)
        -:  551:        {
        -:  552:            __in_units = false;
        -:  553:            if (__grouping.size() != 0 && __g_end-__g < __num_get_buf_sz)
        -:  554:                *__g_end++ = __dc;
        -:  555:        }
        -:  556:    }
        -:  557:    *__a_end++ = __x;
        -:  558:    if (__f >= 22)
        -:  559:        return 0;
        -:  560:    ++__dc;
        -:  561:    return 0;
        -:  562:}
        -:  563:
        -:  564:_LIBCPP_EXTERN_TEMPLATE2(struct _LIBCPP_EXTERN_TEMPLATE_TYPE_VIS __num_get<char>)
        -:  565:_LIBCPP_EXTERN_TEMPLATE2(struct _LIBCPP_EXTERN_TEMPLATE_TYPE_VIS __num_get<wchar_t>)
        -:  566:
        -:  567:template <class _CharT, class _InputIterator = istreambuf_iterator<_CharT> >
        -:  568:class _LIBCPP_TEMPLATE_VIS num_get
        -:  569:    : public locale::facet,
        -:  570:      private __num_get<_CharT>
        -:  571:{
        -:  572:public:
        -:  573:    typedef _CharT char_type;
        -:  574:    typedef _InputIterator iter_type;
        -:  575:
        -:  576:    _LIBCPP_ALWAYS_INLINE
        -:  577:    explicit num_get(size_t __refs = 0)
        -:  578:        : locale::facet(__refs) {}
        -:  579:
        -:  580:    _LIBCPP_ALWAYS_INLINE
        -:  581:    iter_type get(iter_type __b, iter_type __e, ios_base& __iob,
        -:  582:                  ios_base::iostate& __err, bool& __v) const
        -:  583:    {
        -:  584:        return do_get(__b, __e, __iob, __err, __v);
        -:  585:    }
        -:  586:
        -:  587:    _LIBCPP_ALWAYS_INLINE
        -:  588:    iter_type get(iter_type __b, iter_type __e, ios_base& __iob,
        -:  589:                  ios_base::iostate& __err, long& __v) const
        -:  590:    {
        -:  591:        return do_get(__b, __e, __iob, __err, __v);
        -:  592:    }
        -:  593:
        -:  594:    _LIBCPP_ALWAYS_INLINE
        -:  595:    iter_type get(iter_type __b, iter_type __e, ios_base& __iob,
        -:  596:                  ios_base::iostate& __err, long long& __v) const
        -:  597:    {
        -:  598:        return do_get(__b, __e, __iob, __err, __v);
        -:  599:    }
        -:  600:
        -:  601:    _LIBCPP_ALWAYS_INLINE
        -:  602:    iter_type get(iter_type __b, iter_type __e, ios_base& __iob,
        -:  603:                  ios_base::iostate& __err, unsigned short& __v) const
        -:  604:    {
        -:  605:        return do_get(__b, __e, __iob, __err, __v);
        -:  606:    }
        -:  607:
        -:  608:    _LIBCPP_ALWAYS_INLINE
        -:  609:    iter_type get(iter_type __b, iter_type __e, ios_base& __iob,
        -:  610:                  ios_base::iostate& __err, unsigned int& __v) const
        -:  611:    {
        -:  612:        return do_get(__b, __e, __iob, __err, __v);
        -:  613:    }
        -:  614:
        -:  615:    _LIBCPP_ALWAYS_INLINE
        -:  616:    iter_type get(iter_type __b, iter_type __e, ios_base& __iob,
        -:  617:                  ios_base::iostate& __err, unsigned long& __v) const
        -:  618:    {
        -:  619:        return do_get(__b, __e, __iob, __err, __v);
        -:  620:    }
        -:  621:
        -:  622:    _LIBCPP_ALWAYS_INLINE
        -:  623:    iter_type get(iter_type __b, iter_type __e, ios_base& __iob,
        -:  624:                  ios_base::iostate& __err, unsigned long long& __v) const
        -:  625:    {
        -:  626:        return do_get(__b, __e, __iob, __err, __v);
        -:  627:    }
        -:  628:
        -:  629:    _LIBCPP_ALWAYS_INLINE
        -:  630:    iter_type get(iter_type __b, iter_type __e, ios_base& __iob,
        -:  631:                  ios_base::iostate& __err, float& __v) const
        -:  632:    {
        -:  633:        return do_get(__b, __e, __iob, __err, __v);
        -:  634:    }
        -:  635:
        -:  636:    _LIBCPP_ALWAYS_INLINE
        -:  637:    iter_type get(iter_type __b, iter_type __e, ios_base& __iob,
        -:  638:                  ios_base::iostate& __err, double& __v) const
        -:  639:    {
        -:  640:        return do_get(__b, __e, __iob, __err, __v);
        -:  641:    }
        -:  642:
        -:  643:    _LIBCPP_ALWAYS_INLINE
        -:  644:    iter_type get(iter_type __b, iter_type __e, ios_base& __iob,
        -:  645:                  ios_base::iostate& __err, long double& __v) const
        -:  646:    {
        -:  647:        return do_get(__b, __e, __iob, __err, __v);
        -:  648:    }
        -:  649:
        -:  650:    _LIBCPP_ALWAYS_INLINE
        -:  651:    iter_type get(iter_type __b, iter_type __e, ios_base& __iob,
        -:  652:                  ios_base::iostate& __err, void*& __v) const
        -:  653:    {
        -:  654:        return do_get(__b, __e, __iob, __err, __v);
        -:  655:    }
        -:  656:
        -:  657:    static locale::id id;
        -:  658:
        -:  659:protected:
        -:  660:    _LIBCPP_ALWAYS_INLINE
        -:  661:    ~num_get() {}
        -:  662:
        -:  663:    template <class _Fp>
        -:  664:    _LIBCPP_METHOD_TEMPLATE_IMPLICIT_INSTANTIATION_VIS
        -:  665:    iter_type __do_get_floating_point
        -:  666:                            (iter_type __b, iter_type __e, ios_base& __iob,
        -:  667:                             ios_base::iostate& __err, _Fp& __v) const;
        -:  668:
        -:  669:    template <class _Signed>
        -:  670:    _LIBCPP_METHOD_TEMPLATE_IMPLICIT_INSTANTIATION_VIS
        -:  671:    iter_type __do_get_signed
        -:  672:                            (iter_type __b, iter_type __e, ios_base& __iob,
        -:  673:                             ios_base::iostate& __err, _Signed& __v) const;
        -:  674:
        -:  675:    template <class _Unsigned>
        -:  676:    _LIBCPP_METHOD_TEMPLATE_IMPLICIT_INSTANTIATION_VIS
        -:  677:    iter_type __do_get_unsigned
        -:  678:                            (iter_type __b, iter_type __e, ios_base& __iob,
        -:  679:                             ios_base::iostate& __err, _Unsigned& __v) const;
        -:  680:
        -:  681:
        -:  682:    virtual iter_type do_get(iter_type __b, iter_type __e, ios_base& __iob,
        -:  683:                             ios_base::iostate& __err, bool& __v) const;
        -:  684:
        -:  685:    virtual iter_type do_get(iter_type __b, iter_type __e, ios_base& __iob,
        -:  686:                             ios_base::iostate& __err, long& __v) const
        -:  687:    { return this->__do_get_signed ( __b, __e, __iob, __err, __v ); }
        -:  688:
        -:  689:    virtual iter_type do_get(iter_type __b, iter_type __e, ios_base& __iob,
        -:  690:                             ios_base::iostate& __err, long long& __v) const
        -:  691:    { return this->__do_get_signed ( __b, __e, __iob, __err, __v ); }
        -:  692:
        -:  693:    virtual iter_type do_get(iter_type __b, iter_type __e, ios_base& __iob,
        -:  694:                             ios_base::iostate& __err, unsigned short& __v) const
        -:  695:    { return this->__do_get_unsigned ( __b, __e, __iob, __err, __v ); }
        -:  696:
        -:  697:    virtual iter_type do_get(iter_type __b, iter_type __e, ios_base& __iob,
        -:  698:                             ios_base::iostate& __err, unsigned int& __v) const
        -:  699:    { return this->__do_get_unsigned ( __b, __e, __iob, __err, __v ); }
        -:  700:
        -:  701:    virtual iter_type do_get(iter_type __b, iter_type __e, ios_base& __iob,
        -:  702:                             ios_base::iostate& __err, unsigned long& __v) const
        -:  703:    { return this->__do_get_unsigned ( __b, __e, __iob, __err, __v ); }
        -:  704:
        -:  705:    virtual iter_type do_get(iter_type __b, iter_type __e, ios_base& __iob,
        -:  706:                             ios_base::iostate& __err, unsigned long long& __v) const
        -:  707:    { return this->__do_get_unsigned ( __b, __e, __iob, __err, __v ); }
        -:  708:
        -:  709:    virtual iter_type do_get(iter_type __b, iter_type __e, ios_base& __iob,
        -:  710:                             ios_base::iostate& __err, float& __v) const
        -:  711:    { return this->__do_get_floating_point ( __b, __e, __iob, __err, __v ); }
        -:  712:
        -:  713:    virtual iter_type do_get(iter_type __b, iter_type __e, ios_base& __iob,
        -:  714:                             ios_base::iostate& __err, double& __v) const
        -:  715:    { return this->__do_get_floating_point ( __b, __e, __iob, __err, __v ); }
        -:  716:
        -:  717:    virtual iter_type do_get(iter_type __b, iter_type __e, ios_base& __iob,
        -:  718:                             ios_base::iostate& __err, long double& __v) const
        -:  719:    { return this->__do_get_floating_point ( __b, __e, __iob, __err, __v ); }
        -:  720:
        -:  721:    virtual iter_type do_get(iter_type __b, iter_type __e, ios_base& __iob,
        -:  722:                             ios_base::iostate& __err, void*& __v) const;
        -:  723:};
        -:  724:
        -:  725:template <class _CharT, class _InputIterator>
        -:  726:locale::id
        -:  727:num_get<_CharT, _InputIterator>::id;
        -:  728:
        -:  729:template <class _Tp>
        -:  730:_Tp
        -:  731:__num_get_signed_integral(const char* __a, const char* __a_end,
        -:  732:                          ios_base::iostate& __err, int __base)
        -:  733:{
        -:  734:    if (__a != __a_end)
        -:  735:    {
        -:  736:        typename remove_reference<decltype(errno)>::type __save_errno = errno;
        -:  737:        errno = 0;
        -:  738:        char *__p2;
        -:  739:        long long __ll = strtoll_l(__a, &__p2, __base, _LIBCPP_GET_C_LOCALE);
        -:  740:        typename remove_reference<decltype(errno)>::type __current_errno = errno;
        -:  741:        if (__current_errno == 0)
        -:  742:            errno = __save_errno;
        -:  743:        if (__p2 != __a_end)
        -:  744:        {
        -:  745:            __err = ios_base::failbit;
        -:  746:            return 0;
        -:  747:        }
        -:  748:        else if (__current_errno == ERANGE         ||
        -:  749:                 __ll < numeric_limits<_Tp>::min() ||
        -:  750:                 numeric_limits<_Tp>::max() < __ll)
        -:  751:        {
        -:  752:            __err = ios_base::failbit;
        -:  753:            if (__ll > 0)
        -:  754:                return numeric_limits<_Tp>::max();
        -:  755:            else
        -:  756:                return numeric_limits<_Tp>::min();
        -:  757:        }
        -:  758:        return static_cast<_Tp>(__ll);
        -:  759:    }
        -:  760:    __err = ios_base::failbit;
        -:  761:    return 0;
        -:  762:}
        -:  763:
        -:  764:template <class _Tp>
        -:  765:_Tp
        -:  766:__num_get_unsigned_integral(const char* __a, const char* __a_end,
        -:  767:                            ios_base::iostate& __err, int __base)
        -:  768:{
        -:  769:    if (__a != __a_end)
        -:  770:    {
        -:  771:        if (*__a == '-')
        -:  772:        {
        -:  773:            __err = ios_base::failbit;
        -:  774:            return 0;
        -:  775:        }
        -:  776:        typename remove_reference<decltype(errno)>::type __save_errno = errno;
        -:  777:        errno = 0;
        -:  778:        char *__p2;
        -:  779:        unsigned long long __ll = strtoull_l(__a, &__p2, __base, _LIBCPP_GET_C_LOCALE);
        -:  780:        typename remove_reference<decltype(errno)>::type __current_errno = errno;
        -:  781:        if (__current_errno == 0)
        -:  782:            errno = __save_errno;
        -:  783:        if (__p2 != __a_end)
        -:  784:        {
        -:  785:            __err = ios_base::failbit;
        -:  786:            return 0;
        -:  787:        }
        -:  788:        else if (__current_errno == ERANGE ||
        -:  789:                 numeric_limits<_Tp>::max() < __ll)
        -:  790:        {
        -:  791:            __err = ios_base::failbit;
        -:  792:            return numeric_limits<_Tp>::max();
        -:  793:        }
        -:  794:        return static_cast<_Tp>(__ll);
        -:  795:    }
        -:  796:    __err = ios_base::failbit;
        -:  797:    return 0;
        -:  798:}
        -:  799:
        -:  800:template <class _Tp>
        -:  801:_LIBCPP_INLINE_VISIBILITY
        -:  802:_Tp __do_strtod(const char* __a, char** __p2);
        -:  803:
        -:  804:template <>
        -:  805:inline _LIBCPP_INLINE_VISIBILITY
        -:  806:float __do_strtod<float>(const char* __a, char** __p2) {
        -:  807:    return strtof_l(__a, __p2, _LIBCPP_GET_C_LOCALE);
        -:  808:}
        -:  809:
        -:  810:template <>
        -:  811:inline _LIBCPP_INLINE_VISIBILITY
        -:  812:double __do_strtod<double>(const char* __a, char** __p2) {
        -:  813:    return strtod_l(__a, __p2, _LIBCPP_GET_C_LOCALE);
        -:  814:}
        -:  815:
        -:  816:template <>
        -:  817:inline _LIBCPP_INLINE_VISIBILITY
        -:  818:long double __do_strtod<long double>(const char* __a, char** __p2) {
        -:  819:    return strtold_l(__a, __p2, _LIBCPP_GET_C_LOCALE);
        -:  820:}
        -:  821:
        -:  822:template <class _Tp>
        -:  823:_LIBCPP_HIDDEN
        -:  824:_Tp
        -:  825:__num_get_float(const char* __a, const char* __a_end, ios_base::iostate& __err)
        -:  826:{
        -:  827:    if (__a != __a_end)
        -:  828:    {
        -:  829:        typename remove_reference<decltype(errno)>::type __save_errno = errno;
        -:  830:        errno = 0;
        -:  831:        char *__p2;
        -:  832:        _Tp __ld = __do_strtod<_Tp>(__a, &__p2);
        -:  833:        typename remove_reference<decltype(errno)>::type __current_errno = errno;
        -:  834:        if (__current_errno == 0)
        -:  835:            errno = __save_errno;
        -:  836:        if (__p2 != __a_end)
        -:  837:        {
        -:  838:            __err = ios_base::failbit;
        -:  839:            return 0;
        -:  840:        }
        -:  841:        else if (__current_errno == ERANGE)
        -:  842:            __err = ios_base::failbit;
        -:  843:        return __ld;
        -:  844:    }
        -:  845:    __err = ios_base::failbit;
        -:  846:    return 0;
        -:  847:}
        -:  848:
        -:  849:template <class _CharT, class _InputIterator>
        -:  850:_InputIterator
        -:  851:num_get<_CharT, _InputIterator>::do_get(iter_type __b, iter_type __e,
        -:  852:                                        ios_base& __iob,
        -:  853:                                        ios_base::iostate& __err,
        -:  854:                                        bool& __v) const
        -:  855:{
        -:  856:    if ((__iob.flags() & ios_base::boolalpha) == 0)
        -:  857:    {
        -:  858:        long __lv = -1;
        -:  859:        __b = do_get(__b, __e, __iob, __err, __lv);
        -:  860:        switch (__lv)
        -:  861:        {
        -:  862:        case 0:
        -:  863:            __v = false;
        -:  864:            break;
        -:  865:        case 1:
        -:  866:            __v = true;
        -:  867:            break;
        -:  868:        default:
        -:  869:            __v = true;
        -:  870:            __err = ios_base::failbit;
        -:  871:            break;
        -:  872:        }
        -:  873:        return __b;
        -:  874:    }
        -:  875:    const ctype<_CharT>& __ct = use_facet<ctype<_CharT> >(__iob.getloc());
        -:  876:    const numpunct<_CharT>& __np = use_facet<numpunct<_CharT> >(__iob.getloc());
        -:  877:    typedef typename numpunct<_CharT>::string_type string_type;
        -:  878:    const string_type __names[2] = {__np.truename(), __np.falsename()};
        -:  879:    const string_type* __i = __scan_keyword(__b, __e, __names, __names+2,
        -:  880:                                            __ct, __err);
        -:  881:    __v = __i == __names;
        -:  882:    return __b;
        -:  883:}
        -:  884:
        -:  885:// signed
        -:  886:
        -:  887:template <class _CharT, class _InputIterator>
        -:  888:template <class _Signed>
        -:  889:_InputIterator
        -:  890:num_get<_CharT, _InputIterator>::__do_get_signed(iter_type __b, iter_type __e,
        -:  891:                                        ios_base& __iob,
        -:  892:                                        ios_base::iostate& __err,
        -:  893:                                        _Signed& __v) const
        -:  894:{
        -:  895:    // Stage 1
        -:  896:    int __base = this->__get_base(__iob);
        -:  897:    // Stage 2
        -:  898:    char_type __thousands_sep;
        -:  899:    const int __atoms_size = 26;
        -:  900:#ifdef _LIBCPP_ABI_OPTIMIZED_LOCALE_NUM_GET
        -:  901:    char_type __atoms1[__atoms_size];
        -:  902:    const char_type *__atoms = this->__do_widen(__iob, __atoms1);
        -:  903:    string __grouping = this->__stage2_int_prep(__iob, __thousands_sep);
        -:  904:#else
        -:  905:    char_type __atoms[__atoms_size];
        -:  906:    string __grouping = this->__stage2_int_prep(__iob, __atoms, __thousands_sep);
        -:  907:#endif
        -:  908:    string __buf;
        -:  909:    __buf.resize(__buf.capacity());
        -:  910:    char* __a = &__buf[0];
        -:  911:    char* __a_end = __a;
        -:  912:    unsigned __g[__num_get_base::__num_get_buf_sz];
        -:  913:    unsigned* __g_end = __g;
        -:  914:    unsigned __dc = 0;
        -:  915:    for (; __b != __e; ++__b)
        -:  916:    {
        -:  917:        if (__a_end == __a + __buf.size())
        -:  918:        {
        -:  919:            size_t __tmp = __buf.size();
        -:  920:            __buf.resize(2*__buf.size());
        -:  921:            __buf.resize(__buf.capacity());
        -:  922:            __a = &__buf[0];
        -:  923:            __a_end = __a + __tmp;
        -:  924:        }
        -:  925:        if (this->__stage2_int_loop(*__b, __base, __a, __a_end, __dc,
        -:  926:                                    __thousands_sep, __grouping, __g, __g_end,
        -:  927:                                    __atoms))
        -:  928:            break;
        -:  929:    }
        -:  930:    if (__grouping.size() != 0 && __g_end-__g < __num_get_base::__num_get_buf_sz)
        -:  931:        *__g_end++ = __dc;
        -:  932:    // Stage 3
        -:  933:    __v = __num_get_signed_integral<_Signed>(__a, __a_end, __err, __base);
        -:  934:    // Digit grouping checked
        -:  935:    __check_grouping(__grouping, __g, __g_end, __err);
        -:  936:    // EOF checked
        -:  937:    if (__b == __e)
        -:  938:        __err |= ios_base::eofbit;
        -:  939:    return __b;
        -:  940:}
        -:  941:
        -:  942:// unsigned
        -:  943:
        -:  944:template <class _CharT, class _InputIterator>
        -:  945:template <class _Unsigned>
        -:  946:_InputIterator
        -:  947:num_get<_CharT, _InputIterator>::__do_get_unsigned(iter_type __b, iter_type __e,
        -:  948:                                        ios_base& __iob,
        -:  949:                                        ios_base::iostate& __err,
        -:  950:                                        _Unsigned& __v) const
        -:  951:{
        -:  952:    // Stage 1
        -:  953:    int __base = this->__get_base(__iob);
        -:  954:    // Stage 2
        -:  955:    char_type __thousands_sep;
        -:  956:    const int __atoms_size = 26;
        -:  957:#ifdef _LIBCPP_ABI_OPTIMIZED_LOCALE_NUM_GET
        -:  958:    char_type __atoms1[__atoms_size];
        -:  959:    const char_type *__atoms = this->__do_widen(__iob, __atoms1);
        -:  960:    string __grouping = this->__stage2_int_prep(__iob, __thousands_sep);
        -:  961:#else
        -:  962:    char_type __atoms[__atoms_size];
        -:  963:    string __grouping = this->__stage2_int_prep(__iob, __atoms, __thousands_sep);
        -:  964:#endif
        -:  965:    string __buf;
        -:  966:    __buf.resize(__buf.capacity());
        -:  967:    char* __a = &__buf[0];
        -:  968:    char* __a_end = __a;
        -:  969:    unsigned __g[__num_get_base::__num_get_buf_sz];
        -:  970:    unsigned* __g_end = __g;
        -:  971:    unsigned __dc = 0;
        -:  972:    for (; __b != __e; ++__b)
        -:  973:    {
        -:  974:        if (__a_end == __a + __buf.size())
        -:  975:        {
        -:  976:            size_t __tmp = __buf.size();
        -:  977:            __buf.resize(2*__buf.size());
        -:  978:            __buf.resize(__buf.capacity());
        -:  979:            __a = &__buf[0];
        -:  980:            __a_end = __a + __tmp;
        -:  981:        }
        -:  982:        if (this->__stage2_int_loop(*__b, __base, __a, __a_end, __dc,
        -:  983:                                    __thousands_sep, __grouping, __g, __g_end,
        -:  984:                                    __atoms))
        -:  985:            break;
        -:  986:    }
        -:  987:    if (__grouping.size() != 0 && __g_end-__g < __num_get_base::__num_get_buf_sz)
        -:  988:        *__g_end++ = __dc;
        -:  989:    // Stage 3
        -:  990:    __v = __num_get_unsigned_integral<_Unsigned>(__a, __a_end, __err, __base);
        -:  991:    // Digit grouping checked
        -:  992:    __check_grouping(__grouping, __g, __g_end, __err);
        -:  993:    // EOF checked
        -:  994:    if (__b == __e)
        -:  995:        __err |= ios_base::eofbit;
        -:  996:    return __b;
        -:  997:}
        -:  998:
        -:  999:// floating point
        -: 1000:
        -: 1001:template <class _CharT, class _InputIterator>
        -: 1002:template <class _Fp>
        -: 1003:_InputIterator
        -: 1004:num_get<_CharT, _InputIterator>::__do_get_floating_point(iter_type __b, iter_type __e,
        -: 1005:                                        ios_base& __iob,
        -: 1006:                                        ios_base::iostate& __err,
        -: 1007:                                        _Fp& __v) const
        -: 1008:{
        -: 1009:    // Stage 1, nothing to do
        -: 1010:    // Stage 2
        -: 1011:    char_type __atoms[32];
        -: 1012:    char_type __decimal_point;
        -: 1013:    char_type __thousands_sep;
        -: 1014:    string __grouping = this->__stage2_float_prep(__iob, __atoms,
        -: 1015:                                                  __decimal_point,
        -: 1016:                                                  __thousands_sep);
        -: 1017:    string __buf;
        -: 1018:    __buf.resize(__buf.capacity());
        -: 1019:    char* __a = &__buf[0];
        -: 1020:    char* __a_end = __a;
        -: 1021:    unsigned __g[__num_get_base::__num_get_buf_sz];
        -: 1022:    unsigned* __g_end = __g;
        -: 1023:    unsigned __dc = 0;
        -: 1024:    bool __in_units = true;
        -: 1025:    char __exp = 'E';
        -: 1026:    for (; __b != __e; ++__b)
        -: 1027:    {
        -: 1028:        if (__a_end == __a + __buf.size())
        -: 1029:        {
        -: 1030:            size_t __tmp = __buf.size();
        -: 1031:            __buf.resize(2*__buf.size());
        -: 1032:            __buf.resize(__buf.capacity());
        -: 1033:            __a = &__buf[0];
        -: 1034:            __a_end = __a + __tmp;
        -: 1035:        }
        -: 1036:        if (this->__stage2_float_loop(*__b, __in_units, __exp, __a, __a_end,
        -: 1037:                                      __decimal_point, __thousands_sep,
        -: 1038:                                      __grouping, __g, __g_end,
        -: 1039:                                      __dc, __atoms))
        -: 1040:            break;
        -: 1041:    }
        -: 1042:    if (__grouping.size() != 0 && __in_units && __g_end-__g < __num_get_base::__num_get_buf_sz)
        -: 1043:        *__g_end++ = __dc;
        -: 1044:    // Stage 3
        -: 1045:    __v = __num_get_float<_Fp>(__a, __a_end, __err);
        -: 1046:    // Digit grouping checked
        -: 1047:    __check_grouping(__grouping, __g, __g_end, __err);
        -: 1048:    // EOF checked
        -: 1049:    if (__b == __e)
        -: 1050:        __err |= ios_base::eofbit;
        -: 1051:    return __b;
        -: 1052:}
        -: 1053:
        -: 1054:template <class _CharT, class _InputIterator>
        -: 1055:_InputIterator
        -: 1056:num_get<_CharT, _InputIterator>::do_get(iter_type __b, iter_type __e,
        -: 1057:                                        ios_base& __iob,
        -: 1058:                                        ios_base::iostate& __err,
        -: 1059:                                        void*& __v) const
        -: 1060:{
        -: 1061:    // Stage 1
        -: 1062:    int __base = 16;
        -: 1063:    // Stage 2
        -: 1064:    char_type __atoms[26];
        -: 1065:    char_type __thousands_sep = 0;
        -: 1066:    string __grouping;
        -: 1067:    use_facet<ctype<_CharT> >(__iob.getloc()).widen(__num_get_base::__src,
        -: 1068:                                                    __num_get_base::__src + 26, __atoms);
        -: 1069:    string __buf;
        -: 1070:    __buf.resize(__buf.capacity());
        -: 1071:    char* __a = &__buf[0];
        -: 1072:    char* __a_end = __a;
        -: 1073:    unsigned __g[__num_get_base::__num_get_buf_sz];
        -: 1074:    unsigned* __g_end = __g;
        -: 1075:    unsigned __dc = 0;
        -: 1076:    for (; __b != __e; ++__b)
        -: 1077:    {
        -: 1078:        if (__a_end == __a + __buf.size())
        -: 1079:        {
        -: 1080:            size_t __tmp = __buf.size();
        -: 1081:            __buf.resize(2*__buf.size());
        -: 1082:            __buf.resize(__buf.capacity());
        -: 1083:            __a = &__buf[0];
        -: 1084:            __a_end = __a + __tmp;
        -: 1085:        }
        -: 1086:        if (this->__stage2_int_loop(*__b, __base, __a, __a_end, __dc,
        -: 1087:                                    __thousands_sep, __grouping,
        -: 1088:                                    __g, __g_end, __atoms))
        -: 1089:            break;
        -: 1090:    }
        -: 1091:    // Stage 3
        -: 1092:    __buf.resize(__a_end - __a);
        -: 1093:    if (__libcpp_sscanf_l(__buf.c_str(), _LIBCPP_GET_C_LOCALE, "%p", &__v) != 1)
        -: 1094:        __err = ios_base::failbit;
        -: 1095:    // EOF checked
        -: 1096:    if (__b == __e)
        -: 1097:        __err |= ios_base::eofbit;
        -: 1098:    return __b;
        -: 1099:}
        -: 1100:
        -: 1101:_LIBCPP_EXTERN_TEMPLATE2(class _LIBCPP_EXTERN_TEMPLATE_TYPE_VIS num_get<char>)
        -: 1102:_LIBCPP_EXTERN_TEMPLATE2(class _LIBCPP_EXTERN_TEMPLATE_TYPE_VIS num_get<wchar_t>)
        -: 1103:
        -: 1104:struct _LIBCPP_TYPE_VIS __num_put_base
        -: 1105:{
        -: 1106:protected:
        -: 1107:    static void __format_int(char* __fmt, const char* __len, bool __signd,
        -: 1108:                             ios_base::fmtflags __flags);
        -: 1109:    static bool __format_float(char* __fmt, const char* __len,
        -: 1110:                               ios_base::fmtflags __flags);
        -: 1111:    static char* __identify_padding(char* __nb, char* __ne,
        -: 1112:                                    const ios_base& __iob);
        -: 1113:};
        -: 1114:
        -: 1115:template <class _CharT>
        -: 1116:struct __num_put
        -: 1117:    : protected __num_put_base
        -: 1118:{
        -: 1119:    static void __widen_and_group_int(char* __nb, char* __np, char* __ne,
        -: 1120:                                      _CharT* __ob, _CharT*& __op, _CharT*& __oe,
        -: 1121:                                      const locale& __loc);
        -: 1122:    static void __widen_and_group_float(char* __nb, char* __np, char* __ne,
        -: 1123:                                        _CharT* __ob, _CharT*& __op, _CharT*& __oe,
        -: 1124:                                        const locale& __loc);
        -: 1125:};
        -: 1126:
        -: 1127:template <class _CharT>
        -: 1128:void
        -: 1129:__num_put<_CharT>::__widen_and_group_int(char* __nb, char* __np, char* __ne,
        -: 1130:                                         _CharT* __ob, _CharT*& __op, _CharT*& __oe,
        -: 1131:                                         const locale& __loc)
        -: 1132:{
        -: 1133:    const ctype<_CharT>&    __ct = use_facet<ctype<_CharT> >   (__loc);
        -: 1134:    const numpunct<_CharT>& __npt = use_facet<numpunct<_CharT> >(__loc);
        -: 1135:    string __grouping = __npt.grouping();
        -: 1136:    if (__grouping.empty())
        -: 1137:    {
        -: 1138:        __ct.widen(__nb, __ne, __ob);
        -: 1139:        __oe = __ob + (__ne - __nb);
        -: 1140:    }
        -: 1141:    else
        -: 1142:    {
        -: 1143:        __oe = __ob;
        -: 1144:        char* __nf = __nb;
        -: 1145:        if (*__nf == '-' || *__nf == '+')
        -: 1146:            *__oe++ = __ct.widen(*__nf++);
        -: 1147:        if (__ne - __nf >= 2 && __nf[0] == '0' && (__nf[1] == 'x' ||
        -: 1148:                                                   __nf[1] == 'X'))
        -: 1149:        {
        -: 1150:            *__oe++ = __ct.widen(*__nf++);
        -: 1151:            *__oe++ = __ct.widen(*__nf++);
        -: 1152:        }
        -: 1153:        reverse(__nf, __ne);
        -: 1154:        _CharT __thousands_sep = __npt.thousands_sep();
        -: 1155:        unsigned __dc = 0;
        -: 1156:        unsigned __dg = 0;
        -: 1157:        for (char* __p = __nf; __p < __ne; ++__p)
        -: 1158:        {
        -: 1159:            if (static_cast<unsigned>(__grouping[__dg]) > 0 &&
        -: 1160:                __dc == static_cast<unsigned>(__grouping[__dg]))
        -: 1161:            {
        -: 1162:                *__oe++ = __thousands_sep;
        -: 1163:                __dc = 0;
        -: 1164:                if (__dg < __grouping.size()-1)
        -: 1165:                    ++__dg;
        -: 1166:            }
        -: 1167:            *__oe++ = __ct.widen(*__p);
        -: 1168:            ++__dc;
        -: 1169:        }
        -: 1170:        reverse(__ob + (__nf - __nb), __oe);
        -: 1171:    }
        -: 1172:    if (__np == __ne)
        -: 1173:        __op = __oe;
        -: 1174:    else
        -: 1175:        __op = __ob + (__np - __nb);
        -: 1176:}
        -: 1177:
        -: 1178:template <class _CharT>
        -: 1179:void
        -: 1180:__num_put<_CharT>::__widen_and_group_float(char* __nb, char* __np, char* __ne,
        -: 1181:                                           _CharT* __ob, _CharT*& __op, _CharT*& __oe,
        -: 1182:                                           const locale& __loc)
        -: 1183:{
        -: 1184:    const ctype<_CharT>&    __ct = use_facet<ctype<_CharT> >   (__loc);
        -: 1185:    const numpunct<_CharT>& __npt = use_facet<numpunct<_CharT> >(__loc);
        -: 1186:    string __grouping = __npt.grouping();
        -: 1187:    __oe = __ob;
        -: 1188:    char* __nf = __nb;
        -: 1189:    if (*__nf == '-' || *__nf == '+')
        -: 1190:        *__oe++ = __ct.widen(*__nf++);
        -: 1191:    char* __ns;
        -: 1192:    if (__ne - __nf >= 2 && __nf[0] == '0' && (__nf[1] == 'x' ||
        -: 1193:                                               __nf[1] == 'X'))
        -: 1194:    {
        -: 1195:        *__oe++ = __ct.widen(*__nf++);
        -: 1196:        *__oe++ = __ct.widen(*__nf++);
        -: 1197:        for (__ns = __nf; __ns < __ne; ++__ns)
        -: 1198:            if (!isxdigit_l(*__ns, _LIBCPP_GET_C_LOCALE))
        -: 1199:                break;
        -: 1200:    }
        -: 1201:    else
        -: 1202:    {
        -: 1203:        for (__ns = __nf; __ns < __ne; ++__ns)
        -: 1204:            if (!isdigit_l(*__ns, _LIBCPP_GET_C_LOCALE))
        -: 1205:                break;
        -: 1206:    }
        -: 1207:    if (__grouping.empty())
        -: 1208:    {
        -: 1209:        __ct.widen(__nf, __ns, __oe);
        -: 1210:        __oe += __ns - __nf;
        -: 1211:    }
        -: 1212:    else
        -: 1213:    {
        -: 1214:        reverse(__nf, __ns);
        -: 1215:        _CharT __thousands_sep = __npt.thousands_sep();
        -: 1216:        unsigned __dc = 0;
        -: 1217:        unsigned __dg = 0;
        -: 1218:        for (char* __p = __nf; __p < __ns; ++__p)
        -: 1219:        {
        -: 1220:            if (__grouping[__dg] > 0 && __dc == static_cast<unsigned>(__grouping[__dg]))
        -: 1221:            {
        -: 1222:                *__oe++ = __thousands_sep;
        -: 1223:                __dc = 0;
        -: 1224:                if (__dg < __grouping.size()-1)
        -: 1225:                    ++__dg;
        -: 1226:            }
        -: 1227:            *__oe++ = __ct.widen(*__p);
        -: 1228:            ++__dc;
        -: 1229:        }
        -: 1230:        reverse(__ob + (__nf - __nb), __oe);
        -: 1231:    }
        -: 1232:    for (__nf = __ns; __nf < __ne; ++__nf)
        -: 1233:    {
        -: 1234:        if (*__nf == '.')
        -: 1235:        {
        -: 1236:            *__oe++ = __npt.decimal_point();
        -: 1237:            ++__nf;
        -: 1238:            break;
        -: 1239:        }
        -: 1240:        else
        -: 1241:            *__oe++ = __ct.widen(*__nf);
        -: 1242:    }
        -: 1243:    __ct.widen(__nf, __ne, __oe);
        -: 1244:    __oe += __ne - __nf;
        -: 1245:    if (__np == __ne)
        -: 1246:        __op = __oe;
        -: 1247:    else
        -: 1248:        __op = __ob + (__np - __nb);
        -: 1249:}
        -: 1250:
        -: 1251:_LIBCPP_EXTERN_TEMPLATE2(struct _LIBCPP_EXTERN_TEMPLATE_TYPE_VIS __num_put<char>)
        -: 1252:_LIBCPP_EXTERN_TEMPLATE2(struct _LIBCPP_EXTERN_TEMPLATE_TYPE_VIS __num_put<wchar_t>)
        -: 1253:
        -: 1254:template <class _CharT, class _OutputIterator = ostreambuf_iterator<_CharT> >
        -: 1255:class _LIBCPP_TEMPLATE_VIS num_put
        -: 1256:    : public locale::facet,
        -: 1257:      private __num_put<_CharT>
        -: 1258:{
        -: 1259:public:
        -: 1260:    typedef _CharT char_type;
        -: 1261:    typedef _OutputIterator iter_type;
        -: 1262:
        -: 1263:    _LIBCPP_ALWAYS_INLINE
        -: 1264:    explicit num_put(size_t __refs = 0)
        -: 1265:        : locale::facet(__refs) {}
        -: 1266:
        -: 1267:    _LIBCPP_ALWAYS_INLINE
        -: 1268:    iter_type put(iter_type __s, ios_base& __iob, char_type __fl,
        -: 1269:                  bool __v) const
        -: 1270:    {
        -: 1271:        return do_put(__s, __iob, __fl, __v);
        -: 1272:    }
        -: 1273:
        -: 1274:    _LIBCPP_ALWAYS_INLINE
        -: 1275:    iter_type put(iter_type __s, ios_base& __iob, char_type __fl,
        -: 1276:                  long __v) const
        -: 1277:    {
        -: 1278:        return do_put(__s, __iob, __fl, __v);
        -: 1279:    }
        -: 1280:
        -: 1281:    _LIBCPP_ALWAYS_INLINE
        -: 1282:    iter_type put(iter_type __s, ios_base& __iob, char_type __fl,
        -: 1283:                  long long __v) const
        -: 1284:    {
        -: 1285:        return do_put(__s, __iob, __fl, __v);
        -: 1286:    }
        -: 1287:
        -: 1288:    _LIBCPP_ALWAYS_INLINE
        -: 1289:    iter_type put(iter_type __s, ios_base& __iob, char_type __fl,
        -: 1290:                  unsigned long __v) const
        -: 1291:    {
        -: 1292:        return do_put(__s, __iob, __fl, __v);
        -: 1293:    }
        -: 1294:
        -: 1295:    _LIBCPP_ALWAYS_INLINE
        -: 1296:    iter_type put(iter_type __s, ios_base& __iob, char_type __fl,
        -: 1297:                  unsigned long long __v) const
        -: 1298:    {
        -: 1299:        return do_put(__s, __iob, __fl, __v);
        -: 1300:    }
        -: 1301:
        -: 1302:    _LIBCPP_ALWAYS_INLINE
        -: 1303:    iter_type put(iter_type __s, ios_base& __iob, char_type __fl,
        -: 1304:                  double __v) const
        -: 1305:    {
        -: 1306:        return do_put(__s, __iob, __fl, __v);
        -: 1307:    }
        -: 1308:
        -: 1309:    _LIBCPP_ALWAYS_INLINE
        -: 1310:    iter_type put(iter_type __s, ios_base& __iob, char_type __fl,
        -: 1311:                  long double __v) const
        -: 1312:    {
        -: 1313:        return do_put(__s, __iob, __fl, __v);
        -: 1314:    }
        -: 1315:
        -: 1316:    _LIBCPP_ALWAYS_INLINE
        -: 1317:    iter_type put(iter_type __s, ios_base& __iob, char_type __fl,
        -: 1318:                  const void* __v) const
        -: 1319:    {
        -: 1320:        return do_put(__s, __iob, __fl, __v);
        -: 1321:    }
        -: 1322:
        -: 1323:    static locale::id id;
        -: 1324:
        -: 1325:protected:
        -: 1326:    _LIBCPP_ALWAYS_INLINE
        -: 1327:    ~num_put() {}
        -: 1328:
        -: 1329:    virtual iter_type do_put(iter_type __s, ios_base& __iob, char_type __fl,
        -: 1330:                             bool __v) const;
        -: 1331:    virtual iter_type do_put(iter_type __s, ios_base& __iob, char_type __fl,
        -: 1332:                             long __v) const;
        -: 1333:    virtual iter_type do_put(iter_type __s, ios_base& __iob, char_type __fl,
        -: 1334:                             long long __v) const;
        -: 1335:    virtual iter_type do_put(iter_type __s, ios_base& __iob, char_type __fl,
        -: 1336:                             unsigned long) const;
        -: 1337:    virtual iter_type do_put(iter_type __s, ios_base& __iob, char_type __fl,
        -: 1338:                             unsigned long long) const;
        -: 1339:    virtual iter_type do_put(iter_type __s, ios_base& __iob, char_type __fl,
        -: 1340:                             double __v) const;
        -: 1341:    virtual iter_type do_put(iter_type __s, ios_base& __iob, char_type __fl,
        -: 1342:                             long double __v) const;
        -: 1343:    virtual iter_type do_put(iter_type __s, ios_base& __iob, char_type __fl,
        -: 1344:                             const void* __v) const;
        -: 1345:};
        -: 1346:
        -: 1347:template <class _CharT, class _OutputIterator>
        -: 1348:locale::id
        -: 1349:num_put<_CharT, _OutputIterator>::id;
        -: 1350:
        -: 1351:template <class _CharT, class _OutputIterator>
        -: 1352:_LIBCPP_HIDDEN
        -: 1353:_OutputIterator
        -: 1354:__pad_and_output(_OutputIterator __s,
        -: 1355:                 const _CharT* __ob, const _CharT* __op, const _CharT* __oe,
        -: 1356:                 ios_base& __iob, _CharT __fl)
        -: 1357:{
        -: 1358:    streamsize __sz = __oe - __ob;
        -: 1359:    streamsize __ns = __iob.width();
        -: 1360:    if (__ns > __sz)
        -: 1361:        __ns -= __sz;
        -: 1362:    else
        -: 1363:        __ns = 0;
        -: 1364:    for (;__ob < __op; ++__ob, ++__s)
        -: 1365:        *__s = *__ob;
        -: 1366:    for (; __ns; --__ns, ++__s)
        -: 1367:        *__s = __fl;
        -: 1368:    for (; __ob < __oe; ++__ob, ++__s)
        -: 1369:        *__s = *__ob;
        -: 1370:    __iob.width(0);
        -: 1371:    return __s;
        -: 1372:}
        -: 1373:
        -: 1374:#if !defined(__APPLE__) || \
        -: 1375:    (defined(__MAC_OS_X_VERSION_MIN_REQUIRED) && __MAC_OS_X_VERSION_MIN_REQUIRED > __MAC_10_8) || \
        -: 1376:    (defined(__IPHONE_OS_VERSION_MIN_REQUIRED) && __IPHONE_OS_VERSION_MIN_REQUIRED > __IPHONE_6_0)
        -: 1377:
        -: 1378:template <class _CharT, class _Traits>
        -: 1379:_LIBCPP_HIDDEN
        -: 1380:ostreambuf_iterator<_CharT, _Traits>
        -: 1381:__pad_and_output(ostreambuf_iterator<_CharT, _Traits> __s,
        -: 1382:                 const _CharT* __ob, const _CharT* __op, const _CharT* __oe,
        -: 1383:                 ios_base& __iob, _CharT __fl)
        -: 1384:{
    #####: 1385:    if (__s.__sbuf_ == nullptr)
    #####: 1386:        return __s;
    #####: 1387:    streamsize __sz = __oe - __ob;
    #####: 1388:    streamsize __ns = __iob.width();
    #####: 1389:    if (__ns > __sz)
    #####: 1390:        __ns -= __sz;
        -: 1391:    else
    #####: 1392:        __ns = 0;
    #####: 1393:    streamsize __np = __op - __ob;
    #####: 1394:    if (__np > 0)
        -: 1395:    {
    #####: 1396:        if (__s.__sbuf_->sputn(__ob, __np) != __np)
        -: 1397:        {
    #####: 1398:            __s.__sbuf_ = nullptr;
    #####: 1399:            return __s;
        -: 1400:        }
    #####: 1401:    }
    #####: 1402:    if (__ns > 0)
        -: 1403:    {
    #####: 1404:        basic_string<_CharT, _Traits> __sp(__ns, __fl);
    #####: 1405:        if (__s.__sbuf_->sputn(__sp.data(), __ns) != __ns)
        -: 1406:        {
    #####: 1407:            __s.__sbuf_ = nullptr;
    #####: 1408:            return __s;
        -: 1409:        }
    #####: 1410:    }
    #####: 1411:    __np = __oe - __op;
    #####: 1412:    if (__np > 0)
        -: 1413:    {
    #####: 1414:        if (__s.__sbuf_->sputn(__op, __np) != __np)
        -: 1415:        {
    #####: 1416:            __s.__sbuf_ = nullptr;
    #####: 1417:            return __s;
        -: 1418:        }
    #####: 1419:    }
    #####: 1420:    __iob.width(0);
    #####: 1421:    return __s;
    #####: 1422:}
        -: 1423:
        -: 1424:#endif
        -: 1425:
        -: 1426:template <class _CharT, class _OutputIterator>
        -: 1427:_OutputIterator
        -: 1428:num_put<_CharT, _OutputIterator>::do_put(iter_type __s, ios_base& __iob,
        -: 1429:                                         char_type __fl, bool __v) const
        -: 1430:{
        -: 1431:    if ((__iob.flags() & ios_base::boolalpha) == 0)
        -: 1432:        return do_put(__s, __iob, __fl, (unsigned long)__v);
        -: 1433:    const numpunct<char_type>& __np = use_facet<numpunct<char_type> >(__iob.getloc());
        -: 1434:    typedef typename numpunct<char_type>::string_type string_type;
        -: 1435:#if _LIBCPP_DEBUG_LEVEL >= 2
        -: 1436:    string_type __tmp(__v ? __np.truename() : __np.falsename());
        -: 1437:    string_type __nm = _VSTD::move(__tmp);
        -: 1438:#else
        -: 1439:    string_type __nm = __v ? __np.truename() : __np.falsename();
        -: 1440:#endif
        -: 1441:    for (typename string_type::iterator __i = __nm.begin(); __i != __nm.end(); ++__i, ++__s)
        -: 1442:        *__s = *__i;
        -: 1443:    return __s;
        -: 1444:}
        -: 1445:
        -: 1446:template <class _CharT, class _OutputIterator>
        -: 1447:_OutputIterator
        -: 1448:num_put<_CharT, _OutputIterator>::do_put(iter_type __s, ios_base& __iob,
        -: 1449:                                         char_type __fl, long __v) const
        -: 1450:{
        -: 1451:    // Stage 1 - Get number in narrow char
        -: 1452:    char __fmt[6] = {'%', 0};
        -: 1453:    const char* __len = "l";
        -: 1454:    this->__format_int(__fmt+1, __len, true, __iob.flags());
        -: 1455:    const unsigned __nbuf = (numeric_limits<long>::digits / 3)
        -: 1456:                          + ((numeric_limits<long>::digits % 3) != 0)
        -: 1457:                          + ((__iob.flags() & ios_base::showbase) != 0)
        -: 1458:                          + 2;
        -: 1459:    char __nar[__nbuf];
        -: 1460:    int __nc = __libcpp_snprintf_l(__nar, sizeof(__nar), _LIBCPP_GET_C_LOCALE, __fmt, __v);
        -: 1461:    char* __ne = __nar + __nc;
        -: 1462:    char* __np = this->__identify_padding(__nar, __ne, __iob);
        -: 1463:    // Stage 2 - Widen __nar while adding thousands separators
        -: 1464:    char_type __o[2*(__nbuf-1) - 1];
        -: 1465:    char_type* __op;  // pad here
        -: 1466:    char_type* __oe;  // end of output
        -: 1467:    this->__widen_and_group_int(__nar, __np, __ne, __o, __op, __oe, __iob.getloc());
        -: 1468:    // [__o, __oe) contains thousands_sep'd wide number
        -: 1469:    // Stage 3 & 4
        -: 1470:    return __pad_and_output(__s, __o, __op, __oe, __iob, __fl);
        -: 1471:}
        -: 1472:
        -: 1473:template <class _CharT, class _OutputIterator>
        -: 1474:_OutputIterator
        -: 1475:num_put<_CharT, _OutputIterator>::do_put(iter_type __s, ios_base& __iob,
        -: 1476:                                         char_type __fl, long long __v) const
        -: 1477:{
        -: 1478:    // Stage 1 - Get number in narrow char
        -: 1479:    char __fmt[8] = {'%', 0};
        -: 1480:    const char* __len = "ll";
        -: 1481:    this->__format_int(__fmt+1, __len, true, __iob.flags());
        -: 1482:    const unsigned __nbuf = (numeric_limits<long long>::digits / 3)
        -: 1483:                          + ((numeric_limits<long long>::digits % 3) != 0)
        -: 1484:                          + ((__iob.flags() & ios_base::showbase) != 0)
        -: 1485:                          + 2;
        -: 1486:    char __nar[__nbuf];
        -: 1487:    int __nc = __libcpp_snprintf_l(__nar, sizeof(__nar), _LIBCPP_GET_C_LOCALE, __fmt, __v);
        -: 1488:    char* __ne = __nar + __nc;
        -: 1489:    char* __np = this->__identify_padding(__nar, __ne, __iob);
        -: 1490:    // Stage 2 - Widen __nar while adding thousands separators
        -: 1491:    char_type __o[2*(__nbuf-1) - 1];
        -: 1492:    char_type* __op;  // pad here
        -: 1493:    char_type* __oe;  // end of output
        -: 1494:    this->__widen_and_group_int(__nar, __np, __ne, __o, __op, __oe, __iob.getloc());
        -: 1495:    // [__o, __oe) contains thousands_sep'd wide number
        -: 1496:    // Stage 3 & 4
        -: 1497:    return __pad_and_output(__s, __o, __op, __oe, __iob, __fl);
        -: 1498:}
        -: 1499:
        -: 1500:template <class _CharT, class _OutputIterator>
        -: 1501:_OutputIterator
        -: 1502:num_put<_CharT, _OutputIterator>::do_put(iter_type __s, ios_base& __iob,
        -: 1503:                                         char_type __fl, unsigned long __v) const
        -: 1504:{
        -: 1505:    // Stage 1 - Get number in narrow char
        -: 1506:    char __fmt[6] = {'%', 0};
        -: 1507:    const char* __len = "l";
        -: 1508:    this->__format_int(__fmt+1, __len, false, __iob.flags());
        -: 1509:    const unsigned __nbuf = (numeric_limits<unsigned long>::digits / 3)
        -: 1510:                          + ((numeric_limits<unsigned long>::digits % 3) != 0)
        -: 1511:                          + ((__iob.flags() & ios_base::showbase) != 0)
        -: 1512:                          + 1;
        -: 1513:    char __nar[__nbuf];
        -: 1514:    int __nc = __libcpp_snprintf_l(__nar, sizeof(__nar), _LIBCPP_GET_C_LOCALE, __fmt, __v);
        -: 1515:    char* __ne = __nar + __nc;
        -: 1516:    char* __np = this->__identify_padding(__nar, __ne, __iob);
        -: 1517:    // Stage 2 - Widen __nar while adding thousands separators
        -: 1518:    char_type __o[2*(__nbuf-1) - 1];
        -: 1519:    char_type* __op;  // pad here
        -: 1520:    char_type* __oe;  // end of output
        -: 1521:    this->__widen_and_group_int(__nar, __np, __ne, __o, __op, __oe, __iob.getloc());
        -: 1522:    // [__o, __oe) contains thousands_sep'd wide number
        -: 1523:    // Stage 3 & 4
        -: 1524:    return __pad_and_output(__s, __o, __op, __oe, __iob, __fl);
        -: 1525:}
        -: 1526:
        -: 1527:template <class _CharT, class _OutputIterator>
        -: 1528:_OutputIterator
        -: 1529:num_put<_CharT, _OutputIterator>::do_put(iter_type __s, ios_base& __iob,
        -: 1530:                                         char_type __fl, unsigned long long __v) const
        -: 1531:{
        -: 1532:    // Stage 1 - Get number in narrow char
        -: 1533:    char __fmt[8] = {'%', 0};
        -: 1534:    const char* __len = "ll";
        -: 1535:    this->__format_int(__fmt+1, __len, false, __iob.flags());
        -: 1536:    const unsigned __nbuf = (numeric_limits<unsigned long long>::digits / 3)
        -: 1537:                          + ((numeric_limits<unsigned long long>::digits % 3) != 0)
        -: 1538:                          + ((__iob.flags() & ios_base::showbase) != 0)
        -: 1539:                          + 1;
        -: 1540:    char __nar[__nbuf];
        -: 1541:    int __nc = __libcpp_snprintf_l(__nar, sizeof(__nar), _LIBCPP_GET_C_LOCALE, __fmt, __v);
        -: 1542:    char* __ne = __nar + __nc;
        -: 1543:    char* __np = this->__identify_padding(__nar, __ne, __iob);
        -: 1544:    // Stage 2 - Widen __nar while adding thousands separators
        -: 1545:    char_type __o[2*(__nbuf-1) - 1];
        -: 1546:    char_type* __op;  // pad here
        -: 1547:    char_type* __oe;  // end of output
        -: 1548:    this->__widen_and_group_int(__nar, __np, __ne, __o, __op, __oe, __iob.getloc());
        -: 1549:    // [__o, __oe) contains thousands_sep'd wide number
        -: 1550:    // Stage 3 & 4
        -: 1551:    return __pad_and_output(__s, __o, __op, __oe, __iob, __fl);
        -: 1552:}
        -: 1553:
        -: 1554:template <class _CharT, class _OutputIterator>
        -: 1555:_OutputIterator
        -: 1556:num_put<_CharT, _OutputIterator>::do_put(iter_type __s, ios_base& __iob,
        -: 1557:                                         char_type __fl, double __v) const
        -: 1558:{
        -: 1559:    // Stage 1 - Get number in narrow char
        -: 1560:    char __fmt[8] = {'%', 0};
        -: 1561:    const char* __len = "";
        -: 1562:    bool __specify_precision = this->__format_float(__fmt+1, __len, __iob.flags());
        -: 1563:    const unsigned __nbuf = 30;
        -: 1564:    char __nar[__nbuf];
        -: 1565:    char* __nb = __nar;
        -: 1566:    int __nc;
        -: 1567:    if (__specify_precision)
        -: 1568:        __nc = __libcpp_snprintf_l(__nb, __nbuf, _LIBCPP_GET_C_LOCALE, __fmt,
        -: 1569:                                   (int)__iob.precision(), __v);
        -: 1570:    else
        -: 1571:        __nc = __libcpp_snprintf_l(__nb, __nbuf, _LIBCPP_GET_C_LOCALE, __fmt, __v);
        -: 1572:    unique_ptr<char, void(*)(void*)> __nbh(0, free);
        -: 1573:    if (__nc > static_cast<int>(__nbuf-1))
        -: 1574:    {
        -: 1575:        if (__specify_precision)
[...]
        -: 3932:                             ios_base::openmode __wch = ios_base::in | ios_base::out);
        -: 3933:    virtual pos_type seekpos(pos_type __sp,
        -: 3934:                             ios_base::openmode __wch = ios_base::in | ios_base::out);
        -: 3935:    virtual int sync();
        -: 3936:
        -: 3937:private:
        -: 3938:    bool __read_mode();
        -: 3939:    void __write_mode();
        -: 3940:    wbuffer_convert* __close();
        -: 3941:};
        -: 3942:
        -: 3943:template <class _Codecvt, class _Elem, class _Tr>
        -: 3944:wbuffer_convert<_Codecvt, _Elem, _Tr>::
        -: 3945:    wbuffer_convert(streambuf* __bytebuf, _Codecvt* __pcvt, state_type __state)
        -: 3946:    : __extbuf_(0),
        -: 3947:      __extbufnext_(0),
        -: 3948:      __extbufend_(0),
        -: 3949:      __ebs_(0),
        -: 3950:      __intbuf_(0),
        -: 3951:      __ibs_(0),
        -: 3952:      __bufptr_(__bytebuf),
        -: 3953:      __cv_(__pcvt),
        -: 3954:      __st_(__state),
        -: 3955:      __cm_(0),
        -: 3956:      __owns_eb_(false),
        -: 3957:      __owns_ib_(false),
        -: 3958:      __always_noconv_(__cv_ ? __cv_->always_noconv() : false)
        -: 3959:{
        -: 3960:    setbuf(0, 4096);
        -: 3961:}
        -: 3962:
        -: 3963:template <class _Codecvt, class _Elem, class _Tr>
        -: 3964:wbuffer_convert<_Codecvt, _Elem, _Tr>::~wbuffer_convert()
        -: 3965:{
        -: 3966:    __close();
        -: 3967:    delete __cv_;
        -: 3968:    if (__owns_eb_)
        -: 3969:        delete [] __extbuf_;
        -: 3970:    if (__owns_ib_)
        -: 3971:        delete [] __intbuf_;
        -: 3972:}
        -: 3973:
        -: 3974:template <class _Codecvt, class _Elem, class _Tr>
        -: 3975:typename wbuffer_convert<_Codecvt, _Elem, _Tr>::int_type
        -: 3976:wbuffer_convert<_Codecvt, _Elem, _Tr>::underflow()
        -: 3977:{
        -: 3978:    if (__cv_ == 0 || __bufptr_ == 0)
        -: 3979:        return traits_type::eof();
        -: 3980:    bool __initial = __read_mode();
        -: 3981:    char_type __1buf;
        -: 3982:    if (this->gptr() == 0)
        -: 3983:        this->setg(&__1buf, &__1buf+1, &__1buf+1);
        -: 3984:    const size_t __unget_sz = __initial ? 0 : min<size_t>((this->egptr() - this->eback()) / 2, 4);
        -: 3985:    int_type __c = traits_type::eof();
        -: 3986:    if (this->gptr() == this->egptr())
        -: 3987:    {
        -: 3988:        memmove(this->eback(), this->egptr() - __unget_sz, __unget_sz * sizeof(char_type));
        -: 3989:        if (__always_noconv_)
        -: 3990:        {
        -: 3991:            streamsize __nmemb = static_cast<streamsize>(this->egptr() - this->eback() - __unget_sz);
        -: 3992:            __nmemb = __bufptr_->sgetn((char*)this->eback() + __unget_sz, __nmemb);
        -: 3993:            if (__nmemb != 0)
        -: 3994:            {
        -: 3995:                this->setg(this->eback(),
        -: 3996:                           this->eback() + __unget_sz,
        -: 3997:                           this->eback() + __unget_sz + __nmemb);
        -: 3998:                __c = *this->gptr();
        -: 3999:            }
        -: 4000:        }
        -: 4001:        else
        -: 4002:        {
        -: 4003:             _LIBCPP_ASSERT(!(__extbufnext_ == NULL && (__extbufend_ != __extbufnext_)), "underflow moving from NULL" );
        -: 4004:             if (__extbufend_ != __extbufnext_)
        -: 4005:                memmove(__extbuf_, __extbufnext_, __extbufend_ - __extbufnext_);
        -: 4006:            __extbufnext_ = __extbuf_ + (__extbufend_ - __extbufnext_);
        -: 4007:            __extbufend_ = __extbuf_ + (__extbuf_ == __extbuf_min_ ? sizeof(__extbuf_min_) : __ebs_);
        -: 4008:            streamsize __nmemb = _VSTD::min(static_cast<streamsize>(this->egptr() - this->eback() - __unget_sz),
        -: 4009:                                 static_cast<streamsize>(__extbufend_ - __extbufnext_));
        -: 4010:            codecvt_base::result __r;
        -: 4011:            // FIXME: Do we ever need to restore the state here?
        -: 4012:            //state_type __svs = __st_;
        -: 4013:            streamsize __nr = __bufptr_->sgetn(const_cast<char*>(__extbufnext_), __nmemb);
        -: 4014:            if (__nr != 0)
        -: 4015:            {
        -: 4016:                __extbufend_ = __extbufnext_ + __nr;
        -: 4017:                char_type*  __inext;
        -: 4018:                __r = __cv_->in(__st_, __extbuf_, __extbufend_, __extbufnext_,
        -: 4019:                                       this->eback() + __unget_sz,
        -: 4020:                                       this->egptr(), __inext);
        -: 4021:                if (__r == codecvt_base::noconv)
        -: 4022:                {
        -: 4023:                    this->setg((char_type*)__extbuf_, (char_type*)__extbuf_, 
        -: 4024:                               (char_type*) const_cast<char *>(__extbufend_));
        -: 4025:                    __c = *this->gptr();
        -: 4026:                }
        -: 4027:                else if (__inext != this->eback() + __unget_sz)
        -: 4028:                {
        -: 4029:                    this->setg(this->eback(), this->eback() + __unget_sz, __inext);
        -: 4030:                    __c = *this->gptr();
        -: 4031:                }
        -: 4032:            }
        -: 4033:        }
        -: 4034:    }
        -: 4035:    else
        -: 4036:        __c = *this->gptr();
        -: 4037:    if (this->eback() == &__1buf)
        -: 4038:        this->setg(0, 0, 0);
        -: 4039:    return __c;
        -: 4040:}
        -: 4041:
        -: 4042:template <class _Codecvt, class _Elem, class _Tr>
        -: 4043:typename wbuffer_convert<_Codecvt, _Elem, _Tr>::int_type
        -: 4044:wbuffer_convert<_Codecvt, _Elem, _Tr>::pbackfail(int_type __c)
        -: 4045:{
        -: 4046:    if (__cv_ != 0 && __bufptr_ != 0 && this->eback() < this->gptr())
        -: 4047:    {
        -: 4048:        if (traits_type::eq_int_type(__c, traits_type::eof()))
        -: 4049:        {
        -: 4050:            this->gbump(-1);
        -: 4051:            return traits_type::not_eof(__c);
        -: 4052:        }
        -: 4053:        if (traits_type::eq(traits_type::to_char_type(__c), this->gptr()[-1]))
        -: 4054:        {
        -: 4055:            this->gbump(-1);
        -: 4056:            *this->gptr() = traits_type::to_char_type(__c);
        -: 4057:            return __c;
        -: 4058:        }
        -: 4059:    }
        -: 4060:    return traits_type::eof();
        -: 4061:}
        -: 4062:
        -: 4063:template <class _Codecvt, class _Elem, class _Tr>
        -: 4064:typename wbuffer_convert<_Codecvt, _Elem, _Tr>::int_type
        -: 4065:wbuffer_convert<_Codecvt, _Elem, _Tr>::overflow(int_type __c)
        -: 4066:{
        -: 4067:    if (__cv_ == 0 || __bufptr_ == 0)
        -: 4068:        return traits_type::eof();
        -: 4069:    __write_mode();
        -: 4070:    char_type __1buf;
        -: 4071:    char_type* __pb_save = this->pbase();
        -: 4072:    char_type* __epb_save = this->epptr();
        -: 4073:    if (!traits_type::eq_int_type(__c, traits_type::eof()))
        -: 4074:    {
        -: 4075:        if (this->pptr() == 0)
        -: 4076:            this->setp(&__1buf, &__1buf+1);
        -: 4077:        *this->pptr() = traits_type::to_char_type(__c);
        -: 4078:        this->pbump(1);
        -: 4079:    }
        -: 4080:    if (this->pptr() != this->pbase())
        -: 4081:    {
        -: 4082:        if (__always_noconv_)
        -: 4083:        {
        -: 4084:            streamsize __nmemb = static_cast<streamsize>(this->pptr() - this->pbase());
        -: 4085:            if (__bufptr_->sputn((const char*)this->pbase(), __nmemb) != __nmemb)
        -: 4086:                return traits_type::eof();
        -: 4087:        }
        -: 4088:        else
        -: 4089:        {
        -: 4090:            char* __extbe = __extbuf_;
        -: 4091:            codecvt_base::result __r;
        -: 4092:            do
        -: 4093:            {
        -: 4094:                const char_type* __e;
        -: 4095:                __r = __cv_->out(__st_, this->pbase(), this->pptr(), __e,
        -: 4096:                                        __extbuf_, __extbuf_ + __ebs_, __extbe);
        -: 4097:                if (__e == this->pbase())
        -: 4098:                    return traits_type::eof();
        -: 4099:                if (__r == codecvt_base::noconv)
        -: 4100:                {
        -: 4101:                    streamsize __nmemb = static_cast<size_t>(this->pptr() - this->pbase());
        -: 4102:                    if (__bufptr_->sputn((const char*)this->pbase(), __nmemb) != __nmemb)
        -: 4103:                        return traits_type::eof();
        -: 4104:                }
        -: 4105:                else if (__r == codecvt_base::ok || __r == codecvt_base::partial)
        -: 4106:                {
        -: 4107:                    streamsize __nmemb = static_cast<size_t>(__extbe - __extbuf_);
        -: 4108:                    if (__bufptr_->sputn(__extbuf_, __nmemb) != __nmemb)
        -: 4109:                        return traits_type::eof();
        -: 4110:                    if (__r == codecvt_base::partial)
        -: 4111:                    {
        -: 4112:                        this->setp(const_cast<char_type *>(__e), this->pptr());
        -: 4113:                        this->__pbump(this->epptr() - this->pbase());
        -: 4114:                    }
        -: 4115:                }
        -: 4116:                else
        -: 4117:                    return traits_type::eof();
        -: 4118:            } while (__r == codecvt_base::partial);
        -: 4119:        }
        -: 4120:        this->setp(__pb_save, __epb_save);
        -: 4121:    }
        -: 4122:    return traits_type::not_eof(__c);
        -: 4123:}
        -: 4124:
        -: 4125:template <class _Codecvt, class _Elem, class _Tr>
        -: 4126:basic_streambuf<_Elem, _Tr>*
        -: 4127:wbuffer_convert<_Codecvt, _Elem, _Tr>::setbuf(char_type* __s, streamsize __n)
        -: 4128:{
        -: 4129:    this->setg(0, 0, 0);
        -: 4130:    this->setp(0, 0);
        -: 4131:    if (__owns_eb_)
        -: 4132:        delete [] __extbuf_;
        -: 4133:    if (__owns_ib_)
        -: 4134:        delete [] __intbuf_;
        -: 4135:    __ebs_ = __n;
        -: 4136:    if (__ebs_ > sizeof(__extbuf_min_))
        -: 4137:    {
        -: 4138:        if (__always_noconv_ && __s)
        -: 4139:        {
        -: 4140:            __extbuf_ = (char*)__s;
        -: 4141:            __owns_eb_ = false;
        -: 4142:        }
        -: 4143:        else
        -: 4144:        {
        -: 4145:            __extbuf_ = new char[__ebs_];
        -: 4146:            __owns_eb_ = true;
        -: 4147:        }
        -: 4148:    }
        -: 4149:    else
        -: 4150:    {
        -: 4151:        __extbuf_ = __extbuf_min_;
        -: 4152:        __ebs_ = sizeof(__extbuf_min_);
        -: 4153:        __owns_eb_ = false;
        -: 4154:    }
        -: 4155:    if (!__always_noconv_)
        -: 4156:    {
        -: 4157:        __ibs_ = max<streamsize>(__n, sizeof(__extbuf_min_));
        -: 4158:        if (__s && __ibs_ >= sizeof(__extbuf_min_))
        -: 4159:        {
        -: 4160:            __intbuf_ = __s;
        -: 4161:            __owns_ib_ = false;
        -: 4162:        }
        -: 4163:        else
        -: 4164:        {
        -: 4165:            __intbuf_ = new char_type[__ibs_];
        -: 4166:            __owns_ib_ = true;
        -: 4167:        }
        -: 4168:    }
        -: 4169:    else
        -: 4170:    {
        -: 4171:        __ibs_ = 0;
        -: 4172:        __intbuf_ = 0;
        -: 4173:        __owns_ib_ = false;
        -: 4174:    }
        -: 4175:    return this;
        -: 4176:}
        -: 4177:
        -: 4178:template <class _Codecvt, class _Elem, class _Tr>
        -: 4179:typename wbuffer_convert<_Codecvt, _Elem, _Tr>::pos_type
        -: 4180:wbuffer_convert<_Codecvt, _Elem, _Tr>::seekoff(off_type __off, ios_base::seekdir __way,
        -: 4181:                                        ios_base::openmode __om)
        -: 4182:{
        -: 4183:    int __width = __cv_->encoding();
        -: 4184:    if (__cv_ == 0 || __bufptr_ == 0 || (__width <= 0 && __off != 0) || sync())
        -: 4185:        return pos_type(off_type(-1));
        -: 4186:    // __width > 0 || __off == 0, now check __way
        -: 4187:    if (__way != ios_base::beg && __way != ios_base::cur && __way != ios_base::end)
        -: 4188:        return pos_type(off_type(-1));
        -: 4189:    pos_type __r = __bufptr_->pubseekoff(__width * __off, __way, __om);
        -: 4190:    __r.state(__st_);
        -: 4191:    return __r;
        -: 4192:}
        -: 4193:
        -: 4194:template <class _Codecvt, class _Elem, class _Tr>
        -: 4195:typename wbuffer_convert<_Codecvt, _Elem, _Tr>::pos_type
        -: 4196:wbuffer_convert<_Codecvt, _Elem, _Tr>::seekpos(pos_type __sp, ios_base::openmode __wch)
        -: 4197:{
        -: 4198:    if (__cv_ == 0 || __bufptr_ == 0 || sync())
        -: 4199:        return pos_type(off_type(-1));
        -: 4200:    if (__bufptr_->pubseekpos(__sp, __wch) == pos_type(off_type(-1)))
        -: 4201:        return pos_type(off_type(-1));
        -: 4202:    return __sp;
        -: 4203:}
        -: 4204:
        -: 4205:template <class _Codecvt, class _Elem, class _Tr>
        -: 4206:int
        -: 4207:wbuffer_convert<_Codecvt, _Elem, _Tr>::sync()
        -: 4208:{
        -: 4209:    if (__cv_ == 0 || __bufptr_ == 0)
        -: 4210:        return 0;
        -: 4211:    if (__cm_ & ios_base::out)
        -: 4212:    {
        -: 4213:        if (this->pptr() != this->pbase())
        -: 4214:            if (overflow() == traits_type::eof())
        -: 4215:                return -1;
        -: 4216:        codecvt_base::result __r;
        -: 4217:        do
        -: 4218:        {
        -: 4219:            char* __extbe;
        -: 4220:            __r = __cv_->unshift(__st_, __extbuf_, __extbuf_ + __ebs_, __extbe);
        -: 4221:            streamsize __nmemb = static_cast<streamsize>(__extbe - __extbuf_);
        -: 4222:            if (__bufptr_->sputn(__extbuf_, __nmemb) != __nmemb)
        -: 4223:                return -1;
        -: 4224:        } while (__r == codecvt_base::partial);
        -: 4225:        if (__r == codecvt_base::error)
        -: 4226:            return -1;
        -: 4227:        if (__bufptr_->pubsync())
        -: 4228:            return -1;
        -: 4229:    }
        -: 4230:    else if (__cm_ & ios_base::in)
        -: 4231:    {
        -: 4232:        off_type __c;
        -: 4233:        if (__always_noconv_)
        -: 4234:            __c = this->egptr() - this->gptr();
        -: 4235:        else
        -: 4236:        {
        -: 4237:            int __width = __cv_->encoding();
        -: 4238:            __c = __extbufend_ - __extbufnext_;
        -: 4239:            if (__width > 0)
        -: 4240:                __c += __width * (this->egptr() - this->gptr());
        -: 4241:            else
        -: 4242:            {
        -: 4243:                if (this->gptr() != this->egptr())
        -: 4244:                {
        -: 4245:                    reverse(this->gptr(), this->egptr());
        -: 4246:                    codecvt_base::result __r;
        -: 4247:                    const char_type* __e = this->gptr();
        -: 4248:                    char* __extbe;
        -: 4249:                    do
        -: 4250:                    {
        -: 4251:                        __r = __cv_->out(__st_, __e, this->egptr(), __e,
        -: 4252:                                         __extbuf_, __extbuf_ + __ebs_, __extbe);
        -: 4253:                        switch (__r)
        -: 4254:                        {
        -: 4255:                        case codecvt_base::noconv:
        -: 4256:                            __c += this->egptr() - this->gptr();
        -: 4257:                            break;
        -: 4258:                        case codecvt_base::ok:
        -: 4259:                        case codecvt_base::partial:
        -: 4260:                            __c += __extbe - __extbuf_;
        -: 4261:                            break;
        -: 4262:                        default:
        -: 4263:                            return -1;
        -: 4264:                        }
        -: 4265:                    } while (__r == codecvt_base::partial);
        -: 4266:                }
        -: 4267:            }
        -: 4268:        }
        -: 4269:        if (__bufptr_->pubseekoff(-__c, ios_base::cur, __cm_) == pos_type(off_type(-1)))
        -: 4270:            return -1;
        -: 4271:        this->setg(0, 0, 0);
        -: 4272:        __cm_ = 0;
        -: 4273:    }
        -: 4274:    return 0;
        -: 4275:}
        -: 4276:
        -: 4277:template <class _Codecvt, class _Elem, class _Tr>
        -: 4278:bool
        -: 4279:wbuffer_convert<_Codecvt, _Elem, _Tr>::__read_mode()
        -: 4280:{
        -: 4281:    if (!(__cm_ & ios_base::in))
        -: 4282:    {
        -: 4283:        this->setp(0, 0);
        -: 4284:        if (__always_noconv_)
        -: 4285:            this->setg((char_type*)__extbuf_,
        -: 4286:                       (char_type*)__extbuf_ + __ebs_,
        -: 4287:                       (char_type*)__extbuf_ + __ebs_);
        -: 4288:        else
        -: 4289:            this->setg(__intbuf_, __intbuf_ + __ibs_, __intbuf_ + __ibs_);
        -: 4290:        __cm_ = ios_base::in;
        -: 4291:        return true;
        -: 4292:    }
        -: 4293:    return false;
        -: 4294:}
        -: 4295:
        -: 4296:template <class _Codecvt, class _Elem, class _Tr>
        -: 4297:void
        -: 4298:wbuffer_convert<_Codecvt, _Elem, _Tr>::__write_mode()
        -: 4299:{
        -: 4300:    if (!(__cm_ & ios_base::out))
        -: 4301:    {
        -: 4302:        this->setg(0, 0, 0);
        -: 4303:        if (__ebs_ > sizeof(__extbuf_min_))
        -: 4304:        {
        -: 4305:            if (__always_noconv_)
        -: 4306:                this->setp((char_type*)__extbuf_,
        -: 4307:                           (char_type*)__extbuf_ + (__ebs_ - 1));
        -: 4308:            else
        -: 4309:                this->setp(__intbuf_, __intbuf_ + (__ibs_ - 1));
        -: 4310:        }
        -: 4311:        else
        -: 4312:            this->setp(0, 0);
        -: 4313:        __cm_ = ios_base::out;
        -: 4314:    }
        -: 4315:}
        -: 4316:
        -: 4317:template <class _Codecvt, class _Elem, class _Tr>
        -: 4318:wbuffer_convert<_Codecvt, _Elem, _Tr>*
        -: 4319:wbuffer_convert<_Codecvt, _Elem, _Tr>::__close()
        -: 4320:{
        -: 4321:    wbuffer_convert* __rt = 0;
        -: 4322:    if (__cv_ != 0 && __bufptr_ != 0)
        -: 4323:    {
        -: 4324:        __rt = this;
        -: 4325:        if ((__cm_ & ios_base::out) && sync())
        -: 4326:            __rt = 0;
        -: 4327:    }
        -: 4328:    return __rt;
        -: 4329:}
        -: 4330:
        -: 4331:_LIBCPP_END_NAMESPACE_STD
        -: 4332:
        -: 4333:_LIBCPP_POP_MACROS
        -: 4334:
        -: 4335:#endif  // _LIBCPP_LOCALE
