        -:    0:Source:/Applications/Xcode.app/Contents/Developer/Toolchains/XcodeDefault.xctoolchain/usr/include/c++/v1/memory
        -:    0:Graph:randomUnitary.gcno
        -:    0:Data:randomUnitary.gcda
        -:    0:Runs:2
        -:    0:Programs:1
        -:    1:// -*- C++ -*-
        -:    2://===-------------------------- memory ------------------------------------===//
        -:    3://
        -:    4://                     The LLVM Compiler Infrastructure
        -:    5://
        -:    6:// This file is dual licensed under the MIT and the University of Illinois Open
        -:    7:// Source Licenses. See LICENSE.TXT for details.
        -:    8://
        -:    9://===----------------------------------------------------------------------===//
        -:   10:
        -:   11:#ifndef _LIBCPP_MEMORY
        -:   12:#define _LIBCPP_MEMORY
        -:   13:
        -:   14:/*
        -:   15:    memory synopsis
        -:   16:
        -:   17:namespace std
        -:   18:{
        -:   19:
        -:   20:struct allocator_arg_t { };
        -:   21:inline constexpr allocator_arg_t allocator_arg = allocator_arg_t();
        -:   22:
        -:   23:template <class T, class Alloc> struct uses_allocator;
        -:   24:
        -:   25:template <class Ptr>
        -:   26:struct pointer_traits
        -:   27:{
        -:   28:    typedef Ptr pointer;
        -:   29:    typedef <details> element_type;
        -:   30:    typedef <details> difference_type;
        -:   31:
        -:   32:    template <class U> using rebind = <details>;
        -:   33:
        -:   34:    static pointer pointer_to(<details>);
        -:   35:};
        -:   36:
        -:   37:template <class T>
        -:   38:struct pointer_traits<T*>
        -:   39:{
        -:   40:    typedef T* pointer;
        -:   41:    typedef T element_type;
        -:   42:    typedef ptrdiff_t difference_type;
        -:   43:
        -:   44:    template <class U> using rebind = U*;
        -:   45:
        -:   46:    static pointer pointer_to(<details>) noexcept;
        -:   47:};
        -:   48:
        -:   49:template <class T> constexpr T* to_address(T* p) noexcept; // C++20
        -:   50:template <class Ptr> auto to_address(const Ptr& p) noexcept; // C++20
        -:   51:
        -:   52:template <class Alloc>
        -:   53:struct allocator_traits
        -:   54:{
        -:   55:    typedef Alloc                        allocator_type;
        -:   56:    typedef typename allocator_type::value_type
        -:   57:                                         value_type;
        -:   58:
        -:   59:    typedef Alloc::pointer | value_type* pointer;
        -:   60:    typedef Alloc::const_pointer
        -:   61:          | pointer_traits<pointer>::rebind<const value_type>
        -:   62:                                         const_pointer;
        -:   63:    typedef Alloc::void_pointer
        -:   64:          | pointer_traits<pointer>::rebind<void>
        -:   65:                                         void_pointer;
        -:   66:    typedef Alloc::const_void_pointer
        -:   67:          | pointer_traits<pointer>::rebind<const void>
        -:   68:                                         const_void_pointer;
        -:   69:    typedef Alloc::difference_type
        -:   70:          | pointer_traits<pointer>::difference_type
        -:   71:                                         difference_type;
        -:   72:    typedef Alloc::size_type
        -:   73:          | make_unsigned<difference_type>::type
        -:   74:                                         size_type;
        -:   75:    typedef Alloc::propagate_on_container_copy_assignment
        -:   76:          | false_type                   propagate_on_container_copy_assignment;
        -:   77:    typedef Alloc::propagate_on_container_move_assignment
        -:   78:          | false_type                   propagate_on_container_move_assignment;
        -:   79:    typedef Alloc::propagate_on_container_swap
        -:   80:          | false_type                   propagate_on_container_swap;
        -:   81:    typedef Alloc::is_always_equal
        -:   82:          | is_empty                     is_always_equal;
        -:   83:
        -:   84:    template <class T> using rebind_alloc  = Alloc::rebind<U>::other | Alloc<T, Args...>;
        -:   85:    template <class T> using rebind_traits = allocator_traits<rebind_alloc<T>>;
        -:   86:
        -:   87:    static pointer allocate(allocator_type& a, size_type n);                          // [[nodiscard]] in C++20
        -:   88:    static pointer allocate(allocator_type& a, size_type n, const_void_pointer hint); // [[nodiscard]] in C++20
        -:   89:
        -:   90:    static void deallocate(allocator_type& a, pointer p, size_type n) noexcept;
        -:   91:
        -:   92:    template <class T, class... Args>
        -:   93:        static void construct(allocator_type& a, T* p, Args&&... args);
        -:   94:
        -:   95:    template <class T>
        -:   96:        static void destroy(allocator_type& a, T* p);
        -:   97:
        -:   98:    static size_type max_size(const allocator_type& a); // noexcept in C++14
        -:   99:
        -:  100:    static allocator_type
        -:  101:        select_on_container_copy_construction(const allocator_type& a);
        -:  102:};
        -:  103:
        -:  104:template <>
        -:  105:class allocator<void>
        -:  106:{
        -:  107:public:
        -:  108:    typedef void*                                 pointer;
        -:  109:    typedef const void*                           const_pointer;
        -:  110:    typedef void                                  value_type;
        -:  111:
        -:  112:    template <class _Up> struct rebind {typedef allocator<_Up> other;};
        -:  113:};
        -:  114:
        -:  115:template <class T>
        -:  116:class allocator
        -:  117:{
        -:  118:public:
        -:  119:    typedef size_t                                size_type;
        -:  120:    typedef ptrdiff_t                             difference_type;
        -:  121:    typedef T*                                    pointer;
        -:  122:    typedef const T*                              const_pointer;
        -:  123:    typedef typename add_lvalue_reference<T>::type       reference;
        -:  124:    typedef typename add_lvalue_reference<const T>::type const_reference;
        -:  125:    typedef T                                     value_type;
        -:  126:
        -:  127:    template <class U> struct rebind {typedef allocator<U> other;};
        -:  128:
        -:  129:    allocator() noexcept;
        -:  130:    allocator(const allocator&) noexcept;
        -:  131:    template <class U> allocator(const allocator<U>&) noexcept;
        -:  132:    ~allocator();
        -:  133:    pointer address(reference x) const noexcept;
        -:  134:    const_pointer address(const_reference x) const noexcept;
        -:  135:    pointer allocate(size_type, allocator<void>::const_pointer hint = 0);
        -:  136:    void deallocate(pointer p, size_type n) noexcept;
        -:  137:    size_type max_size() const noexcept;
        -:  138:    template<class U, class... Args>
        -:  139:        void construct(U* p, Args&&... args);
        -:  140:    template <class U>
        -:  141:        void destroy(U* p);
        -:  142:};
        -:  143:
        -:  144:template <class T, class U>
        -:  145:bool operator==(const allocator<T>&, const allocator<U>&) noexcept;
        -:  146:
        -:  147:template <class T, class U>
        -:  148:bool operator!=(const allocator<T>&, const allocator<U>&) noexcept;
        -:  149:
        -:  150:template <class OutputIterator, class T>
        -:  151:class raw_storage_iterator
        -:  152:    : public iterator<output_iterator_tag,
        -:  153:                      T,                               // purposefully not C++03
        -:  154:                      ptrdiff_t,                       // purposefully not C++03
        -:  155:                      T*,                              // purposefully not C++03
        -:  156:                      raw_storage_iterator&>           // purposefully not C++03
        -:  157:{
        -:  158:public:
        -:  159:    explicit raw_storage_iterator(OutputIterator x);
        -:  160:    raw_storage_iterator& operator*();
        -:  161:    raw_storage_iterator& operator=(const T& element);
        -:  162:    raw_storage_iterator& operator++();
        -:  163:    raw_storage_iterator  operator++(int);
        -:  164:};
        -:  165:
        -:  166:template <class T> pair<T*,ptrdiff_t> get_temporary_buffer(ptrdiff_t n) noexcept;
        -:  167:template <class T> void               return_temporary_buffer(T* p) noexcept;
        -:  168:
        -:  169:template <class T> T* addressof(T& r) noexcept;
        -:  170:template <class T> T* addressof(const T&& r) noexcept = delete;
        -:  171:
        -:  172:template <class InputIterator, class ForwardIterator>
        -:  173:ForwardIterator
        -:  174:uninitialized_copy(InputIterator first, InputIterator last, ForwardIterator result);
        -:  175:
        -:  176:template <class InputIterator, class Size, class ForwardIterator>
        -:  177:ForwardIterator
        -:  178:uninitialized_copy_n(InputIterator first, Size n, ForwardIterator result);
        -:  179:
        -:  180:template <class ForwardIterator, class T>
        -:  181:void uninitialized_fill(ForwardIterator first, ForwardIterator last, const T& x);
        -:  182:
        -:  183:template <class ForwardIterator, class Size, class T>
        -:  184:ForwardIterator
        -:  185:uninitialized_fill_n(ForwardIterator first, Size n, const T& x);
        -:  186:
        -:  187:template <class T>
        -:  188:void destroy_at(T* location);
        -:  189:
        -:  190:template <class ForwardIterator>
        -:  191: void destroy(ForwardIterator first, ForwardIterator last);
        -:  192:
        -:  193:template <class ForwardIterator, class Size>
        -:  194: ForwardIterator destroy_n(ForwardIterator first, Size n);
        -:  195:
        -:  196:template <class InputIterator, class ForwardIterator>
        -:  197: ForwardIterator uninitialized_move(InputIterator first, InputIterator last, ForwardIterator result);
        -:  198:
        -:  199:template <class InputIterator, class Size, class ForwardIterator>
        -:  200: pair<InputIterator,ForwardIterator> uninitialized_move_n(InputIterator first, Size n, ForwardIterator result);
        -:  201:
        -:  202:template <class ForwardIterator>
        -:  203: void uninitialized_value_construct(ForwardIterator first, ForwardIterator last);
        -:  204:
        -:  205:template <class ForwardIterator, class Size>
        -:  206: ForwardIterator uninitialized_value_construct_n(ForwardIterator first, Size n);
        -:  207:
        -:  208:template <class ForwardIterator>
        -:  209: void uninitialized_default_construct(ForwardIterator first, ForwardIterator last);
        -:  210:
        -:  211:template <class ForwardIterator, class Size>
        -:  212: ForwardIterator uninitialized_default_construct_n(ForwardIterator first, Size n);
        -:  213:
        -:  214:template <class Y> struct auto_ptr_ref {};      // removed in C++17
        -:  215:
        -:  216:template<class X>
        -:  217:class auto_ptr                                  // removed in C++17
        -:  218:{
        -:  219:public:
        -:  220:    typedef X element_type;
        -:  221:
        -:  222:    explicit auto_ptr(X* p =0) throw();
        -:  223:    auto_ptr(auto_ptr&) throw();
        -:  224:    template<class Y> auto_ptr(auto_ptr<Y>&) throw();
        -:  225:    auto_ptr& operator=(auto_ptr&) throw();
        -:  226:    template<class Y> auto_ptr& operator=(auto_ptr<Y>&) throw();
        -:  227:    auto_ptr& operator=(auto_ptr_ref<X> r) throw();
        -:  228:    ~auto_ptr() throw();
        -:  229:
        -:  230:    typename add_lvalue_reference<X>::type operator*() const throw();
        -:  231:    X* operator->() const throw();
        -:  232:    X* get() const throw();
        -:  233:    X* release() throw();
        -:  234:    void reset(X* p =0) throw();
        -:  235:
        -:  236:    auto_ptr(auto_ptr_ref<X>) throw();
        -:  237:    template<class Y> operator auto_ptr_ref<Y>() throw();
        -:  238:    template<class Y> operator auto_ptr<Y>() throw();
        -:  239:};
        -:  240:
        -:  241:template <class T>
        -:  242:struct default_delete
        -:  243:{
        -:  244:    constexpr default_delete() noexcept = default;
        -:  245:    template <class U> default_delete(const default_delete<U>&) noexcept;
        -:  246:
        -:  247:    void operator()(T*) const noexcept;
        -:  248:};
        -:  249:
        -:  250:template <class T>
        -:  251:struct default_delete<T[]>
        -:  252:{
        -:  253:    constexpr default_delete() noexcept = default;
        -:  254:    void operator()(T*) const noexcept;
        -:  255:    template <class U> void operator()(U*) const = delete;
        -:  256:};
        -:  257:
        -:  258:template <class T, class D = default_delete<T>>
        -:  259:class unique_ptr
        -:  260:{
        -:  261:public:
        -:  262:    typedef see below pointer;
        -:  263:    typedef T element_type;
        -:  264:    typedef D deleter_type;
        -:  265:
        -:  266:    // constructors
        -:  267:    constexpr unique_ptr() noexcept;
        -:  268:    explicit unique_ptr(pointer p) noexcept;
        -:  269:    unique_ptr(pointer p, see below d1) noexcept;
        -:  270:    unique_ptr(pointer p, see below d2) noexcept;
        -:  271:    unique_ptr(unique_ptr&& u) noexcept;
        -:  272:    unique_ptr(nullptr_t) noexcept : unique_ptr() { }
        -:  273:    template <class U, class E>
        -:  274:        unique_ptr(unique_ptr<U, E>&& u) noexcept;
        -:  275:    template <class U>
        -:  276:        unique_ptr(auto_ptr<U>&& u) noexcept;       // removed in C++17
        -:  277:
        -:  278:    // destructor
        -:  279:    ~unique_ptr();
        -:  280:
        -:  281:    // assignment
        -:  282:    unique_ptr& operator=(unique_ptr&& u) noexcept;
        -:  283:    template <class U, class E> unique_ptr& operator=(unique_ptr<U, E>&& u) noexcept;
        -:  284:    unique_ptr& operator=(nullptr_t) noexcept;
        -:  285:
        -:  286:    // observers
        -:  287:    typename add_lvalue_reference<T>::type operator*() const;
        -:  288:    pointer operator->() const noexcept;
        -:  289:    pointer get() const noexcept;
        -:  290:    deleter_type& get_deleter() noexcept;
        -:  291:    const deleter_type& get_deleter() const noexcept;
        -:  292:    explicit operator bool() const noexcept;
        -:  293:
        -:  294:    // modifiers
        -:  295:    pointer release() noexcept;
        -:  296:    void reset(pointer p = pointer()) noexcept;
        -:  297:    void swap(unique_ptr& u) noexcept;
        -:  298:};
        -:  299:
        -:  300:template <class T, class D>
        -:  301:class unique_ptr<T[], D>
        -:  302:{
        -:  303:public:
        -:  304:    typedef implementation-defined pointer;
        -:  305:    typedef T element_type;
        -:  306:    typedef D deleter_type;
        -:  307:
        -:  308:    // constructors
        -:  309:    constexpr unique_ptr() noexcept;
        -:  310:    explicit unique_ptr(pointer p) noexcept;
        -:  311:    unique_ptr(pointer p, see below d) noexcept;
        -:  312:    unique_ptr(pointer p, see below d) noexcept;
        -:  313:    unique_ptr(unique_ptr&& u) noexcept;
        -:  314:    unique_ptr(nullptr_t) noexcept : unique_ptr() { }
        -:  315:
        -:  316:    // destructor
        -:  317:    ~unique_ptr();
        -:  318:
        -:  319:    // assignment
        -:  320:    unique_ptr& operator=(unique_ptr&& u) noexcept;
        -:  321:    unique_ptr& operator=(nullptr_t) noexcept;
        -:  322:
        -:  323:    // observers
        -:  324:    T& operator[](size_t i) const;
        -:  325:    pointer get() const noexcept;
        -:  326:    deleter_type& get_deleter() noexcept;
        -:  327:    const deleter_type& get_deleter() const noexcept;
        -:  328:    explicit operator bool() const noexcept;
        -:  329:
        -:  330:    // modifiers
        -:  331:    pointer release() noexcept;
        -:  332:    void reset(pointer p = pointer()) noexcept;
        -:  333:    void reset(nullptr_t) noexcept;
        -:  334:    template <class U> void reset(U) = delete;
        -:  335:    void swap(unique_ptr& u) noexcept;
        -:  336:};
        -:  337:
        -:  338:template <class T, class D>
        -:  339:    void swap(unique_ptr<T, D>& x, unique_ptr<T, D>& y) noexcept;
        -:  340:
        -:  341:template <class T1, class D1, class T2, class D2>
        -:  342:    bool operator==(const unique_ptr<T1, D1>& x, const unique_ptr<T2, D2>& y);
        -:  343:template <class T1, class D1, class T2, class D2>
        -:  344:    bool operator!=(const unique_ptr<T1, D1>& x, const unique_ptr<T2, D2>& y);
        -:  345:template <class T1, class D1, class T2, class D2>
        -:  346:    bool operator<(const unique_ptr<T1, D1>& x, const unique_ptr<T2, D2>& y);
        -:  347:template <class T1, class D1, class T2, class D2>
        -:  348:    bool operator<=(const unique_ptr<T1, D1>& x, const unique_ptr<T2, D2>& y);
        -:  349:template <class T1, class D1, class T2, class D2>
        -:  350:    bool operator>(const unique_ptr<T1, D1>& x, const unique_ptr<T2, D2>& y);
        -:  351:template <class T1, class D1, class T2, class D2>
        -:  352:    bool operator>=(const unique_ptr<T1, D1>& x, const unique_ptr<T2, D2>& y);
        -:  353:
        -:  354:template <class T, class D>
        -:  355:    bool operator==(const unique_ptr<T, D>& x, nullptr_t) noexcept;
        -:  356:template <class T, class D>
        -:  357:    bool operator==(nullptr_t, const unique_ptr<T, D>& y) noexcept;
        -:  358:template <class T, class D>
        -:  359:    bool operator!=(const unique_ptr<T, D>& x, nullptr_t) noexcept;
        -:  360:template <class T, class D>
        -:  361:    bool operator!=(nullptr_t, const unique_ptr<T, D>& y) noexcept;
        -:  362:
        -:  363:template <class T, class D>
        -:  364:    bool operator<(const unique_ptr<T, D>& x, nullptr_t);
        -:  365:template <class T, class D>
        -:  366:    bool operator<(nullptr_t, const unique_ptr<T, D>& y);
        -:  367:template <class T, class D>
        -:  368:    bool operator<=(const unique_ptr<T, D>& x, nullptr_t);
        -:  369:template <class T, class D>
        -:  370:    bool operator<=(nullptr_t, const unique_ptr<T, D>& y);
        -:  371:template <class T, class D>
        -:  372:    bool operator>(const unique_ptr<T, D>& x, nullptr_t);
        -:  373:template <class T, class D>
        -:  374:    bool operator>(nullptr_t, const unique_ptr<T, D>& y);
        -:  375:template <class T, class D>
        -:  376:    bool operator>=(const unique_ptr<T, D>& x, nullptr_t);
        -:  377:template <class T, class D>
        -:  378:    bool operator>=(nullptr_t, const unique_ptr<T, D>& y);
        -:  379:
        -:  380:class bad_weak_ptr
        -:  381:    : public std::exception
        -:  382:{
        -:  383:    bad_weak_ptr() noexcept;
        -:  384:};
        -:  385:
        -:  386:template<class T, class... Args> unique_ptr<T> make_unique(Args&&... args);     // C++14
        -:  387:template<class T>                unique_ptr<T> make_unique(size_t n);           // C++14
        -:  388:template<class T, class... Args> unspecified   make_unique(Args&&...) = delete; // C++14, T == U[N]
        -:  389:
        -:  390:template<class E, class T, class Y, class D>
        -:  391:    basic_ostream<E, T>& operator<< (basic_ostream<E, T>& os, unique_ptr<Y, D> const& p);
        -:  392:
        -:  393:template<class T>
        -:  394:class shared_ptr
        -:  395:{
        -:  396:public:
        -:  397:    typedef T element_type;
        -:  398:    typedef weak_ptr<T> weak_type; // C++17
        -:  399:
        -:  400:    // constructors:
        -:  401:    constexpr shared_ptr() noexcept;
        -:  402:    template<class Y> explicit shared_ptr(Y* p);
        -:  403:    template<class Y, class D> shared_ptr(Y* p, D d);
        -:  404:    template<class Y, class D, class A> shared_ptr(Y* p, D d, A a);
        -:  405:    template <class D> shared_ptr(nullptr_t p, D d);
        -:  406:    template <class D, class A> shared_ptr(nullptr_t p, D d, A a);
        -:  407:    template<class Y> shared_ptr(const shared_ptr<Y>& r, T *p) noexcept;
        -:  408:    shared_ptr(const shared_ptr& r) noexcept;
        -:  409:    template<class Y> shared_ptr(const shared_ptr<Y>& r) noexcept;
        -:  410:    shared_ptr(shared_ptr&& r) noexcept;
        -:  411:    template<class Y> shared_ptr(shared_ptr<Y>&& r) noexcept;
        -:  412:    template<class Y> explicit shared_ptr(const weak_ptr<Y>& r);
        -:  413:    template<class Y> shared_ptr(auto_ptr<Y>&& r);          // removed in C++17
        -:  414:    template <class Y, class D> shared_ptr(unique_ptr<Y, D>&& r);
        -:  415:    shared_ptr(nullptr_t) : shared_ptr() { }
        -:  416:
        -:  417:    // destructor:
        -:  418:    ~shared_ptr();
        -:  419:
        -:  420:    // assignment:
        -:  421:    shared_ptr& operator=(const shared_ptr& r) noexcept;
        -:  422:    template<class Y> shared_ptr& operator=(const shared_ptr<Y>& r) noexcept;
        -:  423:    shared_ptr& operator=(shared_ptr&& r) noexcept;
        -:  424:    template<class Y> shared_ptr& operator=(shared_ptr<Y>&& r);
        -:  425:    template<class Y> shared_ptr& operator=(auto_ptr<Y>&& r); // removed in C++17
        -:  426:    template <class Y, class D> shared_ptr& operator=(unique_ptr<Y, D>&& r);
        -:  427:
        -:  428:    // modifiers:
        -:  429:    void swap(shared_ptr& r) noexcept;
        -:  430:    void reset() noexcept;
        -:  431:    template<class Y> void reset(Y* p);
        -:  432:    template<class Y, class D> void reset(Y* p, D d);
        -:  433:    template<class Y, class D, class A> void reset(Y* p, D d, A a);
        -:  434:
        -:  435:    // observers:
        -:  436:    T* get() const noexcept;
        -:  437:    T& operator*() const noexcept;
        -:  438:    T* operator->() const noexcept;
        -:  439:    long use_count() const noexcept;
        -:  440:    bool unique() const noexcept;
        -:  441:    explicit operator bool() const noexcept;
        -:  442:    template<class U> bool owner_before(shared_ptr<U> const& b) const noexcept;
        -:  443:    template<class U> bool owner_before(weak_ptr<U> const& b) const noexcept;
        -:  444:};
        -:  445:
        -:  446:// shared_ptr comparisons:
        -:  447:template<class T, class U>
        -:  448:    bool operator==(shared_ptr<T> const& a, shared_ptr<U> const& b) noexcept;
        -:  449:template<class T, class U>
        -:  450:    bool operator!=(shared_ptr<T> const& a, shared_ptr<U> const& b) noexcept;
        -:  451:template<class T, class U>
        -:  452:    bool operator<(shared_ptr<T> const& a, shared_ptr<U> const& b) noexcept;
        -:  453:template<class T, class U>
        -:  454:    bool operator>(shared_ptr<T> const& a, shared_ptr<U> const& b) noexcept;
        -:  455:template<class T, class U>
        -:  456:    bool operator<=(shared_ptr<T> const& a, shared_ptr<U> const& b) noexcept;
        -:  457:template<class T, class U>
        -:  458:    bool operator>=(shared_ptr<T> const& a, shared_ptr<U> const& b) noexcept;
        -:  459:
        -:  460:template <class T>
        -:  461:    bool operator==(const shared_ptr<T>& x, nullptr_t) noexcept;
        -:  462:template <class T>
        -:  463:    bool operator==(nullptr_t, const shared_ptr<T>& y) noexcept;
        -:  464:template <class T>
        -:  465:    bool operator!=(const shared_ptr<T>& x, nullptr_t) noexcept;
        -:  466:template <class T>
        -:  467:    bool operator!=(nullptr_t, const shared_ptr<T>& y) noexcept;
        -:  468:template <class T>
        -:  469:    bool operator<(const shared_ptr<T>& x, nullptr_t) noexcept;
        -:  470:template <class T>
        -:  471:bool operator<(nullptr_t, const shared_ptr<T>& y) noexcept;
        -:  472:template <class T>
        -:  473:    bool operator<=(const shared_ptr<T>& x, nullptr_t) noexcept;
        -:  474:template <class T>
        -:  475:    bool operator<=(nullptr_t, const shared_ptr<T>& y) noexcept;
        -:  476:template <class T>
        -:  477:    bool operator>(const shared_ptr<T>& x, nullptr_t) noexcept;
        -:  478:template <class T>
        -:  479:    bool operator>(nullptr_t, const shared_ptr<T>& y) noexcept;
        -:  480:template <class T>
        -:  481:    bool operator>=(const shared_ptr<T>& x, nullptr_t) noexcept;
        -:  482:template <class T>
        -:  483:    bool operator>=(nullptr_t, const shared_ptr<T>& y) noexcept;
        -:  484:
        -:  485:// shared_ptr specialized algorithms:
        -:  486:template<class T> void swap(shared_ptr<T>& a, shared_ptr<T>& b) noexcept;
        -:  487:
        -:  488:// shared_ptr casts:
        -:  489:template<class T, class U>
        -:  490:    shared_ptr<T> static_pointer_cast(shared_ptr<U> const& r) noexcept;
        -:  491:template<class T, class U>
        -:  492:    shared_ptr<T> dynamic_pointer_cast(shared_ptr<U> const& r) noexcept;
        -:  493:template<class T, class U>
        -:  494:    shared_ptr<T> const_pointer_cast(shared_ptr<U> const& r) noexcept;
        -:  495:
        -:  496:// shared_ptr I/O:
        -:  497:template<class E, class T, class Y>
        -:  498:    basic_ostream<E, T>& operator<< (basic_ostream<E, T>& os, shared_ptr<Y> const& p);
        -:  499:
        -:  500:// shared_ptr get_deleter:
        -:  501:template<class D, class T> D* get_deleter(shared_ptr<T> const& p) noexcept;
        -:  502:
        -:  503:template<class T, class... Args>
        -:  504:    shared_ptr<T> make_shared(Args&&... args);
        -:  505:template<class T, class A, class... Args>
        -:  506:    shared_ptr<T> allocate_shared(const A& a, Args&&... args);
        -:  507:
        -:  508:template<class T>
        -:  509:class weak_ptr
        -:  510:{
        -:  511:public:
        -:  512:    typedef T element_type;
        -:  513:
        -:  514:    // constructors
        -:  515:    constexpr weak_ptr() noexcept;
        -:  516:    template<class Y> weak_ptr(shared_ptr<Y> const& r) noexcept;
        -:  517:    weak_ptr(weak_ptr const& r) noexcept;
        -:  518:    template<class Y> weak_ptr(weak_ptr<Y> const& r) noexcept;
        -:  519:    weak_ptr(weak_ptr&& r) noexcept;                      // C++14
        -:  520:    template<class Y> weak_ptr(weak_ptr<Y>&& r) noexcept; // C++14
        -:  521:
        -:  522:    // destructor
        -:  523:    ~weak_ptr();
        -:  524:
        -:  525:    // assignment
        -:  526:    weak_ptr& operator=(weak_ptr const& r) noexcept;
        -:  527:    template<class Y> weak_ptr& operator=(weak_ptr<Y> const& r) noexcept;
        -:  528:    template<class Y> weak_ptr& operator=(shared_ptr<Y> const& r) noexcept;
        -:  529:    weak_ptr& operator=(weak_ptr&& r) noexcept;                      // C++14
        -:  530:    template<class Y> weak_ptr& operator=(weak_ptr<Y>&& r) noexcept; // C++14
        -:  531:
        -:  532:    // modifiers
        -:  533:    void swap(weak_ptr& r) noexcept;
        -:  534:    void reset() noexcept;
        -:  535:
        -:  536:    // observers
        -:  537:    long use_count() const noexcept;
        -:  538:    bool expired() const noexcept;
        -:  539:    shared_ptr<T> lock() const noexcept;
        -:  540:    template<class U> bool owner_before(shared_ptr<U> const& b) const noexcept;
        -:  541:    template<class U> bool owner_before(weak_ptr<U> const& b) const noexcept;
        -:  542:};
        -:  543:
        -:  544:// weak_ptr specialized algorithms:
        -:  545:template<class T> void swap(weak_ptr<T>& a, weak_ptr<T>& b) noexcept;
        -:  546:
        -:  547:// class owner_less:
        -:  548:template<class T> struct owner_less;
        -:  549:
        -:  550:template<class T>
        -:  551:struct owner_less<shared_ptr<T>>
        -:  552:    : binary_function<shared_ptr<T>, shared_ptr<T>, bool>
        -:  553:{
        -:  554:    typedef bool result_type;
        -:  555:    bool operator()(shared_ptr<T> const&, shared_ptr<T> const&) const noexcept;
        -:  556:    bool operator()(shared_ptr<T> const&, weak_ptr<T> const&) const noexcept;
        -:  557:    bool operator()(weak_ptr<T> const&, shared_ptr<T> const&) const noexcept;
        -:  558:};
        -:  559:
        -:  560:template<class T>
        -:  561:struct owner_less<weak_ptr<T>>
        -:  562:    : binary_function<weak_ptr<T>, weak_ptr<T>, bool>
        -:  563:{
        -:  564:    typedef bool result_type;
        -:  565:    bool operator()(weak_ptr<T> const&, weak_ptr<T> const&) const noexcept;
        -:  566:    bool operator()(shared_ptr<T> const&, weak_ptr<T> const&) const noexcept;
        -:  567:    bool operator()(weak_ptr<T> const&, shared_ptr<T> const&) const noexcept;
        -:  568:};
        -:  569:
        -:  570:template <>  // Added in C++14
        -:  571:struct owner_less<void>
        -:  572:{
        -:  573:    template <class _Tp, class _Up>
        -:  574:    bool operator()( shared_ptr<_Tp> const& __x, shared_ptr<_Up> const& __y) const noexcept;
        -:  575:    template <class _Tp, class _Up>
        -:  576:    bool operator()( shared_ptr<_Tp> const& __x,   weak_ptr<_Up> const& __y) const noexcept;
        -:  577:    template <class _Tp, class _Up>
        -:  578:    bool operator()(   weak_ptr<_Tp> const& __x, shared_ptr<_Up> const& __y) const noexcept;
        -:  579:    template <class _Tp, class _Up>
        -:  580:    bool operator()(   weak_ptr<_Tp> const& __x,   weak_ptr<_Up> const& __y) const noexcept;
        -:  581:
        -:  582:    typedef void is_transparent;
        -:  583:};
        -:  584:
        -:  585:template<class T>
        -:  586:class enable_shared_from_this
        -:  587:{
        -:  588:protected:
        -:  589:    constexpr enable_shared_from_this() noexcept;
        -:  590:    enable_shared_from_this(enable_shared_from_this const&) noexcept;
        -:  591:    enable_shared_from_this& operator=(enable_shared_from_this const&) noexcept;
        -:  592:    ~enable_shared_from_this();
        -:  593:public:
        -:  594:    shared_ptr<T> shared_from_this();
        -:  595:    shared_ptr<T const> shared_from_this() const;
        -:  596:};
        -:  597:
        -:  598:template<class T>
        -:  599:    bool atomic_is_lock_free(const shared_ptr<T>* p);
        -:  600:template<class T>
        -:  601:    shared_ptr<T> atomic_load(const shared_ptr<T>* p);
        -:  602:template<class T>
        -:  603:    shared_ptr<T> atomic_load_explicit(const shared_ptr<T>* p, memory_order mo);
        -:  604:template<class T>
        -:  605:    void atomic_store(shared_ptr<T>* p, shared_ptr<T> r);
        -:  606:template<class T>
        -:  607:    void atomic_store_explicit(shared_ptr<T>* p, shared_ptr<T> r, memory_order mo);
        -:  608:template<class T>
        -:  609:    shared_ptr<T> atomic_exchange(shared_ptr<T>* p, shared_ptr<T> r);
        -:  610:template<class T>
        -:  611:    shared_ptr<T>
        -:  612:    atomic_exchange_explicit(shared_ptr<T>* p, shared_ptr<T> r, memory_order mo);
        -:  613:template<class T>
        -:  614:    bool
        -:  615:    atomic_compare_exchange_weak(shared_ptr<T>* p, shared_ptr<T>* v, shared_ptr<T> w);
        -:  616:template<class T>
        -:  617:    bool
        -:  618:    atomic_compare_exchange_strong( shared_ptr<T>* p, shared_ptr<T>* v, shared_ptr<T> w);
        -:  619:template<class T>
        -:  620:    bool
        -:  621:    atomic_compare_exchange_weak_explicit(shared_ptr<T>* p, shared_ptr<T>* v,
        -:  622:                                          shared_ptr<T> w, memory_order success,
        -:  623:                                          memory_order failure);
        -:  624:template<class T>
        -:  625:    bool
        -:  626:    atomic_compare_exchange_strong_explicit(shared_ptr<T>* p, shared_ptr<T>* v,
        -:  627:                                            shared_ptr<T> w, memory_order success,
        -:  628:                                            memory_order failure);
        -:  629:// Hash support
        -:  630:template <class T> struct hash;
        -:  631:template <class T, class D> struct hash<unique_ptr<T, D> >;
        -:  632:template <class T> struct hash<shared_ptr<T> >;
        -:  633:
        -:  634:template <class T, class Alloc>
        -:  635:  inline constexpr bool uses_allocator_v = uses_allocator<T, Alloc>::value;
        -:  636:
        -:  637:// Pointer safety
        -:  638:enum class pointer_safety { relaxed, preferred, strict };
        -:  639:void declare_reachable(void *p);
        -:  640:template <class T> T *undeclare_reachable(T *p);
        -:  641:void declare_no_pointers(char *p, size_t n);
        -:  642:void undeclare_no_pointers(char *p, size_t n);
        -:  643:pointer_safety get_pointer_safety() noexcept;
        -:  644:
        -:  645:void* align(size_t alignment, size_t size, void*& ptr, size_t& space);
        -:  646:
        -:  647:}  // std
        -:  648:
        -:  649:*/
        -:  650:
        -:  651:#include <__config>
        -:  652:#include <type_traits>
        -:  653:#include <typeinfo>
        -:  654:#include <cstddef>
        -:  655:#include <cstdint>
        -:  656:#include <new>
        -:  657:#include <utility>
        -:  658:#include <limits>
        -:  659:#include <iterator>
        -:  660:#include <__functional_base>
        -:  661:#include <iosfwd>
        -:  662:#include <tuple>
        -:  663:#include <stdexcept>
        -:  664:#include <cstring>
        -:  665:#include <cassert>
        -:  666:#if !defined(_LIBCPP_HAS_NO_ATOMIC_HEADER)
        -:  667:#  include <atomic>
        -:  668:#endif
        -:  669:
        -:  670:#if !defined(_LIBCPP_HAS_NO_PRAGMA_SYSTEM_HEADER)
        -:  671:#pragma GCC system_header
        -:  672:#endif
        -:  673:
        -:  674:_LIBCPP_PUSH_MACROS
        -:  675:#include <__undef_macros>
        -:  676:
        -:  677:
        -:  678:_LIBCPP_BEGIN_NAMESPACE_STD
        -:  679:
        -:  680:template <class _ValueType>
        -:  681:inline _LIBCPP_ALWAYS_INLINE
        -:  682:_ValueType __libcpp_relaxed_load(_ValueType const* __value) {
        -:  683:#if !defined(_LIBCPP_HAS_NO_THREADS) && \
        -:  684:    defined(__ATOMIC_RELAXED) &&        \
        -:  685:    (__has_builtin(__atomic_load_n) || _GNUC_VER >= 407)
        -:  686:    return __atomic_load_n(__value, __ATOMIC_RELAXED);
        -:  687:#else
        -:  688:    return *__value;
        -:  689:#endif
        -:  690:}
        -:  691:
        -:  692:template <class _ValueType>
        -:  693:inline _LIBCPP_ALWAYS_INLINE
        -:  694:_ValueType __libcpp_acquire_load(_ValueType const* __value) {
        -:  695:#if !defined(_LIBCPP_HAS_NO_THREADS) && \
        -:  696:    defined(__ATOMIC_ACQUIRE) &&        \
        -:  697:    (__has_builtin(__atomic_load_n) || _GNUC_VER >= 407)
        -:  698:    return __atomic_load_n(__value, __ATOMIC_ACQUIRE);
        -:  699:#else
        -:  700:    return *__value;
        -:  701:#endif
        -:  702:}
        -:  703:
        -:  704:// addressof moved to <type_traits>
        -:  705:
        -:  706:template <class _Tp> class allocator;
        -:  707:
        -:  708:template <>
        -:  709:class _LIBCPP_TEMPLATE_VIS allocator<void>
        -:  710:{
        -:  711:public:
        -:  712:    typedef void*             pointer;
        -:  713:    typedef const void*       const_pointer;
        -:  714:    typedef void              value_type;
        -:  715:
        -:  716:    template <class _Up> struct rebind {typedef allocator<_Up> other;};
        -:  717:};
        -:  718:
        -:  719:template <>
        -:  720:class _LIBCPP_TEMPLATE_VIS allocator<const void>
        -:  721:{
        -:  722:public:
        -:  723:    typedef const void*       pointer;
        -:  724:    typedef const void*       const_pointer;
        -:  725:    typedef const void        value_type;
        -:  726:
        -:  727:    template <class _Up> struct rebind {typedef allocator<_Up> other;};
        -:  728:};
        -:  729:
        -:  730:// pointer_traits
        -:  731:
        -:  732:template <class _Tp, class = void>
        -:  733:struct __has_element_type : false_type {};
        -:  734:
        -:  735:template <class _Tp>
        -:  736:struct __has_element_type<_Tp,
        -:  737:              typename __void_t<typename _Tp::element_type>::type> : true_type {};
        -:  738:
        -:  739:template <class _Ptr, bool = __has_element_type<_Ptr>::value>
        -:  740:struct __pointer_traits_element_type;
        -:  741:
        -:  742:template <class _Ptr>
        -:  743:struct __pointer_traits_element_type<_Ptr, true>
        -:  744:{
        -:  745:    typedef typename _Ptr::element_type type;
        -:  746:};
        -:  747:
        -:  748:#ifndef _LIBCPP_HAS_NO_VARIADICS
        -:  749:
        -:  750:template <template <class, class...> class _Sp, class _Tp, class ..._Args>
        -:  751:struct __pointer_traits_element_type<_Sp<_Tp, _Args...>, true>
        -:  752:{
        -:  753:    typedef typename _Sp<_Tp, _Args...>::element_type type;
        -:  754:};
        -:  755:
        -:  756:template <template <class, class...> class _Sp, class _Tp, class ..._Args>
        -:  757:struct __pointer_traits_element_type<_Sp<_Tp, _Args...>, false>
        -:  758:{
        -:  759:    typedef _Tp type;
        -:  760:};
        -:  761:
        -:  762:#else  // _LIBCPP_HAS_NO_VARIADICS
        -:  763:
        -:  764:template <template <class> class _Sp, class _Tp>
        -:  765:struct __pointer_traits_element_type<_Sp<_Tp>, true>
        -:  766:{
        -:  767:    typedef typename _Sp<_Tp>::element_type type;
        -:  768:};
        -:  769:
        -:  770:template <template <class> class _Sp, class _Tp>
        -:  771:struct __pointer_traits_element_type<_Sp<_Tp>, false>
        -:  772:{
        -:  773:    typedef _Tp type;
        -:  774:};
        -:  775:
        -:  776:template <template <class, class> class _Sp, class _Tp, class _A0>
        -:  777:struct __pointer_traits_element_type<_Sp<_Tp, _A0>, true>
        -:  778:{
        -:  779:    typedef typename _Sp<_Tp, _A0>::element_type type;
        -:  780:};
        -:  781:
        -:  782:template <template <class, class> class _Sp, class _Tp, class _A0>
        -:  783:struct __pointer_traits_element_type<_Sp<_Tp, _A0>, false>
        -:  784:{
        -:  785:    typedef _Tp type;
        -:  786:};
        -:  787:
        -:  788:template <template <class, class, class> class _Sp, class _Tp, class _A0, class _A1>
        -:  789:struct __pointer_traits_element_type<_Sp<_Tp, _A0, _A1>, true>
        -:  790:{
        -:  791:    typedef typename _Sp<_Tp, _A0, _A1>::element_type type;
        -:  792:};
        -:  793:
        -:  794:template <template <class, class, class> class _Sp, class _Tp, class _A0, class _A1>
        -:  795:struct __pointer_traits_element_type<_Sp<_Tp, _A0, _A1>, false>
        -:  796:{
        -:  797:    typedef _Tp type;
        -:  798:};
        -:  799:
        -:  800:template <template <class, class, class, class> class _Sp, class _Tp, class _A0,
        -:  801:                                                           class _A1, class _A2>
        -:  802:struct __pointer_traits_element_type<_Sp<_Tp, _A0, _A1, _A2>, true>
        -:  803:{
        -:  804:    typedef typename _Sp<_Tp, _A0, _A1, _A2>::element_type type;
        -:  805:};
        -:  806:
        -:  807:template <template <class, class, class, class> class _Sp, class _Tp, class _A0,
        -:  808:                                                           class _A1, class _A2>
        -:  809:struct __pointer_traits_element_type<_Sp<_Tp, _A0, _A1, _A2>, false>
        -:  810:{
        -:  811:    typedef _Tp type;
        -:  812:};
        -:  813:
        -:  814:#endif  // _LIBCPP_HAS_NO_VARIADICS
        -:  815:
        -:  816:template <class _Tp, class = void>
        -:  817:struct __has_difference_type : false_type {};
        -:  818:
        -:  819:template <class _Tp>
        -:  820:struct __has_difference_type<_Tp,
        -:  821:            typename __void_t<typename _Tp::difference_type>::type> : true_type {};
        -:  822:
        -:  823:template <class _Ptr, bool = __has_difference_type<_Ptr>::value>
        -:  824:struct __pointer_traits_difference_type
        -:  825:{
        -:  826:    typedef ptrdiff_t type;
        -:  827:};
        -:  828:
        -:  829:template <class _Ptr>
        -:  830:struct __pointer_traits_difference_type<_Ptr, true>
        -:  831:{
        -:  832:    typedef typename _Ptr::difference_type type;
        -:  833:};
        -:  834:
        -:  835:template <class _Tp, class _Up>
        -:  836:struct __has_rebind
        -:  837:{
        -:  838:private:
        -:  839:    struct __two {char __lx; char __lxx;};
        -:  840:    template <class _Xp> static __two __test(...);
        -:  841:    template <class _Xp> static char __test(typename _Xp::template rebind<_Up>* = 0);
        -:  842:public:
        -:  843:    static const bool value = sizeof(__test<_Tp>(0)) == 1;
        -:  844:};
        -:  845:
        -:  846:template <class _Tp, class _Up, bool = __has_rebind<_Tp, _Up>::value>
        -:  847:struct __pointer_traits_rebind
        -:  848:{
        -:  849:#ifndef _LIBCPP_CXX03_LANG
        -:  850:    typedef typename _Tp::template rebind<_Up> type;
        -:  851:#else
        -:  852:    typedef typename _Tp::template rebind<_Up>::other type;
        -:  853:#endif
        -:  854:};
        -:  855:
        -:  856:#ifndef _LIBCPP_HAS_NO_VARIADICS
        -:  857:
        -:  858:template <template <class, class...> class _Sp, class _Tp, class ..._Args, class _Up>
        -:  859:struct __pointer_traits_rebind<_Sp<_Tp, _Args...>, _Up, true>
        -:  860:{
        -:  861:#ifndef _LIBCPP_CXX03_LANG
        -:  862:    typedef typename _Sp<_Tp, _Args...>::template rebind<_Up> type;
        -:  863:#else
        -:  864:    typedef typename _Sp<_Tp, _Args...>::template rebind<_Up>::other type;
        -:  865:#endif
        -:  866:};
        -:  867:
        -:  868:template <template <class, class...> class _Sp, class _Tp, class ..._Args, class _Up>
        -:  869:struct __pointer_traits_rebind<_Sp<_Tp, _Args...>, _Up, false>
        -:  870:{
        -:  871:    typedef _Sp<_Up, _Args...> type;
        -:  872:};
        -:  873:
        -:  874:#else  // _LIBCPP_HAS_NO_VARIADICS
        -:  875:
        -:  876:template <template <class> class _Sp, class _Tp, class _Up>
        -:  877:struct __pointer_traits_rebind<_Sp<_Tp>, _Up, true>
        -:  878:{
        -:  879:#ifndef _LIBCPP_CXX03_LANG
        -:  880:    typedef typename _Sp<_Tp>::template rebind<_Up> type;
        -:  881:#else
        -:  882:    typedef typename _Sp<_Tp>::template rebind<_Up>::other type;
        -:  883:#endif
        -:  884:};
        -:  885:
        -:  886:template <template <class> class _Sp, class _Tp, class _Up>
        -:  887:struct __pointer_traits_rebind<_Sp<_Tp>, _Up, false>
        -:  888:{
        -:  889:    typedef _Sp<_Up> type;
        -:  890:};
        -:  891:
        -:  892:template <template <class, class> class _Sp, class _Tp, class _A0, class _Up>
        -:  893:struct __pointer_traits_rebind<_Sp<_Tp, _A0>, _Up, true>
        -:  894:{
        -:  895:#ifndef _LIBCPP_CXX03_LANG
        -:  896:    typedef typename _Sp<_Tp, _A0>::template rebind<_Up> type;
        -:  897:#else
        -:  898:    typedef typename _Sp<_Tp, _A0>::template rebind<_Up>::other type;
        -:  899:#endif
        -:  900:};
        -:  901:
        -:  902:template <template <class, class> class _Sp, class _Tp, class _A0, class _Up>
        -:  903:struct __pointer_traits_rebind<_Sp<_Tp, _A0>, _Up, false>
        -:  904:{
        -:  905:    typedef _Sp<_Up, _A0> type;
        -:  906:};
        -:  907:
        -:  908:template <template <class, class, class> class _Sp, class _Tp, class _A0,
        -:  909:                                         class _A1, class _Up>
        -:  910:struct __pointer_traits_rebind<_Sp<_Tp, _A0, _A1>, _Up, true>
        -:  911:{
        -:  912:#ifndef _LIBCPP_CXX03_LANG
        -:  913:    typedef typename _Sp<_Tp, _A0, _A1>::template rebind<_Up> type;
        -:  914:#else
        -:  915:    typedef typename _Sp<_Tp, _A0, _A1>::template rebind<_Up>::other type;
        -:  916:#endif
        -:  917:};
        -:  918:
        -:  919:template <template <class, class, class> class _Sp, class _Tp, class _A0,
        -:  920:                                         class _A1, class _Up>
        -:  921:struct __pointer_traits_rebind<_Sp<_Tp, _A0, _A1>, _Up, false>
        -:  922:{
        -:  923:    typedef _Sp<_Up, _A0, _A1> type;
        -:  924:};
        -:  925:
        -:  926:template <template <class, class, class, class> class _Sp, class _Tp, class _A0,
        -:  927:                                                class _A1, class _A2, class _Up>
        -:  928:struct __pointer_traits_rebind<_Sp<_Tp, _A0, _A1, _A2>, _Up, true>
        -:  929:{
        -:  930:#ifndef _LIBCPP_CXX03_LANG
        -:  931:    typedef typename _Sp<_Tp, _A0, _A1, _A2>::template rebind<_Up> type;
        -:  932:#else
        -:  933:    typedef typename _Sp<_Tp, _A0, _A1, _A2>::template rebind<_Up>::other type;
        -:  934:#endif
        -:  935:};
        -:  936:
        -:  937:template <template <class, class, class, class> class _Sp, class _Tp, class _A0,
        -:  938:                                                class _A1, class _A2, class _Up>
        -:  939:struct __pointer_traits_rebind<_Sp<_Tp, _A0, _A1, _A2>, _Up, false>
        -:  940:{
        -:  941:    typedef _Sp<_Up, _A0, _A1, _A2> type;
        -:  942:};
        -:  943:
        -:  944:#endif  // _LIBCPP_HAS_NO_VARIADICS
        -:  945:
        -:  946:template <class _Ptr>
        -:  947:struct _LIBCPP_TEMPLATE_VIS pointer_traits
        -:  948:{
        -:  949:    typedef _Ptr                                                     pointer;
        -:  950:    typedef typename __pointer_traits_element_type<pointer>::type    element_type;
        -:  951:    typedef typename __pointer_traits_difference_type<pointer>::type difference_type;
        -:  952:
        -:  953:#ifndef _LIBCPP_CXX03_LANG
        -:  954:    template <class _Up> using rebind = typename __pointer_traits_rebind<pointer, _Up>::type;
        -:  955:#else
        -:  956:    template <class _Up> struct rebind
        -:  957:        {typedef typename __pointer_traits_rebind<pointer, _Up>::type other;};
        -:  958:#endif  // _LIBCPP_CXX03_LANG
        -:  959:
        -:  960:private:
        -:  961:    struct __nat {};
        -:  962:public:
        -:  963:    _LIBCPP_INLINE_VISIBILITY
        -:  964:    static pointer pointer_to(typename conditional<is_void<element_type>::value,
        -:  965:                                           __nat, element_type>::type& __r)
        -:  966:        {return pointer::pointer_to(__r);}
        -:  967:};
        -:  968:
        -:  969:template <class _Tp>
        -:  970:struct _LIBCPP_TEMPLATE_VIS pointer_traits<_Tp*>
        -:  971:{
        -:  972:    typedef _Tp*      pointer;
        -:  973:    typedef _Tp       element_type;
        -:  974:    typedef ptrdiff_t difference_type;
        -:  975:
        -:  976:#ifndef _LIBCPP_CXX03_LANG
        -:  977:    template <class _Up> using rebind = _Up*;
        -:  978:#else
        -:  979:    template <class _Up> struct rebind {typedef _Up* other;};
        -:  980:#endif
        -:  981:
        -:  982:private:
        -:  983:    struct __nat {};
        -:  984:public:
        -:  985:    _LIBCPP_INLINE_VISIBILITY
        -:  986:    static pointer pointer_to(typename conditional<is_void<element_type>::value,
        -:  987:                                      __nat, element_type>::type& __r) _NOEXCEPT
        -:  988:        {return _VSTD::addressof(__r);}
        -:  989:};
        -:  990:
        -:  991:template <class _From, class _To>
        -:  992:struct __rebind_pointer {
        -:  993:#ifndef _LIBCPP_CXX03_LANG
        -:  994:    typedef typename pointer_traits<_From>::template rebind<_To>        type;
        -:  995:#else
        -:  996:    typedef typename pointer_traits<_From>::template rebind<_To>::other type;
        -:  997:#endif
        -:  998:};
        -:  999:
        -: 1000:// allocator_traits
        -: 1001:
        -: 1002:template <class _Tp, class = void>
        -: 1003:struct __has_pointer_type : false_type {};
        -: 1004:
        -: 1005:template <class _Tp>
        -: 1006:struct __has_pointer_type<_Tp,
        -: 1007:          typename __void_t<typename _Tp::pointer>::type> : true_type {};
        -: 1008:
        -: 1009:namespace __pointer_type_imp
        -: 1010:{
        -: 1011:
        -: 1012:template <class _Tp, class _Dp, bool = __has_pointer_type<_Dp>::value>
        -: 1013:struct __pointer_type
        -: 1014:{
        -: 1015:    typedef typename _Dp::pointer type;
        -: 1016:};
        -: 1017:
        -: 1018:template <class _Tp, class _Dp>
        -: 1019:struct __pointer_type<_Tp, _Dp, false>
        -: 1020:{
        -: 1021:    typedef _Tp* type;
        -: 1022:};
        -: 1023:
        -: 1024:}  // __pointer_type_imp
        -: 1025:
        -: 1026:template <class _Tp, class _Dp>
        -: 1027:struct __pointer_type
        -: 1028:{
        -: 1029:    typedef typename __pointer_type_imp::__pointer_type<_Tp, typename remove_reference<_Dp>::type>::type type;
        -: 1030:};
        -: 1031:
        -: 1032:template <class _Tp, class = void>
        -: 1033:struct __has_const_pointer : false_type {};
        -: 1034:
        -: 1035:template <class _Tp>
        -: 1036:struct __has_const_pointer<_Tp,
        -: 1037:            typename __void_t<typename _Tp::const_pointer>::type> : true_type {};
        -: 1038:
        -: 1039:template <class _Tp, class _Ptr, class _Alloc, bool = __has_const_pointer<_Alloc>::value>
        -: 1040:struct __const_pointer
        -: 1041:{
        -: 1042:    typedef typename _Alloc::const_pointer type;
        -: 1043:};
        -: 1044:
        -: 1045:template <class _Tp, class _Ptr, class _Alloc>
        -: 1046:struct __const_pointer<_Tp, _Ptr, _Alloc, false>
        -: 1047:{
        -: 1048:#ifndef _LIBCPP_CXX03_LANG
        -: 1049:    typedef typename pointer_traits<_Ptr>::template rebind<const _Tp> type;
        -: 1050:#else
        -: 1051:    typedef typename pointer_traits<_Ptr>::template rebind<const _Tp>::other type;
        -: 1052:#endif
        -: 1053:};
        -: 1054:
        -: 1055:template <class _Tp, class = void>
        -: 1056:struct __has_void_pointer : false_type {};
        -: 1057:
        -: 1058:template <class _Tp>
        -: 1059:struct __has_void_pointer<_Tp,
        -: 1060:               typename __void_t<typename _Tp::void_pointer>::type> : true_type {};
        -: 1061:
        -: 1062:template <class _Ptr, class _Alloc, bool = __has_void_pointer<_Alloc>::value>
        -: 1063:struct __void_pointer
        -: 1064:{
        -: 1065:    typedef typename _Alloc::void_pointer type;
        -: 1066:};
        -: 1067:
        -: 1068:template <class _Ptr, class _Alloc>
        -: 1069:struct __void_pointer<_Ptr, _Alloc, false>
        -: 1070:{
        -: 1071:#ifndef _LIBCPP_CXX03_LANG
        -: 1072:    typedef typename pointer_traits<_Ptr>::template rebind<void> type;
        -: 1073:#else
        -: 1074:    typedef typename pointer_traits<_Ptr>::template rebind<void>::other type;
        -: 1075:#endif
        -: 1076:};
        -: 1077:
        -: 1078:template <class _Tp, class = void>
        -: 1079:struct __has_const_void_pointer : false_type {};
        -: 1080:
        -: 1081:template <class _Tp>
        -: 1082:struct __has_const_void_pointer<_Tp,
        -: 1083:            typename __void_t<typename _Tp::const_void_pointer>::type> : true_type {};
        -: 1084:
        -: 1085:template <class _Ptr, class _Alloc, bool = __has_const_void_pointer<_Alloc>::value>
        -: 1086:struct __const_void_pointer
        -: 1087:{
        -: 1088:    typedef typename _Alloc::const_void_pointer type;
        -: 1089:};
        -: 1090:
        -: 1091:template <class _Ptr, class _Alloc>
        -: 1092:struct __const_void_pointer<_Ptr, _Alloc, false>
        -: 1093:{
        -: 1094:#ifndef _LIBCPP_CXX03_LANG
        -: 1095:    typedef typename pointer_traits<_Ptr>::template rebind<const void> type;
        -: 1096:#else
        -: 1097:    typedef typename pointer_traits<_Ptr>::template rebind<const void>::other type;
        -: 1098:#endif
        -: 1099:};
        -: 1100:
        -: 1101:template <class _Tp>
        -: 1102:inline _LIBCPP_INLINE_VISIBILITY _LIBCPP_CONSTEXPR
        -: 1103:_Tp*
        -: 1104:__to_raw_pointer(_Tp* __p) _NOEXCEPT
        -: 1105:{
       80: 1106:    return __p;
        -: 1107:}
        -: 1108:
        -: 1109:#if _LIBCPP_STD_VER <= 17
        -: 1110:template <class _Pointer>
        -: 1111:inline _LIBCPP_INLINE_VISIBILITY
        -: 1112:typename pointer_traits<_Pointer>::element_type*
        -: 1113:__to_raw_pointer(_Pointer __p) _NOEXCEPT
        -: 1114:{
        -: 1115:    return _VSTD::__to_raw_pointer(__p.operator->());
        -: 1116:}
        -: 1117:#else
        -: 1118:template <class _Pointer>
        -: 1119:inline _LIBCPP_INLINE_VISIBILITY
        -: 1120:auto
        -: 1121:__to_raw_pointer(const _Pointer& __p) _NOEXCEPT
        -: 1122:-> decltype(pointer_traits<_Pointer>::to_address(__p))
        -: 1123:{
        -: 1124:    return pointer_traits<_Pointer>::to_address(__p);
        -: 1125:}
        -: 1126:
        -: 1127:template <class _Pointer, class... _None>
        -: 1128:inline _LIBCPP_INLINE_VISIBILITY
        -: 1129:auto
        -: 1130:__to_raw_pointer(const _Pointer& __p, _None...) _NOEXCEPT
        -: 1131:{
        -: 1132:    return _VSTD::__to_raw_pointer(__p.operator->());
        -: 1133:}
        -: 1134:
        -: 1135:template <class _Tp>
        -: 1136:inline _LIBCPP_INLINE_VISIBILITY constexpr
        -: 1137:_Tp*
        -: 1138:to_address(_Tp* __p) _NOEXCEPT
        -: 1139:{
        -: 1140:    static_assert(!is_function_v<_Tp>, "_Tp is a function type");
        -: 1141:    return __p;
        -: 1142:}
        -: 1143:
        -: 1144:template <class _Pointer>
        -: 1145:inline _LIBCPP_INLINE_VISIBILITY
        -: 1146:auto
        -: 1147:to_address(const _Pointer& __p) _NOEXCEPT
        -: 1148:{
        -: 1149:    return _VSTD::__to_raw_pointer(__p);
        -: 1150:}
        -: 1151:#endif
        -: 1152:
        -: 1153:template <class _Tp, class = void>
        -: 1154:struct __has_size_type : false_type {};
        -: 1155:
        -: 1156:template <class _Tp>
        -: 1157:struct __has_size_type<_Tp,
        -: 1158:               typename __void_t<typename _Tp::size_type>::type> : true_type {};
        -: 1159:
        -: 1160:template <class _Alloc, class _DiffType, bool = __has_size_type<_Alloc>::value>
        -: 1161:struct __size_type
        -: 1162:{
        -: 1163:    typedef typename make_unsigned<_DiffType>::type type;
        -: 1164:};
        -: 1165:
        -: 1166:template <class _Alloc, class _DiffType>
        -: 1167:struct __size_type<_Alloc, _DiffType, true>
        -: 1168:{
        -: 1169:    typedef typename _Alloc::size_type type;
        -: 1170:};
        -: 1171:
        -: 1172:template <class _Tp, class = void>
        -: 1173:struct __has_propagate_on_container_copy_assignment : false_type {};
        -: 1174:
        -: 1175:template <class _Tp>
        -: 1176:struct __has_propagate_on_container_copy_assignment<_Tp,
        -: 1177:    typename __void_t<typename _Tp::propagate_on_container_copy_assignment>::type>
        -: 1178:        : true_type {};
        -: 1179:
        -: 1180:template <class _Alloc, bool = __has_propagate_on_container_copy_assignment<_Alloc>::value>
        -: 1181:struct __propagate_on_container_copy_assignment
        -: 1182:{
        -: 1183:    typedef false_type type;
        -: 1184:};
        -: 1185:
        -: 1186:template <class _Alloc>
        -: 1187:struct __propagate_on_container_copy_assignment<_Alloc, true>
        -: 1188:{
        -: 1189:    typedef typename _Alloc::propagate_on_container_copy_assignment type;
        -: 1190:};
        -: 1191:
        -: 1192:template <class _Tp, class = void>
        -: 1193:struct __has_propagate_on_container_move_assignment : false_type {};
        -: 1194:
        -: 1195:template <class _Tp>
        -: 1196:struct __has_propagate_on_container_move_assignment<_Tp,
        -: 1197:           typename __void_t<typename _Tp::propagate_on_container_move_assignment>::type>
        -: 1198:               : true_type {};
        -: 1199:
        -: 1200:template <class _Alloc, bool = __has_propagate_on_container_move_assignment<_Alloc>::value>
        -: 1201:struct __propagate_on_container_move_assignment
        -: 1202:{
        -: 1203:    typedef false_type type;
        -: 1204:};
        -: 1205:
        -: 1206:template <class _Alloc>
        -: 1207:struct __propagate_on_container_move_assignment<_Alloc, true>
        -: 1208:{
        -: 1209:    typedef typename _Alloc::propagate_on_container_move_assignment type;
        -: 1210:};
        -: 1211:
        -: 1212:template <class _Tp, class = void>
        -: 1213:struct __has_propagate_on_container_swap : false_type {};
        -: 1214:
        -: 1215:template <class _Tp>
        -: 1216:struct __has_propagate_on_container_swap<_Tp,
        -: 1217:           typename __void_t<typename _Tp::propagate_on_container_swap>::type>
        -: 1218:               : true_type {};
        -: 1219:
        -: 1220:template <class _Alloc, bool = __has_propagate_on_container_swap<_Alloc>::value>
        -: 1221:struct __propagate_on_container_swap
        -: 1222:{
        -: 1223:    typedef false_type type;
        -: 1224:};
        -: 1225:
        -: 1226:template <class _Alloc>
        -: 1227:struct __propagate_on_container_swap<_Alloc, true>
        -: 1228:{
        -: 1229:    typedef typename _Alloc::propagate_on_container_swap type;
        -: 1230:};
        -: 1231:
        -: 1232:template <class _Tp, class = void>
        -: 1233:struct __has_is_always_equal : false_type {};
        -: 1234:
        -: 1235:template <class _Tp>
        -: 1236:struct __has_is_always_equal<_Tp,
        -: 1237:           typename __void_t<typename _Tp::is_always_equal>::type>
        -: 1238:               : true_type {};
        -: 1239:
        -: 1240:template <class _Alloc, bool = __has_is_always_equal<_Alloc>::value>
        -: 1241:struct __is_always_equal
        -: 1242:{
        -: 1243:    typedef typename _VSTD::is_empty<_Alloc>::type type;
        -: 1244:};
        -: 1245:
        -: 1246:template <class _Alloc>
        -: 1247:struct __is_always_equal<_Alloc, true>
        -: 1248:{
        -: 1249:    typedef typename _Alloc::is_always_equal type;
        -: 1250:};
        -: 1251:
        -: 1252:template <class _Tp, class _Up, bool = __has_rebind<_Tp, _Up>::value>
        -: 1253:struct __has_rebind_other
        -: 1254:{
        -: 1255:private:
        -: 1256:    struct __two {char __lx; char __lxx;};
        -: 1257:    template <class _Xp> static __two __test(...);
        -: 1258:    template <class _Xp> static char __test(typename _Xp::template rebind<_Up>::other* = 0);
        -: 1259:public:
        -: 1260:    static const bool value = sizeof(__test<_Tp>(0)) == 1;
        -: 1261:};
        -: 1262:
        -: 1263:template <class _Tp, class _Up>
        -: 1264:struct __has_rebind_other<_Tp, _Up, false>
        -: 1265:{
        -: 1266:    static const bool value = false;
        -: 1267:};
        -: 1268:
        -: 1269:template <class _Tp, class _Up, bool = __has_rebind_other<_Tp, _Up>::value>
        -: 1270:struct __allocator_traits_rebind
        -: 1271:{
        -: 1272:    typedef typename _Tp::template rebind<_Up>::other type;
        -: 1273:};
        -: 1274:
        -: 1275:#ifndef _LIBCPP_HAS_NO_VARIADICS
        -: 1276:
        -: 1277:template <template <class, class...> class _Alloc, class _Tp, class ..._Args, class _Up>
        -: 1278:struct __allocator_traits_rebind<_Alloc<_Tp, _Args...>, _Up, true>
        -: 1279:{
        -: 1280:    typedef typename _Alloc<_Tp, _Args...>::template rebind<_Up>::other type;
        -: 1281:};
        -: 1282:
        -: 1283:template <template <class, class...> class _Alloc, class _Tp, class ..._Args, class _Up>
        -: 1284:struct __allocator_traits_rebind<_Alloc<_Tp, _Args...>, _Up, false>
        -: 1285:{
        -: 1286:    typedef _Alloc<_Up, _Args...> type;
        -: 1287:};
        -: 1288:
        -: 1289:#else  // _LIBCPP_HAS_NO_VARIADICS
        -: 1290:
        -: 1291:template <template <class> class _Alloc, class _Tp, class _Up>
        -: 1292:struct __allocator_traits_rebind<_Alloc<_Tp>, _Up, true>
        -: 1293:{
        -: 1294:    typedef typename _Alloc<_Tp>::template rebind<_Up>::other type;
        -: 1295:};
        -: 1296:
        -: 1297:template <template <class> class _Alloc, class _Tp, class _Up>
        -: 1298:struct __allocator_traits_rebind<_Alloc<_Tp>, _Up, false>
        -: 1299:{
        -: 1300:    typedef _Alloc<_Up> type;
        -: 1301:};
        -: 1302:
        -: 1303:template <template <class, class> class _Alloc, class _Tp, class _A0, class _Up>
        -: 1304:struct __allocator_traits_rebind<_Alloc<_Tp, _A0>, _Up, true>
        -: 1305:{
        -: 1306:    typedef typename _Alloc<_Tp, _A0>::template rebind<_Up>::other type;
        -: 1307:};
        -: 1308:
        -: 1309:template <template <class, class> class _Alloc, class _Tp, class _A0, class _Up>
        -: 1310:struct __allocator_traits_rebind<_Alloc<_Tp, _A0>, _Up, false>
        -: 1311:{
        -: 1312:    typedef _Alloc<_Up, _A0> type;
        -: 1313:};
        -: 1314:
        -: 1315:template <template <class, class, class> class _Alloc, class _Tp, class _A0,
        -: 1316:                                         class _A1, class _Up>
        -: 1317:struct __allocator_traits_rebind<_Alloc<_Tp, _A0, _A1>, _Up, true>
        -: 1318:{
        -: 1319:    typedef typename _Alloc<_Tp, _A0, _A1>::template rebind<_Up>::other type;
        -: 1320:};
        -: 1321:
        -: 1322:template <template <class, class, class> class _Alloc, class _Tp, class _A0,
        -: 1323:                                         class _A1, class _Up>
        -: 1324:struct __allocator_traits_rebind<_Alloc<_Tp, _A0, _A1>, _Up, false>
        -: 1325:{
        -: 1326:    typedef _Alloc<_Up, _A0, _A1> type;
        -: 1327:};
        -: 1328:
        -: 1329:template <template <class, class, class, class> class _Alloc, class _Tp, class _A0,
        -: 1330:                                                class _A1, class _A2, class _Up>
        -: 1331:struct __allocator_traits_rebind<_Alloc<_Tp, _A0, _A1, _A2>, _Up, true>
        -: 1332:{
        -: 1333:    typedef typename _Alloc<_Tp, _A0, _A1, _A2>::template rebind<_Up>::other type;
        -: 1334:};
        -: 1335:
        -: 1336:template <template <class, class, class, class> class _Alloc, class _Tp, class _A0,
        -: 1337:                                                class _A1, class _A2, class _Up>
        -: 1338:struct __allocator_traits_rebind<_Alloc<_Tp, _A0, _A1, _A2>, _Up, false>
        -: 1339:{
        -: 1340:    typedef _Alloc<_Up, _A0, _A1, _A2> type;
        -: 1341:};
        -: 1342:
        -: 1343:#endif  // _LIBCPP_HAS_NO_VARIADICS
        -: 1344:
        -: 1345:#ifndef _LIBCPP_CXX03_LANG
        -: 1346:
        -: 1347:template <class _Alloc, class _SizeType, class _ConstVoidPtr>
        -: 1348:auto
        -: 1349:__has_allocate_hint_test(_Alloc&& __a, _SizeType&& __sz, _ConstVoidPtr&& __p)
        -: 1350:    -> decltype((void)__a.allocate(__sz, __p), true_type());
        -: 1351:
        -: 1352:template <class _Alloc, class _SizeType, class _ConstVoidPtr>
        -: 1353:auto
        -: 1354:__has_allocate_hint_test(const _Alloc& __a, _SizeType&& __sz, _ConstVoidPtr&& __p)
        -: 1355:    -> false_type;
        -: 1356:
        -: 1357:template <class _Alloc, class _SizeType, class _ConstVoidPtr>
        -: 1358:struct __has_allocate_hint
        -: 1359:    : integral_constant<bool,
        -: 1360:        is_same<
        -: 1361:            decltype(_VSTD::__has_allocate_hint_test(declval<_Alloc>(),
        -: 1362:                                          declval<_SizeType>(),
        -: 1363:                                          declval<_ConstVoidPtr>())),
        -: 1364:            true_type>::value>
        -: 1365:{
        -: 1366:};
        -: 1367:
        -: 1368:#else  // _LIBCPP_CXX03_LANG
        -: 1369:
        -: 1370:template <class _Alloc, class _SizeType, class _ConstVoidPtr>
        -: 1371:struct __has_allocate_hint
        -: 1372:    : true_type
        -: 1373:{
        -: 1374:};
        -: 1375:
        -: 1376:#endif  // _LIBCPP_CXX03_LANG
        -: 1377:
        -: 1378:#if !defined(_LIBCPP_CXX03_LANG)
        -: 1379:
        -: 1380:template <class _Alloc, class _Tp, class ..._Args>
        -: 1381:decltype(_VSTD::declval<_Alloc>().construct(_VSTD::declval<_Tp*>(),
        -: 1382:                                           _VSTD::declval<_Args>()...),
        -: 1383:                                           true_type())
        -: 1384:__has_construct_test(_Alloc&& __a, _Tp* __p, _Args&& ...__args);
        -: 1385:
        -: 1386:template <class _Alloc, class _Pointer, class ..._Args>
        -: 1387:false_type
        -: 1388:__has_construct_test(const _Alloc& __a, _Pointer&& __p, _Args&& ...__args);
        -: 1389:
        -: 1390:template <class _Alloc, class _Pointer, class ..._Args>
        -: 1391:struct __has_construct
        -: 1392:    : integral_constant<bool,
        -: 1393:        is_same<
        -: 1394:            decltype(_VSTD::__has_construct_test(declval<_Alloc>(),
        -: 1395:                                          declval<_Pointer>(),
        -: 1396:                                          declval<_Args>()...)),
        -: 1397:            true_type>::value>
        -: 1398:{
        -: 1399:};
        -: 1400:
        -: 1401:template <class _Alloc, class _Pointer>
        -: 1402:auto
        -: 1403:__has_destroy_test(_Alloc&& __a, _Pointer&& __p)
        -: 1404:    -> decltype(__a.destroy(__p), true_type());
        -: 1405:
        -: 1406:template <class _Alloc, class _Pointer>
        -: 1407:auto
        -: 1408:__has_destroy_test(const _Alloc& __a, _Pointer&& __p)
        -: 1409:    -> false_type;
        -: 1410:
        -: 1411:template <class _Alloc, class _Pointer>
        -: 1412:struct __has_destroy
        -: 1413:    : integral_constant<bool,
        -: 1414:        is_same<
        -: 1415:            decltype(_VSTD::__has_destroy_test(declval<_Alloc>(),
        -: 1416:                                        declval<_Pointer>())),
        -: 1417:            true_type>::value>
        -: 1418:{
        -: 1419:};
        -: 1420:
        -: 1421:template <class _Alloc>
        -: 1422:auto
        -: 1423:__has_max_size_test(_Alloc&& __a)
        -: 1424:    -> decltype(__a.max_size(), true_type());
        -: 1425:
        -: 1426:template <class _Alloc>
        -: 1427:auto
        -: 1428:__has_max_size_test(const volatile _Alloc& __a)
        -: 1429:    -> false_type;
        -: 1430:
        -: 1431:template <class _Alloc>
        -: 1432:struct __has_max_size
        -: 1433:    : integral_constant<bool,
        -: 1434:        is_same<
        -: 1435:            decltype(_VSTD::__has_max_size_test(declval<_Alloc&>())),
        -: 1436:            true_type>::value>
        -: 1437:{
        -: 1438:};
        -: 1439:
        -: 1440:template <class _Alloc>
        -: 1441:auto
        -: 1442:__has_select_on_container_copy_construction_test(_Alloc&& __a)
        -: 1443:    -> decltype(__a.select_on_container_copy_construction(), true_type());
        -: 1444:
        -: 1445:template <class _Alloc>
        -: 1446:auto
        -: 1447:__has_select_on_container_copy_construction_test(const volatile _Alloc& __a)
        -: 1448:    -> false_type;
        -: 1449:
        -: 1450:template <class _Alloc>
        -: 1451:struct __has_select_on_container_copy_construction
        -: 1452:    : integral_constant<bool,
        -: 1453:        is_same<
        -: 1454:            decltype(_VSTD::__has_select_on_container_copy_construction_test(declval<_Alloc&>())),
        -: 1455:            true_type>::value>
        -: 1456:{
        -: 1457:};
        -: 1458:
        -: 1459:#else  // _LIBCPP_CXX03_LANG
        -: 1460:
        -: 1461:#ifndef _LIBCPP_HAS_NO_VARIADICS
        -: 1462:
        -: 1463:template <class _Alloc, class _Pointer, class ..._Args>
        -: 1464:struct __has_construct
        -: 1465:    : false_type
        -: 1466:{
        -: 1467:};
        -: 1468:
        -: 1469:#else  // _LIBCPP_HAS_NO_VARIADICS
        -: 1470:
        -: 1471:template <class _Alloc, class _Pointer, class _Args>
        -: 1472:struct __has_construct
        -: 1473:    : false_type
        -: 1474:{
        -: 1475:};
        -: 1476:
        -: 1477:#endif  // _LIBCPP_HAS_NO_VARIADICS
        -: 1478:
        -: 1479:template <class _Alloc, class _Pointer>
        -: 1480:struct __has_destroy
        -: 1481:    : false_type
        -: 1482:{
        -: 1483:};
        -: 1484:
        -: 1485:template <class _Alloc>
        -: 1486:struct __has_max_size
        -: 1487:    : true_type
        -: 1488:{
        -: 1489:};
        -: 1490:
        -: 1491:template <class _Alloc>
        -: 1492:struct __has_select_on_container_copy_construction
        -: 1493:    : false_type
        -: 1494:{
        -: 1495:};
        -: 1496:
        -: 1497:#endif  // _LIBCPP_CXX03_LANG
        -: 1498:
        -: 1499:template <class _Alloc, class _Ptr, bool = __has_difference_type<_Alloc>::value>
        -: 1500:struct __alloc_traits_difference_type
        -: 1501:{
        -: 1502:    typedef typename pointer_traits<_Ptr>::difference_type type;
        -: 1503:};
        -: 1504:
        -: 1505:template <class _Alloc, class _Ptr>
        -: 1506:struct __alloc_traits_difference_type<_Alloc, _Ptr, true>
        -: 1507:{
        -: 1508:    typedef typename _Alloc::difference_type type;
        -: 1509:};
        -: 1510:
        -: 1511:template <class _Alloc>
        -: 1512:struct _LIBCPP_TEMPLATE_VIS allocator_traits
        -: 1513:{
        -: 1514:    typedef _Alloc                              allocator_type;
        -: 1515:    typedef typename allocator_type::value_type value_type;
        -: 1516:
        -: 1517:    typedef typename __pointer_type<value_type, allocator_type>::type pointer;
        -: 1518:    typedef typename __const_pointer<value_type, pointer, allocator_type>::type const_pointer;
        -: 1519:    typedef typename __void_pointer<pointer, allocator_type>::type void_pointer;
        -: 1520:    typedef typename __const_void_pointer<pointer, allocator_type>::type const_void_pointer;
        -: 1521:
        -: 1522:    typedef typename __alloc_traits_difference_type<allocator_type, pointer>::type difference_type;
        -: 1523:    typedef typename __size_type<allocator_type, difference_type>::type size_type;
        -: 1524:
        -: 1525:    typedef typename __propagate_on_container_copy_assignment<allocator_type>::type
        -: 1526:                     propagate_on_container_copy_assignment;
        -: 1527:    typedef typename __propagate_on_container_move_assignment<allocator_type>::type
        -: 1528:                     propagate_on_container_move_assignment;
        -: 1529:    typedef typename __propagate_on_container_swap<allocator_type>::type
        -: 1530:                     propagate_on_container_swap;
        -: 1531:    typedef typename __is_always_equal<allocator_type>::type
        -: 1532:                     is_always_equal;
        -: 1533:
        -: 1534:#ifndef _LIBCPP_CXX03_LANG
        -: 1535:    template <class _Tp> using rebind_alloc =
        -: 1536:                  typename __allocator_traits_rebind<allocator_type, _Tp>::type;
        -: 1537:    template <class _Tp> using rebind_traits = allocator_traits<rebind_alloc<_Tp>>;
        -: 1538:#else  // _LIBCPP_CXX03_LANG
        -: 1539:    template <class _Tp> struct rebind_alloc
        -: 1540:        {typedef typename __allocator_traits_rebind<allocator_type, _Tp>::type other;};
        -: 1541:    template <class _Tp> struct rebind_traits
        -: 1542:        {typedef allocator_traits<typename rebind_alloc<_Tp>::other> other;};
        -: 1543:#endif  // _LIBCPP_CXX03_LANG
        -: 1544:
        -: 1545:    _LIBCPP_NODISCARD_AFTER_CXX17 _LIBCPP_INLINE_VISIBILITY
        -: 1546:    static pointer allocate(allocator_type& __a, size_type __n)
    #####: 1547:        {return __a.allocate(__n);}
        -: 1548:    _LIBCPP_NODISCARD_AFTER_CXX17 _LIBCPP_INLINE_VISIBILITY
        -: 1549:    static pointer allocate(allocator_type& __a, size_type __n, const_void_pointer __hint)
        -: 1550:        {return __allocate(__a, __n, __hint,
        -: 1551:            __has_allocate_hint<allocator_type, size_type, const_void_pointer>());}
        -: 1552:
        -: 1553:    _LIBCPP_INLINE_VISIBILITY
        -: 1554:    static void deallocate(allocator_type& __a, pointer __p, size_type __n) _NOEXCEPT
    #####: 1555:        {__a.deallocate(__p, __n);}
        -: 1556:
        -: 1557:#ifndef _LIBCPP_HAS_NO_VARIADICS
        -: 1558:    template <class _Tp, class... _Args>
        -: 1559:        _LIBCPP_INLINE_VISIBILITY
        -: 1560:        static void construct(allocator_type& __a, _Tp* __p, _Args&&... __args)
    #####: 1561:            {__construct(__has_construct<allocator_type, _Tp*, _Args...>(),
    #####: 1562:                         __a, __p, _VSTD::forward<_Args>(__args)...);}
        -: 1563:#else  // _LIBCPP_HAS_NO_VARIADICS
        -: 1564:    template <class _Tp>
        -: 1565:        _LIBCPP_INLINE_VISIBILITY
        -: 1566:        static void construct(allocator_type&, _Tp* __p)
        -: 1567:            {
        -: 1568:                ::new ((void*)__p) _Tp();
        -: 1569:            }
        -: 1570:    template <class _Tp, class _A0>
        -: 1571:        _LIBCPP_INLINE_VISIBILITY
        -: 1572:        static void construct(allocator_type&, _Tp* __p, const _A0& __a0)
        -: 1573:            {
        -: 1574:                ::new ((void*)__p) _Tp(__a0);
        -: 1575:            }
        -: 1576:    template <class _Tp, class _A0, class _A1>
        -: 1577:        _LIBCPP_INLINE_VISIBILITY
        -: 1578:        static void construct(allocator_type&, _Tp* __p, const _A0& __a0,
        -: 1579:                              const _A1& __a1)
        -: 1580:            {
        -: 1581:                ::new ((void*)__p) _Tp(__a0, __a1);
        -: 1582:            }
        -: 1583:    template <class _Tp, class _A0, class _A1, class _A2>
        -: 1584:        _LIBCPP_INLINE_VISIBILITY
        -: 1585:        static void construct(allocator_type&, _Tp* __p, const _A0& __a0,
        -: 1586:                              const _A1& __a1, const _A2& __a2)
        -: 1587:            {
        -: 1588:                ::new ((void*)__p) _Tp(__a0, __a1, __a2);
        -: 1589:            }
        -: 1590:#endif  // _LIBCPP_HAS_NO_VARIADICS
        -: 1591:
        -: 1592:    template <class _Tp>
        -: 1593:        _LIBCPP_INLINE_VISIBILITY
        -: 1594:        static void destroy(allocator_type& __a, _Tp* __p)
    #####: 1595:            {__destroy(__has_destroy<allocator_type, _Tp*>(), __a, __p);}
        -: 1596:
        -: 1597:    _LIBCPP_INLINE_VISIBILITY
        -: 1598:    static size_type max_size(const allocator_type& __a) _NOEXCEPT
    #####: 1599:        {return __max_size(__has_max_size<const allocator_type>(), __a);}
        -: 1600:
        -: 1601:    _LIBCPP_INLINE_VISIBILITY
        -: 1602:    static allocator_type
        -: 1603:        select_on_container_copy_construction(const allocator_type& __a)
    #####: 1604:            {return __select_on_container_copy_construction(
    #####: 1605:                __has_select_on_container_copy_construction<const allocator_type>(),
    #####: 1606:                __a);}
        -: 1607:
        -: 1608:    template <class _Ptr>
        -: 1609:        _LIBCPP_INLINE_VISIBILITY
        -: 1610:        static
        -: 1611:        void
        -: 1612:        __construct_forward(allocator_type& __a, _Ptr __begin1, _Ptr __end1, _Ptr& __begin2)
        -: 1613:        {
        -: 1614:            for (; __begin1 != __end1; ++__begin1, ++__begin2)
        -: 1615:                construct(__a, _VSTD::__to_raw_pointer(__begin2), _VSTD::move_if_noexcept(*__begin1));
        -: 1616:        }
        -: 1617:
        -: 1618:    template <class _Tp>
        -: 1619:        _LIBCPP_INLINE_VISIBILITY
        -: 1620:        static
        -: 1621:        typename enable_if
        -: 1622:        <
        -: 1623:            (is_same<allocator_type, allocator<_Tp> >::value
        -: 1624:                || !__has_construct<allocator_type, _Tp*, _Tp>::value) &&
        -: 1625:             is_trivially_move_constructible<_Tp>::value,
        -: 1626:            void
        -: 1627:        >::type
        -: 1628:        __construct_forward(allocator_type&, _Tp* __begin1, _Tp* __end1, _Tp*& __begin2)
        -: 1629:        {
        -: 1630:            ptrdiff_t _Np = __end1 - __begin1;
        -: 1631:            if (_Np > 0)
        -: 1632:            {
        -: 1633:                _VSTD::memcpy(__begin2, __begin1, _Np * sizeof(_Tp));
        -: 1634:                __begin2 += _Np;
        -: 1635:            }
        -: 1636:        }
        -: 1637:
        -: 1638:    template <class _Iter, class _Ptr>
        -: 1639:        _LIBCPP_INLINE_VISIBILITY
        -: 1640:        static
        -: 1641:        void
[...]
        -: 5131:}
        -: 5132:
        -: 5133:#ifndef _LIBCPP_HAS_NO_RVALUE_REFERENCES
        -: 5134:
        -: 5135:template<class _Tp>
        -: 5136:inline
        -: 5137:weak_ptr<_Tp>&
        -: 5138:weak_ptr<_Tp>::operator=(weak_ptr&& __r) _NOEXCEPT
        -: 5139:{
        -: 5140:    weak_ptr(_VSTD::move(__r)).swap(*this);
        -: 5141:    return *this;
        -: 5142:}
        -: 5143:
        -: 5144:template<class _Tp>
        -: 5145:template<class _Yp>
        -: 5146:inline
        -: 5147:typename enable_if
        -: 5148:<
        -: 5149:    is_convertible<_Yp*, _Tp*>::value,
        -: 5150:    weak_ptr<_Tp>&
        -: 5151:>::type
        -: 5152:weak_ptr<_Tp>::operator=(weak_ptr<_Yp>&& __r) _NOEXCEPT
        -: 5153:{
        -: 5154:    weak_ptr(_VSTD::move(__r)).swap(*this);
        -: 5155:    return *this;
        -: 5156:}
        -: 5157:
        -: 5158:#endif  // _LIBCPP_HAS_NO_RVALUE_REFERENCES
        -: 5159:
        -: 5160:template<class _Tp>
        -: 5161:template<class _Yp>
        -: 5162:inline
        -: 5163:typename enable_if
        -: 5164:<
        -: 5165:    is_convertible<_Yp*, _Tp*>::value,
        -: 5166:    weak_ptr<_Tp>&
        -: 5167:>::type
        -: 5168:weak_ptr<_Tp>::operator=(shared_ptr<_Yp> const& __r) _NOEXCEPT
        -: 5169:{
        -: 5170:    weak_ptr(__r).swap(*this);
        -: 5171:    return *this;
        -: 5172:}
        -: 5173:
        -: 5174:template<class _Tp>
        -: 5175:inline
        -: 5176:void
        -: 5177:weak_ptr<_Tp>::swap(weak_ptr& __r) _NOEXCEPT
        -: 5178:{
        -: 5179:    _VSTD::swap(__ptr_, __r.__ptr_);
        -: 5180:    _VSTD::swap(__cntrl_, __r.__cntrl_);
        -: 5181:}
        -: 5182:
        -: 5183:template<class _Tp>
        -: 5184:inline _LIBCPP_INLINE_VISIBILITY
        -: 5185:void
        -: 5186:swap(weak_ptr<_Tp>& __x, weak_ptr<_Tp>& __y) _NOEXCEPT
        -: 5187:{
        -: 5188:    __x.swap(__y);
        -: 5189:}
        -: 5190:
        -: 5191:template<class _Tp>
        -: 5192:inline
        -: 5193:void
        -: 5194:weak_ptr<_Tp>::reset() _NOEXCEPT
        -: 5195:{
        -: 5196:    weak_ptr().swap(*this);
        -: 5197:}
        -: 5198:
        -: 5199:template<class _Tp>
        -: 5200:template<class _Yp>
        -: 5201:shared_ptr<_Tp>::shared_ptr(const weak_ptr<_Yp>& __r,
        -: 5202:                            typename enable_if<is_convertible<_Yp*, element_type*>::value, __nat>::type)
        -: 5203:    : __ptr_(__r.__ptr_),
        -: 5204:      __cntrl_(__r.__cntrl_ ? __r.__cntrl_->lock() : __r.__cntrl_)
        -: 5205:{
        -: 5206:    if (__cntrl_ == 0)
        -: 5207:        __throw_bad_weak_ptr();
        -: 5208:}
        -: 5209:
        -: 5210:template<class _Tp>
        -: 5211:shared_ptr<_Tp>
        -: 5212:weak_ptr<_Tp>::lock() const _NOEXCEPT
        -: 5213:{
        -: 5214:    shared_ptr<_Tp> __r;
        -: 5215:    __r.__cntrl_ = __cntrl_ ? __cntrl_->lock() : __cntrl_;
        -: 5216:    if (__r.__cntrl_)
        -: 5217:        __r.__ptr_ = __ptr_;
        -: 5218:    return __r;
        -: 5219:}
        -: 5220:
        -: 5221:#if _LIBCPP_STD_VER > 14
        -: 5222:template <class _Tp = void> struct owner_less;
        -: 5223:#else
        -: 5224:template <class _Tp> struct owner_less;
        -: 5225:#endif
        -: 5226:
        -: 5227:template <class _Tp>
        -: 5228:struct _LIBCPP_TEMPLATE_VIS owner_less<shared_ptr<_Tp> >
        -: 5229:    : binary_function<shared_ptr<_Tp>, shared_ptr<_Tp>, bool>
        -: 5230:{
        -: 5231:    typedef bool result_type;
        -: 5232:    _LIBCPP_INLINE_VISIBILITY
        -: 5233:    bool operator()(shared_ptr<_Tp> const& __x, shared_ptr<_Tp> const& __y) const _NOEXCEPT
        -: 5234:        {return __x.owner_before(__y);}
        -: 5235:    _LIBCPP_INLINE_VISIBILITY
        -: 5236:    bool operator()(shared_ptr<_Tp> const& __x,   weak_ptr<_Tp> const& __y) const _NOEXCEPT
        -: 5237:        {return __x.owner_before(__y);}
        -: 5238:    _LIBCPP_INLINE_VISIBILITY
        -: 5239:    bool operator()(  weak_ptr<_Tp> const& __x, shared_ptr<_Tp> const& __y) const _NOEXCEPT
        -: 5240:        {return __x.owner_before(__y);}
        -: 5241:};
        -: 5242:
        -: 5243:template <class _Tp>
        -: 5244:struct _LIBCPP_TEMPLATE_VIS owner_less<weak_ptr<_Tp> >
        -: 5245:    : binary_function<weak_ptr<_Tp>, weak_ptr<_Tp>, bool>
        -: 5246:{
        -: 5247:    typedef bool result_type;
        -: 5248:    _LIBCPP_INLINE_VISIBILITY
        -: 5249:    bool operator()(  weak_ptr<_Tp> const& __x,   weak_ptr<_Tp> const& __y) const _NOEXCEPT
        -: 5250:        {return __x.owner_before(__y);}
        -: 5251:    _LIBCPP_INLINE_VISIBILITY
        -: 5252:    bool operator()(shared_ptr<_Tp> const& __x,   weak_ptr<_Tp> const& __y) const _NOEXCEPT
        -: 5253:        {return __x.owner_before(__y);}
        -: 5254:    _LIBCPP_INLINE_VISIBILITY
        -: 5255:    bool operator()(  weak_ptr<_Tp> const& __x, shared_ptr<_Tp> const& __y) const _NOEXCEPT
        -: 5256:        {return __x.owner_before(__y);}
        -: 5257:};
        -: 5258:
        -: 5259:#if _LIBCPP_STD_VER > 14
        -: 5260:template <>
        -: 5261:struct _LIBCPP_TEMPLATE_VIS owner_less<void>
        -: 5262:{
        -: 5263:    template <class _Tp, class _Up>
        -: 5264:    _LIBCPP_INLINE_VISIBILITY
        -: 5265:    bool operator()( shared_ptr<_Tp> const& __x, shared_ptr<_Up> const& __y) const _NOEXCEPT
        -: 5266:        {return __x.owner_before(__y);}
        -: 5267:    template <class _Tp, class _Up>
        -: 5268:    _LIBCPP_INLINE_VISIBILITY
        -: 5269:    bool operator()( shared_ptr<_Tp> const& __x,   weak_ptr<_Up> const& __y) const _NOEXCEPT
        -: 5270:        {return __x.owner_before(__y);}
        -: 5271:    template <class _Tp, class _Up>
        -: 5272:    _LIBCPP_INLINE_VISIBILITY
        -: 5273:    bool operator()(   weak_ptr<_Tp> const& __x, shared_ptr<_Up> const& __y) const _NOEXCEPT
        -: 5274:        {return __x.owner_before(__y);}
        -: 5275:    template <class _Tp, class _Up>
        -: 5276:    _LIBCPP_INLINE_VISIBILITY
        -: 5277:    bool operator()(   weak_ptr<_Tp> const& __x,   weak_ptr<_Up> const& __y) const _NOEXCEPT
        -: 5278:        {return __x.owner_before(__y);}
        -: 5279:    typedef void is_transparent;
        -: 5280:};
        -: 5281:#endif
        -: 5282:
        -: 5283:template<class _Tp>
        -: 5284:class _LIBCPP_TEMPLATE_VIS enable_shared_from_this
        -: 5285:{
        -: 5286:    mutable weak_ptr<_Tp> __weak_this_;
        -: 5287:protected:
        -: 5288:    _LIBCPP_INLINE_VISIBILITY _LIBCPP_CONSTEXPR
        -: 5289:    enable_shared_from_this() _NOEXCEPT {}
        -: 5290:    _LIBCPP_INLINE_VISIBILITY
        -: 5291:    enable_shared_from_this(enable_shared_from_this const&) _NOEXCEPT {}
        -: 5292:    _LIBCPP_INLINE_VISIBILITY
        -: 5293:    enable_shared_from_this& operator=(enable_shared_from_this const&) _NOEXCEPT
        -: 5294:        {return *this;}
        -: 5295:    _LIBCPP_INLINE_VISIBILITY
        -: 5296:    ~enable_shared_from_this() {}
        -: 5297:public:
        -: 5298:    _LIBCPP_INLINE_VISIBILITY
        -: 5299:    shared_ptr<_Tp> shared_from_this()
        -: 5300:        {return shared_ptr<_Tp>(__weak_this_);}
        -: 5301:    _LIBCPP_INLINE_VISIBILITY
        -: 5302:    shared_ptr<_Tp const> shared_from_this() const
        -: 5303:        {return shared_ptr<const _Tp>(__weak_this_);}
        -: 5304:
        -: 5305:#if _LIBCPP_STD_VER > 14
        -: 5306:    _LIBCPP_INLINE_VISIBILITY
        -: 5307:    weak_ptr<_Tp> weak_from_this() _NOEXCEPT
        -: 5308:       { return __weak_this_; }
        -: 5309:
        -: 5310:    _LIBCPP_INLINE_VISIBILITY
        -: 5311:    weak_ptr<const _Tp> weak_from_this() const _NOEXCEPT
        -: 5312:        { return __weak_this_; }
        -: 5313:#endif // _LIBCPP_STD_VER > 14
        -: 5314:
        -: 5315:    template <class _Up> friend class shared_ptr;
        -: 5316:};
        -: 5317:
        -: 5318:template <class _Tp>
        -: 5319:struct _LIBCPP_TEMPLATE_VIS hash<shared_ptr<_Tp> >
        -: 5320:{
        -: 5321:    typedef shared_ptr<_Tp>      argument_type;
        -: 5322:    typedef size_t               result_type;
        -: 5323:
        -: 5324:    _LIBCPP_INLINE_VISIBILITY
        -: 5325:    result_type operator()(const argument_type& __ptr) const _NOEXCEPT
        -: 5326:    {
        -: 5327:        return hash<_Tp*>()(__ptr.get());
        -: 5328:    }
        -: 5329:};
        -: 5330:
        -: 5331:template<class _CharT, class _Traits, class _Yp>
        -: 5332:inline _LIBCPP_INLINE_VISIBILITY
        -: 5333:basic_ostream<_CharT, _Traits>&
        -: 5334:operator<<(basic_ostream<_CharT, _Traits>& __os, shared_ptr<_Yp> const& __p);
        -: 5335:
        -: 5336:
        -: 5337:#if !defined(_LIBCPP_HAS_NO_ATOMIC_HEADER)
        -: 5338:
        -: 5339:class _LIBCPP_TYPE_VIS __sp_mut
        -: 5340:{
        -: 5341:    void* __lx;
        -: 5342:public:
        -: 5343:    void lock() _NOEXCEPT;
        -: 5344:    void unlock() _NOEXCEPT;
        -: 5345:
        -: 5346:private:
        -: 5347:    _LIBCPP_CONSTEXPR __sp_mut(void*) _NOEXCEPT;
        -: 5348:    __sp_mut(const __sp_mut&);
        -: 5349:    __sp_mut& operator=(const __sp_mut&);
        -: 5350:
        -: 5351:    friend _LIBCPP_FUNC_VIS __sp_mut& __get_sp_mut(const void*);
        -: 5352:};
        -: 5353:
        -: 5354:_LIBCPP_FUNC_VIS _LIBCPP_AVAILABILITY_ATOMIC_SHARED_PTR
        -: 5355:__sp_mut& __get_sp_mut(const void*);
        -: 5356:
        -: 5357:template <class _Tp>
        -: 5358:inline _LIBCPP_INLINE_VISIBILITY
        -: 5359:bool
        -: 5360:atomic_is_lock_free(const shared_ptr<_Tp>*)
        -: 5361:{
        -: 5362:    return false;
        -: 5363:}
        -: 5364:
        -: 5365:template <class _Tp>
        -: 5366:_LIBCPP_AVAILABILITY_ATOMIC_SHARED_PTR
        -: 5367:shared_ptr<_Tp>
        -: 5368:atomic_load(const shared_ptr<_Tp>* __p)
        -: 5369:{
        -: 5370:    __sp_mut& __m = __get_sp_mut(__p);
        -: 5371:    __m.lock();
        -: 5372:    shared_ptr<_Tp> __q = *__p;
        -: 5373:    __m.unlock();
        -: 5374:    return __q;
        -: 5375:}
        -: 5376:
        -: 5377:template <class _Tp>
        -: 5378:inline _LIBCPP_INLINE_VISIBILITY
        -: 5379:_LIBCPP_AVAILABILITY_ATOMIC_SHARED_PTR
        -: 5380:shared_ptr<_Tp>
        -: 5381:atomic_load_explicit(const shared_ptr<_Tp>* __p, memory_order)
        -: 5382:{
        -: 5383:    return atomic_load(__p);
        -: 5384:}
        -: 5385:
        -: 5386:template <class _Tp>
        -: 5387:_LIBCPP_AVAILABILITY_ATOMIC_SHARED_PTR
        -: 5388:void
        -: 5389:atomic_store(shared_ptr<_Tp>* __p, shared_ptr<_Tp> __r)
        -: 5390:{
        -: 5391:    __sp_mut& __m = __get_sp_mut(__p);
        -: 5392:    __m.lock();
        -: 5393:    __p->swap(__r);
        -: 5394:    __m.unlock();
        -: 5395:}
        -: 5396:
        -: 5397:template <class _Tp>
        -: 5398:inline _LIBCPP_INLINE_VISIBILITY
        -: 5399:_LIBCPP_AVAILABILITY_ATOMIC_SHARED_PTR
        -: 5400:void
        -: 5401:atomic_store_explicit(shared_ptr<_Tp>* __p, shared_ptr<_Tp> __r, memory_order)
        -: 5402:{
        -: 5403:    atomic_store(__p, __r);
        -: 5404:}
        -: 5405:
        -: 5406:template <class _Tp>
        -: 5407:_LIBCPP_AVAILABILITY_ATOMIC_SHARED_PTR
        -: 5408:shared_ptr<_Tp>
        -: 5409:atomic_exchange(shared_ptr<_Tp>* __p, shared_ptr<_Tp> __r)
        -: 5410:{
        -: 5411:    __sp_mut& __m = __get_sp_mut(__p);
        -: 5412:    __m.lock();
        -: 5413:    __p->swap(__r);
        -: 5414:    __m.unlock();
        -: 5415:    return __r;
        -: 5416:}
        -: 5417:
        -: 5418:template <class _Tp>
        -: 5419:inline _LIBCPP_INLINE_VISIBILITY
        -: 5420:_LIBCPP_AVAILABILITY_ATOMIC_SHARED_PTR
        -: 5421:shared_ptr<_Tp>
        -: 5422:atomic_exchange_explicit(shared_ptr<_Tp>* __p, shared_ptr<_Tp> __r, memory_order)
        -: 5423:{
        -: 5424:    return atomic_exchange(__p, __r);
        -: 5425:}
        -: 5426:
        -: 5427:template <class _Tp>
        -: 5428:_LIBCPP_AVAILABILITY_ATOMIC_SHARED_PTR
        -: 5429:bool
        -: 5430:atomic_compare_exchange_strong(shared_ptr<_Tp>* __p, shared_ptr<_Tp>* __v, shared_ptr<_Tp> __w)
        -: 5431:{
        -: 5432:    shared_ptr<_Tp> __temp;
        -: 5433:    __sp_mut& __m = __get_sp_mut(__p);
        -: 5434:    __m.lock();
        -: 5435:    if (__p->__owner_equivalent(*__v))
        -: 5436:    {
        -: 5437:        _VSTD::swap(__temp, *__p);
        -: 5438:        *__p = __w;
        -: 5439:        __m.unlock();
        -: 5440:        return true;
        -: 5441:    }
        -: 5442:    _VSTD::swap(__temp, *__v);
        -: 5443:    *__v = *__p;
        -: 5444:    __m.unlock();
        -: 5445:    return false;
        -: 5446:}
        -: 5447:
        -: 5448:template <class _Tp>
        -: 5449:inline _LIBCPP_INLINE_VISIBILITY
        -: 5450:_LIBCPP_AVAILABILITY_ATOMIC_SHARED_PTR
        -: 5451:bool
        -: 5452:atomic_compare_exchange_weak(shared_ptr<_Tp>* __p, shared_ptr<_Tp>* __v, shared_ptr<_Tp> __w)
        -: 5453:{
        -: 5454:    return atomic_compare_exchange_strong(__p, __v, __w);
        -: 5455:}
        -: 5456:
        -: 5457:template <class _Tp>
        -: 5458:inline _LIBCPP_INLINE_VISIBILITY
        -: 5459:_LIBCPP_AVAILABILITY_ATOMIC_SHARED_PTR
        -: 5460:bool
        -: 5461:atomic_compare_exchange_strong_explicit(shared_ptr<_Tp>* __p, shared_ptr<_Tp>* __v,
        -: 5462:                                        shared_ptr<_Tp> __w, memory_order, memory_order)
        -: 5463:{
        -: 5464:    return atomic_compare_exchange_strong(__p, __v, __w);
        -: 5465:}
        -: 5466:
        -: 5467:template <class _Tp>
        -: 5468:inline _LIBCPP_INLINE_VISIBILITY
        -: 5469:_LIBCPP_AVAILABILITY_ATOMIC_SHARED_PTR
        -: 5470:bool
        -: 5471:atomic_compare_exchange_weak_explicit(shared_ptr<_Tp>* __p, shared_ptr<_Tp>* __v,
        -: 5472:                                      shared_ptr<_Tp> __w, memory_order, memory_order)
        -: 5473:{
        -: 5474:    return atomic_compare_exchange_weak(__p, __v, __w);
        -: 5475:}
        -: 5476:
        -: 5477:#endif  // !defined(_LIBCPP_HAS_NO_ATOMIC_HEADER)
        -: 5478:
        -: 5479://enum class
        -: 5480:#if defined(_LIBCPP_ABI_POINTER_SAFETY_ENUM_TYPE)
        -: 5481:# ifndef _LIBCPP_CXX03_LANG
        -: 5482:enum class pointer_safety : unsigned char {
        -: 5483:  relaxed,
        -: 5484:  preferred,
        -: 5485:  strict
        -: 5486:};
        -: 5487:# endif
        -: 5488:#else
        -: 5489:struct _LIBCPP_TYPE_VIS pointer_safety
        -: 5490:{
        -: 5491:    enum __lx
        -: 5492:    {
        -: 5493:        relaxed,
        -: 5494:        preferred,
        -: 5495:        strict
        -: 5496:    };
        -: 5497:
        -: 5498:    __lx __v_;
        -: 5499:
        -: 5500:    _LIBCPP_INLINE_VISIBILITY
        -: 5501:    pointer_safety() : __v_() {}
        -: 5502:
        -: 5503:    _LIBCPP_INLINE_VISIBILITY
        -: 5504:    pointer_safety(__lx __v) : __v_(__v) {}
        -: 5505:    _LIBCPP_INLINE_VISIBILITY
        -: 5506:    operator int() const {return __v_;}
        -: 5507:};
        -: 5508:#endif
        -: 5509:
        -: 5510:#if !defined(_LIBCPP_ABI_POINTER_SAFETY_ENUM_TYPE) && \
        -: 5511:    defined(_LIBCPP_BUILDING_MEMORY)
        -: 5512:_LIBCPP_FUNC_VIS pointer_safety get_pointer_safety() _NOEXCEPT;
        -: 5513:#else
        -: 5514:// This function is only offered in C++03 under ABI v1.
        -: 5515:# if !defined(_LIBCPP_ABI_POINTER_SAFETY_ENUM_TYPE) || !defined(_LIBCPP_CXX03_LANG)
        -: 5516:inline _LIBCPP_INLINE_VISIBILITY
        -: 5517:pointer_safety get_pointer_safety() _NOEXCEPT {
        -: 5518:  return pointer_safety::relaxed;
        -: 5519:}
        -: 5520:# endif
        -: 5521:#endif
        -: 5522:
        -: 5523:
        -: 5524:_LIBCPP_FUNC_VIS void declare_reachable(void* __p);
        -: 5525:_LIBCPP_FUNC_VIS void declare_no_pointers(char* __p, size_t __n);
        -: 5526:_LIBCPP_FUNC_VIS void undeclare_no_pointers(char* __p, size_t __n);
        -: 5527:_LIBCPP_FUNC_VIS void* __undeclare_reachable(void* __p);
        -: 5528:
        -: 5529:template <class _Tp>
        -: 5530:inline _LIBCPP_INLINE_VISIBILITY
        -: 5531:_Tp*
        -: 5532:undeclare_reachable(_Tp* __p)
        -: 5533:{
        -: 5534:    return static_cast<_Tp*>(__undeclare_reachable(__p));
        -: 5535:}
        -: 5536:
        -: 5537:_LIBCPP_FUNC_VIS void* align(size_t __align, size_t __sz, void*& __ptr, size_t& __space);
        -: 5538:
        -: 5539:// --- Helper for container swap --
        -: 5540:template <typename _Alloc>
        -: 5541:inline _LIBCPP_INLINE_VISIBILITY
        -: 5542:void __swap_allocator(_Alloc & __a1, _Alloc & __a2)
        -: 5543:#if _LIBCPP_STD_VER >= 14
        -: 5544:    _NOEXCEPT
        -: 5545:#else
        -: 5546:    _NOEXCEPT_(__is_nothrow_swappable<_Alloc>::value)
        -: 5547:#endif
        -: 5548:{
        -: 5549:    __swap_allocator(__a1, __a2,
        -: 5550:      integral_constant<bool, _VSTD::allocator_traits<_Alloc>::propagate_on_container_swap::value>());
        -: 5551:}
        -: 5552:
        -: 5553:template <typename _Alloc>
        -: 5554:_LIBCPP_INLINE_VISIBILITY
        -: 5555:void __swap_allocator(_Alloc & __a1, _Alloc & __a2, true_type)
        -: 5556:#if _LIBCPP_STD_VER >= 14
        -: 5557:    _NOEXCEPT
        -: 5558:#else
        -: 5559:    _NOEXCEPT_(__is_nothrow_swappable<_Alloc>::value)
        -: 5560:#endif
        -: 5561:{
        -: 5562:    using _VSTD::swap;
        -: 5563:    swap(__a1, __a2);
        -: 5564:}
        -: 5565:
        -: 5566:template <typename _Alloc>
        -: 5567:inline _LIBCPP_INLINE_VISIBILITY
        -: 5568:void __swap_allocator(_Alloc &, _Alloc &, false_type) _NOEXCEPT {}
        -: 5569:
        -: 5570:template <typename _Alloc, typename _Traits=allocator_traits<_Alloc> >
        -: 5571:struct __noexcept_move_assign_container : public integral_constant<bool,
        -: 5572:    _Traits::propagate_on_container_move_assignment::value
        -: 5573:#if _LIBCPP_STD_VER > 14
        -: 5574:        || _Traits::is_always_equal::value
        -: 5575:#else
        -: 5576:        && is_nothrow_move_assignable<_Alloc>::value
        -: 5577:#endif
        -: 5578:    > {};
        -: 5579:
        -: 5580:
        -: 5581:#ifndef _LIBCPP_HAS_NO_VARIADICS
        -: 5582:template <class _Tp, class _Alloc>
        -: 5583:struct __temp_value {
        -: 5584:    typedef allocator_traits<_Alloc> _Traits;
        -: 5585:
        -: 5586:    typename aligned_storage<sizeof(_Tp), alignof(_Tp)>::type __v;
        -: 5587:    _Alloc &__a;
        -: 5588:
        -: 5589:    _Tp *__addr() { return reinterpret_cast<_Tp *>(addressof(__v)); }
        -: 5590:    _Tp &   get() { return *__addr(); }
        -: 5591:
        -: 5592:    template<class... _Args>
        -: 5593:    __temp_value(_Alloc &__alloc, _Args&& ... __args) : __a(__alloc)
        -: 5594:    { _Traits::construct(__a, __addr(), _VSTD::forward<_Args>(__args)...); }
        -: 5595:
        -: 5596:    ~__temp_value() { _Traits::destroy(__a, __addr()); }
        -: 5597:    };
        -: 5598:#endif
        -: 5599:
        -: 5600:_LIBCPP_END_NAMESPACE_STD
        -: 5601:
        -: 5602:_LIBCPP_POP_MACROS
        -: 5603:
        -: 5604:#endif  // _LIBCPP_MEMORY
