        -:    0:Source:/Applications/Xcode.app/Contents/Developer/Toolchains/XcodeDefault.xctoolchain/usr/include/c++/v1/string
        -:    0:Graph:randomUnitary.gcno
        -:    0:Data:randomUnitary.gcda
        -:    0:Runs:2
        -:    0:Programs:1
        -:    1:// -*- C++ -*-
        -:    2://===--------------------------- string -----------------------------------===//
        -:    3://
        -:    4://                     The LLVM Compiler Infrastructure
        -:    5://
        -:    6:// This file is distributed under the University of Illinois Open Source
        -:    7:// License. See LICENSE.TXT for details.
        -:    8://
        -:    9://===----------------------------------------------------------------------===//
        -:   10:
        -:   11:#ifndef _LIBCPP_STRING
        -:   12:#define _LIBCPP_STRING
        -:   13:
        -:   14:/*
        -:   15:    string synopsis
        -:   16:
        -:   17:namespace std
        -:   18:{
        -:   19:
        -:   20:template <class stateT>
        -:   21:class fpos
        -:   22:{
        -:   23:private:
        -:   24:    stateT st;
        -:   25:public:
        -:   26:    fpos(streamoff = streamoff());
        -:   27:
        -:   28:    operator streamoff() const;
        -:   29:
        -:   30:    stateT state() const;
        -:   31:    void state(stateT);
        -:   32:
        -:   33:    fpos& operator+=(streamoff);
        -:   34:    fpos  operator+ (streamoff) const;
        -:   35:    fpos& operator-=(streamoff);
        -:   36:    fpos  operator- (streamoff) const;
        -:   37:};
        -:   38:
        -:   39:template <class stateT> streamoff operator-(const fpos<stateT>& x, const fpos<stateT>& y);
        -:   40:
        -:   41:template <class stateT> bool operator==(const fpos<stateT>& x, const fpos<stateT>& y);
        -:   42:template <class stateT> bool operator!=(const fpos<stateT>& x, const fpos<stateT>& y);
        -:   43:
        -:   44:template <class charT>
        -:   45:struct char_traits
        -:   46:{
        -:   47:    typedef charT     char_type;
        -:   48:    typedef ...       int_type;
        -:   49:    typedef streamoff off_type;
        -:   50:    typedef streampos pos_type;
        -:   51:    typedef mbstate_t state_type;
        -:   52:
        -:   53:    static void assign(char_type& c1, const char_type& c2) noexcept;
        -:   54:    static constexpr bool eq(char_type c1, char_type c2) noexcept;
        -:   55:    static constexpr bool lt(char_type c1, char_type c2) noexcept;
        -:   56:
        -:   57:    static int              compare(const char_type* s1, const char_type* s2, size_t n);
        -:   58:    static size_t           length(const char_type* s);
        -:   59:    static const char_type* find(const char_type* s, size_t n, const char_type& a);
        -:   60:    static char_type*       move(char_type* s1, const char_type* s2, size_t n);
        -:   61:    static char_type*       copy(char_type* s1, const char_type* s2, size_t n);
        -:   62:    static char_type*       assign(char_type* s, size_t n, char_type a);
        -:   63:
        -:   64:    static constexpr int_type  not_eof(int_type c) noexcept;
        -:   65:    static constexpr char_type to_char_type(int_type c) noexcept;
        -:   66:    static constexpr int_type  to_int_type(char_type c) noexcept;
        -:   67:    static constexpr bool      eq_int_type(int_type c1, int_type c2) noexcept;
        -:   68:    static constexpr int_type  eof() noexcept;
        -:   69:};
        -:   70:
        -:   71:template <> struct char_traits<char>;
        -:   72:template <> struct char_traits<wchar_t>;
        -:   73:
        -:   74:template<class charT, class traits = char_traits<charT>, class Allocator = allocator<charT> >
        -:   75:class basic_string
        -:   76:{
        -:   77:public:
        -:   78:// types:
        -:   79:    typedef traits traits_type;
        -:   80:    typedef typename traits_type::char_type value_type;
        -:   81:    typedef Allocator allocator_type;
        -:   82:    typedef typename allocator_type::size_type size_type;
        -:   83:    typedef typename allocator_type::difference_type difference_type;
        -:   84:    typedef typename allocator_type::reference reference;
        -:   85:    typedef typename allocator_type::const_reference const_reference;
        -:   86:    typedef typename allocator_type::pointer pointer;
        -:   87:    typedef typename allocator_type::const_pointer const_pointer;
        -:   88:    typedef implementation-defined iterator;
        -:   89:    typedef implementation-defined const_iterator;
        -:   90:    typedef std::reverse_iterator<iterator> reverse_iterator;
        -:   91:    typedef std::reverse_iterator<const_iterator> const_reverse_iterator;
        -:   92:
        -:   93:    static const size_type npos = -1;
        -:   94:
        -:   95:    basic_string()
        -:   96:        noexcept(is_nothrow_default_constructible<allocator_type>::value);
        -:   97:    explicit basic_string(const allocator_type& a);
        -:   98:    basic_string(const basic_string& str);
        -:   99:    basic_string(basic_string&& str)
        -:  100:        noexcept(is_nothrow_move_constructible<allocator_type>::value);
        -:  101:    basic_string(const basic_string& str, size_type pos,
        -:  102:                 const allocator_type& a = allocator_type());
        -:  103:    basic_string(const basic_string& str, size_type pos, size_type n,
        -:  104:                 const Allocator& a = Allocator());
        -:  105:    template<class T>
        -:  106:        basic_string(const T& t, size_type pos, size_type n, const Allocator& a = Allocator()); // C++17
        -:  107:    explicit basic_string(const basic_string_view<charT, traits> sv, const Allocator& a = Allocator());
        -:  108:    basic_string(const value_type* s, const allocator_type& a = allocator_type());
        -:  109:    basic_string(const value_type* s, size_type n, const allocator_type& a = allocator_type());
        -:  110:    basic_string(size_type n, value_type c, const allocator_type& a = allocator_type());
        -:  111:    template<class InputIterator>
        -:  112:        basic_string(InputIterator begin, InputIterator end,
        -:  113:                     const allocator_type& a = allocator_type());
        -:  114:    basic_string(initializer_list<value_type>, const Allocator& = Allocator());
        -:  115:    basic_string(const basic_string&, const Allocator&);
        -:  116:    basic_string(basic_string&&, const Allocator&);
        -:  117:
        -:  118:    ~basic_string();
        -:  119:
        -:  120:    operator basic_string_view<charT, traits>() const noexcept;
        -:  121:
        -:  122:    basic_string& operator=(const basic_string& str);
        -:  123:    basic_string& operator=(basic_string_view<charT, traits> sv);
        -:  124:    basic_string& operator=(basic_string&& str)
        -:  125:        noexcept(
        -:  126:             allocator_type::propagate_on_container_move_assignment::value ||
        -:  127:             allocator_type::is_always_equal::value ); // C++17
        -:  128:    basic_string& operator=(const value_type* s);
        -:  129:    basic_string& operator=(value_type c);
        -:  130:    basic_string& operator=(initializer_list<value_type>);
        -:  131:
        -:  132:    iterator       begin() noexcept;
        -:  133:    const_iterator begin() const noexcept;
        -:  134:    iterator       end() noexcept;
        -:  135:    const_iterator end() const noexcept;
        -:  136:
        -:  137:    reverse_iterator       rbegin() noexcept;
        -:  138:    const_reverse_iterator rbegin() const noexcept;
        -:  139:    reverse_iterator       rend() noexcept;
        -:  140:    const_reverse_iterator rend() const noexcept;
        -:  141:
        -:  142:    const_iterator         cbegin() const noexcept;
        -:  143:    const_iterator         cend() const noexcept;
        -:  144:    const_reverse_iterator crbegin() const noexcept;
        -:  145:    const_reverse_iterator crend() const noexcept;
        -:  146:
        -:  147:    size_type size() const noexcept;
        -:  148:    size_type length() const noexcept;
        -:  149:    size_type max_size() const noexcept;
        -:  150:    size_type capacity() const noexcept;
        -:  151:
        -:  152:    void resize(size_type n, value_type c);
        -:  153:    void resize(size_type n);
        -:  154:
        -:  155:    void reserve(size_type res_arg = 0);
        -:  156:    void shrink_to_fit();
        -:  157:    void clear() noexcept;
        -:  158:    bool empty() const noexcept;
        -:  159:
        -:  160:    const_reference operator[](size_type pos) const;
        -:  161:    reference       operator[](size_type pos);
        -:  162:
        -:  163:    const_reference at(size_type n) const;
        -:  164:    reference       at(size_type n);
        -:  165:
        -:  166:    basic_string& operator+=(const basic_string& str);
        -:  167:    basic_string& operator+=(basic_string_view<charT, traits> sv);
        -:  168:    basic_string& operator+=(const value_type* s);
        -:  169:    basic_string& operator+=(value_type c);
        -:  170:    basic_string& operator+=(initializer_list<value_type>);
        -:  171:
        -:  172:    basic_string& append(const basic_string& str);
        -:  173:    basic_string& append(basic_string_view<charT, traits> sv);
        -:  174:    basic_string& append(const basic_string& str, size_type pos, size_type n=npos); //C++14
        -:  175:    template <class T>
        -:  176:        basic_string& append(const T& t, size_type pos, size_type n=npos); // C++17
        -:  177:    basic_string& append(const value_type* s, size_type n);
        -:  178:    basic_string& append(const value_type* s);
        -:  179:    basic_string& append(size_type n, value_type c);
        -:  180:    template<class InputIterator>
        -:  181:        basic_string& append(InputIterator first, InputIterator last);
        -:  182:    basic_string& append(initializer_list<value_type>);
        -:  183:
        -:  184:    void push_back(value_type c);
        -:  185:    void pop_back();
        -:  186:    reference       front();
        -:  187:    const_reference front() const;
        -:  188:    reference       back();
        -:  189:    const_reference back() const;
        -:  190:
        -:  191:    basic_string& assign(const basic_string& str);
        -:  192:    basic_string& assign(basic_string_view<charT, traits> sv);
        -:  193:    basic_string& assign(basic_string&& str);
        -:  194:    basic_string& assign(const basic_string& str, size_type pos, size_type n=npos); // C++14
        -:  195:    template <class T>
        -:  196:        basic_string& assign(const T& t, size_type pos, size_type n=npos); // C++17
        -:  197:    basic_string& assign(const value_type* s, size_type n);
        -:  198:    basic_string& assign(const value_type* s);
        -:  199:    basic_string& assign(size_type n, value_type c);
        -:  200:    template<class InputIterator>
        -:  201:        basic_string& assign(InputIterator first, InputIterator last);
        -:  202:    basic_string& assign(initializer_list<value_type>);
        -:  203:
        -:  204:    basic_string& insert(size_type pos1, const basic_string& str);
        -:  205:    basic_string& insert(size_type pos1, basic_string_view<charT, traits> sv);
        -:  206:    basic_string& insert(size_type pos1, const basic_string& str,
        -:  207:                         size_type pos2, size_type n);
        -:  208:    template <class T>
        -:  209:        basic_string& insert(size_type pos1, const T& t, size_type pos2, size_type n); // C++17
        -:  210:    basic_string& insert(size_type pos, const value_type* s, size_type n=npos); //C++14
        -:  211:    basic_string& insert(size_type pos, const value_type* s);
        -:  212:    basic_string& insert(size_type pos, size_type n, value_type c);
        -:  213:    iterator      insert(const_iterator p, value_type c);
        -:  214:    iterator      insert(const_iterator p, size_type n, value_type c);
        -:  215:    template<class InputIterator>
        -:  216:        iterator insert(const_iterator p, InputIterator first, InputIterator last);
        -:  217:    iterator      insert(const_iterator p, initializer_list<value_type>);
        -:  218:
        -:  219:    basic_string& erase(size_type pos = 0, size_type n = npos);
        -:  220:    iterator      erase(const_iterator position);
        -:  221:    iterator      erase(const_iterator first, const_iterator last);
        -:  222:
        -:  223:    basic_string& replace(size_type pos1, size_type n1, const basic_string& str);
        -:  224:    basic_string& replace(size_type pos1, size_type n1, basic_string_view<charT, traits> sv);
        -:  225:    basic_string& replace(size_type pos1, size_type n1, const basic_string& str,
        -:  226:                          size_type pos2, size_type n2=npos); // C++14
        -:  227:    template <class T>
        -:  228:        basic_string& replace(size_type pos1, size_type n1, const T& t,
        -:  229:                              size_type pos2, size_type n); // C++17
        -:  230:    basic_string& replace(size_type pos, size_type n1, const value_type* s, size_type n2);
        -:  231:    basic_string& replace(size_type pos, size_type n1, const value_type* s);
        -:  232:    basic_string& replace(size_type pos, size_type n1, size_type n2, value_type c);
        -:  233:    basic_string& replace(const_iterator i1, const_iterator i2, const basic_string& str);
        -:  234:    basic_string& replace(const_iterator i1, const_iterator i2, basic_string_view<charT, traits> sv);
        -:  235:    basic_string& replace(const_iterator i1, const_iterator i2, const value_type* s, size_type n);
        -:  236:    basic_string& replace(const_iterator i1, const_iterator i2, const value_type* s);
        -:  237:    basic_string& replace(const_iterator i1, const_iterator i2, size_type n, value_type c);
        -:  238:    template<class InputIterator>
        -:  239:        basic_string& replace(const_iterator i1, const_iterator i2, InputIterator j1, InputIterator j2);
        -:  240:    basic_string& replace(const_iterator i1, const_iterator i2, initializer_list<value_type>);
        -:  241:
        -:  242:    size_type copy(value_type* s, size_type n, size_type pos = 0) const;
        -:  243:    basic_string substr(size_type pos = 0, size_type n = npos) const;
        -:  244:
        -:  245:    void swap(basic_string& str)
        -:  246:        noexcept(allocator_traits<allocator_type>::propagate_on_container_swap::value ||
        -:  247:                 allocator_traits<allocator_type>::is_always_equal::value);  // C++17
        -:  248:
        -:  249:    const value_type* c_str() const noexcept;
        -:  250:    const value_type* data() const noexcept;
        -:  251:          value_type* data()       noexcept;   // C++17
        -:  252:
        -:  253:    allocator_type get_allocator() const noexcept;
        -:  254:
        -:  255:    size_type find(const basic_string& str, size_type pos = 0) const noexcept;
        -:  256:    size_type find(basic_string_view<charT, traits> sv, size_type pos = 0) const noexcept;
        -:  257:    size_type find(const value_type* s, size_type pos, size_type n) const noexcept;
        -:  258:    size_type find(const value_type* s, size_type pos = 0) const noexcept;
        -:  259:    size_type find(value_type c, size_type pos = 0) const noexcept;
        -:  260:
        -:  261:    size_type rfind(const basic_string& str, size_type pos = npos) const noexcept;
        -:  262:    size_type rfind(basic_string_view<charT, traits> sv, size_type pos = npos) const noexcept;
        -:  263:    size_type rfind(const value_type* s, size_type pos, size_type n) const noexcept;
        -:  264:    size_type rfind(const value_type* s, size_type pos = npos) const noexcept;
        -:  265:    size_type rfind(value_type c, size_type pos = npos) const noexcept;
        -:  266:
        -:  267:    size_type find_first_of(const basic_string& str, size_type pos = 0) const noexcept;
        -:  268:    size_type find_first_of(basic_string_view<charT, traits> sv, size_type pos = 0) const noexcept;
        -:  269:    size_type find_first_of(const value_type* s, size_type pos, size_type n) const noexcept;
        -:  270:    size_type find_first_of(const value_type* s, size_type pos = 0) const noexcept;
        -:  271:    size_type find_first_of(value_type c, size_type pos = 0) const noexcept;
        -:  272:
        -:  273:    size_type find_last_of(const basic_string& str, size_type pos = npos) const noexcept;
        -:  274:    size_type find_last_of(basic_string_view<charT, traits> sv, size_type pos = npos) const noexcept;
        -:  275:    size_type find_last_of(const value_type* s, size_type pos, size_type n) const noexcept;
        -:  276:    size_type find_last_of(const value_type* s, size_type pos = npos) const noexcept;
        -:  277:    size_type find_last_of(value_type c, size_type pos = npos) const noexcept;
        -:  278:
        -:  279:    size_type find_first_not_of(const basic_string& str, size_type pos = 0) const noexcept;
        -:  280:    size_type find_first_not_of(basic_string_view<charT, traits> sv, size_type pos = 0) const noexcept;
        -:  281:    size_type find_first_not_of(const value_type* s, size_type pos, size_type n) const noexcept;
        -:  282:    size_type find_first_not_of(const value_type* s, size_type pos = 0) const noexcept;
        -:  283:    size_type find_first_not_of(value_type c, size_type pos = 0) const noexcept;
        -:  284:
        -:  285:    size_type find_last_not_of(const basic_string& str, size_type pos = npos) const noexcept;
        -:  286:    size_type find_last_not_of(basic_string_view<charT, traits> sv, size_type pos = npos) const noexcept;
        -:  287:    size_type find_last_not_of(const value_type* s, size_type pos, size_type n) const noexcept;
        -:  288:    size_type find_last_not_of(const value_type* s, size_type pos = npos) const noexcept;
        -:  289:    size_type find_last_not_of(value_type c, size_type pos = npos) const noexcept;
        -:  290:
        -:  291:    int compare(const basic_string& str) const noexcept;
        -:  292:    int compare(basic_string_view<charT, traits> sv) const noexcept;
        -:  293:    int compare(size_type pos1, size_type n1, const basic_string& str) const;
        -:  294:    int compare(size_type pos1, size_type n1, basic_string_view<charT, traits> sv) const;
        -:  295:    int compare(size_type pos1, size_type n1, const basic_string& str,
        -:  296:                size_type pos2, size_type n2=npos) const; // C++14
        -:  297:    template <class T>
        -:  298:        int compare(size_type pos1, size_type n1, const T& t,
        -:  299:                    size_type pos2, size_type n2=npos) const; // C++17
        -:  300:    int compare(const value_type* s) const noexcept;
        -:  301:    int compare(size_type pos1, size_type n1, const value_type* s) const;
        -:  302:    int compare(size_type pos1, size_type n1, const value_type* s, size_type n2) const;
        -:  303:
        -:  304:    bool starts_with(basic_string_view<charT, traits> sv) const noexcept; // C++2a
        -:  305:    bool starts_with(charT c) const noexcept;                             // C++2a
        -:  306:    bool starts_with(const charT* s) const;                               // C++2a
        -:  307:    bool ends_with(basic_string_view<charT, traits> sv) const noexcept;   // C++2a
        -:  308:    bool ends_with(charT c) const noexcept;                               // C++2a
        -:  309:    bool ends_with(const charT* s) const;                                 // C++2a
        -:  310:
        -:  311:    bool __invariants() const;
        -:  312:};
        -:  313:
        -:  314:template<class charT, class traits, class Allocator>
        -:  315:basic_string<charT, traits, Allocator>
        -:  316:operator+(const basic_string<charT, traits, Allocator>& lhs,
        -:  317:          const basic_string<charT, traits, Allocator>& rhs);
        -:  318:
        -:  319:template<class charT, class traits, class Allocator>
        -:  320:basic_string<charT, traits, Allocator>
        -:  321:operator+(const charT* lhs , const basic_string<charT,traits,Allocator>&rhs);
        -:  322:
        -:  323:template<class charT, class traits, class Allocator>
        -:  324:basic_string<charT, traits, Allocator>
        -:  325:operator+(charT lhs, const basic_string<charT,traits,Allocator>& rhs);
        -:  326:
        -:  327:template<class charT, class traits, class Allocator>
        -:  328:basic_string<charT, traits, Allocator>
        -:  329:operator+(const basic_string<charT, traits, Allocator>& lhs, const charT* rhs);
        -:  330:
        -:  331:template<class charT, class traits, class Allocator>
        -:  332:basic_string<charT, traits, Allocator>
        -:  333:operator+(const basic_string<charT, traits, Allocator>& lhs, charT rhs);
        -:  334:
        -:  335:template<class charT, class traits, class Allocator>
        -:  336:bool operator==(const basic_string<charT, traits, Allocator>& lhs,
        -:  337:                const basic_string<charT, traits, Allocator>& rhs) noexcept;
        -:  338:
        -:  339:template<class charT, class traits, class Allocator>
        -:  340:bool operator==(const charT* lhs, const basic_string<charT, traits, Allocator>& rhs) noexcept;
        -:  341:
        -:  342:template<class charT, class traits, class Allocator>
        -:  343:bool operator==(const basic_string<charT,traits,Allocator>& lhs, const charT* rhs) noexcept;
        -:  344:
        -:  345:template<class charT, class traits, class Allocator>
        -:  346:bool operator!=(const basic_string<charT,traits,Allocator>& lhs,
        -:  347:                const basic_string<charT, traits, Allocator>& rhs) noexcept;
        -:  348:
        -:  349:template<class charT, class traits, class Allocator>
        -:  350:bool operator!=(const charT* lhs, const basic_string<charT, traits, Allocator>& rhs) noexcept;
        -:  351:
        -:  352:template<class charT, class traits, class Allocator>
        -:  353:bool operator!=(const basic_string<charT, traits, Allocator>& lhs, const charT* rhs) noexcept;
        -:  354:
        -:  355:template<class charT, class traits, class Allocator>
        -:  356:bool operator< (const basic_string<charT, traits, Allocator>& lhs,
        -:  357:                const basic_string<charT, traits, Allocator>& rhs) noexcept;
        -:  358:
        -:  359:template<class charT, class traits, class Allocator>
        -:  360:bool operator< (const basic_string<charT, traits, Allocator>& lhs, const charT* rhs) noexcept;
        -:  361:
        -:  362:template<class charT, class traits, class Allocator>
        -:  363:bool operator< (const charT* lhs, const basic_string<charT, traits, Allocator>& rhs) noexcept;
        -:  364:
        -:  365:template<class charT, class traits, class Allocator>
        -:  366:bool operator> (const basic_string<charT, traits, Allocator>& lhs,
        -:  367:                const basic_string<charT, traits, Allocator>& rhs) noexcept;
        -:  368:
        -:  369:template<class charT, class traits, class Allocator>
        -:  370:bool operator> (const basic_string<charT, traits, Allocator>& lhs, const charT* rhs) noexcept;
        -:  371:
        -:  372:template<class charT, class traits, class Allocator>
        -:  373:bool operator> (const charT* lhs, const basic_string<charT, traits, Allocator>& rhs) noexcept;
        -:  374:
        -:  375:template<class charT, class traits, class Allocator>
        -:  376:bool operator<=(const basic_string<charT, traits, Allocator>& lhs,
        -:  377:                const basic_string<charT, traits, Allocator>& rhs) noexcept;
        -:  378:
        -:  379:template<class charT, class traits, class Allocator>
        -:  380:bool operator<=(const basic_string<charT, traits, Allocator>& lhs, const charT* rhs) noexcept;
        -:  381:
        -:  382:template<class charT, class traits, class Allocator>
        -:  383:bool operator<=(const charT* lhs, const basic_string<charT, traits, Allocator>& rhs) noexcept;
        -:  384:
        -:  385:template<class charT, class traits, class Allocator>
        -:  386:bool operator>=(const basic_string<charT, traits, Allocator>& lhs,
        -:  387:                const basic_string<charT, traits, Allocator>& rhs) noexcept;
        -:  388:
        -:  389:template<class charT, class traits, class Allocator>
        -:  390:bool operator>=(const basic_string<charT, traits, Allocator>& lhs, const charT* rhs) noexcept;
        -:  391:
        -:  392:template<class charT, class traits, class Allocator>
        -:  393:bool operator>=(const charT* lhs, const basic_string<charT, traits, Allocator>& rhs) noexcept;
        -:  394:
        -:  395:template<class charT, class traits, class Allocator>
        -:  396:void swap(basic_string<charT, traits, Allocator>& lhs,
        -:  397:          basic_string<charT, traits, Allocator>& rhs)
        -:  398:            noexcept(noexcept(lhs.swap(rhs)));
        -:  399:
        -:  400:template<class charT, class traits, class Allocator>
        -:  401:basic_istream<charT, traits>&
        -:  402:operator>>(basic_istream<charT, traits>& is, basic_string<charT, traits, Allocator>& str);
        -:  403:
        -:  404:template<class charT, class traits, class Allocator>
        -:  405:basic_ostream<charT, traits>&
        -:  406:operator<<(basic_ostream<charT, traits>& os, const basic_string<charT, traits, Allocator>& str);
        -:  407:
        -:  408:template<class charT, class traits, class Allocator>
        -:  409:basic_istream<charT, traits>&
        -:  410:getline(basic_istream<charT, traits>& is, basic_string<charT, traits, Allocator>& str,
        -:  411:        charT delim);
        -:  412:
        -:  413:template<class charT, class traits, class Allocator>
        -:  414:basic_istream<charT, traits>&
        -:  415:getline(basic_istream<charT, traits>& is, basic_string<charT, traits, Allocator>& str);
        -:  416:
        -:  417:typedef basic_string<char>    string;
        -:  418:typedef basic_string<wchar_t> wstring;
        -:  419:typedef basic_string<char16_t> u16string;
        -:  420:typedef basic_string<char32_t> u32string;
        -:  421:
        -:  422:int                stoi  (const string& str, size_t* idx = 0, int base = 10);
        -:  423:long               stol  (const string& str, size_t* idx = 0, int base = 10);
        -:  424:unsigned long      stoul (const string& str, size_t* idx = 0, int base = 10);
        -:  425:long long          stoll (const string& str, size_t* idx = 0, int base = 10);
        -:  426:unsigned long long stoull(const string& str, size_t* idx = 0, int base = 10);
        -:  427:
        -:  428:float       stof (const string& str, size_t* idx = 0);
        -:  429:double      stod (const string& str, size_t* idx = 0);
        -:  430:long double stold(const string& str, size_t* idx = 0);
        -:  431:
        -:  432:string to_string(int val);
        -:  433:string to_string(unsigned val);
        -:  434:string to_string(long val);
        -:  435:string to_string(unsigned long val);
        -:  436:string to_string(long long val);
        -:  437:string to_string(unsigned long long val);
        -:  438:string to_string(float val);
        -:  439:string to_string(double val);
        -:  440:string to_string(long double val);
        -:  441:
        -:  442:int                stoi  (const wstring& str, size_t* idx = 0, int base = 10);
        -:  443:long               stol  (const wstring& str, size_t* idx = 0, int base = 10);
        -:  444:unsigned long      stoul (const wstring& str, size_t* idx = 0, int base = 10);
        -:  445:long long          stoll (const wstring& str, size_t* idx = 0, int base = 10);
        -:  446:unsigned long long stoull(const wstring& str, size_t* idx = 0, int base = 10);
        -:  447:
        -:  448:float       stof (const wstring& str, size_t* idx = 0);
        -:  449:double      stod (const wstring& str, size_t* idx = 0);
        -:  450:long double stold(const wstring& str, size_t* idx = 0);
        -:  451:
        -:  452:wstring to_wstring(int val);
        -:  453:wstring to_wstring(unsigned val);
        -:  454:wstring to_wstring(long val);
        -:  455:wstring to_wstring(unsigned long val);
        -:  456:wstring to_wstring(long long val);
        -:  457:wstring to_wstring(unsigned long long val);
        -:  458:wstring to_wstring(float val);
        -:  459:wstring to_wstring(double val);
        -:  460:wstring to_wstring(long double val);
        -:  461:
        -:  462:template <> struct hash<string>;
        -:  463:template <> struct hash<u16string>;
        -:  464:template <> struct hash<u32string>;
        -:  465:template <> struct hash<wstring>;
        -:  466:
        -:  467:basic_string<char>     operator "" s( const char *str,     size_t len ); // C++14
        -:  468:basic_string<wchar_t>  operator "" s( const wchar_t *str,  size_t len ); // C++14
        -:  469:basic_string<char16_t> operator "" s( const char16_t *str, size_t len ); // C++14
        -:  470:basic_string<char32_t> operator "" s( const char32_t *str, size_t len ); // C++14
        -:  471:
        -:  472:}  // std
        -:  473:
        -:  474:*/
        -:  475:
        -:  476:#include <__config>
        -:  477:#include <string_view>
        -:  478:#include <iosfwd>
        -:  479:#include <cstring>
        -:  480:#include <cstdio>  // For EOF.
        -:  481:#include <cwchar>
        -:  482:#include <algorithm>
        -:  483:#include <iterator>
        -:  484:#include <utility>
        -:  485:#include <memory>
        -:  486:#include <stdexcept>
        -:  487:#include <type_traits>
        -:  488:#include <initializer_list>
        -:  489:#include <__functional_base>
        -:  490:#ifndef _LIBCPP_HAS_NO_UNICODE_CHARS
        -:  491:#include <cstdint>
        -:  492:#endif
        -:  493:
        -:  494:#include <__debug>
        -:  495:
        -:  496:#if !defined(_LIBCPP_HAS_NO_PRAGMA_SYSTEM_HEADER)
        -:  497:#pragma GCC system_header
        -:  498:#endif
        -:  499:
        -:  500:_LIBCPP_PUSH_MACROS
        -:  501:#include <__undef_macros>
        -:  502:
        -:  503:
        -:  504:_LIBCPP_BEGIN_NAMESPACE_STD
        -:  505:
        -:  506:// fpos
        -:  507:
        -:  508:template <class _StateT>
        -:  509:class _LIBCPP_TEMPLATE_VIS fpos
        -:  510:{
        -:  511:private:
        -:  512:    _StateT __st_;
        -:  513:    streamoff __off_;
        -:  514:public:
        -:  515:    _LIBCPP_INLINE_VISIBILITY fpos(streamoff __off = streamoff()) : __st_(), __off_(__off) {}
        -:  516:
        -:  517:    _LIBCPP_INLINE_VISIBILITY operator streamoff() const {return __off_;}
        -:  518:
        -:  519:    _LIBCPP_INLINE_VISIBILITY _StateT state() const {return __st_;}
        -:  520:    _LIBCPP_INLINE_VISIBILITY void state(_StateT __st) {__st_ = __st;}
        -:  521:
        -:  522:    _LIBCPP_INLINE_VISIBILITY fpos& operator+=(streamoff __off) {__off_ += __off; return *this;}
        -:  523:    _LIBCPP_INLINE_VISIBILITY fpos  operator+ (streamoff __off) const {fpos __t(*this); __t += __off; return __t;}
        -:  524:    _LIBCPP_INLINE_VISIBILITY fpos& operator-=(streamoff __off) {__off_ -= __off; return *this;}
        -:  525:    _LIBCPP_INLINE_VISIBILITY fpos  operator- (streamoff __off) const {fpos __t(*this); __t -= __off; return __t;}
        -:  526:};
        -:  527:
        -:  528:template <class _StateT>
        -:  529:inline _LIBCPP_INLINE_VISIBILITY
        -:  530:streamoff operator-(const fpos<_StateT>& __x, const fpos<_StateT>& __y)
        -:  531:    {return streamoff(__x) - streamoff(__y);}
        -:  532:
        -:  533:template <class _StateT>
        -:  534:inline _LIBCPP_INLINE_VISIBILITY
        -:  535:bool operator==(const fpos<_StateT>& __x, const fpos<_StateT>& __y)
        -:  536:    {return streamoff(__x) == streamoff(__y);}
        -:  537:
        -:  538:template <class _StateT>
        -:  539:inline _LIBCPP_INLINE_VISIBILITY
        -:  540:bool operator!=(const fpos<_StateT>& __x, const fpos<_StateT>& __y)
        -:  541:    {return streamoff(__x) != streamoff(__y);}
        -:  542:
        -:  543:// basic_string
        -:  544:
        -:  545:template<class _CharT, class _Traits, class _Allocator>
        -:  546:basic_string<_CharT, _Traits, _Allocator>
        -:  547:operator+(const basic_string<_CharT, _Traits, _Allocator>& __x,
        -:  548:          const basic_string<_CharT, _Traits, _Allocator>& __y);
        -:  549:
        -:  550:template<class _CharT, class _Traits, class _Allocator>
        -:  551:basic_string<_CharT, _Traits, _Allocator>
        -:  552:operator+(const _CharT* __x, const basic_string<_CharT,_Traits,_Allocator>& __y);
        -:  553:
        -:  554:template<class _CharT, class _Traits, class _Allocator>
        -:  555:basic_string<_CharT, _Traits, _Allocator>
        -:  556:operator+(_CharT __x, const basic_string<_CharT,_Traits,_Allocator>& __y);
        -:  557:
        -:  558:template<class _CharT, class _Traits, class _Allocator>
        -:  559:basic_string<_CharT, _Traits, _Allocator>
        -:  560:operator+(const basic_string<_CharT, _Traits, _Allocator>& __x, const _CharT* __y);
        -:  561:
        -:  562:template<class _CharT, class _Traits, class _Allocator>
        -:  563:basic_string<_CharT, _Traits, _Allocator>
        -:  564:operator+(const basic_string<_CharT, _Traits, _Allocator>& __x, _CharT __y);
        -:  565:
        -:  566:_LIBCPP_EXTERN_TEMPLATE(_LIBCPP_FUNC_VIS string operator+<char, char_traits<char>, allocator<char> >(char const*, string const&))
        -:  567:
        -:  568:template <bool>
        -:  569:class _LIBCPP_TEMPLATE_VIS __basic_string_common
        -:  570:{
        -:  571:protected:
        -:  572:    _LIBCPP_NORETURN void __throw_length_error() const;
        -:  573:    _LIBCPP_NORETURN void __throw_out_of_range() const;
        -:  574:};
        -:  575:
        -:  576:template <bool __b>
        -:  577:void
        -:  578:__basic_string_common<__b>::__throw_length_error() const
        -:  579:{
        -:  580:    _VSTD::__throw_length_error("basic_string");
        -:  581:}
        -:  582:
        -:  583:template <bool __b>
        -:  584:void
        -:  585:__basic_string_common<__b>::__throw_out_of_range() const
        -:  586:{
        -:  587:    _VSTD::__throw_out_of_range("basic_string");
        -:  588:}
        -:  589:
        -:  590:_LIBCPP_EXTERN_TEMPLATE(class _LIBCPP_EXTERN_TEMPLATE_TYPE_VIS __basic_string_common<true>)
        -:  591:
        -:  592:#ifdef _LIBCPP_NO_EXCEPTIONS
        -:  593:template <class _Iter>
        -:  594:struct __libcpp_string_gets_noexcept_iterator_impl : public true_type {};
        -:  595:#elif defined(_LIBCPP_HAS_NO_NOEXCEPT)
        -:  596:template <class _Iter>
        -:  597:struct __libcpp_string_gets_noexcept_iterator_impl : public false_type {};
        -:  598:#else
        -:  599:template <class _Iter, bool = __is_forward_iterator<_Iter>::value>
        -:  600:struct __libcpp_string_gets_noexcept_iterator_impl : public _LIBCPP_BOOL_CONSTANT((
        -:  601:    noexcept(++(declval<_Iter&>())) && 
        -:  602:    is_nothrow_assignable<_Iter&, _Iter>::value && 
        -:  603:    noexcept(declval<_Iter>() == declval<_Iter>()) && 
        -:  604:    noexcept(*declval<_Iter>())
        -:  605:)) {};
        -:  606:
        -:  607:template <class _Iter> 
        -:  608:struct __libcpp_string_gets_noexcept_iterator_impl<_Iter, false> : public false_type {};
        -:  609:#endif
        -:  610:
        -:  611:
        -:  612:template <class _Iter>
        -:  613:struct __libcpp_string_gets_noexcept_iterator
        -:  614:    : public _LIBCPP_BOOL_CONSTANT(__libcpp_is_trivial_iterator<_Iter>::value || __libcpp_string_gets_noexcept_iterator_impl<_Iter>::value) {};
        -:  615:
        -:  616:template <class _CharT, class _Traits, class _Tp>
        -:  617:struct __can_be_converted_to_string_view : public _LIBCPP_BOOL_CONSTANT(
        -:  618:    ( is_convertible<const _Tp&, basic_string_view<_CharT, _Traits> >::value &&
        -:  619:     !is_convertible<const _Tp&, const _CharT*>::value)) {};
        -:  620:
        -:  621:#ifdef _LIBCPP_ABI_ALTERNATE_STRING_LAYOUT
        -:  622:
        -:  623:template <class _CharT, size_t = sizeof(_CharT)>
        -:  624:struct __padding
        -:  625:{
        -:  626:    unsigned char __xx[sizeof(_CharT)-1];
        -:  627:};
        -:  628:
        -:  629:template <class _CharT>
        -:  630:struct __padding<_CharT, 1>
        -:  631:{
        -:  632:};
        -:  633:
        -:  634:#endif  // _LIBCPP_ABI_ALTERNATE_STRING_LAYOUT
        -:  635:
        -:  636:template<class _CharT, class _Traits, class _Allocator>
        -:  637:class _LIBCPP_TEMPLATE_VIS basic_string
        -:  638:    : private __basic_string_common<true>
        -:  639:{
        -:  640:public:
        -:  641:    typedef basic_string                                 __self;
        -:  642:    typedef basic_string_view<_CharT, _Traits>           __self_view;
        -:  643:    typedef _Traits                                      traits_type;
        -:  644:    typedef _CharT                                       value_type;
        -:  645:    typedef _Allocator                                   allocator_type;
        -:  646:    typedef allocator_traits<allocator_type>             __alloc_traits;
        -:  647:    typedef typename __alloc_traits::size_type           size_type;
        -:  648:    typedef typename __alloc_traits::difference_type     difference_type;
        -:  649:    typedef value_type&                                  reference;
        -:  650:    typedef const value_type&                            const_reference;
        -:  651:    typedef typename __alloc_traits::pointer             pointer;
        -:  652:    typedef typename __alloc_traits::const_pointer       const_pointer;
        -:  653:
        -:  654:    static_assert(is_pod<value_type>::value, "Character type of basic_string must be a POD");
        -:  655:    static_assert((is_same<_CharT, typename traits_type::char_type>::value),
        -:  656:                  "traits_type::char_type must be the same type as CharT");
        -:  657:    static_assert((is_same<typename allocator_type::value_type, value_type>::value),
        -:  658:                  "Allocator::value_type must be same type as value_type");
        -:  659:#if defined(_LIBCPP_RAW_ITERATORS)
        -:  660:    typedef pointer                                      iterator;
        -:  661:    typedef const_pointer                                const_iterator;
        -:  662:#else  // defined(_LIBCPP_RAW_ITERATORS)
        -:  663:    typedef __wrap_iter<pointer>                         iterator;
        -:  664:    typedef __wrap_iter<const_pointer>                   const_iterator;
        -:  665:#endif  // defined(_LIBCPP_RAW_ITERATORS)
        -:  666:    typedef _VSTD::reverse_iterator<iterator>             reverse_iterator;
        -:  667:    typedef _VSTD::reverse_iterator<const_iterator>       const_reverse_iterator;
        -:  668:
        -:  669:private:
        -:  670:
        -:  671:#ifdef _LIBCPP_ABI_ALTERNATE_STRING_LAYOUT
        -:  672:
        -:  673:    struct __long
        -:  674:    {
        -:  675:        pointer   __data_;
        -:  676:        size_type __size_;
        -:  677:        size_type __cap_;
        -:  678:    };
        -:  679:
        -:  680:#ifdef _LIBCPP_BIG_ENDIAN
        -:  681:    static const size_type __short_mask = 0x01;
        -:  682:    static const size_type __long_mask  = 0x1ul;
        -:  683:#else  // _LIBCPP_BIG_ENDIAN
        -:  684:    static const size_type __short_mask = 0x80;
        -:  685:    static const size_type __long_mask  = ~(size_type(~0) >> 1);
        -:  686:#endif  // _LIBCPP_BIG_ENDIAN
        -:  687:
        -:  688:    enum {__min_cap = (sizeof(__long) - 1)/sizeof(value_type) > 2 ?
        -:  689:                      (sizeof(__long) - 1)/sizeof(value_type) : 2};
        -:  690:
        -:  691:    struct __short
        -:  692:    {
        -:  693:        value_type __data_[__min_cap];
        -:  694:        struct
        -:  695:            : __padding<value_type>
        -:  696:        {
        -:  697:            unsigned char __size_;
        -:  698:        };
        -:  699:    };
        -:  700:
        -:  701:#else
        -:  702:
        -:  703:    struct __long
        -:  704:    {
        -:  705:        size_type __cap_;
        -:  706:        size_type __size_;
        -:  707:        pointer   __data_;
        -:  708:    };
        -:  709:
        -:  710:#ifdef _LIBCPP_BIG_ENDIAN
        -:  711:    static const size_type __short_mask = 0x80;
        -:  712:    static const size_type __long_mask  = ~(size_type(~0) >> 1);
        -:  713:#else  // _LIBCPP_BIG_ENDIAN
        -:  714:    static const size_type __short_mask = 0x01;
        -:  715:    static const size_type __long_mask  = 0x1ul;
        -:  716:#endif  // _LIBCPP_BIG_ENDIAN
        -:  717:
        -:  718:    enum {__min_cap = (sizeof(__long) - 1)/sizeof(value_type) > 2 ?
        -:  719:                      (sizeof(__long) - 1)/sizeof(value_type) : 2};
        -:  720:
        -:  721:    struct __short
        -:  722:    {
        -:  723:        union
        -:  724:        {
        -:  725:            unsigned char __size_;
        -:  726:            value_type __lx;
        -:  727:        };
        -:  728:        value_type __data_[__min_cap];
        -:  729:    };
        -:  730:
        -:  731:#endif  // _LIBCPP_ABI_ALTERNATE_STRING_LAYOUT
        -:  732:
        -:  733:    union __ulx{__long __lx; __short __lxx;};
        -:  734:
        -:  735:    enum {__n_words = sizeof(__ulx) / sizeof(size_type)};
        -:  736:
        -:  737:    struct __raw
        -:  738:    {
        -:  739:        size_type __words[__n_words];
        -:  740:    };
        -:  741:
        -:  742:    struct __rep
        -:  743:    {
        -:  744:        union
        -:  745:        {
        -:  746:            __long  __l;
        -:  747:            __short __s;
        -:  748:            __raw   __r;
        -:  749:        };
        -:  750:    };
        -:  751:
        -:  752:    __compressed_pair<__rep, allocator_type> __r_;
        -:  753:
        -:  754:public:
        -:  755:    static const size_type npos = -1;
        -:  756:
        -:  757:    _LIBCPP_INLINE_VISIBILITY basic_string()
        -:  758:        _NOEXCEPT_(is_nothrow_default_constructible<allocator_type>::value);
        -:  759:
        -:  760:    _LIBCPP_INLINE_VISIBILITY explicit basic_string(const allocator_type& __a)
        -:  761:#if _LIBCPP_STD_VER <= 14
        -:  762:        _NOEXCEPT_(is_nothrow_copy_constructible<allocator_type>::value);
        -:  763:#else
        -:  764:        _NOEXCEPT;
        -:  765:#endif
        -:  766:
        -:  767:    basic_string(const basic_string& __str);
        -:  768:    basic_string(const basic_string& __str, const allocator_type& __a);
        -:  769:
        -:  770:#ifndef _LIBCPP_CXX03_LANG
        -:  771:    _LIBCPP_INLINE_VISIBILITY
        -:  772:    basic_string(basic_string&& __str)
        -:  773:#if _LIBCPP_STD_VER <= 14
        -:  774:        _NOEXCEPT_(is_nothrow_move_constructible<allocator_type>::value);
        -:  775:#else
        -:  776:        _NOEXCEPT;
        -:  777:#endif
        -:  778:
        -:  779:    _LIBCPP_INLINE_VISIBILITY
        -:  780:    basic_string(basic_string&& __str, const allocator_type& __a);
        -:  781:#endif  // _LIBCPP_CXX03_LANG
        2:  782:    _LIBCPP_INLINE_VISIBILITY basic_string(const _CharT* __s);
        -:  783:    _LIBCPP_INLINE_VISIBILITY
        -:  784:    basic_string(const _CharT* __s, const _Allocator& __a);
        -:  785:    _LIBCPP_INLINE_VISIBILITY
        -:  786:    basic_string(const _CharT* __s, size_type __n);
        -:  787:    _LIBCPP_INLINE_VISIBILITY
        -:  788:    basic_string(const _CharT* __s, size_type __n, const _Allocator& __a);
        -:  789:    _LIBCPP_INLINE_VISIBILITY
        -:  790:    basic_string(size_type __n, _CharT __c);
        -:  791:    _LIBCPP_INLINE_VISIBILITY
        -:  792:    basic_string(size_type __n, _CharT __c, const _Allocator& __a);
        -:  793:    basic_string(const basic_string& __str, size_type __pos, size_type __n,
        -:  794:                 const _Allocator& __a = _Allocator());
        -:  795:    _LIBCPP_INLINE_VISIBILITY
        -:  796:    basic_string(const basic_string& __str, size_type __pos,
        -:  797:                 const _Allocator& __a = _Allocator());
        -:  798:    template<class _Tp>
        -:  799:        _LIBCPP_METHOD_TEMPLATE_IMPLICIT_INSTANTIATION_VIS
        -:  800:        basic_string(const _Tp& __t, size_type __pos, size_type __n,
        -:  801:                     const allocator_type& __a = allocator_type(),
        -:  802:                     typename enable_if<__can_be_converted_to_string_view<_CharT, _Traits, _Tp>::value, void>::type* = 0);
        -:  803:    _LIBCPP_INLINE_VISIBILITY explicit
        -:  804:    basic_string(__self_view __sv);
        -:  805:    _LIBCPP_INLINE_VISIBILITY
        -:  806:    basic_string(__self_view __sv, const _Allocator& __a);
        -:  807:    template<class _InputIterator>
        -:  808:        _LIBCPP_INLINE_VISIBILITY
        -:  809:        basic_string(_InputIterator __first, _InputIterator __last);
        -:  810:    template<class _InputIterator>
        -:  811:        _LIBCPP_INLINE_VISIBILITY
        -:  812:        basic_string(_InputIterator __first, _InputIterator __last, const allocator_type& __a);
        -:  813:#ifndef _LIBCPP_CXX03_LANG
        -:  814:    _LIBCPP_INLINE_VISIBILITY
        -:  815:    basic_string(initializer_list<_CharT> __il);
        -:  816:    _LIBCPP_INLINE_VISIBILITY
        -:  817:    basic_string(initializer_list<_CharT> __il, const _Allocator& __a);
        -:  818:#endif  // _LIBCPP_CXX03_LANG
        -:  819:
        -:  820:    inline ~basic_string();
        -:  821:
        -:  822:    _LIBCPP_INLINE_VISIBILITY
        -:  823:    operator __self_view() const _NOEXCEPT { return __self_view(data(), size()); }
        -:  824:
        -:  825:    basic_string& operator=(const basic_string& __str);
        -:  826:
        -:  827:#ifndef _LIBCPP_CXX03_LANG
        -:  828:    template <class = void>
        -:  829:#endif
        -:  830:    _LIBCPP_INLINE_VISIBILITY
        -:  831:    basic_string& operator=(__self_view __sv)  {return assign(__sv);}
        -:  832:#ifndef _LIBCPP_CXX03_LANG
        -:  833:    _LIBCPP_INLINE_VISIBILITY
        -:  834:    basic_string& operator=(basic_string&& __str)
        -:  835:        _NOEXCEPT_((__noexcept_move_assign_container<_Allocator, __alloc_traits>::value));
        -:  836:     _LIBCPP_INLINE_VISIBILITY
        -:  837:    basic_string& operator=(initializer_list<value_type> __il) {return assign(__il.begin(), __il.size());}
        -:  838:#endif
        -:  839:    _LIBCPP_INLINE_VISIBILITY basic_string& operator=(const value_type* __s) {return assign(__s);}
        -:  840:    basic_string& operator=(value_type __c);
        -:  841:
        -:  842:#if _LIBCPP_DEBUG_LEVEL >= 2
        -:  843:    _LIBCPP_INLINE_VISIBILITY
        -:  844:    iterator begin() _NOEXCEPT
        -:  845:        {return iterator(this, __get_pointer());}
        -:  846:    _LIBCPP_INLINE_VISIBILITY
        -:  847:    const_iterator begin() const _NOEXCEPT
        -:  848:        {return const_iterator(this, __get_pointer());}
        -:  849:    _LIBCPP_INLINE_VISIBILITY
        -:  850:    iterator end() _NOEXCEPT
        -:  851:        {return iterator(this, __get_pointer() + size());}
        -:  852:    _LIBCPP_INLINE_VISIBILITY
        -:  853:    const_iterator end() const _NOEXCEPT
        -:  854:        {return const_iterator(this, __get_pointer() + size());}
        -:  855:#else
        -:  856:    _LIBCPP_INLINE_VISIBILITY
        -:  857:    iterator begin() _NOEXCEPT
        -:  858:        {return iterator(__get_pointer());}
        -:  859:    _LIBCPP_INLINE_VISIBILITY
        -:  860:    const_iterator begin() const _NOEXCEPT
        -:  861:        {return const_iterator(__get_pointer());}
        -:  862:    _LIBCPP_INLINE_VISIBILITY
        -:  863:    iterator end() _NOEXCEPT
        -:  864:        {return iterator(__get_pointer() + size());}
        -:  865:    _LIBCPP_INLINE_VISIBILITY
        -:  866:    const_iterator end() const _NOEXCEPT
        -:  867:        {return const_iterator(__get_pointer() + size());}
        -:  868:#endif  // _LIBCPP_DEBUG_LEVEL >= 2
        -:  869:    _LIBCPP_INLINE_VISIBILITY
        -:  870:    reverse_iterator rbegin() _NOEXCEPT
        -:  871:        {return reverse_iterator(end());}
        -:  872:    _LIBCPP_INLINE_VISIBILITY
        -:  873:    const_reverse_iterator rbegin() const _NOEXCEPT
        -:  874:        {return const_reverse_iterator(end());}
        -:  875:    _LIBCPP_INLINE_VISIBILITY
        -:  876:    reverse_iterator rend() _NOEXCEPT
        -:  877:        {return reverse_iterator(begin());}
        -:  878:    _LIBCPP_INLINE_VISIBILITY
        -:  879:    const_reverse_iterator rend() const _NOEXCEPT
        -:  880:        {return const_reverse_iterator(begin());}
        -:  881:
        -:  882:    _LIBCPP_INLINE_VISIBILITY
        -:  883:    const_iterator cbegin() const _NOEXCEPT
        -:  884:        {return begin();}
        -:  885:    _LIBCPP_INLINE_VISIBILITY
        -:  886:    const_iterator cend() const _NOEXCEPT
        -:  887:        {return end();}
        -:  888:    _LIBCPP_INLINE_VISIBILITY
        -:  889:    const_reverse_iterator crbegin() const _NOEXCEPT
        -:  890:        {return rbegin();}
        -:  891:    _LIBCPP_INLINE_VISIBILITY
        -:  892:    const_reverse_iterator crend() const _NOEXCEPT
        -:  893:        {return rend();}
        -:  894:
        -:  895:    _LIBCPP_INLINE_VISIBILITY size_type size() const _NOEXCEPT
        -:  896:        {return __is_long() ? __get_long_size() : __get_short_size();}
        -:  897:    _LIBCPP_INLINE_VISIBILITY size_type length() const _NOEXCEPT {return size();}
        -:  898:    _LIBCPP_INLINE_VISIBILITY size_type max_size() const _NOEXCEPT;
        -:  899:    _LIBCPP_INLINE_VISIBILITY size_type capacity() const _NOEXCEPT
        -:  900:        {return (__is_long() ? __get_long_cap()
        -:  901:                             : static_cast<size_type>(__min_cap)) - 1;}
        -:  902:
        -:  903:    void resize(size_type __n, value_type __c);
        -:  904:    _LIBCPP_INLINE_VISIBILITY void resize(size_type __n) {resize(__n, value_type());}
        -:  905:
        -:  906:    void reserve(size_type __res_arg = 0);
        -:  907:    _LIBCPP_INLINE_VISIBILITY
        -:  908:    void shrink_to_fit() _NOEXCEPT {reserve();}
        -:  909:    _LIBCPP_INLINE_VISIBILITY
        -:  910:    void clear() _NOEXCEPT;
        -:  911:    _LIBCPP_NODISCARD_AFTER_CXX17 _LIBCPP_INLINE_VISIBILITY
        -:  912:    bool empty() const _NOEXCEPT {return size() == 0;}
        -:  913:
        -:  914:    _LIBCPP_INLINE_VISIBILITY const_reference operator[](size_type __pos) const _NOEXCEPT;
        -:  915:    _LIBCPP_INLINE_VISIBILITY reference       operator[](size_type __pos)       _NOEXCEPT;
        -:  916:
        -:  917:    const_reference at(size_type __n) const;
        -:  918:    reference       at(size_type __n);
        -:  919:
        -:  920:    _LIBCPP_INLINE_VISIBILITY basic_string& operator+=(const basic_string& __str) {return append(__str);}
        -:  921:    _LIBCPP_INLINE_VISIBILITY basic_string& operator+=(__self_view __sv)          {return append(__sv);}
        -:  922:    _LIBCPP_INLINE_VISIBILITY basic_string& operator+=(const value_type* __s)     {return append(__s);}
        -:  923:    _LIBCPP_INLINE_VISIBILITY basic_string& operator+=(value_type __c)            {push_back(__c); return *this;}
        -:  924:#ifndef _LIBCPP_CXX03_LANG
        -:  925:    _LIBCPP_INLINE_VISIBILITY basic_string& operator+=(initializer_list<value_type> __il) {return append(__il);}
        -:  926:#endif  // _LIBCPP_CXX03_LANG
        -:  927:
        -:  928:    _LIBCPP_INLINE_VISIBILITY
        -:  929:    basic_string& append(const basic_string& __str);
        -:  930:    _LIBCPP_INLINE_VISIBILITY
        -:  931:    basic_string& append(__self_view __sv) { return append(__sv.data(), __sv.size()); }
        -:  932:    basic_string& append(const basic_string& __str, size_type __pos, size_type __n=npos);
        -:  933:    template <class _Tp>
        -:  934:    _LIBCPP_METHOD_TEMPLATE_IMPLICIT_INSTANTIATION_VIS
        -:  935:    typename enable_if
        -:  936:        <
        -:  937:            __can_be_converted_to_string_view<_CharT, _Traits, _Tp>::value,
        -:  938:            basic_string&
        -:  939:        >::type
        -:  940:                  append(const _Tp& __t, size_type __pos, size_type __n=npos);
        -:  941:    basic_string& append(const value_type* __s, size_type __n);
        -:  942:    basic_string& append(const value_type* __s);
        -:  943:    basic_string& append(size_type __n, value_type __c);
        -:  944:    template <class _ForwardIterator>
        -:  945:    _LIBCPP_METHOD_TEMPLATE_IMPLICIT_INSTANTIATION_VIS
        -:  946:    basic_string& __append_forward_unsafe(_ForwardIterator, _ForwardIterator);
        -:  947:    template<class _InputIterator>
        -:  948:    _LIBCPP_METHOD_TEMPLATE_IMPLICIT_INSTANTIATION_VIS
        -:  949:    typename enable_if
        -:  950:        <
        -:  951:            __is_exactly_input_iterator<_InputIterator>::value
        -:  952:                || !__libcpp_string_gets_noexcept_iterator<_InputIterator>::value,
        -:  953:            basic_string&
        -:  954:        >::type
        -:  955:    _LIBCPP_INLINE_VISIBILITY
        -:  956:    append(_InputIterator __first, _InputIterator __last) {
        -:  957:      const basic_string __temp (__first, __last, __alloc());
        -:  958:      append(__temp.data(), __temp.size());
        -:  959:      return *this;
        -:  960:    }
        -:  961:    template<class _ForwardIterator>
        -:  962:    _LIBCPP_METHOD_TEMPLATE_IMPLICIT_INSTANTIATION_VIS
        -:  963:    typename enable_if
        -:  964:        <
        -:  965:            __is_forward_iterator<_ForwardIterator>::value
        -:  966:                && __libcpp_string_gets_noexcept_iterator<_ForwardIterator>::value,
        -:  967:            basic_string&
        -:  968:        >::type
        -:  969:    _LIBCPP_INLINE_VISIBILITY
        -:  970:    append(_ForwardIterator __first, _ForwardIterator __last) {
        -:  971:      return __append_forward_unsafe(__first, __last);
        -:  972:    }
        -:  973:
        -:  974:#ifndef _LIBCPP_CXX03_LANG
        -:  975:    _LIBCPP_INLINE_VISIBILITY
        -:  976:    basic_string& append(initializer_list<value_type> __il) {return append(__il.begin(), __il.size());}
        -:  977:#endif  // _LIBCPP_CXX03_LANG
        -:  978:
        -:  979:    void push_back(value_type __c);
        -:  980:    _LIBCPP_INLINE_VISIBILITY
        -:  981:    void pop_back();
        -:  982:    _LIBCPP_INLINE_VISIBILITY reference       front();
        -:  983:    _LIBCPP_INLINE_VISIBILITY const_reference front() const;
        -:  984:    _LIBCPP_INLINE_VISIBILITY reference       back();
        -:  985:    _LIBCPP_INLINE_VISIBILITY const_reference back() const;
        -:  986:
        -:  987:    _LIBCPP_INLINE_VISIBILITY
        -:  988:    basic_string& assign(__self_view __sv) { return assign(__sv.data(), __sv.size()); }
        -:  989:    _LIBCPP_INLINE_VISIBILITY
        -:  990:    basic_string& assign(const basic_string& __str) { return *this = __str; }
        -:  991:#ifndef _LIBCPP_CXX03_LANG
        -:  992:    _LIBCPP_INLINE_VISIBILITY
        -:  993:    basic_string& assign(basic_string&& __str)
        -:  994:        _NOEXCEPT_((__noexcept_move_assign_container<_Allocator, __alloc_traits>::value))
        -:  995:        {*this = _VSTD::move(__str); return *this;}
        -:  996:#endif
        -:  997:    basic_string& assign(const basic_string& __str, size_type __pos, size_type __n=npos);
        -:  998:    template <class _Tp>
        -:  999:    _LIBCPP_METHOD_TEMPLATE_IMPLICIT_INSTANTIATION_VIS
        -: 1000:    typename enable_if
        -: 1001:        <
        -: 1002:            __can_be_converted_to_string_view<_CharT, _Traits, _Tp>::value,
        -: 1003:            basic_string&
        -: 1004:        >::type
        -: 1005:                  assign(const _Tp & __t, size_type __pos, size_type __n=npos);
        -: 1006:    basic_string& assign(const value_type* __s, size_type __n);
        -: 1007:    basic_string& assign(const value_type* __s);
        -: 1008:    basic_string& assign(size_type __n, value_type __c);
        -: 1009:    template<class _InputIterator>
        -: 1010:    _LIBCPP_METHOD_TEMPLATE_IMPLICIT_INSTANTIATION_VIS
        -: 1011:    typename enable_if
        -: 1012:        <
        -: 1013:           __is_exactly_input_iterator<_InputIterator>::value
        -: 1014:                || !__libcpp_string_gets_noexcept_iterator<_InputIterator>::value,
        -: 1015:            basic_string&
        -: 1016:        >::type
        -: 1017:        assign(_InputIterator __first, _InputIterator __last);
        -: 1018:    template<class _ForwardIterator>
        -: 1019:    _LIBCPP_METHOD_TEMPLATE_IMPLICIT_INSTANTIATION_VIS
        -: 1020:    typename enable_if
        -: 1021:        <
        -: 1022:            __is_forward_iterator<_ForwardIterator>::value
        -: 1023:                 && __libcpp_string_gets_noexcept_iterator<_ForwardIterator>::value,
        -: 1024:            basic_string&
        -: 1025:        >::type
        -: 1026:        assign(_ForwardIterator __first, _ForwardIterator __last);
        -: 1027:#ifndef _LIBCPP_CXX03_LANG
        -: 1028:    _LIBCPP_INLINE_VISIBILITY
        -: 1029:    basic_string& assign(initializer_list<value_type> __il) {return assign(__il.begin(), __il.size());}
        -: 1030:#endif  // _LIBCPP_CXX03_LANG
        -: 1031:
        -: 1032:    _LIBCPP_INLINE_VISIBILITY
        -: 1033:    basic_string& insert(size_type __pos1, const basic_string& __str);
        -: 1034:    _LIBCPP_INLINE_VISIBILITY
        -: 1035:    basic_string& insert(size_type __pos1, __self_view __sv) { return insert(__pos1, __sv.data(), __sv.size()); }
        -: 1036:    template <class _Tp>
        -: 1037:    _LIBCPP_METHOD_TEMPLATE_IMPLICIT_INSTANTIATION_VIS
        -: 1038:    typename enable_if
        -: 1039:        <
        -: 1040:            __can_be_converted_to_string_view<_CharT, _Traits, _Tp>::value,
        -: 1041:            basic_string&
        -: 1042:        >::type
        -: 1043:                  insert(size_type __pos1, const _Tp& __t, size_type __pos2, size_type __n=npos);
        -: 1044:    basic_string& insert(size_type __pos1, const basic_string& __str, size_type __pos2, size_type __n=npos);
        -: 1045:    basic_string& insert(size_type __pos, const value_type* __s, size_type __n);
        -: 1046:    basic_string& insert(size_type __pos, const value_type* __s);
        -: 1047:    basic_string& insert(size_type __pos, size_type __n, value_type __c);
        -: 1048:    iterator      insert(const_iterator __pos, value_type __c);
        -: 1049:    _LIBCPP_INLINE_VISIBILITY
        -: 1050:    iterator      insert(const_iterator __pos, size_type __n, value_type __c);
        -: 1051:    template<class _InputIterator>
        -: 1052:    _LIBCPP_METHOD_TEMPLATE_IMPLICIT_INSTANTIATION_VIS
        -: 1053:    typename enable_if
        -: 1054:        <
        -: 1055:           __is_exactly_input_iterator<_InputIterator>::value
        -: 1056:                || !__libcpp_string_gets_noexcept_iterator<_InputIterator>::value,
        -: 1057:            iterator
        -: 1058:        >::type
        -: 1059:        insert(const_iterator __pos, _InputIterator __first, _InputIterator __last);
        -: 1060:    template<class _ForwardIterator>
        -: 1061:    _LIBCPP_METHOD_TEMPLATE_IMPLICIT_INSTANTIATION_VIS
        -: 1062:    typename enable_if
        -: 1063:        <
        -: 1064:            __is_forward_iterator<_ForwardIterator>::value
        -: 1065:                 && __libcpp_string_gets_noexcept_iterator<_ForwardIterator>::value,
        -: 1066:            iterator
        -: 1067:        >::type
        -: 1068:        insert(const_iterator __pos, _ForwardIterator __first, _ForwardIterator __last);
        -: 1069:#ifndef _LIBCPP_CXX03_LANG
        -: 1070:    _LIBCPP_INLINE_VISIBILITY
        -: 1071:    iterator insert(const_iterator __pos, initializer_list<value_type> __il)
        -: 1072:                    {return insert(__pos, __il.begin(), __il.end());}
        -: 1073:#endif  // _LIBCPP_CXX03_LANG
        -: 1074:
        -: 1075:    basic_string& erase(size_type __pos = 0, size_type __n = npos);
        -: 1076:    _LIBCPP_INLINE_VISIBILITY
        -: 1077:    iterator      erase(const_iterator __pos);
        -: 1078:    _LIBCPP_INLINE_VISIBILITY
        -: 1079:    iterator      erase(const_iterator __first, const_iterator __last);
        -: 1080:
        -: 1081:    _LIBCPP_INLINE_VISIBILITY
        -: 1082:    basic_string& replace(size_type __pos1, size_type __n1, const basic_string& __str);
        -: 1083:    _LIBCPP_INLINE_VISIBILITY
        -: 1084:    basic_string& replace(size_type __pos1, size_type __n1, __self_view __sv) { return replace(__pos1, __n1, __sv.data(), __sv.size()); }
        -: 1085:    basic_string& replace(size_type __pos1, size_type __n1, const basic_string& __str, size_type __pos2, size_type __n2=npos);
        -: 1086:    template <class _Tp>
        -: 1087:    _LIBCPP_METHOD_TEMPLATE_IMPLICIT_INSTANTIATION_VIS
        -: 1088:    typename enable_if
        -: 1089:        <
        -: 1090:            __can_be_converted_to_string_view<_CharT, _Traits, _Tp>::value,
        -: 1091:            basic_string&
        -: 1092:        >::type
        -: 1093:                  replace(size_type __pos1, size_type __n1, const _Tp& __t, size_type __pos2, size_type __n2=npos);
        -: 1094:    basic_string& replace(size_type __pos, size_type __n1, const value_type* __s, size_type __n2);
        -: 1095:    basic_string& replace(size_type __pos, size_type __n1, const value_type* __s);
        -: 1096:    basic_string& replace(size_type __pos, size_type __n1, size_type __n2, value_type __c);
        -: 1097:    _LIBCPP_INLINE_VISIBILITY
        -: 1098:    basic_string& replace(const_iterator __i1, const_iterator __i2, const basic_string& __str);
        -: 1099:    _LIBCPP_INLINE_VISIBILITY
        -: 1100:    basic_string& replace(const_iterator __i1, const_iterator __i2, __self_view __sv) { return replace(__i1 - begin(), __i2 - __i1, __sv); }
        -: 1101:    _LIBCPP_INLINE_VISIBILITY
        -: 1102:    basic_string& replace(const_iterator __i1, const_iterator __i2, const value_type* __s, size_type __n);
        -: 1103:    _LIBCPP_INLINE_VISIBILITY
        -: 1104:    basic_string& replace(const_iterator __i1, const_iterator __i2, const value_type* __s);
        -: 1105:    _LIBCPP_INLINE_VISIBILITY
        -: 1106:    basic_string& replace(const_iterator __i1, const_iterator __i2, size_type __n, value_type __c);
        -: 1107:    template<class _InputIterator>
        -: 1108:    _LIBCPP_METHOD_TEMPLATE_IMPLICIT_INSTANTIATION_VIS
        -: 1109:    typename enable_if
        -: 1110:        <
        -: 1111:            __is_input_iterator<_InputIterator>::value,
        -: 1112:            basic_string&
        -: 1113:        >::type
        -: 1114:        replace(const_iterator __i1, const_iterator __i2, _InputIterator __j1, _InputIterator __j2);
        -: 1115:#ifndef _LIBCPP_CXX03_LANG
        -: 1116:    _LIBCPP_INLINE_VISIBILITY
        -: 1117:    basic_string& replace(const_iterator __i1, const_iterator __i2, initializer_list<value_type> __il)
        -: 1118:        {return replace(__i1, __i2, __il.begin(), __il.end());}
        -: 1119:#endif  // _LIBCPP_CXX03_LANG
        -: 1120:
        -: 1121:    size_type copy(value_type* __s, size_type __n, size_type __pos = 0) const;
        -: 1122:    _LIBCPP_INLINE_VISIBILITY
        -: 1123:    basic_string substr(size_type __pos = 0, size_type __n = npos) const;
        -: 1124:
        -: 1125:    _LIBCPP_INLINE_VISIBILITY
        -: 1126:    void swap(basic_string& __str)
        -: 1127:#if _LIBCPP_STD_VER >= 14
        -: 1128:        _NOEXCEPT_DEBUG;
        -: 1129:#else
        -: 1130:        _NOEXCEPT_DEBUG_(!__alloc_traits::propagate_on_container_swap::value ||
        -: 1131:                    __is_nothrow_swappable<allocator_type>::value);
        -: 1132:#endif
        -: 1133:
        -: 1134:    _LIBCPP_INLINE_VISIBILITY
        -: 1135:    const value_type* c_str() const _NOEXCEPT {return data();}
        -: 1136:    _LIBCPP_INLINE_VISIBILITY
        -: 1137:    const value_type* data() const _NOEXCEPT  {return _VSTD::__to_raw_pointer(__get_pointer());}
        -: 1138:#if _LIBCPP_STD_VER > 14 || defined(_LIBCPP_BUILDING_LIBRARY)
        -: 1139:    _LIBCPP_INLINE_VISIBILITY
        -: 1140:    value_type* data()             _NOEXCEPT  {return _VSTD::__to_raw_pointer(__get_pointer());}
        -: 1141:#endif
        -: 1142:
        -: 1143:    _LIBCPP_INLINE_VISIBILITY
        -: 1144:    allocator_type get_allocator() const _NOEXCEPT {return __alloc();}
        -: 1145:
        -: 1146:    _LIBCPP_INLINE_VISIBILITY
        -: 1147:    size_type find(const basic_string& __str, size_type __pos = 0) const _NOEXCEPT;
        -: 1148:    _LIBCPP_INLINE_VISIBILITY
        -: 1149:    size_type find(__self_view __sv, size_type __pos = 0) const _NOEXCEPT;
        -: 1150:    size_type find(const value_type* __s, size_type __pos, size_type __n) const _NOEXCEPT;
        -: 1151:    _LIBCPP_INLINE_VISIBILITY
        -: 1152:    size_type find(const value_type* __s, size_type __pos = 0) const _NOEXCEPT;
        -: 1153:    size_type find(value_type __c, size_type __pos = 0) const _NOEXCEPT;
        -: 1154:
        -: 1155:    _LIBCPP_INLINE_VISIBILITY
        -: 1156:    size_type rfind(const basic_string& __str, size_type __pos = npos) const _NOEXCEPT;
        -: 1157:    _LIBCPP_INLINE_VISIBILITY
        -: 1158:    size_type rfind(__self_view __sv, size_type __pos = npos) const _NOEXCEPT;
        -: 1159:    size_type rfind(const value_type* __s, size_type __pos, size_type __n) const _NOEXCEPT;
        -: 1160:    _LIBCPP_INLINE_VISIBILITY
        -: 1161:    size_type rfind(const value_type* __s, size_type __pos = npos) const _NOEXCEPT;
        -: 1162:    size_type rfind(value_type __c, size_type __pos = npos) const _NOEXCEPT;
        -: 1163:
        -: 1164:    _LIBCPP_INLINE_VISIBILITY
        -: 1165:    size_type find_first_of(const basic_string& __str, size_type __pos = 0) const _NOEXCEPT;
        -: 1166:    _LIBCPP_INLINE_VISIBILITY
        -: 1167:    size_type find_first_of(__self_view __sv, size_type __pos = 0) const _NOEXCEPT;
        -: 1168:    size_type find_first_of(const value_type* __s, size_type __pos, size_type __n) const _NOEXCEPT;
        -: 1169:    _LIBCPP_INLINE_VISIBILITY
        -: 1170:    size_type find_first_of(const value_type* __s, size_type __pos = 0) const _NOEXCEPT;
        -: 1171:    _LIBCPP_INLINE_VISIBILITY
        -: 1172:    size_type find_first_of(value_type __c, size_type __pos = 0) const _NOEXCEPT;
        -: 1173:
        -: 1174:    _LIBCPP_INLINE_VISIBILITY
        -: 1175:    size_type find_last_of(const basic_string& __str, size_type __pos = npos) const _NOEXCEPT;
        -: 1176:    _LIBCPP_INLINE_VISIBILITY
        -: 1177:    size_type find_last_of(__self_view __sv, size_type __pos = npos) const _NOEXCEPT;
        -: 1178:    size_type find_last_of(const value_type* __s, size_type __pos, size_type __n) const _NOEXCEPT;
        -: 1179:    _LIBCPP_INLINE_VISIBILITY
        -: 1180:    size_type find_last_of(const value_type* __s, size_type __pos = npos) const _NOEXCEPT;
        -: 1181:    _LIBCPP_INLINE_VISIBILITY
        -: 1182:    size_type find_last_of(value_type __c, size_type __pos = npos) const _NOEXCEPT;
        -: 1183:
        -: 1184:    _LIBCPP_INLINE_VISIBILITY
        -: 1185:    size_type find_first_not_of(const basic_string& __str, size_type __pos = 0) const _NOEXCEPT;
        -: 1186:    _LIBCPP_INLINE_VISIBILITY
        -: 1187:    size_type find_first_not_of(__self_view __sv, size_type __pos = 0) const _NOEXCEPT;
        -: 1188:    size_type find_first_not_of(const value_type* __s, size_type __pos, size_type __n) const _NOEXCEPT;
        -: 1189:    _LIBCPP_INLINE_VISIBILITY
        -: 1190:    size_type find_first_not_of(const value_type* __s, size_type __pos = 0) const _NOEXCEPT;
        -: 1191:    _LIBCPP_INLINE_VISIBILITY
        -: 1192:    size_type find_first_not_of(value_type __c, size_type __pos = 0) const _NOEXCEPT;
        -: 1193:
        -: 1194:    _LIBCPP_INLINE_VISIBILITY
        -: 1195:    size_type find_last_not_of(const basic_string& __str, size_type __pos = npos) const _NOEXCEPT;
        -: 1196:    _LIBCPP_INLINE_VISIBILITY
        -: 1197:    size_type find_last_not_of(__self_view __sv, size_type __pos = npos) const _NOEXCEPT;
        -: 1198:    size_type find_last_not_of(const value_type* __s, size_type __pos, size_type __n) const _NOEXCEPT;
        -: 1199:    _LIBCPP_INLINE_VISIBILITY
        -: 1200:    size_type find_last_not_of(const value_type* __s, size_type __pos = npos) const _NOEXCEPT;
        -: 1201:    _LIBCPP_INLINE_VISIBILITY
        -: 1202:    size_type find_last_not_of(value_type __c, size_type __pos = npos) const _NOEXCEPT;
        -: 1203:
        -: 1204:    _LIBCPP_INLINE_VISIBILITY
        -: 1205:    int compare(const basic_string& __str) const _NOEXCEPT;
        -: 1206:    _LIBCPP_INLINE_VISIBILITY
        -: 1207:    int compare(__self_view __sv) const _NOEXCEPT;
        -: 1208:    _LIBCPP_INLINE_VISIBILITY
        -: 1209:    int compare(size_type __pos1, size_type __n1, __self_view __sv) const;
        -: 1210:    _LIBCPP_INLINE_VISIBILITY
        -: 1211:    int compare(size_type __pos1, size_type __n1, const basic_string& __str) const;
        -: 1212:    int compare(size_type __pos1, size_type __n1, const basic_string& __str, size_type __pos2, size_type __n2=npos) const;
        -: 1213:    template <class _Tp>
        -: 1214:    inline _LIBCPP_INLINE_VISIBILITY
        -: 1215:        typename enable_if
        -: 1216:        <
        -: 1217:            __can_be_converted_to_string_view<_CharT, _Traits, _Tp>::value,
        -: 1218:            int
        -: 1219:        >::type
        -: 1220:        compare(size_type __pos1, size_type __n1, const _Tp& __t, size_type __pos2, size_type __n2=npos) const;
        -: 1221:    int compare(const value_type* __s) const _NOEXCEPT;
        -: 1222:    int compare(size_type __pos1, size_type __n1, const value_type* __s) const;
        -: 1223:    int compare(size_type __pos1, size_type __n1, const value_type* __s, size_type __n2) const;
        -: 1224:
        -: 1225:#if _LIBCPP_STD_VER > 17
        -: 1226:    _LIBCPP_CONSTEXPR_AFTER_CXX11 _LIBCPP_INLINE_VISIBILITY
        -: 1227:    bool starts_with(__self_view __sv) const _NOEXCEPT
        -: 1228:    { return __self_view(data(), size()).starts_with(__sv); }
        -: 1229:
        -: 1230:    _LIBCPP_CONSTEXPR_AFTER_CXX11 _LIBCPP_INLINE_VISIBILITY
        -: 1231:    bool starts_with(value_type __c) const _NOEXCEPT
        -: 1232:    { return !empty() && _Traits::eq(front(), __c); }
        -: 1233:
        -: 1234:    _LIBCPP_CONSTEXPR_AFTER_CXX11 _LIBCPP_INLINE_VISIBILITY
        -: 1235:    bool starts_with(const value_type* __s) const _NOEXCEPT
        -: 1236:    { return starts_with(__self_view(__s)); }
        -: 1237:
        -: 1238:    _LIBCPP_CONSTEXPR_AFTER_CXX11 _LIBCPP_INLINE_VISIBILITY
        -: 1239:    bool ends_with(__self_view __sv) const _NOEXCEPT
        -: 1240:    { return __self_view(data(), size()).ends_with( __sv); }
        -: 1241:
        -: 1242:    _LIBCPP_CONSTEXPR_AFTER_CXX11 _LIBCPP_INLINE_VISIBILITY
        -: 1243:    bool ends_with(value_type __c) const _NOEXCEPT
        -: 1244:    { return !empty() && _Traits::eq(back(), __c); }
        -: 1245:
        -: 1246:    _LIBCPP_CONSTEXPR_AFTER_CXX11 _LIBCPP_INLINE_VISIBILITY
        -: 1247:    bool ends_with(const value_type* __s) const _NOEXCEPT
        -: 1248:    { return ends_with(__self_view(__s)); }
        -: 1249:#endif
        -: 1250:
        -: 1251:    _LIBCPP_INLINE_VISIBILITY bool __invariants() const;
        -: 1252:
        -: 1253:    _LIBCPP_INLINE_VISIBILITY
        -: 1254:    bool __is_long() const _NOEXCEPT
        -: 1255:        {return bool(__r_.first().__s.__size_ & __short_mask);}
        -: 1256:
        -: 1257:#if _LIBCPP_DEBUG_LEVEL >= 2
        -: 1258:
        -: 1259:    bool __dereferenceable(const const_iterator* __i) const;
        -: 1260:    bool __decrementable(const const_iterator* __i) const;
        -: 1261:    bool __addable(const const_iterator* __i, ptrdiff_t __n) const;
        -: 1262:    bool __subscriptable(const const_iterator* __i, ptrdiff_t __n) const;
        -: 1263:
        -: 1264:#endif  // _LIBCPP_DEBUG_LEVEL >= 2
        -: 1265:
        -: 1266:private:
        -: 1267:    _LIBCPP_INLINE_VISIBILITY
        -: 1268:    allocator_type& __alloc() _NOEXCEPT
        -: 1269:        {return __r_.second();}
        -: 1270:    _LIBCPP_INLINE_VISIBILITY
        -: 1271:    const allocator_type& __alloc() const _NOEXCEPT
        -: 1272:        {return __r_.second();}
        -: 1273:
        -: 1274:#ifdef _LIBCPP_ABI_ALTERNATE_STRING_LAYOUT
        -: 1275:
        -: 1276:    _LIBCPP_INLINE_VISIBILITY
        -: 1277:    void __set_short_size(size_type __s) _NOEXCEPT
        -: 1278:#   ifdef _LIBCPP_BIG_ENDIAN
        -: 1279:        {__r_.first().__s.__size_ = (unsigned char)(__s << 1);}
        -: 1280:#   else
        -: 1281:        {__r_.first().__s.__size_ = (unsigned char)(__s);}
        -: 1282:#   endif
        -: 1283:
        -: 1284:    _LIBCPP_INLINE_VISIBILITY
        -: 1285:    size_type __get_short_size() const _NOEXCEPT
        -: 1286:#   ifdef _LIBCPP_BIG_ENDIAN
        -: 1287:        {return __r_.first().__s.__size_ >> 1;}
        -: 1288:#   else
        -: 1289:        {return __r_.first().__s.__size_;}
        -: 1290:#   endif
        -: 1291:
        -: 1292:#else  // _LIBCPP_ABI_ALTERNATE_STRING_LAYOUT
        -: 1293:
        -: 1294:    _LIBCPP_INLINE_VISIBILITY
        -: 1295:    void __set_short_size(size_type __s) _NOEXCEPT
        -: 1296:#   ifdef _LIBCPP_BIG_ENDIAN
        -: 1297:        {__r_.first().__s.__size_ = (unsigned char)(__s);}
        -: 1298:#   else
        -: 1299:        {__r_.first().__s.__size_ = (unsigned char)(__s << 1);}
        -: 1300:#   endif
        -: 1301:
        -: 1302:    _LIBCPP_INLINE_VISIBILITY
        -: 1303:    size_type __get_short_size() const _NOEXCEPT
        -: 1304:#   ifdef _LIBCPP_BIG_ENDIAN
        -: 1305:        {return __r_.first().__s.__size_;}
        -: 1306:#   else
        -: 1307:        {return __r_.first().__s.__size_ >> 1;}
        -: 1308:#   endif
        -: 1309:
        -: 1310:#endif  // _LIBCPP_ABI_ALTERNATE_STRING_LAYOUT
        -: 1311:
        -: 1312:    _LIBCPP_INLINE_VISIBILITY
        -: 1313:    void __set_long_size(size_type __s) _NOEXCEPT
        -: 1314:        {__r_.first().__l.__size_ = __s;}
        -: 1315:    _LIBCPP_INLINE_VISIBILITY
        -: 1316:    size_type __get_long_size() const _NOEXCEPT
        -: 1317:        {return __r_.first().__l.__size_;}
        -: 1318:    _LIBCPP_INLINE_VISIBILITY
        -: 1319:    void __set_size(size_type __s) _NOEXCEPT
        -: 1320:        {if (__is_long()) __set_long_size(__s); else __set_short_size(__s);}
        -: 1321:
        -: 1322:    _LIBCPP_INLINE_VISIBILITY
        -: 1323:    void __set_long_cap(size_type __s) _NOEXCEPT
        -: 1324:        {__r_.first().__l.__cap_  = __long_mask | __s;}
        -: 1325:    _LIBCPP_INLINE_VISIBILITY
        -: 1326:    size_type __get_long_cap() const _NOEXCEPT
        -: 1327:        {return __r_.first().__l.__cap_ & size_type(~__long_mask);}
        -: 1328:
        -: 1329:    _LIBCPP_INLINE_VISIBILITY
        -: 1330:    void __set_long_pointer(pointer __p) _NOEXCEPT
        -: 1331:        {__r_.first().__l.__data_ = __p;}
        -: 1332:    _LIBCPP_INLINE_VISIBILITY
        -: 1333:    pointer __get_long_pointer() _NOEXCEPT
        -: 1334:        {return __r_.first().__l.__data_;}
        -: 1335:    _LIBCPP_INLINE_VISIBILITY
        -: 1336:    const_pointer __get_long_pointer() const _NOEXCEPT
        -: 1337:        {return __r_.first().__l.__data_;}
        -: 1338:    _LIBCPP_INLINE_VISIBILITY
        -: 1339:    pointer __get_short_pointer() _NOEXCEPT
        -: 1340:        {return pointer_traits<pointer>::pointer_to(__r_.first().__s.__data_[0]);}
        -: 1341:    _LIBCPP_INLINE_VISIBILITY
        -: 1342:    const_pointer __get_short_pointer() const _NOEXCEPT
        -: 1343:        {return pointer_traits<const_pointer>::pointer_to(__r_.first().__s.__data_[0]);}
        -: 1344:    _LIBCPP_INLINE_VISIBILITY
        -: 1345:    pointer __get_pointer() _NOEXCEPT
        -: 1346:        {return __is_long() ? __get_long_pointer() : __get_short_pointer();}
        -: 1347:    _LIBCPP_INLINE_VISIBILITY
        -: 1348:    const_pointer __get_pointer() const _NOEXCEPT
        -: 1349:        {return __is_long() ? __get_long_pointer() : __get_short_pointer();}
        -: 1350:
        -: 1351:    _LIBCPP_INLINE_VISIBILITY
        -: 1352:    void __zero() _NOEXCEPT
        -: 1353:        {
        -: 1354:            size_type (&__a)[__n_words] = __r_.first().__r.__words;
        -: 1355:            for (unsigned __i = 0; __i < __n_words; ++__i)
        -: 1356:                __a[__i] = 0;
        -: 1357:        }
        -: 1358:
        -: 1359:    template <size_type __a> static
        -: 1360:        _LIBCPP_INLINE_VISIBILITY
        -: 1361:        size_type __align_it(size_type __s) _NOEXCEPT
        -: 1362:            {return (__s + (__a-1)) & ~(__a-1);}
[...]
        -: 3695:inline _LIBCPP_INLINE_VISIBILITY
        -: 3696:bool
        -: 3697:operator> (const _CharT* __lhs,
        -: 3698:           const basic_string<_CharT, _Traits, _Allocator>& __rhs) _NOEXCEPT
        -: 3699:{
        -: 3700:    return __rhs < __lhs;
        -: 3701:}
        -: 3702:
        -: 3703:// operator<=
        -: 3704:
        -: 3705:template<class _CharT, class _Traits, class _Allocator>
        -: 3706:inline _LIBCPP_INLINE_VISIBILITY
        -: 3707:bool
        -: 3708:operator<=(const basic_string<_CharT, _Traits, _Allocator>& __lhs,
        -: 3709:           const basic_string<_CharT, _Traits, _Allocator>& __rhs) _NOEXCEPT
        -: 3710:{
        -: 3711:    return !(__rhs < __lhs);
        -: 3712:}
        -: 3713:
        -: 3714:template<class _CharT, class _Traits, class _Allocator>
        -: 3715:inline _LIBCPP_INLINE_VISIBILITY
        -: 3716:bool
        -: 3717:operator<=(const basic_string<_CharT, _Traits, _Allocator>& __lhs,
        -: 3718:           const _CharT* __rhs) _NOEXCEPT
        -: 3719:{
        -: 3720:    return !(__rhs < __lhs);
        -: 3721:}
        -: 3722:
        -: 3723:template<class _CharT, class _Traits, class _Allocator>
        -: 3724:inline _LIBCPP_INLINE_VISIBILITY
        -: 3725:bool
        -: 3726:operator<=(const _CharT* __lhs,
        -: 3727:           const basic_string<_CharT, _Traits, _Allocator>& __rhs) _NOEXCEPT
        -: 3728:{
        -: 3729:    return !(__rhs < __lhs);
        -: 3730:}
        -: 3731:
        -: 3732:// operator>=
        -: 3733:
        -: 3734:template<class _CharT, class _Traits, class _Allocator>
        -: 3735:inline _LIBCPP_INLINE_VISIBILITY
        -: 3736:bool
        -: 3737:operator>=(const basic_string<_CharT, _Traits, _Allocator>& __lhs,
        -: 3738:           const basic_string<_CharT, _Traits, _Allocator>& __rhs) _NOEXCEPT
        -: 3739:{
        -: 3740:    return !(__lhs < __rhs);
        -: 3741:}
        -: 3742:
        -: 3743:template<class _CharT, class _Traits, class _Allocator>
        -: 3744:inline _LIBCPP_INLINE_VISIBILITY
        -: 3745:bool
        -: 3746:operator>=(const basic_string<_CharT, _Traits, _Allocator>& __lhs,
        -: 3747:           const _CharT* __rhs) _NOEXCEPT
        -: 3748:{
        -: 3749:    return !(__lhs < __rhs);
        -: 3750:}
        -: 3751:
        -: 3752:template<class _CharT, class _Traits, class _Allocator>
        -: 3753:inline _LIBCPP_INLINE_VISIBILITY
        -: 3754:bool
        -: 3755:operator>=(const _CharT* __lhs,
        -: 3756:           const basic_string<_CharT, _Traits, _Allocator>& __rhs) _NOEXCEPT
        -: 3757:{
        -: 3758:    return !(__lhs < __rhs);
        -: 3759:}
        -: 3760:
        -: 3761:// operator +
        -: 3762:
        -: 3763:template<class _CharT, class _Traits, class _Allocator>
        -: 3764:basic_string<_CharT, _Traits, _Allocator>
        -: 3765:operator+(const basic_string<_CharT, _Traits, _Allocator>& __lhs,
        -: 3766:          const basic_string<_CharT, _Traits, _Allocator>& __rhs)
        -: 3767:{
        -: 3768:    basic_string<_CharT, _Traits, _Allocator> __r(__lhs.get_allocator());
        -: 3769:    typename basic_string<_CharT, _Traits, _Allocator>::size_type __lhs_sz = __lhs.size();
        -: 3770:    typename basic_string<_CharT, _Traits, _Allocator>::size_type __rhs_sz = __rhs.size();
        -: 3771:    __r.__init(__lhs.data(), __lhs_sz, __lhs_sz + __rhs_sz);
        -: 3772:    __r.append(__rhs.data(), __rhs_sz);
        -: 3773:    return __r;
        -: 3774:}
        -: 3775:
        -: 3776:template<class _CharT, class _Traits, class _Allocator>
        -: 3777:basic_string<_CharT, _Traits, _Allocator>
        -: 3778:operator+(const _CharT* __lhs , const basic_string<_CharT,_Traits,_Allocator>& __rhs)
        -: 3779:{
        -: 3780:    basic_string<_CharT, _Traits, _Allocator> __r(__rhs.get_allocator());
        -: 3781:    typename basic_string<_CharT, _Traits, _Allocator>::size_type __lhs_sz = _Traits::length(__lhs);
        -: 3782:    typename basic_string<_CharT, _Traits, _Allocator>::size_type __rhs_sz = __rhs.size();
        -: 3783:    __r.__init(__lhs, __lhs_sz, __lhs_sz + __rhs_sz);
        -: 3784:    __r.append(__rhs.data(), __rhs_sz);
        -: 3785:    return __r;
        -: 3786:}
        -: 3787:
        -: 3788:template<class _CharT, class _Traits, class _Allocator>
        -: 3789:basic_string<_CharT, _Traits, _Allocator>
        -: 3790:operator+(_CharT __lhs, const basic_string<_CharT,_Traits,_Allocator>& __rhs)
        -: 3791:{
        -: 3792:    basic_string<_CharT, _Traits, _Allocator> __r(__rhs.get_allocator());
        -: 3793:    typename basic_string<_CharT, _Traits, _Allocator>::size_type __rhs_sz = __rhs.size();
        -: 3794:    __r.__init(&__lhs, 1, 1 + __rhs_sz);
        -: 3795:    __r.append(__rhs.data(), __rhs_sz);
        -: 3796:    return __r;
        -: 3797:}
        -: 3798:
        -: 3799:template<class _CharT, class _Traits, class _Allocator>
        -: 3800:basic_string<_CharT, _Traits, _Allocator>
        -: 3801:operator+(const basic_string<_CharT, _Traits, _Allocator>& __lhs, const _CharT* __rhs)
        -: 3802:{
        -: 3803:    basic_string<_CharT, _Traits, _Allocator> __r(__lhs.get_allocator());
        -: 3804:    typename basic_string<_CharT, _Traits, _Allocator>::size_type __lhs_sz = __lhs.size();
        -: 3805:    typename basic_string<_CharT, _Traits, _Allocator>::size_type __rhs_sz = _Traits::length(__rhs);
        -: 3806:    __r.__init(__lhs.data(), __lhs_sz, __lhs_sz + __rhs_sz);
        -: 3807:    __r.append(__rhs, __rhs_sz);
        -: 3808:    return __r;
        -: 3809:}
        -: 3810:
        -: 3811:template<class _CharT, class _Traits, class _Allocator>
        -: 3812:basic_string<_CharT, _Traits, _Allocator>
        -: 3813:operator+(const basic_string<_CharT, _Traits, _Allocator>& __lhs, _CharT __rhs)
        -: 3814:{
        -: 3815:    basic_string<_CharT, _Traits, _Allocator> __r(__lhs.get_allocator());
        -: 3816:    typename basic_string<_CharT, _Traits, _Allocator>::size_type __lhs_sz = __lhs.size();
        -: 3817:    __r.__init(__lhs.data(), __lhs_sz, __lhs_sz + 1);
        -: 3818:    __r.push_back(__rhs);
        -: 3819:    return __r;
        -: 3820:}
        -: 3821:
        -: 3822:#ifndef _LIBCPP_CXX03_LANG
        -: 3823:
        -: 3824:template<class _CharT, class _Traits, class _Allocator>
        -: 3825:inline _LIBCPP_INLINE_VISIBILITY
        -: 3826:basic_string<_CharT, _Traits, _Allocator>
        -: 3827:operator+(basic_string<_CharT, _Traits, _Allocator>&& __lhs, const basic_string<_CharT, _Traits, _Allocator>& __rhs)
        -: 3828:{
        -: 3829:    return _VSTD::move(__lhs.append(__rhs));
        -: 3830:}
        -: 3831:
        -: 3832:template<class _CharT, class _Traits, class _Allocator>
        -: 3833:inline _LIBCPP_INLINE_VISIBILITY
        -: 3834:basic_string<_CharT, _Traits, _Allocator>
        -: 3835:operator+(const basic_string<_CharT, _Traits, _Allocator>& __lhs, basic_string<_CharT, _Traits, _Allocator>&& __rhs)
        -: 3836:{
        -: 3837:    return _VSTD::move(__rhs.insert(0, __lhs));
        -: 3838:}
        -: 3839:
        -: 3840:template<class _CharT, class _Traits, class _Allocator>
        -: 3841:inline _LIBCPP_INLINE_VISIBILITY
        -: 3842:basic_string<_CharT, _Traits, _Allocator>
        -: 3843:operator+(basic_string<_CharT, _Traits, _Allocator>&& __lhs, basic_string<_CharT, _Traits, _Allocator>&& __rhs)
        -: 3844:{
        -: 3845:    return _VSTD::move(__lhs.append(__rhs));
        -: 3846:}
        -: 3847:
        -: 3848:template<class _CharT, class _Traits, class _Allocator>
        -: 3849:inline _LIBCPP_INLINE_VISIBILITY
        -: 3850:basic_string<_CharT, _Traits, _Allocator>
        -: 3851:operator+(const _CharT* __lhs , basic_string<_CharT,_Traits,_Allocator>&& __rhs)
        -: 3852:{
        -: 3853:    return _VSTD::move(__rhs.insert(0, __lhs));
        -: 3854:}
        -: 3855:
        -: 3856:template<class _CharT, class _Traits, class _Allocator>
        -: 3857:inline _LIBCPP_INLINE_VISIBILITY
        -: 3858:basic_string<_CharT, _Traits, _Allocator>
        -: 3859:operator+(_CharT __lhs, basic_string<_CharT,_Traits,_Allocator>&& __rhs)
        -: 3860:{
        -: 3861:    __rhs.insert(__rhs.begin(), __lhs);
        -: 3862:    return _VSTD::move(__rhs);
        -: 3863:}
        -: 3864:
        -: 3865:template<class _CharT, class _Traits, class _Allocator>
        -: 3866:inline _LIBCPP_INLINE_VISIBILITY
        -: 3867:basic_string<_CharT, _Traits, _Allocator>
        -: 3868:operator+(basic_string<_CharT, _Traits, _Allocator>&& __lhs, const _CharT* __rhs)
        -: 3869:{
        -: 3870:    return _VSTD::move(__lhs.append(__rhs));
        -: 3871:}
        -: 3872:
        -: 3873:template<class _CharT, class _Traits, class _Allocator>
        -: 3874:inline _LIBCPP_INLINE_VISIBILITY
        -: 3875:basic_string<_CharT, _Traits, _Allocator>
        -: 3876:operator+(basic_string<_CharT, _Traits, _Allocator>&& __lhs, _CharT __rhs)
        -: 3877:{
        -: 3878:    __lhs.push_back(__rhs);
        -: 3879:    return _VSTD::move(__lhs);
        -: 3880:}
        -: 3881:
        -: 3882:#endif  // _LIBCPP_CXX03_LANG
        -: 3883:
        -: 3884:// swap
        -: 3885:
        -: 3886:template<class _CharT, class _Traits, class _Allocator>
        -: 3887:inline _LIBCPP_INLINE_VISIBILITY
        -: 3888:void
        -: 3889:swap(basic_string<_CharT, _Traits, _Allocator>& __lhs,
        -: 3890:     basic_string<_CharT, _Traits, _Allocator>& __rhs)
        -: 3891:     _NOEXCEPT_(_NOEXCEPT_(__lhs.swap(__rhs)))
        -: 3892:{
        -: 3893:    __lhs.swap(__rhs);
        -: 3894:}
        -: 3895:
        -: 3896:#ifndef _LIBCPP_HAS_NO_UNICODE_CHARS
        -: 3897:
        -: 3898:typedef basic_string<char16_t> u16string;
        -: 3899:typedef basic_string<char32_t> u32string;
        -: 3900:
        -: 3901:#endif  // _LIBCPP_HAS_NO_UNICODE_CHARS
        -: 3902:
        -: 3903:_LIBCPP_FUNC_VIS int                stoi  (const string& __str, size_t* __idx = 0, int __base = 10);
        -: 3904:_LIBCPP_FUNC_VIS long               stol  (const string& __str, size_t* __idx = 0, int __base = 10);
        -: 3905:_LIBCPP_FUNC_VIS unsigned long      stoul (const string& __str, size_t* __idx = 0, int __base = 10);
        -: 3906:_LIBCPP_FUNC_VIS long long          stoll (const string& __str, size_t* __idx = 0, int __base = 10);
        -: 3907:_LIBCPP_FUNC_VIS unsigned long long stoull(const string& __str, size_t* __idx = 0, int __base = 10);
        -: 3908:
        -: 3909:_LIBCPP_FUNC_VIS float       stof (const string& __str, size_t* __idx = 0);
        -: 3910:_LIBCPP_FUNC_VIS double      stod (const string& __str, size_t* __idx = 0);
        -: 3911:_LIBCPP_FUNC_VIS long double stold(const string& __str, size_t* __idx = 0);
        -: 3912:
        -: 3913:_LIBCPP_FUNC_VIS string to_string(int __val);
        -: 3914:_LIBCPP_FUNC_VIS string to_string(unsigned __val);
        -: 3915:_LIBCPP_FUNC_VIS string to_string(long __val);
        -: 3916:_LIBCPP_FUNC_VIS string to_string(unsigned long __val);
        -: 3917:_LIBCPP_FUNC_VIS string to_string(long long __val);
        -: 3918:_LIBCPP_FUNC_VIS string to_string(unsigned long long __val);
        -: 3919:_LIBCPP_FUNC_VIS string to_string(float __val);
        -: 3920:_LIBCPP_FUNC_VIS string to_string(double __val);
        -: 3921:_LIBCPP_FUNC_VIS string to_string(long double __val);
        -: 3922:
        -: 3923:_LIBCPP_FUNC_VIS int                stoi  (const wstring& __str, size_t* __idx = 0, int __base = 10);
        -: 3924:_LIBCPP_FUNC_VIS long               stol  (const wstring& __str, size_t* __idx = 0, int __base = 10);
        -: 3925:_LIBCPP_FUNC_VIS unsigned long      stoul (const wstring& __str, size_t* __idx = 0, int __base = 10);
        -: 3926:_LIBCPP_FUNC_VIS long long          stoll (const wstring& __str, size_t* __idx = 0, int __base = 10);
        -: 3927:_LIBCPP_FUNC_VIS unsigned long long stoull(const wstring& __str, size_t* __idx = 0, int __base = 10);
        -: 3928:
        -: 3929:_LIBCPP_FUNC_VIS float       stof (const wstring& __str, size_t* __idx = 0);
        -: 3930:_LIBCPP_FUNC_VIS double      stod (const wstring& __str, size_t* __idx = 0);
        -: 3931:_LIBCPP_FUNC_VIS long double stold(const wstring& __str, size_t* __idx = 0);
        -: 3932:
        -: 3933:_LIBCPP_FUNC_VIS wstring to_wstring(int __val);
        -: 3934:_LIBCPP_FUNC_VIS wstring to_wstring(unsigned __val);
        -: 3935:_LIBCPP_FUNC_VIS wstring to_wstring(long __val);
        -: 3936:_LIBCPP_FUNC_VIS wstring to_wstring(unsigned long __val);
        -: 3937:_LIBCPP_FUNC_VIS wstring to_wstring(long long __val);
        -: 3938:_LIBCPP_FUNC_VIS wstring to_wstring(unsigned long long __val);
        -: 3939:_LIBCPP_FUNC_VIS wstring to_wstring(float __val);
        -: 3940:_LIBCPP_FUNC_VIS wstring to_wstring(double __val);
        -: 3941:_LIBCPP_FUNC_VIS wstring to_wstring(long double __val);
        -: 3942:
        -: 3943:template<class _CharT, class _Traits, class _Allocator>
        -: 3944:    const typename basic_string<_CharT, _Traits, _Allocator>::size_type
        -: 3945:                   basic_string<_CharT, _Traits, _Allocator>::npos;
        -: 3946:
        -: 3947:template<class _CharT, class _Traits, class _Allocator>
        -: 3948:struct _LIBCPP_TEMPLATE_VIS hash<basic_string<_CharT, _Traits, _Allocator> >
        -: 3949:    : public unary_function<basic_string<_CharT, _Traits, _Allocator>, size_t>
        -: 3950:{
        -: 3951:    size_t
        -: 3952:        operator()(const basic_string<_CharT, _Traits, _Allocator>& __val) const _NOEXCEPT;
        -: 3953:};
        -: 3954:
        -: 3955:template<class _CharT, class _Traits, class _Allocator>
        -: 3956:size_t
        -: 3957:hash<basic_string<_CharT, _Traits, _Allocator> >::operator()(
        -: 3958:        const basic_string<_CharT, _Traits, _Allocator>& __val) const _NOEXCEPT
        -: 3959:{
        -: 3960:    return __do_string_hash(__val.data(), __val.data() + __val.size());
        -: 3961:}
        -: 3962:
        -: 3963:template<class _CharT, class _Traits, class _Allocator>
        -: 3964:basic_ostream<_CharT, _Traits>&
        -: 3965:operator<<(basic_ostream<_CharT, _Traits>& __os,
        -: 3966:           const basic_string<_CharT, _Traits, _Allocator>& __str);
        -: 3967:
        -: 3968:template<class _CharT, class _Traits, class _Allocator>
        -: 3969:basic_istream<_CharT, _Traits>&
        -: 3970:operator>>(basic_istream<_CharT, _Traits>& __is,
        -: 3971:           basic_string<_CharT, _Traits, _Allocator>& __str);
        -: 3972:
        -: 3973:template<class _CharT, class _Traits, class _Allocator>
        -: 3974:basic_istream<_CharT, _Traits>&
        -: 3975:getline(basic_istream<_CharT, _Traits>& __is,
        -: 3976:        basic_string<_CharT, _Traits, _Allocator>& __str, _CharT __dlm);
        -: 3977:
        -: 3978:template<class _CharT, class _Traits, class _Allocator>
        -: 3979:inline _LIBCPP_INLINE_VISIBILITY
        -: 3980:basic_istream<_CharT, _Traits>&
        -: 3981:getline(basic_istream<_CharT, _Traits>& __is,
        -: 3982:        basic_string<_CharT, _Traits, _Allocator>& __str);
        -: 3983:
        -: 3984:#ifndef _LIBCPP_CXX03_LANG
        -: 3985:
        -: 3986:template<class _CharT, class _Traits, class _Allocator>
        -: 3987:inline _LIBCPP_INLINE_VISIBILITY
        -: 3988:basic_istream<_CharT, _Traits>&
        -: 3989:getline(basic_istream<_CharT, _Traits>&& __is,
        -: 3990:        basic_string<_CharT, _Traits, _Allocator>& __str, _CharT __dlm);
        -: 3991:
        -: 3992:template<class _CharT, class _Traits, class _Allocator>
        -: 3993:inline _LIBCPP_INLINE_VISIBILITY
        -: 3994:basic_istream<_CharT, _Traits>&
        -: 3995:getline(basic_istream<_CharT, _Traits>&& __is,
        -: 3996:        basic_string<_CharT, _Traits, _Allocator>& __str);
        -: 3997:
        -: 3998:#endif  // _LIBCPP_CXX03_LANG
        -: 3999:
        -: 4000:#if _LIBCPP_DEBUG_LEVEL >= 2
        -: 4001:
        -: 4002:template<class _CharT, class _Traits, class _Allocator>
        -: 4003:bool
        -: 4004:basic_string<_CharT, _Traits, _Allocator>::__dereferenceable(const const_iterator* __i) const
        -: 4005:{
        -: 4006:    return this->data() <= _VSTD::__to_raw_pointer(__i->base()) &&
        -: 4007:           _VSTD::__to_raw_pointer(__i->base()) < this->data() + this->size();
        -: 4008:}
        -: 4009:
        -: 4010:template<class _CharT, class _Traits, class _Allocator>
        -: 4011:bool
        -: 4012:basic_string<_CharT, _Traits, _Allocator>::__decrementable(const const_iterator* __i) const
        -: 4013:{
        -: 4014:    return this->data() < _VSTD::__to_raw_pointer(__i->base()) &&
        -: 4015:           _VSTD::__to_raw_pointer(__i->base()) <= this->data() + this->size();
        -: 4016:}
        -: 4017:
        -: 4018:template<class _CharT, class _Traits, class _Allocator>
        -: 4019:bool
        -: 4020:basic_string<_CharT, _Traits, _Allocator>::__addable(const const_iterator* __i, ptrdiff_t __n) const
        -: 4021:{
        -: 4022:    const value_type* __p = _VSTD::__to_raw_pointer(__i->base()) + __n;
        -: 4023:    return this->data() <= __p && __p <= this->data() + this->size();
        -: 4024:}
        -: 4025:
        -: 4026:template<class _CharT, class _Traits, class _Allocator>
        -: 4027:bool
        -: 4028:basic_string<_CharT, _Traits, _Allocator>::__subscriptable(const const_iterator* __i, ptrdiff_t __n) const
        -: 4029:{
        -: 4030:    const value_type* __p = _VSTD::__to_raw_pointer(__i->base()) + __n;
        -: 4031:    return this->data() <= __p && __p < this->data() + this->size();
        -: 4032:}
        -: 4033:
        -: 4034:#endif  // _LIBCPP_DEBUG_LEVEL >= 2
        -: 4035:
        -: 4036:_LIBCPP_EXTERN_TEMPLATE(class _LIBCPP_EXTERN_TEMPLATE_TYPE_VIS basic_string<char>)
        -: 4037:_LIBCPP_EXTERN_TEMPLATE(class _LIBCPP_EXTERN_TEMPLATE_TYPE_VIS basic_string<wchar_t>)
        -: 4038:
        -: 4039:#if _LIBCPP_STD_VER > 11 
        -: 4040:// Literal suffixes for basic_string [basic.string.literals]
        -: 4041:inline namespace literals
        -: 4042:{
        -: 4043:  inline namespace string_literals
        -: 4044:  {
        -: 4045:    inline _LIBCPP_INLINE_VISIBILITY
        -: 4046:    basic_string<char> operator "" s( const char *__str, size_t __len )
        -: 4047:    {
        -: 4048:        return basic_string<char> (__str, __len);
        -: 4049:    }
        -: 4050:
        -: 4051:    inline _LIBCPP_INLINE_VISIBILITY
        -: 4052:    basic_string<wchar_t> operator "" s( const wchar_t *__str, size_t __len )
        -: 4053:    {
        -: 4054:        return basic_string<wchar_t> (__str, __len);
        -: 4055:    }
        -: 4056:
        -: 4057:    inline _LIBCPP_INLINE_VISIBILITY
        -: 4058:    basic_string<char16_t> operator "" s( const char16_t *__str, size_t __len )
        -: 4059:    {
        -: 4060:        return basic_string<char16_t> (__str, __len);
        -: 4061:    }
        -: 4062:
        -: 4063:    inline _LIBCPP_INLINE_VISIBILITY
        -: 4064:    basic_string<char32_t> operator "" s( const char32_t *__str, size_t __len )
        -: 4065:    {
        -: 4066:        return basic_string<char32_t> (__str, __len);
        -: 4067:    }
        -: 4068:  }
        -: 4069:}
        -: 4070:#endif
        -: 4071:
        -: 4072:_LIBCPP_END_NAMESPACE_STD
        -: 4073:
        -: 4074:_LIBCPP_POP_MACROS
        -: 4075:
        -: 4076:#endif  // _LIBCPP_STRING
