        -:    0:Source:/Applications/Xcode.app/Contents/Developer/Toolchains/XcodeDefault.xctoolchain/usr/include/c++/v1/type_traits
        -:    0:Graph:randomUnitary.gcno
        -:    0:Data:randomUnitary.gcda
        -:    0:Runs:2
        -:    0:Programs:1
        -:    1:// -*- C++ -*-
        -:    2://===------------------------ type_traits ---------------------------------===//
        -:    3://
        -:    4://                     The LLVM Compiler Infrastructure
        -:    5://
        -:    6:// This file is dual licensed under the MIT and the University of Illinois Open
        -:    7:// Source Licenses. See LICENSE.TXT for details.
        -:    8://
        -:    9://===----------------------------------------------------------------------===//
        -:   10:
        -:   11:#ifndef _LIBCPP_TYPE_TRAITS
        -:   12:#define _LIBCPP_TYPE_TRAITS
        -:   13:
        -:   14:/*
        -:   15:    type_traits synopsis
        -:   16:
        -:   17:namespace std
        -:   18:{
        -:   19:
        -:   20:    // helper class:
        -:   21:    template <class T, T v> struct integral_constant;
        -:   22:    typedef integral_constant<bool, true>  true_type;   // C++11
        -:   23:    typedef integral_constant<bool, false> false_type;  // C++11
        -:   24:    
        -:   25:    template <bool B>                                   // C++14
        -:   26:    using bool_constant = integral_constant<bool, B>;   // C++14
        -:   27:    typedef bool_constant<true> true_type;              // C++14
        -:   28:    typedef bool_constant<false> false_type;            // C++14
        -:   29:
        -:   30:    // helper traits
        -:   31:    template <bool, class T = void> struct enable_if;
        -:   32:    template <bool, class T, class F> struct conditional;
        -:   33:
        -:   34:    // Primary classification traits:
        -:   35:    template <class T> struct is_void;
        -:   36:    template <class T> struct is_null_pointer;  // C++14
        -:   37:    template <class T> struct is_integral;
        -:   38:    template <class T> struct is_floating_point;
        -:   39:    template <class T> struct is_array;
        -:   40:    template <class T> struct is_pointer;
        -:   41:    template <class T> struct is_lvalue_reference;
        -:   42:    template <class T> struct is_rvalue_reference;
        -:   43:    template <class T> struct is_member_object_pointer;
        -:   44:    template <class T> struct is_member_function_pointer;
        -:   45:    template <class T> struct is_enum;
        -:   46:    template <class T> struct is_union;
        -:   47:    template <class T> struct is_class;
        -:   48:    template <class T> struct is_function;
        -:   49:
        -:   50:    // Secondary classification traits:
        -:   51:    template <class T> struct is_reference;
        -:   52:    template <class T> struct is_arithmetic;
        -:   53:    template <class T> struct is_fundamental;
        -:   54:    template <class T> struct is_member_pointer;
        -:   55:    template <class T> struct is_scalar;
        -:   56:    template <class T> struct is_object;
        -:   57:    template <class T> struct is_compound;
        -:   58:
        -:   59:    // Const-volatile properties and transformations:
        -:   60:    template <class T> struct is_const;
        -:   61:    template <class T> struct is_volatile;
        -:   62:    template <class T> struct remove_const;
        -:   63:    template <class T> struct remove_volatile;
        -:   64:    template <class T> struct remove_cv;
        -:   65:    template <class T> struct add_const;
        -:   66:    template <class T> struct add_volatile;
        -:   67:    template <class T> struct add_cv;
        -:   68:
        -:   69:    // Reference transformations:
        -:   70:    template <class T> struct remove_reference;
        -:   71:    template <class T> struct add_lvalue_reference;
        -:   72:    template <class T> struct add_rvalue_reference;
        -:   73:
        -:   74:    // Pointer transformations:
        -:   75:    template <class T> struct remove_pointer;
        -:   76:    template <class T> struct add_pointer;
        -:   77:
        -:   78:    // Integral properties:
        -:   79:    template <class T> struct is_signed;
        -:   80:    template <class T> struct is_unsigned;
        -:   81:    template <class T> struct make_signed;
        -:   82:    template <class T> struct make_unsigned;
        -:   83:
        -:   84:    // Array properties and transformations:
        -:   85:    template <class T> struct rank;
        -:   86:    template <class T, unsigned I = 0> struct extent;
        -:   87:    template <class T> struct remove_extent;
        -:   88:    template <class T> struct remove_all_extents;
        -:   89:
        -:   90:    // Member introspection:
        -:   91:    template <class T> struct is_pod;
        -:   92:    template <class T> struct is_trivial;
        -:   93:    template <class T> struct is_trivially_copyable;
        -:   94:    template <class T> struct is_standard_layout;
        -:   95:    template <class T> struct is_literal_type;
        -:   96:    template <class T> struct is_empty;
        -:   97:    template <class T> struct is_polymorphic;
        -:   98:    template <class T> struct is_abstract;
        -:   99:    template <class T> struct is_final; // C++14
        -:  100:    template <class T> struct is_aggregate; // C++17
        -:  101:
        -:  102:    template <class T, class... Args> struct is_constructible;
        -:  103:    template <class T>                struct is_default_constructible;
        -:  104:    template <class T>                struct is_copy_constructible;
        -:  105:    template <class T>                struct is_move_constructible;
        -:  106:    template <class T, class U>       struct is_assignable;
        -:  107:    template <class T>                struct is_copy_assignable;
        -:  108:    template <class T>                struct is_move_assignable;
        -:  109:    template <class T, class U>       struct is_swappable_with;       // C++17
        -:  110:    template <class T>                struct is_swappable;            // C++17
        -:  111:    template <class T>                struct is_destructible;
        -:  112:
        -:  113:    template <class T, class... Args> struct is_trivially_constructible;
        -:  114:    template <class T>                struct is_trivially_default_constructible;
        -:  115:    template <class T>                struct is_trivially_copy_constructible;
        -:  116:    template <class T>                struct is_trivially_move_constructible;
        -:  117:    template <class T, class U>       struct is_trivially_assignable;
        -:  118:    template <class T>                struct is_trivially_copy_assignable;
        -:  119:    template <class T>                struct is_trivially_move_assignable;
        -:  120:    template <class T>                struct is_trivially_destructible;
        -:  121:
        -:  122:    template <class T, class... Args> struct is_nothrow_constructible;
        -:  123:    template <class T>                struct is_nothrow_default_constructible;
        -:  124:    template <class T>                struct is_nothrow_copy_constructible;
        -:  125:    template <class T>                struct is_nothrow_move_constructible;
        -:  126:    template <class T, class U>       struct is_nothrow_assignable;
        -:  127:    template <class T>                struct is_nothrow_copy_assignable;
        -:  128:    template <class T>                struct is_nothrow_move_assignable;
        -:  129:    template <class T, class U>       struct is_nothrow_swappable_with; // C++17
        -:  130:    template <class T>                struct is_nothrow_swappable;      // C++17
        -:  131:    template <class T>                struct is_nothrow_destructible;
        -:  132:
        -:  133:    template <class T> struct has_virtual_destructor;
        -:  134:
        -:  135:    template<class T> struct has_unique_object_representations;         // C++17
        -:  136:
        -:  137:    // Relationships between types:
        -:  138:    template <class T, class U> struct is_same;
        -:  139:    template <class Base, class Derived> struct is_base_of;
        -:  140:    template <class From, class To> struct is_convertible;
        -:  141:
        -:  142:    template <class Fn, class... ArgTypes> struct is_invocable;
        -:  143:    template <class R, class Fn, class... ArgTypes> struct is_invocable_r;
        -:  144:
        -:  145:    template <class Fn, class... ArgTypes> struct is_nothrow_invocable;
        -:  146:    template <class R, class Fn, class... ArgTypes> struct is_nothrow_invocable_r;
        -:  147:
        -:  148:    // Alignment properties and transformations:
        -:  149:    template <class T> struct alignment_of;
        -:  150:    template <size_t Len, size_t Align = most_stringent_alignment_requirement>
        -:  151:        struct aligned_storage;
        -:  152:    template <size_t Len, class... Types> struct aligned_union;
        -:  153:    template <class T> struct remove_cvref; // C++20
        -:  154:
        -:  155:    template <class T> struct decay;
        -:  156:    template <class... T> struct common_type;
        -:  157:    template <class T> struct underlying_type;
        -:  158:    template <class> class result_of; // undefined
        -:  159:    template <class Fn, class... ArgTypes> class result_of<Fn(ArgTypes...)>;
        -:  160:    template <class Fn, class... ArgTypes> struct invoke_result;  // C++17
        -:  161:
        -:  162:    // const-volatile modifications:
        -:  163:    template <class T>
        -:  164:      using remove_const_t    = typename remove_const<T>::type;  // C++14
        -:  165:    template <class T>
        -:  166:      using remove_volatile_t = typename remove_volatile<T>::type;  // C++14
        -:  167:    template <class T>
        -:  168:      using remove_cv_t       = typename remove_cv<T>::type;  // C++14
        -:  169:    template <class T>
        -:  170:      using add_const_t       = typename add_const<T>::type;  // C++14
        -:  171:    template <class T>
        -:  172:      using add_volatile_t    = typename add_volatile<T>::type;  // C++14
        -:  173:    template <class T>
        -:  174:      using add_cv_t          = typename add_cv<T>::type;  // C++14
        -:  175:  
        -:  176:    // reference modifications:
        -:  177:    template <class T>
        -:  178:      using remove_reference_t     = typename remove_reference<T>::type;  // C++14
        -:  179:    template <class T>
        -:  180:      using add_lvalue_reference_t = typename add_lvalue_reference<T>::type;  // C++14
        -:  181:    template <class T>
        -:  182:      using add_rvalue_reference_t = typename add_rvalue_reference<T>::type;  // C++14
        -:  183:  
        -:  184:    // sign modifications:
        -:  185:    template <class T>
        -:  186:      using make_signed_t   = typename make_signed<T>::type;  // C++14
        -:  187:    template <class T>
        -:  188:      using make_unsigned_t = typename make_unsigned<T>::type;  // C++14
        -:  189:  
        -:  190:    // array modifications:
        -:  191:    template <class T>
        -:  192:      using remove_extent_t      = typename remove_extent<T>::type;  // C++14
        -:  193:    template <class T>
        -:  194:      using remove_all_extents_t = typename remove_all_extents<T>::type;  // C++14
        -:  195:
        -:  196:    // pointer modifications:
        -:  197:    template <class T>
        -:  198:      using remove_pointer_t = typename remove_pointer<T>::type;  // C++14
        -:  199:    template <class T>
        -:  200:      using add_pointer_t    = typename add_pointer<T>::type;  // C++14
        -:  201:
        -:  202:    // other transformations:
        -:  203:    template <size_t Len, std::size_t Align=default-alignment>
        -:  204:      using aligned_storage_t = typename aligned_storage<Len,Align>::type;  // C++14
        -:  205:    template <std::size_t Len, class... Types>
        -:  206:      using aligned_union_t   = typename aligned_union<Len,Types...>::type;  // C++14
        -:  207:    template <class T>
        -:  208:      using remove_cvref_t    = typename remove_cvref<T>::type;  // C++20
        -:  209:    template <class T>
        -:  210:      using decay_t           = typename decay<T>::type;  // C++14
        -:  211:    template <bool b, class T=void>
        -:  212:      using enable_if_t       = typename enable_if<b,T>::type;  // C++14
        -:  213:    template <bool b, class T, class F>
        -:  214:      using conditional_t     = typename conditional<b,T,F>::type;  // C++14
        -:  215:    template <class... T>
        -:  216:      using common_type_t     = typename common_type<T...>::type;  // C++14
        -:  217:    template <class T>
        -:  218:      using underlying_type_t = typename underlying_type<T>::type;  // C++14
        -:  219:    template <class T>
        -:  220:      using result_of_t       = typename result_of<T>::type;  // C++14
        -:  221:    template <class Fn, class... ArgTypes>
        -:  222:      using invoke_result_t   = typename invoke_result<Fn, ArgTypes...>::type;  // C++17
        -:  223:
        -:  224:    template <class...>
        -:  225:      using void_t = void;   // C++17
        -:  226:      
        -:  227:      // See C++14 20.10.4.1, primary type categories
        -:  228:      template <class T> inline constexpr bool is_void_v
        -:  229:        = is_void<T>::value;                                             // C++17
        -:  230:      template <class T> inline constexpr bool is_null_pointer_v
        -:  231:        = is_null_pointer<T>::value;                                     // C++17
        -:  232:      template <class T> inline constexpr bool is_integral_v
        -:  233:        = is_integral<T>::value;                                         // C++17
        -:  234:      template <class T> inline constexpr bool is_floating_point_v
        -:  235:        = is_floating_point<T>::value;                                   // C++17
        -:  236:      template <class T> inline constexpr bool is_array_v
        -:  237:        = is_array<T>::value;                                            // C++17
        -:  238:      template <class T> inline constexpr bool is_pointer_v
        -:  239:        = is_pointer<T>::value;                                          // C++17
        -:  240:      template <class T> inline constexpr bool is_lvalue_reference_v
        -:  241:        = is_lvalue_reference<T>::value;                                 // C++17
        -:  242:      template <class T> inline constexpr bool is_rvalue_reference_v
        -:  243:        = is_rvalue_reference<T>::value;                                 // C++17
        -:  244:      template <class T> inline constexpr bool is_member_object_pointer_v
        -:  245:        = is_member_object_pointer<T>::value;                            // C++17
        -:  246:      template <class T> inline constexpr bool is_member_function_pointer_v
        -:  247:        = is_member_function_pointer<T>::value;                          // C++17
        -:  248:      template <class T> inline constexpr bool is_enum_v
        -:  249:        = is_enum<T>::value;                                             // C++17
        -:  250:      template <class T> inline constexpr bool is_union_v
        -:  251:        = is_union<T>::value;                                            // C++17
        -:  252:      template <class T> inline constexpr bool is_class_v
        -:  253:        = is_class<T>::value;                                            // C++17
        -:  254:      template <class T> inline constexpr bool is_function_v
        -:  255:        = is_function<T>::value;                                         // C++17
        -:  256:
        -:  257:      // See C++14 20.10.4.2, composite type categories
        -:  258:      template <class T> inline constexpr bool is_reference_v
        -:  259:        = is_reference<T>::value;                                        // C++17
        -:  260:      template <class T> inline constexpr bool is_arithmetic_v
        -:  261:        = is_arithmetic<T>::value;                                       // C++17
        -:  262:      template <class T> inline constexpr bool is_fundamental_v
        -:  263:        = is_fundamental<T>::value;                                      // C++17
        -:  264:      template <class T> inline constexpr bool is_object_v
        -:  265:        = is_object<T>::value;                                           // C++17
        -:  266:      template <class T> inline constexpr bool is_scalar_v
        -:  267:        = is_scalar<T>::value;                                           // C++17
        -:  268:      template <class T> inline constexpr bool is_compound_v
        -:  269:        = is_compound<T>::value;                                         // C++17
        -:  270:      template <class T> inline constexpr bool is_member_pointer_v
        -:  271:        = is_member_pointer<T>::value;                                   // C++17
        -:  272:
        -:  273:      // See C++14 20.10.4.3, type properties
        -:  274:      template <class T> inline constexpr bool is_const_v
        -:  275:        = is_const<T>::value;                                            // C++17
        -:  276:      template <class T> inline constexpr bool is_volatile_v
        -:  277:        = is_volatile<T>::value;                                         // C++17
        -:  278:      template <class T> inline constexpr bool is_trivial_v
        -:  279:        = is_trivial<T>::value;                                          // C++17
        -:  280:      template <class T> inline constexpr bool is_trivially_copyable_v
        -:  281:        = is_trivially_copyable<T>::value;                               // C++17
        -:  282:      template <class T> inline constexpr bool is_standard_layout_v
        -:  283:        = is_standard_layout<T>::value;                                  // C++17
        -:  284:      template <class T> inline constexpr bool is_pod_v
        -:  285:        = is_pod<T>::value;                                              // C++17
        -:  286:      template <class T> inline constexpr bool is_literal_type_v
        -:  287:        = is_literal_type<T>::value;                                     // C++17
        -:  288:      template <class T> inline constexpr bool is_empty_v
        -:  289:        = is_empty<T>::value;                                            // C++17
        -:  290:      template <class T> inline constexpr bool is_polymorphic_v
        -:  291:        = is_polymorphic<T>::value;                                      // C++17
        -:  292:      template <class T> inline constexpr bool is_abstract_v
        -:  293:        = is_abstract<T>::value;                                         // C++17
        -:  294:      template <class T> inline constexpr bool is_final_v
        -:  295:        = is_final<T>::value;                                            // C++17
        -:  296:      template <class T> inline constexpr bool is_aggregate_v
        -:  297:        = is_aggregate<T>::value;                                        // C++17
        -:  298:      template <class T> inline constexpr bool is_signed_v
        -:  299:        = is_signed<T>::value;                                           // C++17
        -:  300:      template <class T> inline constexpr bool is_unsigned_v
        -:  301:        = is_unsigned<T>::value;                                         // C++17
        -:  302:      template <class T, class... Args> inline constexpr bool is_constructible_v
        -:  303:        = is_constructible<T, Args...>::value;                           // C++17
        -:  304:      template <class T> inline constexpr bool is_default_constructible_v
        -:  305:        = is_default_constructible<T>::value;                            // C++17
        -:  306:      template <class T> inline constexpr bool is_copy_constructible_v
        -:  307:        = is_copy_constructible<T>::value;                               // C++17
        -:  308:      template <class T> inline constexpr bool is_move_constructible_v
        -:  309:        = is_move_constructible<T>::value;                               // C++17
        -:  310:      template <class T, class U> inline constexpr bool is_assignable_v
        -:  311:        = is_assignable<T, U>::value;                                    // C++17
        -:  312:      template <class T> inline constexpr bool is_copy_assignable_v
        -:  313:        = is_copy_assignable<T>::value;                                  // C++17
        -:  314:      template <class T> inline constexpr bool is_move_assignable_v
        -:  315:        = is_move_assignable<T>::value;                                  // C++17
        -:  316:      template <class T, class U> inline constexpr bool is_swappable_with_v
        -:  317:        = is_swappable_with<T, U>::value;                                // C++17
        -:  318:      template <class T> inline constexpr bool is_swappable_v
        -:  319:        = is_swappable<T>::value;                                        // C++17
        -:  320:      template <class T> inline constexpr bool is_destructible_v
        -:  321:        = is_destructible<T>::value;                                     // C++17
        -:  322:      template <class T, class... Args> inline constexpr bool is_trivially_constructible_v
        -:  323:        = is_trivially_constructible<T, Args...>::value;                 // C++17
        -:  324:      template <class T> inline constexpr bool is_trivially_default_constructible_v
        -:  325:        = is_trivially_default_constructible<T>::value;                  // C++17
        -:  326:      template <class T> inline constexpr bool is_trivially_copy_constructible_v
        -:  327:        = is_trivially_copy_constructible<T>::value;                     // C++17
        -:  328:      template <class T> inline constexpr bool is_trivially_move_constructible_v
        -:  329:        = is_trivially_move_constructible<T>::value;                     // C++17
        -:  330:      template <class T, class U> inline constexpr bool is_trivially_assignable_v
        -:  331:        = is_trivially_assignable<T, U>::value;                          // C++17
        -:  332:      template <class T> inline constexpr bool is_trivially_copy_assignable_v
        -:  333:        = is_trivially_copy_assignable<T>::value;                        // C++17
        -:  334:      template <class T> inline constexpr bool is_trivially_move_assignable_v
        -:  335:        = is_trivially_move_assignable<T>::value;                        // C++17
        -:  336:      template <class T> inline constexpr bool is_trivially_destructible_v
        -:  337:        = is_trivially_destructible<T>::value;                           // C++17
        -:  338:      template <class T, class... Args> inline constexpr bool is_nothrow_constructible_v
        -:  339:        = is_nothrow_constructible<T, Args...>::value;                   // C++17
        -:  340:      template <class T> inline constexpr bool is_nothrow_default_constructible_v
        -:  341:        = is_nothrow_default_constructible<T>::value;                    // C++17
        -:  342:      template <class T> inline constexpr bool is_nothrow_copy_constructible_v
        -:  343:        = is_nothrow_copy_constructible<T>::value;                       // C++17
        -:  344:      template <class T> inline constexpr bool is_nothrow_move_constructible_v
        -:  345:        = is_nothrow_move_constructible<T>::value;                       // C++17
        -:  346:      template <class T, class U> inline constexpr bool is_nothrow_assignable_v
        -:  347:        = is_nothrow_assignable<T, U>::value;                            // C++17
        -:  348:      template <class T> inline constexpr bool is_nothrow_copy_assignable_v
        -:  349:        = is_nothrow_copy_assignable<T>::value;                          // C++17
        -:  350:      template <class T> inline constexpr bool is_nothrow_move_assignable_v
        -:  351:        = is_nothrow_move_assignable<T>::value;                          // C++17
        -:  352:      template <class T, class U> inline constexpr bool is_nothrow_swappable_with_v
        -:  353:        = is_nothrow_swappable_with<T, U>::value;                       // C++17
        -:  354:      template <class T> inline constexpr bool is_nothrow_swappable_v
        -:  355:        = is_nothrow_swappable<T>::value;                               // C++17
        -:  356:      template <class T> inline constexpr bool is_nothrow_destructible_v
        -:  357:        = is_nothrow_destructible<T>::value;                             // C++17
        -:  358:      template <class T> inline constexpr bool has_virtual_destructor_v
        -:  359:        = has_virtual_destructor<T>::value;                              // C++17
        -:  360:      template<class T> inline constexpr bool has_unique_object_representations_v // C++17
        -:  361:        = has_unique_object_representations<T>::value;
        -:  362:
        -:  363:      // See C++14 20.10.5, type property queries
        -:  364:      template <class T> inline constexpr size_t alignment_of_v
        -:  365:        = alignment_of<T>::value;                                        // C++17
        -:  366:      template <class T> inline constexpr size_t rank_v
        -:  367:        = rank<T>::value;                                                // C++17
        -:  368:      template <class T, unsigned I = 0> inline constexpr size_t extent_v
        -:  369:        = extent<T, I>::value;                                           // C++17
        -:  370:
        -:  371:      // See C++14 20.10.6, type relations
        -:  372:      template <class T, class U> inline constexpr bool is_same_v
        -:  373:        = is_same<T, U>::value;                                          // C++17
        -:  374:      template <class Base, class Derived> inline constexpr bool is_base_of_v
        -:  375:        = is_base_of<Base, Derived>::value;                              // C++17
        -:  376:      template <class From, class To> inline constexpr bool is_convertible_v
        -:  377:        = is_convertible<From, To>::value;                               // C++17
        -:  378:      template <class Fn, class... ArgTypes> inline constexpr bool is_invocable_v
        -:  379:        = is_invocable<Fn, ArgTypes...>::value;                          // C++17
        -:  380:      template <class R, class Fn, class... ArgTypes> inline constexpr bool is_invocable_r_v
        -:  381:        = is_invocable_r<R, Fn, ArgTypes...>::value;                     // C++17
        -:  382:      template <class Fn, class... ArgTypes> inline constexpr bool is_nothrow_invocable_v
        -:  383:        = is_nothrow_invocable<Fn, ArgTypes...>::value;                  // C++17
        -:  384:      template <class R, class Fn, class... ArgTypes> inline constexpr bool is_nothrow_invocable_r_v
        -:  385:        = is_nothrow_invocable_r<R, Fn, ArgTypes...>::value;             // C++17
        -:  386:
        -:  387:      // [meta.logical], logical operator traits:
        -:  388:      template<class... B> struct conjunction;                           // C++17
        -:  389:      template<class... B> 
        -:  390:        inline constexpr bool conjunction_v = conjunction<B...>::value;  // C++17
        -:  391:      template<class... B> struct disjunction;                           // C++17
        -:  392:      template<class... B>
        -:  393:        inline constexpr bool disjunction_v = disjunction<B...>::value;  // C++17
        -:  394:      template<class B> struct negation;                                 // C++17
        -:  395:      template<class B> 
        -:  396:        inline constexpr bool negation_v = negation<B>::value;           // C++17
        -:  397:
        -:  398:}
        -:  399:
        -:  400:*/
        -:  401:#include <__config>
        -:  402:#include <cstddef>
        -:  403:
        -:  404:#if !defined(_LIBCPP_HAS_NO_PRAGMA_SYSTEM_HEADER)
        -:  405:#pragma GCC system_header
        -:  406:#endif
        -:  407:
        -:  408:_LIBCPP_BEGIN_NAMESPACE_STD
        -:  409:
        -:  410:template <class _T1, class _T2> struct _LIBCPP_TEMPLATE_VIS pair;
        -:  411:template <class _Tp> class _LIBCPP_TEMPLATE_VIS reference_wrapper;
        -:  412:template <class _Tp> struct _LIBCPP_TEMPLATE_VIS hash;
        -:  413:
        -:  414:template <class>
        -:  415:struct __void_t { typedef void type; };
        -:  416:
        -:  417:template <class _Tp>
        -:  418:struct __identity { typedef _Tp type; };
        -:  419:
        -:  420:template <class _Tp, bool>
        -:  421:struct _LIBCPP_TEMPLATE_VIS __dependent_type : public _Tp {};
        -:  422:
        -:  423:template <bool _Bp, class _If, class _Then>
        -:  424:    struct _LIBCPP_TEMPLATE_VIS conditional {typedef _If type;};
        -:  425:template <class _If, class _Then>
        -:  426:    struct _LIBCPP_TEMPLATE_VIS conditional<false, _If, _Then> {typedef _Then type;};
        -:  427:
        -:  428:#if _LIBCPP_STD_VER > 11
        -:  429:template <bool _Bp, class _If, class _Then> using conditional_t = typename conditional<_Bp, _If, _Then>::type;
        -:  430:#endif
        -:  431:
        -:  432:template <bool, class _Tp> struct _LIBCPP_TEMPLATE_VIS __lazy_enable_if {};
        -:  433:template <class _Tp> struct _LIBCPP_TEMPLATE_VIS __lazy_enable_if<true, _Tp> {typedef typename _Tp::type type;};
        -:  434:
        -:  435:template <bool, class _Tp = void> struct _LIBCPP_TEMPLATE_VIS enable_if {};
        -:  436:template <class _Tp> struct _LIBCPP_TEMPLATE_VIS enable_if<true, _Tp> {typedef _Tp type;};
        -:  437:
        -:  438:#if _LIBCPP_STD_VER > 11
        -:  439:template <bool _Bp, class _Tp = void> using enable_if_t = typename enable_if<_Bp, _Tp>::type;
        -:  440:#endif
        -:  441:
        -:  442:// addressof
        -:  443:#ifndef _LIBCPP_HAS_NO_BUILTIN_ADDRESSOF
        -:  444:
        -:  445:template <class _Tp>
        -:  446:inline _LIBCPP_CONSTEXPR_AFTER_CXX14
        -:  447:_LIBCPP_NO_CFI _LIBCPP_INLINE_VISIBILITY
        -:  448:_Tp*
        -:  449:addressof(_Tp& __x) _NOEXCEPT
        -:  450:{
        -:  451:    return __builtin_addressof(__x);
        -:  452:}
        -:  453:
        -:  454:#else
        -:  455:
        -:  456:template <class _Tp>
        -:  457:inline _LIBCPP_NO_CFI _LIBCPP_INLINE_VISIBILITY
        -:  458:_Tp*
        -:  459:addressof(_Tp& __x) _NOEXCEPT
        -:  460:{
        -:  461:  return reinterpret_cast<_Tp *>(
        -:  462:      const_cast<char *>(&reinterpret_cast<const volatile char &>(__x)));
        -:  463:}
        -:  464:
        -:  465:#endif // _LIBCPP_HAS_NO_BUILTIN_ADDRESSOF
        -:  466:
        -:  467:#if defined(_LIBCPP_HAS_OBJC_ARC) && !defined(_LIBCPP_PREDEFINED_OBJC_ARC_ADDRESSOF)
        -:  468:// Objective-C++ Automatic Reference Counting uses qualified pointers
        -:  469:// that require special addressof() signatures. When
        -:  470:// _LIBCPP_PREDEFINED_OBJC_ARC_ADDRESSOF is defined, the compiler
        -:  471:// itself is providing these definitions. Otherwise, we provide them.
        -:  472:template <class _Tp>
        -:  473:inline _LIBCPP_INLINE_VISIBILITY
        -:  474:__strong _Tp*
        -:  475:addressof(__strong _Tp& __x) _NOEXCEPT
        -:  476:{
        -:  477:  return &__x;
        -:  478:}
        -:  479:
        -:  480:#ifdef _LIBCPP_HAS_OBJC_ARC_WEAK
        -:  481:template <class _Tp>
        -:  482:inline _LIBCPP_INLINE_VISIBILITY
        -:  483:__weak _Tp*
        -:  484:addressof(__weak _Tp& __x) _NOEXCEPT
        -:  485:{
        -:  486:  return &__x;
        -:  487:}
        -:  488:#endif
        -:  489:
        -:  490:template <class _Tp>
        -:  491:inline _LIBCPP_INLINE_VISIBILITY
        -:  492:__autoreleasing _Tp*
        -:  493:addressof(__autoreleasing _Tp& __x) _NOEXCEPT
        -:  494:{
        -:  495:  return &__x;
        -:  496:}
        -:  497:
        -:  498:template <class _Tp>
        -:  499:inline _LIBCPP_INLINE_VISIBILITY
        -:  500:__unsafe_unretained _Tp*
        -:  501:addressof(__unsafe_unretained _Tp& __x) _NOEXCEPT
        -:  502:{
        -:  503:  return &__x;
        -:  504:}
        -:  505:#endif
        -:  506:
        -:  507:#if !defined(_LIBCPP_CXX03_LANG)
        -:  508:template <class _Tp> _Tp* addressof(const _Tp&&) noexcept = delete;
        -:  509:#endif
        -:  510:
        -:  511:struct __two {char __lx[2];};
        -:  512:
        -:  513:// helper class:
        -:  514:
        -:  515:template <class _Tp, _Tp __v>
        -:  516:struct _LIBCPP_TEMPLATE_VIS integral_constant
        -:  517:{
        -:  518:    static _LIBCPP_CONSTEXPR const _Tp      value = __v;
        -:  519:    typedef _Tp               value_type;
        -:  520:    typedef integral_constant type;
        -:  521:    _LIBCPP_INLINE_VISIBILITY
        -:  522:        _LIBCPP_CONSTEXPR operator value_type() const _NOEXCEPT {return value;}
        -:  523:#if _LIBCPP_STD_VER > 11
        -:  524:    _LIBCPP_INLINE_VISIBILITY
        -:  525:         constexpr value_type operator ()() const _NOEXCEPT {return value;}
        -:  526:#endif
        -:  527:};
        -:  528:
        -:  529:template <class _Tp, _Tp __v>
        -:  530:_LIBCPP_CONSTEXPR const _Tp integral_constant<_Tp, __v>::value;
        -:  531:
        -:  532:#if _LIBCPP_STD_VER > 14
        -:  533:template <bool __b>
        -:  534:using bool_constant = integral_constant<bool, __b>;
        -:  535:#define _LIBCPP_BOOL_CONSTANT(__b) bool_constant<(__b)>
        -:  536:#else
        -:  537:#define _LIBCPP_BOOL_CONSTANT(__b) integral_constant<bool,(__b)>
        -:  538:#endif
        -:  539:
        -:  540:typedef _LIBCPP_BOOL_CONSTANT(true)  true_type;
        -:  541:typedef _LIBCPP_BOOL_CONSTANT(false) false_type;
        -:  542:
        -:  543:#if !defined(_LIBCPP_CXX03_LANG)
        -:  544:
        -:  545:// __lazy_and
        -:  546:
        -:  547:template <bool _Last, class ..._Preds>
        -:  548:struct __lazy_and_impl;
        -:  549:
        -:  550:template <class ..._Preds>
        -:  551:struct __lazy_and_impl<false, _Preds...> : false_type {};
        -:  552:
        -:  553:template <>
        -:  554:struct __lazy_and_impl<true> : true_type {};
        -:  555:
        -:  556:template <class _Pred>
        -:  557:struct __lazy_and_impl<true, _Pred> : integral_constant<bool, _Pred::type::value> {};
        -:  558:
        -:  559:template <class _Hp, class ..._Tp>
        -:  560:struct __lazy_and_impl<true, _Hp, _Tp...> : __lazy_and_impl<_Hp::type::value, _Tp...> {};
        -:  561:
        -:  562:template <class _P1, class ..._Pr>
        -:  563:struct __lazy_and : __lazy_and_impl<_P1::type::value, _Pr...> {};
        -:  564:
        -:  565:// __lazy_or
        -:  566:
        -:  567:template <bool _List, class ..._Preds>
        -:  568:struct __lazy_or_impl;
        -:  569:
        -:  570:template <class ..._Preds>
        -:  571:struct __lazy_or_impl<true, _Preds...> : true_type {};
        -:  572:
        -:  573:template <>
        -:  574:struct __lazy_or_impl<false> : false_type {};
        -:  575:
        -:  576:template <class _Hp, class ..._Tp>
        -:  577:struct __lazy_or_impl<false, _Hp, _Tp...>
        -:  578:        : __lazy_or_impl<_Hp::type::value, _Tp...> {};
        -:  579:
        -:  580:template <class _P1, class ..._Pr>
        -:  581:struct __lazy_or : __lazy_or_impl<_P1::type::value, _Pr...> {};
        -:  582:
        -:  583:// __lazy_not
        -:  584:
        -:  585:template <class _Pred>
        -:  586:struct __lazy_not : integral_constant<bool, !_Pred::type::value> {};
        -:  587:
        -:  588:// __and_
        -:  589:template<class...> struct __and_;
        -:  590:template<> struct __and_<> : true_type {};
        -:  591:
        -:  592:template<class _B0> struct __and_<_B0> : _B0 {};
        -:  593:
        -:  594:template<class _B0, class _B1>
        -:  595:struct __and_<_B0, _B1> : conditional<_B0::value, _B1, _B0>::type {};
        -:  596:
        -:  597:template<class _B0, class _B1, class _B2, class... _Bn>
        -:  598:struct __and_<_B0, _B1, _B2, _Bn...> 
        -:  599:        : conditional<_B0::value, __and_<_B1, _B2, _Bn...>, _B0>::type {};
        -:  600:
        -:  601:// __or_
        -:  602:template<class...> struct __or_;
        -:  603:template<> struct __or_<> : false_type {};
        -:  604:
        -:  605:template<class _B0> struct __or_<_B0> : _B0 {};
        -:  606:
        -:  607:template<class _B0, class _B1>
        -:  608:struct __or_<_B0, _B1> : conditional<_B0::value, _B0, _B1>::type {};
        -:  609:
        -:  610:template<class _B0, class _B1, class _B2, class... _Bn>
        -:  611:struct __or_<_B0, _B1, _B2, _Bn...> 
        -:  612:        : conditional<_B0::value, _B0, __or_<_B1, _B2, _Bn...> >::type {};
        -:  613:
        -:  614:// __not_
        -:  615:template<class _Tp> 
        -:  616:struct __not_ : conditional<_Tp::value, false_type, true_type>::type {};
        -:  617:
        -:  618:#endif // !defined(_LIBCPP_CXX03_LANG)
        -:  619:
        -:  620:// is_const
        -:  621:
        -:  622:template <class _Tp> struct _LIBCPP_TEMPLATE_VIS is_const            : public false_type {};
        -:  623:template <class _Tp> struct _LIBCPP_TEMPLATE_VIS is_const<_Tp const> : public true_type {};
        -:  624:
        -:  625:#if _LIBCPP_STD_VER > 14 && !defined(_LIBCPP_HAS_NO_VARIABLE_TEMPLATES)
        -:  626:template <class _Tp>
        -:  627:_LIBCPP_INLINE_VAR _LIBCPP_CONSTEXPR bool is_const_v
        -:  628:    = is_const<_Tp>::value;
        -:  629:#endif
        -:  630:
        -:  631:// is_volatile
        -:  632:
        -:  633:template <class _Tp> struct _LIBCPP_TEMPLATE_VIS is_volatile               : public false_type {};
        -:  634:template <class _Tp> struct _LIBCPP_TEMPLATE_VIS is_volatile<_Tp volatile> : public true_type {};
        -:  635:
        -:  636:#if _LIBCPP_STD_VER > 14 && !defined(_LIBCPP_HAS_NO_VARIABLE_TEMPLATES)
        -:  637:template <class _Tp>
        -:  638:_LIBCPP_INLINE_VAR _LIBCPP_CONSTEXPR bool is_volatile_v
        -:  639:    = is_volatile<_Tp>::value;
        -:  640:#endif
        -:  641:
        -:  642:// remove_const
        -:  643:
        -:  644:template <class _Tp> struct _LIBCPP_TEMPLATE_VIS remove_const            {typedef _Tp type;};
        -:  645:template <class _Tp> struct _LIBCPP_TEMPLATE_VIS remove_const<const _Tp> {typedef _Tp type;};
        -:  646:#if _LIBCPP_STD_VER > 11
        -:  647:template <class _Tp> using remove_const_t = typename remove_const<_Tp>::type;
        -:  648:#endif
        -:  649:
        -:  650:// remove_volatile
        -:  651:
        -:  652:template <class _Tp> struct _LIBCPP_TEMPLATE_VIS remove_volatile               {typedef _Tp type;};
        -:  653:template <class _Tp> struct _LIBCPP_TEMPLATE_VIS remove_volatile<volatile _Tp> {typedef _Tp type;};
        -:  654:#if _LIBCPP_STD_VER > 11
        -:  655:template <class _Tp> using remove_volatile_t = typename remove_volatile<_Tp>::type;
        -:  656:#endif
        -:  657:
        -:  658:// remove_cv
        -:  659:
        -:  660:template <class _Tp> struct _LIBCPP_TEMPLATE_VIS remove_cv
        -:  661:{typedef typename remove_volatile<typename remove_const<_Tp>::type>::type type;};
        -:  662:#if _LIBCPP_STD_VER > 11
        -:  663:template <class _Tp> using remove_cv_t = typename remove_cv<_Tp>::type;
        -:  664:#endif
        -:  665:
        -:  666:// is_void
        -:  667:
        -:  668:template <class _Tp> struct __libcpp_is_void       : public false_type {};
        -:  669:template <>          struct __libcpp_is_void<void> : public true_type {};
        -:  670:
        -:  671:template <class _Tp> struct _LIBCPP_TEMPLATE_VIS is_void
        -:  672:    : public __libcpp_is_void<typename remove_cv<_Tp>::type> {};
        -:  673:
        -:  674:#if _LIBCPP_STD_VER > 14 && !defined(_LIBCPP_HAS_NO_VARIABLE_TEMPLATES)
        -:  675:template <class _Tp>
        -:  676:_LIBCPP_INLINE_VAR _LIBCPP_CONSTEXPR bool is_void_v
        -:  677:    = is_void<_Tp>::value;
        -:  678:#endif
        -:  679:
        -:  680:// __is_nullptr_t
        -:  681:
        -:  682:template <class _Tp> struct __is_nullptr_t_impl       : public false_type {};
        -:  683:template <>          struct __is_nullptr_t_impl<nullptr_t> : public true_type {};
        -:  684:
        -:  685:template <class _Tp> struct _LIBCPP_TEMPLATE_VIS __is_nullptr_t
        -:  686:    : public __is_nullptr_t_impl<typename remove_cv<_Tp>::type> {};
        -:  687:
        -:  688:#if _LIBCPP_STD_VER > 11
        -:  689:template <class _Tp> struct _LIBCPP_TEMPLATE_VIS is_null_pointer
        -:  690:    : public __is_nullptr_t_impl<typename remove_cv<_Tp>::type> {};
        -:  691:
        -:  692:#if _LIBCPP_STD_VER > 14 && !defined(_LIBCPP_HAS_NO_VARIABLE_TEMPLATES)
        -:  693:template <class _Tp>
        -:  694:_LIBCPP_INLINE_VAR _LIBCPP_CONSTEXPR bool is_null_pointer_v
        -:  695:    = is_null_pointer<_Tp>::value;
        -:  696:#endif
        -:  697:#endif
        -:  698:
        -:  699:// is_integral
        -:  700:
        -:  701:template <class _Tp> struct __libcpp_is_integral                     : public false_type {};
        -:  702:template <>          struct __libcpp_is_integral<bool>               : public true_type {};
        -:  703:template <>          struct __libcpp_is_integral<char>               : public true_type {};
        -:  704:template <>          struct __libcpp_is_integral<signed char>        : public true_type {};
        -:  705:template <>          struct __libcpp_is_integral<unsigned char>      : public true_type {};
        -:  706:template <>          struct __libcpp_is_integral<wchar_t>            : public true_type {};
        -:  707:#ifndef _LIBCPP_HAS_NO_UNICODE_CHARS
        -:  708:template <>          struct __libcpp_is_integral<char16_t>           : public true_type {};
        -:  709:template <>          struct __libcpp_is_integral<char32_t>           : public true_type {};
        -:  710:#endif  // _LIBCPP_HAS_NO_UNICODE_CHARS
        -:  711:template <>          struct __libcpp_is_integral<short>              : public true_type {};
        -:  712:template <>          struct __libcpp_is_integral<unsigned short>     : public true_type {};
        -:  713:template <>          struct __libcpp_is_integral<int>                : public true_type {};
        -:  714:template <>          struct __libcpp_is_integral<unsigned int>       : public true_type {};
        -:  715:template <>          struct __libcpp_is_integral<long>               : public true_type {};
        -:  716:template <>          struct __libcpp_is_integral<unsigned long>      : public true_type {};
        -:  717:template <>          struct __libcpp_is_integral<long long>          : public true_type {};
        -:  718:template <>          struct __libcpp_is_integral<unsigned long long> : public true_type {};
        -:  719:#ifndef _LIBCPP_HAS_NO_INT128
        -:  720:template <>          struct __libcpp_is_integral<__int128_t>         : public true_type {};
        -:  721:template <>          struct __libcpp_is_integral<__uint128_t>        : public true_type {};
        -:  722:#endif
        -:  723:
        -:  724:template <class _Tp> struct _LIBCPP_TEMPLATE_VIS is_integral
        -:  725:    : public __libcpp_is_integral<typename remove_cv<_Tp>::type> {};
        -:  726:
        -:  727:#if _LIBCPP_STD_VER > 14 && !defined(_LIBCPP_HAS_NO_VARIABLE_TEMPLATES)
        -:  728:template <class _Tp>
        -:  729:_LIBCPP_INLINE_VAR _LIBCPP_CONSTEXPR bool is_integral_v
        -:  730:    = is_integral<_Tp>::value;
        -:  731:#endif
        -:  732:
        -:  733:// is_floating_point
        -:  734:
        -:  735:template <class _Tp> struct __libcpp_is_floating_point              : public false_type {};
        -:  736:template <>          struct __libcpp_is_floating_point<float>       : public true_type {};
        -:  737:template <>          struct __libcpp_is_floating_point<double>      : public true_type {};
        -:  738:template <>          struct __libcpp_is_floating_point<long double> : public true_type {};
        -:  739:
        -:  740:template <class _Tp> struct _LIBCPP_TEMPLATE_VIS is_floating_point
        -:  741:    : public __libcpp_is_floating_point<typename remove_cv<_Tp>::type> {};
        -:  742:
        -:  743:#if _LIBCPP_STD_VER > 14 && !defined(_LIBCPP_HAS_NO_VARIABLE_TEMPLATES)
        -:  744:template <class _Tp>
        -:  745:_LIBCPP_INLINE_VAR _LIBCPP_CONSTEXPR bool is_floating_point_v
        -:  746:    = is_floating_point<_Tp>::value;
        -:  747:#endif
        -:  748:
        -:  749:// is_array
        -:  750:
        -:  751:template <class _Tp> struct _LIBCPP_TEMPLATE_VIS is_array
        -:  752:    : public false_type {};
        -:  753:template <class _Tp> struct _LIBCPP_TEMPLATE_VIS is_array<_Tp[]>
        -:  754:    : public true_type {};
        -:  755:template <class _Tp, size_t _Np> struct _LIBCPP_TEMPLATE_VIS is_array<_Tp[_Np]>
        -:  756:    : public true_type {};
        -:  757:
        -:  758:#if _LIBCPP_STD_VER > 14 && !defined(_LIBCPP_HAS_NO_VARIABLE_TEMPLATES)
        -:  759:template <class _Tp>
        -:  760:_LIBCPP_INLINE_VAR _LIBCPP_CONSTEXPR bool is_array_v
        -:  761:    = is_array<_Tp>::value;
        -:  762:#endif
        -:  763:
        -:  764:// is_pointer
        -:  765:
        -:  766:template <class _Tp> struct __libcpp_is_pointer       : public false_type {};
        -:  767:template <class _Tp> struct __libcpp_is_pointer<_Tp*> : public true_type {};
        -:  768:
        -:  769:template <class _Tp> struct _LIBCPP_TEMPLATE_VIS is_pointer
        -:  770:    : public __libcpp_is_pointer<typename remove_cv<_Tp>::type> {};
        -:  771:
        -:  772:#if _LIBCPP_STD_VER > 14 && !defined(_LIBCPP_HAS_NO_VARIABLE_TEMPLATES)
        -:  773:template <class _Tp>
        -:  774:_LIBCPP_INLINE_VAR _LIBCPP_CONSTEXPR bool is_pointer_v
        -:  775:    = is_pointer<_Tp>::value;
        -:  776:#endif
        -:  777:
        -:  778:// is_reference
        -:  779:
        -:  780:template <class _Tp> struct _LIBCPP_TEMPLATE_VIS is_lvalue_reference       : public false_type {};
        -:  781:template <class _Tp> struct _LIBCPP_TEMPLATE_VIS is_lvalue_reference<_Tp&> : public true_type {};
        -:  782:
        -:  783:template <class _Tp> struct _LIBCPP_TEMPLATE_VIS is_rvalue_reference        : public false_type {};
        -:  784:#ifndef _LIBCPP_HAS_NO_RVALUE_REFERENCES
        -:  785:template <class _Tp> struct _LIBCPP_TEMPLATE_VIS is_rvalue_reference<_Tp&&> : public true_type {};
        -:  786:#endif
        -:  787:
        -:  788:template <class _Tp> struct _LIBCPP_TEMPLATE_VIS is_reference        : public false_type {};
        -:  789:template <class _Tp> struct _LIBCPP_TEMPLATE_VIS is_reference<_Tp&>  : public true_type {};
        -:  790:#ifndef _LIBCPP_HAS_NO_RVALUE_REFERENCES
        -:  791:template <class _Tp> struct _LIBCPP_TEMPLATE_VIS is_reference<_Tp&&> : public true_type {};
        -:  792:#endif
        -:  793:
        -:  794:#if _LIBCPP_STD_VER > 14 && !defined(_LIBCPP_HAS_NO_VARIABLE_TEMPLATES)
        -:  795:template <class _Tp>
        -:  796:_LIBCPP_INLINE_VAR _LIBCPP_CONSTEXPR bool is_reference_v
        -:  797:    = is_reference<_Tp>::value;
        -:  798:
        -:  799:template <class _Tp>
        -:  800:_LIBCPP_INLINE_VAR _LIBCPP_CONSTEXPR bool is_lvalue_reference_v
        -:  801:    = is_lvalue_reference<_Tp>::value;
        -:  802:
        -:  803:template <class _Tp>
        -:  804:_LIBCPP_INLINE_VAR _LIBCPP_CONSTEXPR bool is_rvalue_reference_v
        -:  805:    = is_rvalue_reference<_Tp>::value;
        -:  806:#endif
        -:  807:// is_union
        -:  808:
        -:  809:#if __has_feature(is_union) || (_GNUC_VER >= 403)
        -:  810:
        -:  811:template <class _Tp> struct _LIBCPP_TEMPLATE_VIS is_union
        -:  812:    : public integral_constant<bool, __is_union(_Tp)> {};
        -:  813:
        -:  814:#else
        -:  815:
        -:  816:template <class _Tp> struct __libcpp_union : public false_type {};
        -:  817:template <class _Tp> struct _LIBCPP_TEMPLATE_VIS is_union
        -:  818:    : public __libcpp_union<typename remove_cv<_Tp>::type> {};
        -:  819:
        -:  820:#endif
        -:  821:
        -:  822:#if _LIBCPP_STD_VER > 14 && !defined(_LIBCPP_HAS_NO_VARIABLE_TEMPLATES)
        -:  823:template <class _Tp>
        -:  824:_LIBCPP_INLINE_VAR _LIBCPP_CONSTEXPR bool is_union_v
        -:  825:    = is_union<_Tp>::value;
        -:  826:#endif
        -:  827:
        -:  828:// is_class
        -:  829:
        -:  830:#if __has_feature(is_class) || (_GNUC_VER >= 403)
        -:  831:
        -:  832:template <class _Tp> struct _LIBCPP_TEMPLATE_VIS is_class
        -:  833:    : public integral_constant<bool, __is_class(_Tp)> {};
        -:  834:
        -:  835:#else
        -:  836:
        -:  837:namespace __is_class_imp
        -:  838:{
        -:  839:template <class _Tp> char  __test(int _Tp::*);
        -:  840:template <class _Tp> __two __test(...);
        -:  841:}
        -:  842:
        -:  843:template <class _Tp> struct _LIBCPP_TEMPLATE_VIS is_class
        -:  844:    : public integral_constant<bool, sizeof(__is_class_imp::__test<_Tp>(0)) == 1 && !is_union<_Tp>::value> {};
        -:  845:
        -:  846:#endif
        -:  847:
        -:  848:#if _LIBCPP_STD_VER > 14 && !defined(_LIBCPP_HAS_NO_VARIABLE_TEMPLATES)
        -:  849:template <class _Tp>
        -:  850:_LIBCPP_INLINE_VAR _LIBCPP_CONSTEXPR bool is_class_v
        -:  851:    = is_class<_Tp>::value;
        -:  852:#endif
        -:  853:
        -:  854:// is_same
        -:  855:
        -:  856:template <class _Tp, class _Up> struct _LIBCPP_TEMPLATE_VIS is_same           : public false_type {};
        -:  857:template <class _Tp>            struct _LIBCPP_TEMPLATE_VIS is_same<_Tp, _Tp> : public true_type {};
        -:  858:
        -:  859:#if _LIBCPP_STD_VER > 14 && !defined(_LIBCPP_HAS_NO_VARIABLE_TEMPLATES)
        -:  860:template <class _Tp, class _Up>
        -:  861:_LIBCPP_INLINE_VAR _LIBCPP_CONSTEXPR bool is_same_v
        -:  862:    = is_same<_Tp, _Up>::value;
        -:  863:#endif
        -:  864:
        -:  865:// is_function
        -:  866:
        -:  867:namespace __libcpp_is_function_imp
        -:  868:{
        -:  869:struct __dummy_type {};
        -:  870:template <class _Tp> char  __test(_Tp*);
        -:  871:template <class _Tp> char __test(__dummy_type);
        -:  872:template <class _Tp> __two __test(...);
        -:  873:template <class _Tp> _Tp&  __source(int);
        -:  874:template <class _Tp> __dummy_type __source(...);
        -:  875:}
        -:  876:
        -:  877:template <class _Tp, bool = is_class<_Tp>::value ||
        -:  878:                            is_union<_Tp>::value ||
        -:  879:                            is_void<_Tp>::value  ||
        -:  880:                            is_reference<_Tp>::value ||
        -:  881:                            __is_nullptr_t<_Tp>::value >
        -:  882:struct __libcpp_is_function
        -:  883:    : public integral_constant<bool, sizeof(__libcpp_is_function_imp::__test<_Tp>(__libcpp_is_function_imp::__source<_Tp>(0))) == 1>
        -:  884:    {};
        -:  885:template <class _Tp> struct __libcpp_is_function<_Tp, true> : public false_type {};
        -:  886:
        -:  887:template <class _Tp> struct _LIBCPP_TEMPLATE_VIS is_function
        -:  888:    : public __libcpp_is_function<_Tp> {};
        -:  889:
        -:  890:#if _LIBCPP_STD_VER > 14 && !defined(_LIBCPP_HAS_NO_VARIABLE_TEMPLATES)
        -:  891:template <class _Tp>
        -:  892:_LIBCPP_INLINE_VAR _LIBCPP_CONSTEXPR bool is_function_v
        -:  893:    = is_function<_Tp>::value;
        -:  894:#endif
        -:  895:
        -:  896:// is_member_function_pointer
        -:  897:
        -:  898:// template <class _Tp> struct            __libcpp_is_member_function_pointer             : public false_type {};
        -:  899:// template <class _Tp, class _Up> struct __libcpp_is_member_function_pointer<_Tp _Up::*> : public is_function<_Tp> {};
        -:  900:// 
        -:  901:
        -:  902:template <class _MP, bool _IsMemberFunctionPtr, bool _IsMemberObjectPtr>
        -:  903:struct __member_pointer_traits_imp
        -:  904:{  // forward declaration; specializations later
        -:  905:};
        -:  906:
        -:  907:
        -:  908:template <class _Tp> struct __libcpp_is_member_function_pointer
        -:  909:    : public false_type {};
        -:  910:
        -:  911:template <class _Ret, class _Class>
        -:  912:struct __libcpp_is_member_function_pointer<_Ret _Class::*>
        -:  913:    : public is_function<_Ret> {};
        -:  914:
        -:  915:template <class _Tp> struct _LIBCPP_TEMPLATE_VIS is_member_function_pointer
        -:  916:    : public __libcpp_is_member_function_pointer<typename remove_cv<_Tp>::type>::type {};
        -:  917:
        -:  918:#if _LIBCPP_STD_VER > 14 && !defined(_LIBCPP_HAS_NO_VARIABLE_TEMPLATES)
        -:  919:template <class _Tp>
        -:  920:_LIBCPP_INLINE_VAR _LIBCPP_CONSTEXPR bool is_member_function_pointer_v
        -:  921:    = is_member_function_pointer<_Tp>::value;
        -:  922:#endif
        -:  923:
        -:  924:// is_member_pointer
        -:  925:
        -:  926:template <class _Tp>            struct __libcpp_is_member_pointer             : public false_type {};
        -:  927:template <class _Tp, class _Up> struct __libcpp_is_member_pointer<_Tp _Up::*> : public true_type {};
        -:  928:
        -:  929:template <class _Tp> struct _LIBCPP_TEMPLATE_VIS is_member_pointer
        -:  930:    : public __libcpp_is_member_pointer<typename remove_cv<_Tp>::type> {};
        -:  931:
        -:  932:#if _LIBCPP_STD_VER > 14 && !defined(_LIBCPP_HAS_NO_VARIABLE_TEMPLATES)
        -:  933:template <class _Tp>
        -:  934:_LIBCPP_INLINE_VAR _LIBCPP_CONSTEXPR bool is_member_pointer_v
        -:  935:    = is_member_pointer<_Tp>::value;
        -:  936:#endif
        -:  937:
        -:  938:// is_member_object_pointer
        -:  939:
        -:  940:template <class _Tp> struct _LIBCPP_TEMPLATE_VIS is_member_object_pointer
        -:  941:    : public integral_constant<bool, is_member_pointer<_Tp>::value &&
        -:  942:                                    !is_member_function_pointer<_Tp>::value> {};
        -:  943:
        -:  944:#if _LIBCPP_STD_VER > 14 && !defined(_LIBCPP_HAS_NO_VARIABLE_TEMPLATES)
        -:  945:template <class _Tp>
        -:  946:_LIBCPP_INLINE_VAR _LIBCPP_CONSTEXPR bool is_member_object_pointer_v
        -:  947:    = is_member_object_pointer<_Tp>::value;
        -:  948:#endif
        -:  949:
        -:  950:// is_enum
        -:  951:
        -:  952:#if __has_feature(is_enum) || (_GNUC_VER >= 403)
        -:  953:
        -:  954:template <class _Tp> struct _LIBCPP_TEMPLATE_VIS is_enum
        -:  955:    : public integral_constant<bool, __is_enum(_Tp)> {};
        -:  956:
        -:  957:#else
        -:  958:
        -:  959:template <class _Tp> struct _LIBCPP_TEMPLATE_VIS is_enum
        -:  960:    : public integral_constant<bool, !is_void<_Tp>::value             &&
        -:  961:                                     !is_integral<_Tp>::value         &&
        -:  962:                                     !is_floating_point<_Tp>::value   &&
        -:  963:                                     !is_array<_Tp>::value            &&
        -:  964:                                     !is_pointer<_Tp>::value          &&
        -:  965:                                     !is_reference<_Tp>::value        &&
        -:  966:                                     !is_member_pointer<_Tp>::value   &&
        -:  967:                                     !is_union<_Tp>::value            &&
        -:  968:                                     !is_class<_Tp>::value            &&
        -:  969:                                     !is_function<_Tp>::value         > {};
        -:  970:
        -:  971:#endif
        -:  972:
        -:  973:#if _LIBCPP_STD_VER > 14 && !defined(_LIBCPP_HAS_NO_VARIABLE_TEMPLATES)
        -:  974:template <class _Tp>
        -:  975:_LIBCPP_INLINE_VAR _LIBCPP_CONSTEXPR bool is_enum_v
        -:  976:    = is_enum<_Tp>::value;
        -:  977:#endif
        -:  978:
        -:  979:// is_arithmetic
        -:  980:
        -:  981:template <class _Tp> struct _LIBCPP_TEMPLATE_VIS is_arithmetic
        -:  982:    : public integral_constant<bool, is_integral<_Tp>::value      ||
        -:  983:                                     is_floating_point<_Tp>::value> {};
        -:  984:
        -:  985:#if _LIBCPP_STD_VER > 14 && !defined(_LIBCPP_HAS_NO_VARIABLE_TEMPLATES)
        -:  986:template <class _Tp>
        -:  987:_LIBCPP_INLINE_VAR _LIBCPP_CONSTEXPR bool is_arithmetic_v
        -:  988:    = is_arithmetic<_Tp>::value;
        -:  989:#endif
        -:  990:
        -:  991:// is_fundamental
        -:  992:
        -:  993:template <class _Tp> struct _LIBCPP_TEMPLATE_VIS is_fundamental
        -:  994:    : public integral_constant<bool, is_void<_Tp>::value        ||
        -:  995:                                     __is_nullptr_t<_Tp>::value ||
        -:  996:                                     is_arithmetic<_Tp>::value> {};
        -:  997:
        -:  998:#if _LIBCPP_STD_VER > 14 && !defined(_LIBCPP_HAS_NO_VARIABLE_TEMPLATES)
        -:  999:template <class _Tp>
        -: 1000:_LIBCPP_INLINE_VAR _LIBCPP_CONSTEXPR bool is_fundamental_v
        -: 1001:    = is_fundamental<_Tp>::value;
        -: 1002:#endif
        -: 1003:
        -: 1004:// is_scalar
        -: 1005:
        -: 1006:template <class _Tp> struct _LIBCPP_TEMPLATE_VIS is_scalar
        -: 1007:    : public integral_constant<bool, is_arithmetic<_Tp>::value     ||
        -: 1008:                                     is_member_pointer<_Tp>::value ||
        -: 1009:                                     is_pointer<_Tp>::value        ||
        -: 1010:                                     __is_nullptr_t<_Tp>::value    ||
        -: 1011:                                     is_enum<_Tp>::value           > {};
        -: 1012:
        -: 1013:template <> struct _LIBCPP_TEMPLATE_VIS is_scalar<nullptr_t> : public true_type {};
        -: 1014:
        -: 1015:#if _LIBCPP_STD_VER > 14 && !defined(_LIBCPP_HAS_NO_VARIABLE_TEMPLATES)
        -: 1016:template <class _Tp>
        -: 1017:_LIBCPP_INLINE_VAR _LIBCPP_CONSTEXPR bool is_scalar_v
        -: 1018:    = is_scalar<_Tp>::value;
        -: 1019:#endif
        -: 1020:
        -: 1021:// is_object
        -: 1022:
        -: 1023:template <class _Tp> struct _LIBCPP_TEMPLATE_VIS is_object
        -: 1024:    : public integral_constant<bool, is_scalar<_Tp>::value ||
        -: 1025:                                     is_array<_Tp>::value  ||
        -: 1026:                                     is_union<_Tp>::value  ||
        -: 1027:                                     is_class<_Tp>::value  > {};
        -: 1028:
        -: 1029:#if _LIBCPP_STD_VER > 14 && !defined(_LIBCPP_HAS_NO_VARIABLE_TEMPLATES)
        -: 1030:template <class _Tp>
        -: 1031:_LIBCPP_INLINE_VAR _LIBCPP_CONSTEXPR bool is_object_v
        -: 1032:    = is_object<_Tp>::value;
        -: 1033:#endif
        -: 1034:
        -: 1035:// is_compound
        -: 1036:
        -: 1037:template <class _Tp> struct _LIBCPP_TEMPLATE_VIS is_compound
        -: 1038:    : public integral_constant<bool, !is_fundamental<_Tp>::value> {};
        -: 1039:
        -: 1040:#if _LIBCPP_STD_VER > 14 && !defined(_LIBCPP_HAS_NO_VARIABLE_TEMPLATES)
        -: 1041:template <class _Tp>
        -: 1042:_LIBCPP_INLINE_VAR _LIBCPP_CONSTEXPR bool is_compound_v
        -: 1043:    = is_compound<_Tp>::value;
        -: 1044:#endif
        -: 1045:
        -: 1046:
        -: 1047:// __is_referenceable  [defns.referenceable]
        -: 1048:
        -: 1049:struct __is_referenceable_impl {
        -: 1050:    template <class _Tp> static _Tp& __test(int);
        -: 1051:    template <class _Tp> static __two __test(...);
        -: 1052:};
        -: 1053:
        -: 1054:template <class _Tp>
        -: 1055:struct __is_referenceable : integral_constant<bool,
        -: 1056:    !is_same<decltype(__is_referenceable_impl::__test<_Tp>(0)), __two>::value> {};
        -: 1057:
        -: 1058:
        -: 1059:// add_const
        -: 1060:
        -: 1061:template <class _Tp, bool = is_reference<_Tp>::value ||
        -: 1062:                            is_function<_Tp>::value  ||
        -: 1063:                            is_const<_Tp>::value     >
        -: 1064:struct __add_const             {typedef _Tp type;};
        -: 1065:
        -: 1066:template <class _Tp>
        -: 1067:struct __add_const<_Tp, false> {typedef const _Tp type;};
        -: 1068:
        -: 1069:template <class _Tp> struct _LIBCPP_TEMPLATE_VIS add_const
        -: 1070:    {typedef typename __add_const<_Tp>::type type;};
        -: 1071:
        -: 1072:#if _LIBCPP_STD_VER > 11
        -: 1073:template <class _Tp> using add_const_t = typename add_const<_Tp>::type;
        -: 1074:#endif
        -: 1075:
        -: 1076:// add_volatile
        -: 1077:
        -: 1078:template <class _Tp, bool = is_reference<_Tp>::value ||
        -: 1079:                            is_function<_Tp>::value  ||
        -: 1080:                            is_volatile<_Tp>::value  >
        -: 1081:struct __add_volatile             {typedef _Tp type;};
        -: 1082:
        -: 1083:template <class _Tp>
        -: 1084:struct __add_volatile<_Tp, false> {typedef volatile _Tp type;};
        -: 1085:
        -: 1086:template <class _Tp> struct _LIBCPP_TEMPLATE_VIS add_volatile
        -: 1087:    {typedef typename __add_volatile<_Tp>::type type;};
        -: 1088:
        -: 1089:#if _LIBCPP_STD_VER > 11
        -: 1090:template <class _Tp> using add_volatile_t = typename add_volatile<_Tp>::type;
        -: 1091:#endif
        -: 1092:
        -: 1093:// add_cv
        -: 1094:
        -: 1095:template <class _Tp> struct _LIBCPP_TEMPLATE_VIS add_cv
        -: 1096:    {typedef typename add_const<typename add_volatile<_Tp>::type>::type type;};
        -: 1097:
        -: 1098:#if _LIBCPP_STD_VER > 11
        -: 1099:template <class _Tp> using add_cv_t = typename add_cv<_Tp>::type;
        -: 1100:#endif
        -: 1101:
        -: 1102:// remove_reference
        -: 1103:
        -: 1104:template <class _Tp> struct _LIBCPP_TEMPLATE_VIS remove_reference        {typedef _Tp type;};
        -: 1105:template <class _Tp> struct _LIBCPP_TEMPLATE_VIS remove_reference<_Tp&>  {typedef _Tp type;};
        -: 1106:#ifndef _LIBCPP_HAS_NO_RVALUE_REFERENCES
        -: 1107:template <class _Tp> struct _LIBCPP_TEMPLATE_VIS remove_reference<_Tp&&> {typedef _Tp type;};
        -: 1108:#endif
        -: 1109:
        -: 1110:#if _LIBCPP_STD_VER > 11
        -: 1111:template <class _Tp> using remove_reference_t = typename remove_reference<_Tp>::type;
        -: 1112:#endif
        -: 1113:
        -: 1114:// add_lvalue_reference
        -: 1115:
        -: 1116:template <class _Tp, bool = __is_referenceable<_Tp>::value> struct __add_lvalue_reference_impl            { typedef _Tp  type; };
        -: 1117:template <class _Tp                                       > struct __add_lvalue_reference_impl<_Tp, true> { typedef _Tp& type; };
        -: 1118:
        -: 1119:template <class _Tp> struct _LIBCPP_TEMPLATE_VIS add_lvalue_reference
        -: 1120:{typedef typename __add_lvalue_reference_impl<_Tp>::type type;};
        -: 1121:
        -: 1122:#if _LIBCPP_STD_VER > 11
        -: 1123:template <class _Tp> using add_lvalue_reference_t = typename add_lvalue_reference<_Tp>::type;
        -: 1124:#endif
        -: 1125:
        -: 1126:#ifndef _LIBCPP_HAS_NO_RVALUE_REFERENCES
        -: 1127:
        -: 1128:template <class _Tp, bool = __is_referenceable<_Tp>::value> struct __add_rvalue_reference_impl            { typedef _Tp   type; };
        -: 1129:template <class _Tp                                       > struct __add_rvalue_reference_impl<_Tp, true> { typedef _Tp&& type; };
        -: 1130:
        -: 1131:template <class _Tp> struct _LIBCPP_TEMPLATE_VIS add_rvalue_reference
        -: 1132:{typedef typename __add_rvalue_reference_impl<_Tp>::type type;};
        -: 1133:
        -: 1134:#if _LIBCPP_STD_VER > 11
        -: 1135:template <class _Tp> using add_rvalue_reference_t = typename add_rvalue_reference<_Tp>::type;
        -: 1136:#endif
        -: 1137:
        -: 1138:#endif  // _LIBCPP_HAS_NO_RVALUE_REFERENCES
        -: 1139:
        -: 1140:#ifndef _LIBCPP_HAS_NO_RVALUE_REFERENCES
        -: 1141:
        -: 1142:template <class _Tp> _Tp&& __declval(int);
        -: 1143:template <class _Tp> _Tp   __declval(long);
        -: 1144:
        -: 1145:template <class _Tp>
        -: 1146:decltype(_VSTD::__declval<_Tp>(0))
        -: 1147:declval() _NOEXCEPT;
        -: 1148:
        -: 1149:#else  // _LIBCPP_HAS_NO_RVALUE_REFERENCES
        -: 1150:
        -: 1151:template <class _Tp>
        -: 1152:typename add_lvalue_reference<_Tp>::type
        -: 1153:declval();
        -: 1154:
        -: 1155:#endif  // _LIBCPP_HAS_NO_RVALUE_REFERENCES
        -: 1156:
        -: 1157:// __uncvref
        -: 1158:
        -: 1159:template <class _Tp>
        -: 1160:struct __uncvref  {
        -: 1161:    typedef typename remove_cv<typename remove_reference<_Tp>::type>::type type;
        -: 1162:};
        -: 1163:
        -: 1164:template <class _Tp>
        -: 1165:struct __unconstref {
        -: 1166:    typedef typename remove_const<typename remove_reference<_Tp>::type>::type type;
        -: 1167:};
        -: 1168:
        -: 1169:#ifndef _LIBCPP_CXX03_LANG
        -: 1170:template <class _Tp>
        -: 1171:using __uncvref_t = typename __uncvref<_Tp>::type;
        -: 1172:#endif
        -: 1173:
        -: 1174:// __is_same_uncvref
        -: 1175:
        -: 1176:template <class _Tp, class _Up>
        -: 1177:struct __is_same_uncvref : is_same<typename __uncvref<_Tp>::type,
        -: 1178:                                   typename __uncvref<_Up>::type> {};
        -: 1179:
        -: 1180:#if _LIBCPP_STD_VER > 17
        -: 1181:// aligned_union - same as __uncvref
        -: 1182:template <class _Tp>
        -: 1183:struct remove_cvref {
        -: 1184:    using type = remove_cv_t<remove_reference_t<_Tp>>;
        -: 1185:};
        -: 1186:
        -: 1187:template <class _Tp> using remove_cvref_t = typename remove_cvref<_Tp>::type;
        -: 1188:#endif
        -: 1189:
        -: 1190:
        -: 1191:struct __any
        -: 1192:{
        -: 1193:    __any(...);
        -: 1194:};
        -: 1195:
        -: 1196:// remove_pointer
        -: 1197:
        -: 1198:template <class _Tp> struct _LIBCPP_TEMPLATE_VIS remove_pointer                      {typedef _Tp type;};
        -: 1199:template <class _Tp> struct _LIBCPP_TEMPLATE_VIS remove_pointer<_Tp*>                {typedef _Tp type;};
        -: 1200:template <class _Tp> struct _LIBCPP_TEMPLATE_VIS remove_pointer<_Tp* const>          {typedef _Tp type;};
        -: 1201:template <class _Tp> struct _LIBCPP_TEMPLATE_VIS remove_pointer<_Tp* volatile>       {typedef _Tp type;};
        -: 1202:template <class _Tp> struct _LIBCPP_TEMPLATE_VIS remove_pointer<_Tp* const volatile> {typedef _Tp type;};
        -: 1203:
        -: 1204:#if _LIBCPP_STD_VER > 11
        -: 1205:template <class _Tp> using remove_pointer_t = typename remove_pointer<_Tp>::type;
        -: 1206:#endif
        -: 1207:
        -: 1208:// add_pointer
        -: 1209:
        -: 1210:template <class _Tp, 
        -: 1211:        bool = __is_referenceable<_Tp>::value || 
        -: 1212:                is_same<typename remove_cv<_Tp>::type, void>::value>
        -: 1213:struct __add_pointer_impl
        -: 1214:    {typedef typename remove_reference<_Tp>::type* type;};
        -: 1215:template <class _Tp> struct __add_pointer_impl<_Tp, false> 
        -: 1216:    {typedef _Tp type;};
        -: 1217:
        -: 1218:template <class _Tp> struct _LIBCPP_TEMPLATE_VIS add_pointer
        -: 1219:    {typedef typename __add_pointer_impl<_Tp>::type type;};
        -: 1220:
        -: 1221:#if _LIBCPP_STD_VER > 11
        -: 1222:template <class _Tp> using add_pointer_t = typename add_pointer<_Tp>::type;
        -: 1223:#endif
        -: 1224:
        -: 1225:// is_signed
        -: 1226:
        -: 1227:template <class _Tp, bool = is_integral<_Tp>::value>
        -: 1228:struct __libcpp_is_signed_impl : public _LIBCPP_BOOL_CONSTANT(_Tp(-1) < _Tp(0)) {};
        -: 1229:
        -: 1230:template <class _Tp>
        -: 1231:struct __libcpp_is_signed_impl<_Tp, false> : public true_type {};  // floating point
        -: 1232:
        -: 1233:template <class _Tp, bool = is_arithmetic<_Tp>::value>
        -: 1234:struct __libcpp_is_signed : public __libcpp_is_signed_impl<_Tp> {};
        -: 1235:
        -: 1236:template <class _Tp> struct __libcpp_is_signed<_Tp, false> : public false_type {};
        -: 1237:
        -: 1238:template <class _Tp> struct _LIBCPP_TEMPLATE_VIS is_signed : public __libcpp_is_signed<_Tp> {};
        -: 1239:
        -: 1240:#if _LIBCPP_STD_VER > 14 && !defined(_LIBCPP_HAS_NO_VARIABLE_TEMPLATES)
        -: 1241:template <class _Tp>
        -: 1242:_LIBCPP_INLINE_VAR _LIBCPP_CONSTEXPR bool is_signed_v
        -: 1243:    = is_signed<_Tp>::value;
        -: 1244:#endif
        -: 1245:
        -: 1246:// is_unsigned
        -: 1247:
        -: 1248:template <class _Tp, bool = is_integral<_Tp>::value>
        -: 1249:struct __libcpp_is_unsigned_impl : public _LIBCPP_BOOL_CONSTANT(_Tp(0) < _Tp(-1)) {};
        -: 1250:
        -: 1251:template <class _Tp>
        -: 1252:struct __libcpp_is_unsigned_impl<_Tp, false> : public false_type {};  // floating point
        -: 1253:
        -: 1254:template <class _Tp, bool = is_arithmetic<_Tp>::value>
        -: 1255:struct __libcpp_is_unsigned : public __libcpp_is_unsigned_impl<_Tp> {};
        -: 1256:
        -: 1257:template <class _Tp> struct __libcpp_is_unsigned<_Tp, false> : public false_type {};
        -: 1258:
        -: 1259:template <class _Tp> struct _LIBCPP_TEMPLATE_VIS is_unsigned : public __libcpp_is_unsigned<_Tp> {};
        -: 1260:
        -: 1261:#if _LIBCPP_STD_VER > 14 && !defined(_LIBCPP_HAS_NO_VARIABLE_TEMPLATES)
        -: 1262:template <class _Tp>
        -: 1263:_LIBCPP_INLINE_VAR _LIBCPP_CONSTEXPR bool is_unsigned_v
        -: 1264:    = is_unsigned<_Tp>::value;
        -: 1265:#endif
        -: 1266:
        -: 1267:// rank
        -: 1268:
        -: 1269:template <class _Tp> struct _LIBCPP_TEMPLATE_VIS rank
        -: 1270:    : public integral_constant<size_t, 0> {};
        -: 1271:template <class _Tp> struct _LIBCPP_TEMPLATE_VIS rank<_Tp[]>
        -: 1272:    : public integral_constant<size_t, rank<_Tp>::value + 1> {};
        -: 1273:template <class _Tp, size_t _Np> struct _LIBCPP_TEMPLATE_VIS rank<_Tp[_Np]>
        -: 1274:    : public integral_constant<size_t, rank<_Tp>::value + 1> {};
        -: 1275:
        -: 1276:#if _LIBCPP_STD_VER > 14 && !defined(_LIBCPP_HAS_NO_VARIABLE_TEMPLATES)
        -: 1277:template <class _Tp>
        -: 1278:_LIBCPP_INLINE_VAR _LIBCPP_CONSTEXPR size_t rank_v
        -: 1279:    = rank<_Tp>::value;
        -: 1280:#endif
        -: 1281:
        -: 1282:// extent
        -: 1283:
        -: 1284:template <class _Tp, unsigned _Ip = 0> struct _LIBCPP_TEMPLATE_VIS extent
        -: 1285:    : public integral_constant<size_t, 0> {};
        -: 1286:template <class _Tp> struct _LIBCPP_TEMPLATE_VIS extent<_Tp[], 0>
        -: 1287:    : public integral_constant<size_t, 0> {};
        -: 1288:template <class _Tp, unsigned _Ip> struct _LIBCPP_TEMPLATE_VIS extent<_Tp[], _Ip>
        -: 1289:    : public integral_constant<size_t, extent<_Tp, _Ip-1>::value> {};
        -: 1290:template <class _Tp, size_t _Np> struct _LIBCPP_TEMPLATE_VIS extent<_Tp[_Np], 0>
        -: 1291:    : public integral_constant<size_t, _Np> {};
        -: 1292:template <class _Tp, size_t _Np, unsigned _Ip> struct _LIBCPP_TEMPLATE_VIS extent<_Tp[_Np], _Ip>
        -: 1293:    : public integral_constant<size_t, extent<_Tp, _Ip-1>::value> {};
        -: 1294:
        -: 1295:#if _LIBCPP_STD_VER > 14 && !defined(_LIBCPP_HAS_NO_VARIABLE_TEMPLATES)
        -: 1296:template <class _Tp, unsigned _Ip = 0>
        -: 1297:_LIBCPP_INLINE_VAR _LIBCPP_CONSTEXPR size_t extent_v
        -: 1298:    = extent<_Tp, _Ip>::value;
        -: 1299:#endif
        -: 1300:
        -: 1301:// remove_extent
        -: 1302:
        -: 1303:template <class _Tp> struct _LIBCPP_TEMPLATE_VIS remove_extent
        -: 1304:    {typedef _Tp type;};
        -: 1305:template <class _Tp> struct _LIBCPP_TEMPLATE_VIS remove_extent<_Tp[]>
        -: 1306:    {typedef _Tp type;};
        -: 1307:template <class _Tp, size_t _Np> struct _LIBCPP_TEMPLATE_VIS remove_extent<_Tp[_Np]>
        -: 1308:    {typedef _Tp type;};
        -: 1309:
        -: 1310:#if _LIBCPP_STD_VER > 11
        -: 1311:template <class _Tp> using remove_extent_t = typename remove_extent<_Tp>::type;
        -: 1312:#endif
        -: 1313:
        -: 1314:// remove_all_extents
        -: 1315:
        -: 1316:template <class _Tp> struct _LIBCPP_TEMPLATE_VIS remove_all_extents
        -: 1317:    {typedef _Tp type;};
        -: 1318:template <class _Tp> struct _LIBCPP_TEMPLATE_VIS remove_all_extents<_Tp[]>
        -: 1319:    {typedef typename remove_all_extents<_Tp>::type type;};
        -: 1320:template <class _Tp, size_t _Np> struct _LIBCPP_TEMPLATE_VIS remove_all_extents<_Tp[_Np]>
        -: 1321:    {typedef typename remove_all_extents<_Tp>::type type;};
        -: 1322:
        -: 1323:#if _LIBCPP_STD_VER > 11
        -: 1324:template <class _Tp> using remove_all_extents_t = typename remove_all_extents<_Tp>::type;
        -: 1325:#endif
        -: 1326:
        -: 1327:// decay
        -: 1328:
        -: 1329:template <class _Up, bool>
        -: 1330:struct __decay {
        -: 1331:    typedef typename remove_cv<_Up>::type type;
        -: 1332:};
        -: 1333:
        -: 1334:template <class _Up>
        -: 1335:struct __decay<_Up, true> {
        -: 1336:public:
        -: 1337:    typedef typename conditional
        -: 1338:                     <
        -: 1339:                         is_array<_Up>::value,
        -: 1340:                         typename remove_extent<_Up>::type*,
        -: 1341:                         typename conditional
        -: 1342:                         <
        -: 1343:                              is_function<_Up>::value,
        -: 1344:                              typename add_pointer<_Up>::type,
        -: 1345:                              typename remove_cv<_Up>::type
        -: 1346:                         >::type
        -: 1347:                     >::type type;
        -: 1348:};
        -: 1349:
        -: 1350:template <class _Tp>
        -: 1351:struct _LIBCPP_TEMPLATE_VIS decay
        -: 1352:{
        -: 1353:private:
        -: 1354:    typedef typename remove_reference<_Tp>::type _Up;
        -: 1355:public:
        -: 1356:    typedef typename __decay<_Up, __is_referenceable<_Up>::value>::type type;
        -: 1357:};
        -: 1358:
        -: 1359:#if _LIBCPP_STD_VER > 11
        -: 1360:template <class _Tp> using decay_t = typename decay<_Tp>::type;
        -: 1361:#endif
        -: 1362:
        -: 1363:// is_abstract
        -: 1364:
        -: 1365:template <class _Tp> struct _LIBCPP_TEMPLATE_VIS is_abstract
        -: 1366:    : public integral_constant<bool, __is_abstract(_Tp)> {};
        -: 1367:
        -: 1368:#if _LIBCPP_STD_VER > 14 && !defined(_LIBCPP_HAS_NO_VARIABLE_TEMPLATES)
        -: 1369:template <class _Tp>
        -: 1370:_LIBCPP_INLINE_VAR _LIBCPP_CONSTEXPR bool is_abstract_v
        -: 1371:    = is_abstract<_Tp>::value;
        -: 1372:#endif
        -: 1373:
        -: 1374:// is_final
        -: 1375:
        -: 1376:#if defined(_LIBCPP_HAS_IS_FINAL)
        -: 1377:template <class _Tp> struct _LIBCPP_TEMPLATE_VIS
        -: 1378:__libcpp_is_final : public integral_constant<bool, __is_final(_Tp)> {};
        -: 1379:#else
        -: 1380:template <class _Tp> struct _LIBCPP_TEMPLATE_VIS
        -: 1381:__libcpp_is_final : public false_type {};
        -: 1382:#endif
        -: 1383:
        -: 1384:#if defined(_LIBCPP_HAS_IS_FINAL) && _LIBCPP_STD_VER > 11
        -: 1385:template <class _Tp> struct _LIBCPP_TEMPLATE_VIS
        -: 1386:is_final : public integral_constant<bool, __is_final(_Tp)> {};
        -: 1387:#endif
        -: 1388:
        -: 1389:#if _LIBCPP_STD_VER > 14 && !defined(_LIBCPP_HAS_NO_VARIABLE_TEMPLATES)
        -: 1390:template <class _Tp>
        -: 1391:_LIBCPP_INLINE_VAR _LIBCPP_CONSTEXPR bool is_final_v
        -: 1392:    = is_final<_Tp>::value;
        -: 1393:#endif
        -: 1394:
        -: 1395:// is_aggregate
        -: 1396:#if _LIBCPP_STD_VER > 14 && !defined(_LIBCPP_HAS_NO_IS_AGGREGATE)
        -: 1397:
        -: 1398:template <class _Tp> struct _LIBCPP_TEMPLATE_VIS
        -: 1399:is_aggregate : public integral_constant<bool, __is_aggregate(_Tp)> {};
        -: 1400:
        -: 1401:#if !defined(_LIBCPP_HAS_NO_VARIABLE_TEMPLATES)
        -: 1402:template <class _Tp>
        -: 1403:_LIBCPP_INLINE_VAR constexpr bool is_aggregate_v
        -: 1404:    = is_aggregate<_Tp>::value;
        -: 1405:#endif
        -: 1406:
        -: 1407:#endif // _LIBCPP_STD_VER > 14 && !defined(_LIBCPP_HAS_NO_IS_AGGREGATE)
        -: 1408:
        -: 1409:// is_base_of
        -: 1410:
        -: 1411:#ifdef _LIBCPP_HAS_IS_BASE_OF
        -: 1412:
        -: 1413:template <class _Bp, class _Dp>
        -: 1414:struct _LIBCPP_TEMPLATE_VIS is_base_of
        -: 1415:    : public integral_constant<bool, __is_base_of(_Bp, _Dp)> {};
        -: 1416:
        -: 1417:#else  // _LIBCPP_HAS_IS_BASE_OF
        -: 1418:
        -: 1419:namespace __is_base_of_imp
        -: 1420:{
        -: 1421:template <class _Tp>
        -: 1422:struct _Dst
        -: 1423:{
        -: 1424:    _Dst(const volatile _Tp &);
        -: 1425:};
        -: 1426:template <class _Tp>
[...]
        -: 4491:            is_void<_Ret>::value,
        -: 4492:            _Ret, _Fp, _Args...
        -: 4493:    >;
        -: 4494:
        -: 4495:template <class _Fp, class ..._Args>
        -: 4496:using __nothrow_invokable =
        -: 4497:    __nothrow_invokable_r_imp<
        -: 4498:            __invokable<_Fp, _Args...>::value,
        -: 4499:            true, void, _Fp, _Args...
        -: 4500:    >;
        -: 4501:
        -: 4502:template <class _Fp, class ..._Args>
        -: 4503:struct __invoke_of
        -: 4504:    : public enable_if<
        -: 4505:        __invokable<_Fp, _Args...>::value,
        -: 4506:        typename __invokable_r<void, _Fp, _Args...>::_Result>
        -: 4507:{
        -: 4508:};
        -: 4509:
        -: 4510:// result_of
        -: 4511:
        -: 4512:template <class _Fp, class ..._Args>
        -: 4513:class _LIBCPP_TEMPLATE_VIS result_of<_Fp(_Args...)>
        -: 4514:    : public __invoke_of<_Fp, _Args...>
        -: 4515:{
        -: 4516:};
        -: 4517:
        -: 4518:#if _LIBCPP_STD_VER > 11
        -: 4519:template <class _Tp> using result_of_t = typename result_of<_Tp>::type;
        -: 4520:#endif
        -: 4521:
        -: 4522:#if _LIBCPP_STD_VER > 14
        -: 4523:
        -: 4524:// invoke_result
        -: 4525:
        -: 4526:template <class _Fn, class... _Args>
        -: 4527:struct _LIBCPP_TEMPLATE_VIS invoke_result
        -: 4528:    : __invoke_of<_Fn, _Args...>
        -: 4529:{
        -: 4530:};
        -: 4531:
        -: 4532:template <class _Fn, class... _Args>
        -: 4533:using invoke_result_t = typename invoke_result<_Fn, _Args...>::type;
        -: 4534:
        -: 4535:// is_invocable
        -: 4536:
        -: 4537:template <class _Fn, class ..._Args>
        -: 4538:struct _LIBCPP_TEMPLATE_VIS is_invocable
        -: 4539:    : integral_constant<bool, __invokable<_Fn, _Args...>::value> {};
        -: 4540:
        -: 4541:template <class _Ret, class _Fn, class ..._Args>
        -: 4542:struct _LIBCPP_TEMPLATE_VIS is_invocable_r
        -: 4543:    : integral_constant<bool, __invokable_r<_Ret, _Fn, _Args...>::value> {};
        -: 4544:
        -: 4545:template <class _Fn, class ..._Args>
        -: 4546:_LIBCPP_INLINE_VAR constexpr bool is_invocable_v
        -: 4547:    = is_invocable<_Fn, _Args...>::value;
        -: 4548:
        -: 4549:template <class _Ret, class _Fn, class ..._Args>
        -: 4550:_LIBCPP_INLINE_VAR constexpr bool is_invocable_r_v
        -: 4551:    = is_invocable_r<_Ret, _Fn, _Args...>::value;
        -: 4552:
        -: 4553:// is_nothrow_invocable
        -: 4554:
        -: 4555:template <class _Fn, class ..._Args>
        -: 4556:struct _LIBCPP_TEMPLATE_VIS is_nothrow_invocable
        -: 4557:    : integral_constant<bool, __nothrow_invokable<_Fn, _Args...>::value> {};
        -: 4558:
        -: 4559:template <class _Ret, class _Fn, class ..._Args>
        -: 4560:struct _LIBCPP_TEMPLATE_VIS is_nothrow_invocable_r
        -: 4561:    : integral_constant<bool, __nothrow_invokable_r<_Ret, _Fn, _Args...>::value> {};
        -: 4562:
        -: 4563:template <class _Fn, class ..._Args>
        -: 4564:_LIBCPP_INLINE_VAR constexpr bool is_nothrow_invocable_v
        -: 4565:    = is_nothrow_invocable<_Fn, _Args...>::value;
        -: 4566:
        -: 4567:template <class _Ret, class _Fn, class ..._Args>
        -: 4568:_LIBCPP_INLINE_VAR constexpr bool is_nothrow_invocable_r_v
        -: 4569:    = is_nothrow_invocable_r<_Ret, _Fn, _Args...>::value;
        -: 4570:
        -: 4571:#endif // _LIBCPP_STD_VER > 14
        -: 4572:
        -: 4573:#endif  // !defined(_LIBCPP_CXX03_LANG)
        -: 4574:
        -: 4575:template <class _Tp> struct __is_swappable;
        -: 4576:template <class _Tp> struct __is_nothrow_swappable;
        -: 4577:
        -: 4578:template <class _Tp>
        -: 4579:inline _LIBCPP_INLINE_VISIBILITY
        -: 4580:#ifndef _LIBCPP_CXX03_LANG
        -: 4581:typename enable_if
        -: 4582:<
        -: 4583:    is_move_constructible<_Tp>::value &&
        -: 4584:    is_move_assignable<_Tp>::value
        -: 4585:>::type
        -: 4586:#else
        -: 4587:void
        -: 4588:#endif
        -: 4589:swap(_Tp& __x, _Tp& __y) _NOEXCEPT_(is_nothrow_move_constructible<_Tp>::value &&
        -: 4590:                                    is_nothrow_move_assignable<_Tp>::value)
        -: 4591:{
        -: 4592:    _Tp __t(_VSTD::move(__x));
        -: 4593:    __x = _VSTD::move(__y);
        -: 4594:    __y = _VSTD::move(__t);
        -: 4595:}
        -: 4596:
        -: 4597:template<class _Tp, size_t _Np>
        -: 4598:inline _LIBCPP_INLINE_VISIBILITY
        -: 4599:typename enable_if<
        -: 4600:    __is_swappable<_Tp>::value
        -: 4601:>::type
        -: 4602:swap(_Tp (&__a)[_Np], _Tp (&__b)[_Np]) _NOEXCEPT_(__is_nothrow_swappable<_Tp>::value);
        -: 4603:
        -: 4604:template <class _ForwardIterator1, class _ForwardIterator2>
        -: 4605:inline _LIBCPP_INLINE_VISIBILITY
        -: 4606:void
        -: 4607:iter_swap(_ForwardIterator1 __a, _ForwardIterator2 __b)
        -: 4608:    //                                  _NOEXCEPT_(_NOEXCEPT_(swap(*__a, *__b)))
        -: 4609:               _NOEXCEPT_(_NOEXCEPT_(swap(*_VSTD::declval<_ForwardIterator1>(),
        -: 4610:                                          *_VSTD::declval<_ForwardIterator2>())))
        -: 4611:{
        -: 4612:    swap(*__a, *__b);
        -: 4613:}
        -: 4614:
        -: 4615:// __swappable
        -: 4616:
        -: 4617:namespace __detail
        -: 4618:{
        -: 4619:// ALL generic swap overloads MUST already have a declaration available at this point.
        -: 4620:
        -: 4621:template <class _Tp, class _Up = _Tp,
        -: 4622:          bool _NotVoid = !is_void<_Tp>::value && !is_void<_Up>::value>
        -: 4623:struct __swappable_with
        -: 4624:{
        -: 4625:    template <class _LHS, class _RHS>
        -: 4626:    static decltype(swap(_VSTD::declval<_LHS>(), _VSTD::declval<_RHS>()))
        -: 4627:    __test_swap(int);
        -: 4628:    template <class, class>
        -: 4629:    static __nat __test_swap(long);
        -: 4630:
        -: 4631:    // Extra parens are needed for the C++03 definition of decltype.
        -: 4632:    typedef decltype((__test_swap<_Tp, _Up>(0))) __swap1;
        -: 4633:    typedef decltype((__test_swap<_Up, _Tp>(0))) __swap2;
        -: 4634:
        -: 4635:    static const bool value = !is_same<__swap1, __nat>::value
        -: 4636:                           && !is_same<__swap2, __nat>::value;
        -: 4637:};
        -: 4638:
        -: 4639:template <class _Tp, class _Up>
        -: 4640:struct __swappable_with<_Tp, _Up,  false> : false_type {};
        -: 4641:
        -: 4642:template <class _Tp, class _Up = _Tp, bool _Swappable = __swappable_with<_Tp, _Up>::value>
        -: 4643:struct __nothrow_swappable_with {
        -: 4644:  static const bool value =
        -: 4645:#ifndef _LIBCPP_HAS_NO_NOEXCEPT
        -: 4646:      noexcept(swap(_VSTD::declval<_Tp>(), _VSTD::declval<_Up>()))
        -: 4647:  &&  noexcept(swap(_VSTD::declval<_Up>(), _VSTD::declval<_Tp>()));
        -: 4648:#else
        -: 4649:      false;
        -: 4650:#endif
        -: 4651:};
        -: 4652:
        -: 4653:template <class _Tp, class _Up>
        -: 4654:struct __nothrow_swappable_with<_Tp, _Up, false> : false_type {};
        -: 4655:
        -: 4656:}  // __detail
        -: 4657:
        -: 4658:template <class _Tp>
        -: 4659:struct __is_swappable
        -: 4660:    : public integral_constant<bool, __detail::__swappable_with<_Tp&>::value>
        -: 4661:{
        -: 4662:};
        -: 4663:
        -: 4664:template <class _Tp>
        -: 4665:struct __is_nothrow_swappable
        -: 4666:    : public integral_constant<bool, __detail::__nothrow_swappable_with<_Tp&>::value>
        -: 4667:{
        -: 4668:};
        -: 4669:
        -: 4670:#if _LIBCPP_STD_VER > 14
        -: 4671:
        -: 4672:template <class _Tp, class _Up>
        -: 4673:struct _LIBCPP_TEMPLATE_VIS is_swappable_with
        -: 4674:    : public integral_constant<bool, __detail::__swappable_with<_Tp, _Up>::value>
        -: 4675:{
        -: 4676:};
        -: 4677:
        -: 4678:template <class _Tp>
        -: 4679:struct _LIBCPP_TEMPLATE_VIS is_swappable
        -: 4680:    : public conditional<
        -: 4681:        __is_referenceable<_Tp>::value,
        -: 4682:        is_swappable_with<
        -: 4683:            typename add_lvalue_reference<_Tp>::type,
        -: 4684:            typename add_lvalue_reference<_Tp>::type>,
        -: 4685:        false_type
        -: 4686:    >::type
        -: 4687:{
        -: 4688:};
        -: 4689:
        -: 4690:template <class _Tp, class _Up>
        -: 4691:struct _LIBCPP_TEMPLATE_VIS is_nothrow_swappable_with
        -: 4692:    : public integral_constant<bool, __detail::__nothrow_swappable_with<_Tp, _Up>::value>
        -: 4693:{
        -: 4694:};
        -: 4695:
        -: 4696:template <class _Tp>
        -: 4697:struct _LIBCPP_TEMPLATE_VIS is_nothrow_swappable
        -: 4698:    : public conditional<
        -: 4699:        __is_referenceable<_Tp>::value,
        -: 4700:        is_nothrow_swappable_with<
        -: 4701:            typename add_lvalue_reference<_Tp>::type,
        -: 4702:            typename add_lvalue_reference<_Tp>::type>,
        -: 4703:        false_type
        -: 4704:    >::type
        -: 4705:{
        -: 4706:};
        -: 4707:
        -: 4708:template <class _Tp, class _Up>
        -: 4709:_LIBCPP_INLINE_VAR constexpr bool is_swappable_with_v
        -: 4710:    = is_swappable_with<_Tp, _Up>::value;
        -: 4711:
        -: 4712:template <class _Tp>
        -: 4713:_LIBCPP_INLINE_VAR constexpr bool is_swappable_v
        -: 4714:    = is_swappable<_Tp>::value;
        -: 4715:
        -: 4716:template <class _Tp, class _Up>
        -: 4717:_LIBCPP_INLINE_VAR constexpr bool is_nothrow_swappable_with_v
        -: 4718:    = is_nothrow_swappable_with<_Tp, _Up>::value;
        -: 4719:
        -: 4720:template <class _Tp>
        -: 4721:_LIBCPP_INLINE_VAR constexpr bool is_nothrow_swappable_v
        -: 4722:    = is_nothrow_swappable<_Tp>::value;
        -: 4723:
        -: 4724:#endif // _LIBCPP_STD_VER > 14
        -: 4725:
        -: 4726:#ifdef _LIBCPP_UNDERLYING_TYPE
        -: 4727:
        -: 4728:template <class _Tp>
        -: 4729:struct underlying_type
        -: 4730:{
        -: 4731:    typedef _LIBCPP_UNDERLYING_TYPE(_Tp) type;
        -: 4732:};
        -: 4733:
        -: 4734:#if _LIBCPP_STD_VER > 11
        -: 4735:template <class _Tp> using underlying_type_t = typename underlying_type<_Tp>::type;
        -: 4736:#endif
        -: 4737:
        -: 4738:#else  // _LIBCPP_UNDERLYING_TYPE
        -: 4739:
        -: 4740:template <class _Tp, bool _Support = false>
        -: 4741:struct underlying_type
        -: 4742:{
        -: 4743:    static_assert(_Support, "The underyling_type trait requires compiler "
        -: 4744:                            "support. Either no such support exists or "
        -: 4745:                            "libc++ does not know how to use it.");
        -: 4746:};
        -: 4747:
        -: 4748:#endif // _LIBCPP_UNDERLYING_TYPE
        -: 4749:
        -: 4750:
        -: 4751:template <class _Tp, bool = is_enum<_Tp>::value>
        -: 4752:struct __sfinae_underlying_type
        -: 4753:{
        -: 4754:    typedef typename underlying_type<_Tp>::type type;
        -: 4755:    typedef decltype(((type)1) + 0) __promoted_type;
        -: 4756:};
        -: 4757:
        -: 4758:template <class _Tp>
        -: 4759:struct __sfinae_underlying_type<_Tp, false> {};
        -: 4760:
        -: 4761:inline _LIBCPP_INLINE_VISIBILITY
        -: 4762:int __convert_to_integral(int __val) { return __val; }
        -: 4763:
        -: 4764:inline _LIBCPP_INLINE_VISIBILITY
        -: 4765:unsigned __convert_to_integral(unsigned __val) { return __val; }
        -: 4766:
        -: 4767:inline _LIBCPP_INLINE_VISIBILITY
        -: 4768:long __convert_to_integral(long __val) { return __val; }
        -: 4769:
        -: 4770:inline _LIBCPP_INLINE_VISIBILITY
        -: 4771:unsigned long __convert_to_integral(unsigned long __val) { return __val; }
        -: 4772:
        -: 4773:inline _LIBCPP_INLINE_VISIBILITY
        -: 4774:long long __convert_to_integral(long long __val) { return __val; }
        -: 4775:
        -: 4776:inline _LIBCPP_INLINE_VISIBILITY
        -: 4777:unsigned long long __convert_to_integral(unsigned long long __val) {return __val; }
        -: 4778:
        -: 4779:template<typename _Fp>
        -: 4780:inline _LIBCPP_INLINE_VISIBILITY
        -: 4781:typename enable_if<is_floating_point<_Fp>::value, long long>::type
        -: 4782: __convert_to_integral(_Fp __val) { return __val; }
        -: 4783:
        -: 4784:#ifndef _LIBCPP_HAS_NO_INT128
        -: 4785:inline _LIBCPP_INLINE_VISIBILITY
        -: 4786:__int128_t __convert_to_integral(__int128_t __val) { return __val; }
        -: 4787:
        -: 4788:inline _LIBCPP_INLINE_VISIBILITY
        -: 4789:__uint128_t __convert_to_integral(__uint128_t __val) { return __val; }
        -: 4790:#endif
        -: 4791:
        -: 4792:template <class _Tp>
        -: 4793:inline _LIBCPP_INLINE_VISIBILITY
        -: 4794:typename __sfinae_underlying_type<_Tp>::__promoted_type
        -: 4795:__convert_to_integral(_Tp __val) { return __val; }
        -: 4796:
        -: 4797:#ifndef _LIBCPP_CXX03_LANG
        -: 4798:
        -: 4799:template <class _Tp>
        -: 4800:struct __has_operator_addressof_member_imp
        -: 4801:{
        -: 4802:    template <class _Up>
        -: 4803:        static auto __test(int)
        -: 4804:            -> typename __select_2nd<decltype(_VSTD::declval<_Up>().operator&()), true_type>::type;
        -: 4805:    template <class>
        -: 4806:        static auto __test(long) -> false_type;
        -: 4807:
        -: 4808:    static const bool value = decltype(__test<_Tp>(0))::value;
        -: 4809:};
        -: 4810:
        -: 4811:template <class _Tp>
        -: 4812:struct __has_operator_addressof_free_imp
        -: 4813:{
        -: 4814:    template <class _Up>
        -: 4815:        static auto __test(int)
        -: 4816:            -> typename __select_2nd<decltype(operator&(_VSTD::declval<_Up>())), true_type>::type;
        -: 4817:    template <class>
        -: 4818:        static auto __test(long) -> false_type;
        -: 4819:
        -: 4820:    static const bool value = decltype(__test<_Tp>(0))::value;
        -: 4821:};
        -: 4822:
        -: 4823:template <class _Tp>
        -: 4824:struct __has_operator_addressof
        -: 4825:    : public integral_constant<bool, __has_operator_addressof_member_imp<_Tp>::value
        -: 4826:                                  || __has_operator_addressof_free_imp<_Tp>::value>
        -: 4827:{};
        -: 4828:
        -: 4829:#endif  // _LIBCPP_CXX03_LANG
        -: 4830:
        -: 4831:#if _LIBCPP_STD_VER > 14
        -: 4832:
        -: 4833:#define __cpp_lib_void_t 201411
        -: 4834:template <class...> using void_t = void;
        -: 4835:
        -: 4836:# ifndef _LIBCPP_HAS_NO_VARIADICS
        -: 4837:template <class... _Args>
        -: 4838:struct conjunction : __and_<_Args...> {};
        -: 4839:template<class... _Args>
        -: 4840:_LIBCPP_INLINE_VAR constexpr bool conjunction_v
        -: 4841:    = conjunction<_Args...>::value;
        -: 4842:
        -: 4843:template <class... _Args>
        -: 4844:struct disjunction : __or_<_Args...> {};
        -: 4845:template<class... _Args>
        -: 4846:_LIBCPP_INLINE_VAR constexpr bool disjunction_v
        -: 4847:    = disjunction<_Args...>::value;
        -: 4848:
        -: 4849:template <class _Tp>
        -: 4850:struct negation : __not_<_Tp> {};
        -: 4851:template<class _Tp>
        -: 4852:_LIBCPP_INLINE_VAR constexpr bool negation_v
        -: 4853:    = negation<_Tp>::value;
        -: 4854:# endif // _LIBCPP_HAS_NO_VARIADICS
        -: 4855:#endif  // _LIBCPP_STD_VER > 14
        -: 4856:
        -: 4857:// These traits are used in __tree and __hash_table
        -: 4858:#ifndef _LIBCPP_CXX03_LANG
        -: 4859:struct __extract_key_fail_tag {};
        -: 4860:struct __extract_key_self_tag {};
        -: 4861:struct __extract_key_first_tag {};
        -: 4862:
        -: 4863:template <class _ValTy, class _Key,
        -: 4864:          class _RawValTy = typename __unconstref<_ValTy>::type>
        -: 4865:struct __can_extract_key
        -: 4866:    : conditional<is_same<_RawValTy, _Key>::value, __extract_key_self_tag,
        -: 4867:                  __extract_key_fail_tag>::type {};
        -: 4868:
        -: 4869:template <class _Pair, class _Key, class _First, class _Second>
        -: 4870:struct __can_extract_key<_Pair, _Key, pair<_First, _Second>>
        -: 4871:    : conditional<is_same<typename remove_const<_First>::type, _Key>::value,
        -: 4872:                  __extract_key_first_tag, __extract_key_fail_tag>::type {};
        -: 4873:
        -: 4874:// __can_extract_map_key uses true_type/false_type instead of the tags.
        -: 4875:// It returns true if _Key != _ContainerValueTy (the container is a map not a set)
        -: 4876:// and _ValTy == _Key.
        -: 4877:template <class _ValTy, class _Key, class _ContainerValueTy,
        -: 4878:          class _RawValTy = typename __unconstref<_ValTy>::type>
        -: 4879:struct __can_extract_map_key
        -: 4880:    : integral_constant<bool, is_same<_RawValTy, _Key>::value> {};
        -: 4881:
        -: 4882:// This specialization returns __extract_key_fail_tag for non-map containers
        -: 4883:// because _Key == _ContainerValueTy
        -: 4884:template <class _ValTy, class _Key, class _RawValTy>
        -: 4885:struct __can_extract_map_key<_ValTy, _Key, _Key, _RawValTy>
        -: 4886:    : false_type {};
        -: 4887:
        -: 4888:#endif
        -: 4889:
        -: 4890:_LIBCPP_END_NAMESPACE_STD
        -: 4891:
        -: 4892:#if _LIBCPP_STD_VER > 14
        -: 4893:// std::byte
        -: 4894:namespace std  // purposefully not versioned
        -: 4895:{
        -: 4896:template <class _Integer>
        -: 4897:  constexpr typename enable_if<is_integral_v<_Integer>, byte>::type &
        -: 4898:  operator<<=(byte& __lhs, _Integer __shift) noexcept
        -: 4899:  { return __lhs = __lhs << __shift; }
        -: 4900:  
        -: 4901:template <class _Integer>
        -: 4902:  constexpr typename enable_if<is_integral_v<_Integer>, byte>::type
        -: 4903:  operator<< (byte  __lhs, _Integer __shift) noexcept
        -: 4904:  { return static_cast<byte>(static_cast<unsigned char>(static_cast<unsigned int>(__lhs) << __shift)); }
        -: 4905:
        -: 4906:template <class _Integer>
        -: 4907:  constexpr typename enable_if<is_integral_v<_Integer>, byte>::type &
        -: 4908:  operator>>=(byte& __lhs, _Integer __shift) noexcept
        -: 4909:  { return __lhs = __lhs >> __shift; }
        -: 4910:
        -: 4911:template <class _Integer>
        -: 4912:  constexpr typename enable_if<is_integral_v<_Integer>, byte>::type
        -: 4913:  operator>> (byte  __lhs, _Integer __shift) noexcept
        -: 4914:  { return static_cast<byte>(static_cast<unsigned char>(static_cast<unsigned int>(__lhs) >> __shift)); }
        -: 4915:  
        -: 4916:template <class _Integer>
        -: 4917:  constexpr typename enable_if<is_integral_v<_Integer>, _Integer>::type
        -: 4918:  to_integer(byte __b) noexcept { return static_cast<_Integer>(__b); }
        -: 4919:
        -: 4920:}
        -: 4921:#endif
        -: 4922:
        -: 4923:#endif  // _LIBCPP_TYPE_TRAITS
